<?xml version="1.0" encoding="UTF-8"?>
<robot generator="Robot 6.0.2 (Python 3.11.2 on win32)" generated="20230316 21:40:06.306" rpa="false" schemaversion="3">
<suite id="s1" name="Example" source="D:\FusionTestFramework\com.playgroundxyz.vision_project\com.playgroundxyz.vision_project.TestcaseSuite">
<suite id="s1-s1" name="TC001 - Tap on 'Privacy policy' and verify user is landing on Privacy policy page" source="D:\FusionTestFramework\com.playgroundxyz.vision_project\com.playgroundxyz.vision_project.TestcaseSuite\TC001 - Tap on 'Privacy policy' and verify user is landing on Privacy policy page.robot">
<kw name="Setup before suit start" library="Setup keywords" type="SETUP">
<kw name="MobileTestLibrary.Start Appium Service">
<msg timestamp="20230316 21:40:06.731" level="FAIL">No keyword with name 'MobileTestLibrary.Start Appium Service' found.</msg>
<status status="FAIL" starttime="20230316 21:40:06.730" endtime="20230316 21:40:06.731"/>
</kw>
<kw name="Set Log Level" library="BuiltIn">
<arg>DEBUG</arg>
<doc>Sets the log threshold to the specified level and returns the old level.</doc>
<status status="NOT RUN" starttime="20230316 21:40:06.731" endtime="20230316 21:40:06.731"/>
</kw>
<kw name="Log To Console" library="BuiltIn">
<arg>Appium server started .....</arg>
<doc>Logs the given message to the console.</doc>
<status status="NOT RUN" starttime="20230316 21:40:06.731" endtime="20230316 21:40:06.731"/>
</kw>
<status status="FAIL" starttime="20230316 21:40:06.723" endtime="20230316 21:40:06.732"/>
</kw>
<test id="s1-s1-t1" name="Tap on 'Privacy policy' and verify user is landing on Privacy policy page" line="11">
<doc>Verification that Google Play button redirecting user to Vision Project on play store</doc>
<tag>regression</tag>
<status status="FAIL" starttime="20230316 21:40:06.732" endtime="20230316 21:40:06.733">Parent suite setup failed:
No keyword with name 'MobileTestLibrary.Start Appium Service' found.</status>
</test>
<kw name="tearDown" library="Setup keywords" type="TEARDOWN">
<kw name="MobileTestLibrary.Stop Appium Service">
<msg timestamp="20230316 21:40:06.736" level="FAIL">No keyword with name 'MobileTestLibrary.Stop Appium Service' found.</msg>
<status status="FAIL" starttime="20230316 21:40:06.736" endtime="20230316 21:40:06.736"/>
</kw>
<status status="FAIL" starttime="20230316 21:40:06.733" endtime="20230316 21:40:06.736">No keyword with name 'MobileTestLibrary.Stop Appium Service' found.</status>
</kw>
<status status="FAIL" starttime="20230316 21:40:06.387" endtime="20230316 21:40:06.737">Suite setup failed:
No keyword with name 'MobileTestLibrary.Start Appium Service' found.

Also suite teardown failed:
No keyword with name 'MobileTestLibrary.Stop Appium Service' found.</status>
</suite>
<suite id="s1-s2" name="TC002 - Verify that Deep link URL is providing QR code" source="D:\FusionTestFramework\com.playgroundxyz.vision_project\com.playgroundxyz.vision_project.TestcaseSuite\TC002 - Verify that Deep link URL is providing QR code.robot">
<test id="s1-s2-t1" name="Verify that Deep link URL is providing QR code" line="9">
<kw name="Launch browser and input url" library="Setup keywords" type="SETUP">
<kw name="WebApplicationTestLibrary.Open Browser">
<arg>${url}</arg>
<arg>${Browser}</arg>
<arg>executable_path=drivers/chromedriver.exe</arg>
<msg timestamp="20230316 21:40:06.897" level="FAIL">No keyword with name 'WebApplicationTestLibrary.Open Browser' found.</msg>
<status status="FAIL" starttime="20230316 21:40:06.897" endtime="20230316 21:40:06.897"/>
</kw>
<kw name="WebApplicationTestLibrary.Maximize Browser Window">
<status status="NOT RUN" starttime="20230316 21:40:06.900" endtime="20230316 21:40:06.900"/>
</kw>
<status status="FAIL" starttime="20230316 21:40:06.891" endtime="20230316 21:40:06.900"/>
</kw>
<kw name="WebApplicationTestLibrary.Close Browser" type="TEARDOWN">
<msg timestamp="20230316 21:40:06.904" level="FAIL">No keyword with name 'WebApplicationTestLibrary.Close Browser' found.</msg>
<status status="FAIL" starttime="20230316 21:40:06.904" endtime="20230316 21:40:06.904">No keyword with name 'WebApplicationTestLibrary.Close Browser' found.</status>
</kw>
<doc>verification of barcode generation of specified link</doc>
<tag>regression</tag>
<status status="FAIL" starttime="20230316 21:40:06.890" endtime="20230316 21:40:06.904">Setup failed:
No keyword with name 'WebApplicationTestLibrary.Open Browser' found.

Also teardown failed:
No keyword with name 'WebApplicationTestLibrary.Close Browser' found.</status>
</test>
<status status="FAIL" starttime="20230316 21:40:06.738" endtime="20230316 21:40:06.904"/>
</suite>
<suite id="s1-s3" name="TC003 - Verify that Google Play button redirecting user to Vision Project on play store" source="D:\FusionTestFramework\com.playgroundxyz.vision_project\com.playgroundxyz.vision_project.TestcaseSuite\TC003 - Verify that Google Play button redirecting user to Vision Project on play store.robot">
<kw name="Setup before suit start" library="Setup keywords" type="SETUP">
<kw name="MobileTestLibrary.Start Appium Service">
<msg timestamp="20230316 21:40:07.100" level="FAIL">No keyword with name 'MobileTestLibrary.Start Appium Service' found.</msg>
<status status="FAIL" starttime="20230316 21:40:07.100" endtime="20230316 21:40:07.100"/>
</kw>
<kw name="Set Log Level" library="BuiltIn">
<arg>DEBUG</arg>
<doc>Sets the log threshold to the specified level and returns the old level.</doc>
<status status="NOT RUN" starttime="20230316 21:40:07.100" endtime="20230316 21:40:07.100"/>
</kw>
<kw name="Log To Console" library="BuiltIn">
<arg>Appium server started .....</arg>
<doc>Logs the given message to the console.</doc>
<status status="NOT RUN" starttime="20230316 21:40:07.100" endtime="20230316 21:40:07.100"/>
</kw>
<status status="FAIL" starttime="20230316 21:40:07.095" endtime="20230316 21:40:07.100"/>
</kw>
<test id="s1-s3-t1" name="Verify that Google Play button redirecting user to Vision Project on play store" line="11">
<doc>Verification that Google Play button redirecting user to Vision Project on play store</doc>
<tag>regression</tag>
<status status="FAIL" starttime="20230316 21:40:07.100" endtime="20230316 21:40:07.101">Parent suite setup failed:
No keyword with name 'MobileTestLibrary.Start Appium Service' found.</status>
</test>
<kw name="tearDown" library="Setup keywords" type="TEARDOWN">
<kw name="MobileTestLibrary.Stop Appium Service">
<msg timestamp="20230316 21:40:07.105" level="FAIL">No keyword with name 'MobileTestLibrary.Stop Appium Service' found.</msg>
<status status="FAIL" starttime="20230316 21:40:07.105" endtime="20230316 21:40:07.105"/>
</kw>
<status status="FAIL" starttime="20230316 21:40:07.102" endtime="20230316 21:40:07.105">No keyword with name 'MobileTestLibrary.Stop Appium Service' found.</status>
</kw>
<status status="FAIL" starttime="20230316 21:40:06.905" endtime="20230316 21:40:07.105">Suite setup failed:
No keyword with name 'MobileTestLibrary.Start Appium Service' found.

Also suite teardown failed:
No keyword with name 'MobileTestLibrary.Stop Appium Service' found.</status>
</suite>
<suite id="s1-s4" name="TC004 - Verify that if social app is not installed on phone then App was not found screen appears" source="D:\FusionTestFramework\com.playgroundxyz.vision_project\com.playgroundxyz.vision_project.TestcaseSuite\TC004 - Verify that if social app is not installed on phone then App was not found screen appears.robot">
<kw name="Setup before suit start" library="Setup keywords" type="SETUP">
<kw name="MobileTestLibrary.Start Appium Service">
<msg timestamp="20230316 21:40:07.391" level="FAIL">No keyword with name 'MobileTestLibrary.Start Appium Service' found.</msg>
<status status="FAIL" starttime="20230316 21:40:07.391" endtime="20230316 21:40:07.392"/>
</kw>
<kw name="Set Log Level" library="BuiltIn">
<arg>DEBUG</arg>
<doc>Sets the log threshold to the specified level and returns the old level.</doc>
<status status="NOT RUN" starttime="20230316 21:40:07.393" endtime="20230316 21:40:07.393"/>
</kw>
<kw name="Log To Console" library="BuiltIn">
<arg>Appium server started .....</arg>
<doc>Logs the given message to the console.</doc>
<status status="NOT RUN" starttime="20230316 21:40:07.394" endtime="20230316 21:40:07.394"/>
</kw>
<status status="FAIL" starttime="20230316 21:40:07.387" endtime="20230316 21:40:07.394"/>
</kw>
<test id="s1-s4-t1" name="Verify that if social app is not installed on phone then App was not found screen appears" line="11">
<doc>Verification that if social app is not installed on phone then App was not found screen appears</doc>
<tag>smoke</tag>
<status status="FAIL" starttime="20230316 21:40:07.394" endtime="20230316 21:40:07.396">Parent suite setup failed:
No keyword with name 'MobileTestLibrary.Start Appium Service' found.</status>
</test>
<kw name="tearDown" library="Setup keywords" type="TEARDOWN">
<kw name="MobileTestLibrary.Stop Appium Service">
<msg timestamp="20230316 21:40:07.400" level="FAIL">No keyword with name 'MobileTestLibrary.Stop Appium Service' found.</msg>
<status status="FAIL" starttime="20230316 21:40:07.400" endtime="20230316 21:40:07.400"/>
</kw>
<status status="FAIL" starttime="20230316 21:40:07.397" endtime="20230316 21:40:07.401">No keyword with name 'MobileTestLibrary.Stop Appium Service' found.</status>
</kw>
<status status="FAIL" starttime="20230316 21:40:07.106" endtime="20230316 21:40:07.401">Suite setup failed:
No keyword with name 'MobileTestLibrary.Start Appium Service' found.

Also suite teardown failed:
No keyword with name 'MobileTestLibrary.Stop Appium Service' found.</status>
</suite>
<suite id="s1-s5" name="TC005 - Verify welcome page journey is as excepted" source="D:\FusionTestFramework\com.playgroundxyz.vision_project\com.playgroundxyz.vision_project.TestcaseSuite\TC005 - Verify welcome page journey is as excepted.robot">
<kw name="Setup before suit start" library="Setup keywords" type="SETUP">
<kw name="MobileTestLibrary.Start Appium Service">
<msg timestamp="20230316 21:40:07.537" level="FAIL">No keyword with name 'MobileTestLibrary.Start Appium Service' found.</msg>
<status status="FAIL" starttime="20230316 21:40:07.537" endtime="20230316 21:40:07.537"/>
</kw>
<kw name="Set Log Level" library="BuiltIn">
<arg>DEBUG</arg>
<doc>Sets the log threshold to the specified level and returns the old level.</doc>
<status status="NOT RUN" starttime="20230316 21:40:07.537" endtime="20230316 21:40:07.538"/>
</kw>
<kw name="Log To Console" library="BuiltIn">
<arg>Appium server started .....</arg>
<doc>Logs the given message to the console.</doc>
<status status="NOT RUN" starttime="20230316 21:40:07.538" endtime="20230316 21:40:07.538"/>
</kw>
<status status="FAIL" starttime="20230316 21:40:07.534" endtime="20230316 21:40:07.539"/>
</kw>
<test id="s1-s5-t1" name="Verify that user is able to paste study link using Paste study link" line="11">
<doc>Verification that user is able to paste study link using Paste study link</doc>
<tag>regression</tag>
<status status="FAIL" starttime="20230316 21:40:07.539" endtime="20230316 21:40:07.539">Parent suite setup failed:
No keyword with name 'MobileTestLibrary.Start Appium Service' found.</status>
</test>
<test id="s1-s5-t2" name="Verify that Help page open up when user taps on help icon&quot;?&quot;" line="21">
<doc>Verification that Help page open up when user taps on help icon"?"</doc>
<tag>regression</tag>
<status status="FAIL" starttime="20230316 21:40:07.540" endtime="20230316 21:40:07.540">Parent suite setup failed:
No keyword with name 'MobileTestLibrary.Start Appium Service' found.</status>
</test>
<kw name="tearDown" library="Setup keywords" type="TEARDOWN">
<kw name="MobileTestLibrary.Stop Appium Service">
<msg timestamp="20230316 21:40:07.545" level="FAIL">No keyword with name 'MobileTestLibrary.Stop Appium Service' found.</msg>
<status status="FAIL" starttime="20230316 21:40:07.545" endtime="20230316 21:40:07.545"/>
</kw>
<status status="FAIL" starttime="20230316 21:40:07.541" endtime="20230316 21:40:07.545">No keyword with name 'MobileTestLibrary.Stop Appium Service' found.</status>
</kw>
<status status="FAIL" starttime="20230316 21:40:07.402" endtime="20230316 21:40:07.545">Suite setup failed:
No keyword with name 'MobileTestLibrary.Start Appium Service' found.

Also suite teardown failed:
No keyword with name 'MobileTestLibrary.Stop Appium Service' found.</status>
</suite>
<suite id="s1-s6" name="TC006 - sample" source="D:\FusionTestFramework\com.playgroundxyz.vision_project\com.playgroundxyz.vision_project.TestcaseSuite\TC006 - sample.robot">
<test id="s1-s6-t1" name="Testcase001" line="7">
<kw name="GET" library="APITestExtendedLibrary">
<var>@{get}</var>
<arg>https://www.google.com/</arg>
<arg>json</arg>
<doc>Sends a GET request.</doc>
<msg timestamp="20230316 21:40:08.470" level="INFO">GET Request : url=https://www.google.com/?json 
 path_url=/?json 
 headers={'User-Agent': 'python-requests/2.28.2', 'Accept-Encoding': 'gzip, deflate', 'Accept': '*/*', 'Connection': 'keep-alive'} 
 body=None 
 </msg>
<msg timestamp="20230316 21:40:08.470" level="INFO">GET Response : url=https://www.google.com/?json 
 status=200, reason=OK 
 headers={'Date': 'Thu, 16 Mar 2023 16:10:08 GMT', 'Expires': '-1', 'Cache-Control': 'private, max-age=0', 'Content-Type': 'text/html; charset=ISO-8859-1', 'P3P': 'CP="This is not a P3P policy! See g.co/p3phelp for more info."', 'Content-Encoding': 'gzip', 'Server': 'gws', 'X-XSS-Protection': '0', 'X-Frame-Options': 'SAMEORIGIN', 'Set-Cookie': '1P_JAR=2023-03-16-16; expires=Sat, 15-Apr-2023 16:10:08 GMT; path=/; domain=.google.com; Secure, AEC=ARSKqsIWRVIlzppWjNIezml2eo93YRyc5hJuU9c7vw8YN26J6Ae3g6xMTQ; expires=Tue, 12-Sep-2023 16:10:08 GMT; path=/; domain=.google.com; Secure; HttpOnly; SameSite=lax, NID=511=U-yM74f5Te7E6EzuYeJclhZhv32KfdzfC8EKKzZIzjcCg2hw08ftm5-tIpBHnqHPmWlwJl8QJ1eb1l7KJbgXB-LMg3ohhRErFC51ruUfXeer7BFSCAlH95lBouXzAPYIBrBzeEZair6un-vUQu3o1ejsw1OhZLOUVhN_xOWmBnU; expires=Fri, 15-Sep-2023 16:10:08 GMT; path=/; domain=.google.com; HttpOnly', 'Alt-Svc': 'h3=":443"; ma=2592000,h3-29=":443"; ma=2592000', 'Transfer-Encoding': 'chunked'} 
 body=&lt;!doctype html&gt;&lt;html itemscope="" itemtype="http://schema.org/WebPage" lang="en-IN"&gt;&lt;head&gt;&lt;meta content="text/html; charset=UTF-8" http-equiv="Content-Type"&gt;&lt;meta content="/images/branding/googleg/1x/googleg_standard_color_128dp.png" itemprop="image"&gt;&lt;title&gt;Google&lt;/title&gt;&lt;script nonce="eyvyqVGEvsoYXirLfskn8Q"&gt;(function(){window.google={kEI:'YD8TZLqsFdbgseMPmuGsyA4',kEXPI:'0,1359409,6058,207,4804,2316,383,246,5,1129120,1626,1196134,641,170,316489,63430,16115,28684,22430,1362,12316,17583,4998,13228,3847,38444,2872,2891,4139,4209,3406,606,54144,4143,2403,6398,9358,3,576,1014,1,5444,11472,2652,4,1528,2304,29062,9872,3192,13659,4437,9358,7428,5785,2572,4094,7596,1,39047,2,3105,2,14022,2715,23024,5679,1021,31121,4568,6256,23421,1252,5835,14968,4332,8,7476,445,2,2,1,6959,19673,8155,7381,2,1399,78,14490,873,19634,7,1922,5784,3995,21390,389,14375,6305,2007,18192,15605,4531,14,82,13333,6873,1622,1778,4977,3787,154,4436,6514,4069,858,3557,988,3030,426,2608,2595,482,1410,890,2685,4720,1303,501,6353,1200,181,495,1150,1089,1653,108,561,566,886,118,2,6649,1826,3997,453,5221,212,2,375,537,1634,709,737,78,2085,669,1,1170,1581,693,269,599,196,1330,2949,369,14,146,1461,222,1412,1393,95,1,2050,1167,225,87,174,1156,2477,748,680,565,190,737,822,175,1247,1708,986,5,667,4,289,1441,278,146,3,251,231,3,378,54,112,466,30,4,449,43,335,224,220,2,147,4,4,11,324,647,3,482,252,1,125,88,8,689,3,1210,25,748,740,134,318,3,688,628,265,80,425,380,119,1118,8,696,1042,1173,1,117,1,587,261,944,5225441,337,5995561,2803282,3311,141,795,19735,1,1,346,4569,16,23945900,4042142,1964,1007,15666,2893,512,5738,12561,1539,531,72,848,189,1399676,15380',kBL:'mLrg'};google.sn='webhp';google.kHL='en-IN';})();(function(){
var f=this||self;var h,k=[];function l(a){for(var b;a&amp;&amp;(!a.getAttribute||!(b=a.getAttribute("eid")));)a=a.parentNode;return b||h}function m(a){for(var b=null;a&amp;&amp;(!a.getAttribute||!(b=a.getAttribute("leid")));)a=a.parentNode;return b}
function n(a,b,c,d,g){var e="";c||-1!==b.search("&amp;ei=")||(e="&amp;ei="+l(d),-1===b.search("&amp;lei=")&amp;&amp;(d=m(d))&amp;&amp;(e+="&amp;lei="+d));d="";!c&amp;&amp;f._cshid&amp;&amp;-1===b.search("&amp;cshid=")&amp;&amp;"slh"!==a&amp;&amp;(d="&amp;cshid="+f._cshid);c=c||"/"+(g||"gen_204")+"?atyp=i&amp;ct="+a+"&amp;cad="+b+e+"&amp;zx="+Date.now()+d;/^http:/i.test(c)&amp;&amp;"https:"===window.location.protocol&amp;&amp;(google.ml&amp;&amp;google.ml(Error("a"),!1,{src:c,glmm:1}),c="");return c};h=google.kEI;google.getEI=l;google.getLEI=m;google.ml=function(){return null};google.log=function(a,b,c,d,g){if(c=n(a,b,c,d,g)){a=new Image;var e=k.length;k[e]=a;a.onerror=a.onload=a.onabort=function(){delete k[e]};a.src=c}};google.logUrl=n;}).call(this);(function(){google.y={};google.sy=[];google.x=function(a,b){if(a)var c=a.id;else{do c=Math.random();while(google.y[c])}google.y[c]=[a,b];return!1};google.sx=function(a){google.sy.push(a)};google.lm=[];google.plm=function(a){google.lm.push.apply(google.lm,a)};google.lq=[];google.load=function(a,b,c){google.lq.push([[a],b,c])};google.loadAll=function(a,b){google.lq.push([a,b])};google.bx=!1;google.lx=function(){};}).call(this);google.f={};(function(){
document.documentElement.addEventListener("submit",function(b){var a;if(a=b.target){var c=a.getAttribute("data-submitfalse");a="1"===c||"q"===c&amp;&amp;!a.elements.q.value?!0:!1}else a=!1;a&amp;&amp;(b.preventDefault(),b.stopPropagation())},!0);document.documentElement.addEventListener("click",function(b){var a;a:{for(a=b.target;a&amp;&amp;a!==document.documentElement;a=a.parentElement)if("A"===a.tagName){a="1"===a.getAttribute("data-nohref");break a}a=!1}a&amp;&amp;b.preventDefault()},!0);}).call(this);&lt;/script&gt;&lt;style&gt;#gbar,#guser{font-size:13px;padding-top:1px !important;}#gbar{height:22px}#guser{padding-bottom:7px !important;text-align:right}.gbh,.gbd{border-top:1px solid #c9d7f1;font-size:1px}.gbh{height:0;position:absolute;top:24px;width:100%}@media all{.gb1{height:22px;margin-right:.5em;vertical-align:top}#gbar{float:left}}a.gb1,a.gb4{text-decoration:underline !important}a.gb1,a.gb4{color:#00c !important}.gbi .gb4{color:#dd8e27 !important}.gbf .gb4{color:#900 !important}
&lt;/style&gt;&lt;style&gt;body,td,a,p,.h{font-family:arial,sans-serif}body{margin:0;overflow-y:scroll}#gog{padding:3px 8px 0}td{line-height:.8em}.gac_m td{line-height:17px}form{margin-bottom:20px}.h{color:#1558d6}em{font-weight:bold;font-style:normal}.lst{height:25px;width:496px}.gsfi,.lst{font:18px arial,sans-serif}.gsfs{font:17px arial,sans-serif}.ds{display:inline-box;display:inline-block;margin:3px 0 4px;margin-left:4px}input{font-family:inherit}body{background:#fff;color:#000}a{color:#4b11a8;text-decoration:none}a:hover,a:active{text-decoration:underline}.fl a{color:#1558d6}a:visited{color:#4b11a8}.sblc{padding-top:5px}.sblc a{display:block;margin:2px 0;margin-left:13px;font-size:11px}.lsbb{background:#f8f9fa;border:solid 1px;border-color:#dadce0 #70757a #70757a #dadce0;height:30px}.lsbb{display:block}#WqQANb a{display:inline-block;margin:0 12px}.lsb{background:url(/images/nav_logo229.png) 0 -261px repeat-x;border:none;color:#000;cursor:pointer;height:30px;margin:0;outline:0;font:15px arial,sans-serif;vertical-align:top}.lsb:active{background:#dadce0}.lst:focus{outline:none}&lt;/style&gt;&lt;script nonce="eyvyqVGEvsoYXirLfskn8Q"&gt;(function(){window.google.erd={jsr:1,bv:1760,de:true};
var h=this||self;var k,l=null!=(k=h.mei)?k:1,n,p=null!=(n=h.sdo)?n:!0,q=0,r,t=google.erd,v=t.jsr;google.ml=function(a,b,d,m,e){e=void 0===e?2:e;b&amp;&amp;(r=a&amp;&amp;a.message);if(google.dl)return google.dl(a,e,d),null;if(0&gt;v){window.console&amp;&amp;console.error(a,d);if(-2===v)throw a;b=!1}else b=!a||!a.message||"Error loading script"===a.message||q&gt;=l&amp;&amp;!m?!1:!0;if(!b)return null;q++;d=d||{};b=encodeURIComponent;var c="/gen_204?atyp=i&amp;ei="+b(google.kEI);google.kEXPI&amp;&amp;(c+="&amp;jexpid="+b(google.kEXPI));c+="&amp;srcpg="+b(google.sn)+"&amp;jsr="+b(t.jsr)+"&amp;bver="+b(t.bv);var f=a.lineNumber;void 0!==f&amp;&amp;(c+="&amp;line="+f);var g=
a.fileName;g&amp;&amp;(0&lt;g.indexOf("-extension:/")&amp;&amp;(e=3),c+="&amp;script="+b(g),f&amp;&amp;g===window.location.href&amp;&amp;(f=document.documentElement.outerHTML.split("\n")[f],c+="&amp;cad="+b(f?f.substring(0,300):"No script found.")));c+="&amp;jsel="+e;for(var u in d)c+="&amp;",c+=b(u),c+="=",c+=b(d[u]);c=c+"&amp;emsg="+b(a.name+": "+a.message);c=c+"&amp;jsst="+b(a.stack||"N/A");12288&lt;=c.length&amp;&amp;(c=c.substr(0,12288));a=c;m||google.log(0,"",a);return a};window.onerror=function(a,b,d,m,e){r!==a&amp;&amp;(a=e instanceof Error?e:Error(a),void 0===d||"lineNumber"in a||(a.lineNumber=d),void 0===b||"fileName"in a||(a.fileName=b),google.ml(a,!1,void 0,!1,"SyntaxError"===a.name||"SyntaxError"===a.message.substring(0,11)||-1!==a.message.indexOf("Script error")?3:0));r=null;p&amp;&amp;q&gt;=l&amp;&amp;(window.onerror=null)};})();&lt;/script&gt;&lt;/head&gt;&lt;body bgcolor="#fff"&gt;&lt;script nonce="eyvyqVGEvsoYXirLfskn8Q"&gt;(function(){var src='/images/nav_logo229.png';var iesg=false;document.body.onload = function(){window.n &amp;&amp; window.n();if (document.images){new Image().src=src;}
if (!iesg){document.f&amp;&amp;document.f.q.focus();document.gbqf&amp;&amp;document.gbqf.q.focus();}
}
})();&lt;/script&gt;&lt;div id="mngb"&gt;&lt;div id=gbar&gt;&lt;nobr&gt;&lt;b class=gb1&gt;Search&lt;/b&gt; &lt;a class=gb1 href="https://www.google.co.in/imghp?hl=en&amp;tab=wi"&gt;Images&lt;/a&gt; &lt;a class=gb1 href="https://maps.google.co.in/maps?hl=en&amp;tab=wl"&gt;Maps&lt;/a&gt; &lt;a class=gb1 href="https://play.google.com/?hl=en&amp;tab=w8"&gt;Play&lt;/a&gt; &lt;a class=gb1 href="https://www.youtube.com/?tab=w1"&gt;YouTube&lt;/a&gt; &lt;a class=gb1 href="https://news.google.com/?tab=wn"&gt;News&lt;/a&gt; &lt;a class=gb1 href="https://mail.google.com/mail/?tab=wm"&gt;Gmail&lt;/a&gt; &lt;a class=gb1 href="https://drive.google.com/?tab=wo"&gt;Drive&lt;/a&gt; &lt;a class=gb1 style="text-decoration:none" href="https://www.google.co.in/intl/en/about/products?tab=wh"&gt;&lt;u&gt;More&lt;/u&gt; &amp;raquo;&lt;/a&gt;&lt;/nobr&gt;&lt;/div&gt;&lt;div id=guser width=100%&gt;&lt;nobr&gt;&lt;span id=gbn class=gbi&gt;&lt;/span&gt;&lt;span id=gbf class=gbf&gt;&lt;/span&gt;&lt;span id=gbe&gt;&lt;/span&gt;&lt;a href="http://www.google.co.in/history/optout?hl=en" class=gb4&gt;Web History&lt;/a&gt; | &lt;a  href="/preferences?hl=en" class=gb4&gt;Settings&lt;/a&gt; | &lt;a target=_top id=gb_70 href="https://accounts.google.com/ServiceLogin?hl=en&amp;passive=true&amp;continue=https://www.google.com/%3Fjson&amp;ec=GAZAAQ" class=gb4&gt;Sign in&lt;/a&gt;&lt;/nobr&gt;&lt;/div&gt;&lt;div class=gbh style=left:0&gt;&lt;/div&gt;&lt;div class=gbh style=right:0&gt;&lt;/div&gt;&lt;/div&gt;&lt;center&gt;&lt;br clear="all" id="lgpd"&gt;&lt;div id="lga"&gt;&lt;img alt="Google" height="92" src="/images/branding/googlelogo/1x/googlelogo_white_background_color_272x92dp.png" style="padding:28px 0 14px" width="272" id="hplogo"&gt;&lt;br&gt;&lt;br&gt;&lt;/div&gt;&lt;form action="/search" name="f"&gt;&lt;table cellpadding="0" cellspacing="0"&gt;&lt;tr valign="top"&gt;&lt;td width="25%"&gt;&amp;nbsp;&lt;/td&gt;&lt;td align="center" nowrap=""&gt;&lt;input name="ie" value="ISO-8859-1" type="hidden"&gt;&lt;input value="en-IN" name="hl" type="hidden"&gt;&lt;input name="source" type="hidden" value="hp"&gt;&lt;input name="biw" type="hidden"&gt;&lt;input name="bih" type="hidden"&gt;&lt;div class="ds" style="height:32px;margin:4px 0"&gt;&lt;input class="lst" style="margin:0;padding:5px 8px 0 6px;vertical-align:top;color:#000" autocomplete="off" value="" title="Google Search" maxlength="2048" name="q" size="57"&gt;&lt;/div&gt;&lt;br style="line-height:0"&gt;&lt;span class="ds"&gt;&lt;span class="lsbb"&gt;&lt;input class="lsb" value="Google Search" name="btnG" type="submit"&gt;&lt;/span&gt;&lt;/span&gt;&lt;span class="ds"&gt;&lt;span class="lsbb"&gt;&lt;input class="lsb" id="tsuid_1" value="I'm Feeling Lucky" name="btnI" type="submit"&gt;&lt;script nonce="eyvyqVGEvsoYXirLfskn8Q"&gt;(function(){var id='tsuid_1';document.getElementById(id).onclick = function(){if (this.form.q.value){this.checked = 1;if (this.form.iflsig)this.form.iflsig.disabled = false;}
else top.location='/doodles/';};})();&lt;/script&gt;&lt;input value="AK50M_UAAAAAZBNNcJi8bkQXKOb8r24BTWcTkJ7cRnqW" name="iflsig" type="hidden"&gt;&lt;/span&gt;&lt;/span&gt;&lt;/td&gt;&lt;td class="fl sblc" align="left" nowrap="" width="25%"&gt;&lt;a href="/advanced_search?hl=en-IN&amp;amp;authuser=0"&gt;Advanced search&lt;/a&gt;&lt;/td&gt;&lt;/tr&gt;&lt;/table&gt;&lt;input id="gbv" name="gbv" type="hidden" value="1"&gt;&lt;script nonce="eyvyqVGEvsoYXirLfskn8Q"&gt;(function(){var a,b="1";if(document&amp;&amp;document.getElementById)if("undefined"!=typeof XMLHttpRequest)b="2";else if("undefined"!=typeof ActiveXObject){var c,d,e=["MSXML2.XMLHTTP.6.0","MSXML2.XMLHTTP.3.0","MSXML2.XMLHTTP","Microsoft.XMLHTTP"];for(c=0;d=e[c++];)try{new ActiveXObject(d),b... (set the log level to DEBUG or TRACE to see the full content) 
 </msg>
<msg timestamp="20230316 21:40:08.473" level="INFO">@{get} = [ &lt;!doctype html&gt;&lt;html itemscope="" itemtype="http://schema.org/WebPage" lang="en-IN"&gt;&lt;head&gt;&lt;meta content="text/html; charset=UTF- | 8" http-equiv="Content-Type"&gt;&lt;meta content="/images/branding/google...</msg>
<status status="PASS" starttime="20230316 21:40:07.835" endtime="20230316 21:40:08.473"/>
</kw>
<for flavor="IN">
<var>${element}</var>
<value>@{get}</value>
<iter>
<var name="${element}">&lt;!doctype html&gt;&lt;html itemscope="" itemtype="http://schema.org/WebPage" lang="en-IN"&gt;&lt;head&gt;&lt;meta content="text/html; charset=UTF-</var>
<kw name="Log To Console" library="BuiltIn">
<arg>${element}</arg>
<doc>Logs the given message to the console.</doc>
<status status="PASS" starttime="20230316 21:40:08.474" endtime="20230316 21:40:08.476"/>
</kw>
<status status="PASS" starttime="20230316 21:40:08.474" endtime="20230316 21:40:08.476"/>
</iter>
<iter>
<var name="${element}">8" http-equiv="Content-Type"&gt;&lt;meta content="/images/branding/googleg/1x/googleg_standard_color_128dp.png" itemprop="image"&gt;&lt;titl</var>
<kw name="Log To Console" library="BuiltIn">
<arg>${element}</arg>
<doc>Logs the given message to the console.</doc>
<status status="PASS" starttime="20230316 21:40:08.477" endtime="20230316 21:40:08.479"/>
</kw>
<status status="PASS" starttime="20230316 21:40:08.477" endtime="20230316 21:40:08.479"/>
</iter>
<iter>
<var name="${element}">e&gt;Google&lt;/title&gt;&lt;script nonce="eyvyqVGEvsoYXirLfskn8Q"&gt;(function(){window.google={kEI:'YD8TZLqsFdbgseMPmuGsyA4',kEXPI:'0,1359409</var>
<kw name="Log To Console" library="BuiltIn">
<arg>${element}</arg>
<doc>Logs the given message to the console.</doc>
<status status="PASS" starttime="20230316 21:40:08.480" endtime="20230316 21:40:08.482"/>
</kw>
<status status="PASS" starttime="20230316 21:40:08.479" endtime="20230316 21:40:08.482"/>
</iter>
<iter>
<var name="${element}">,6058,207,4804,2316,383,246,5,1129120,1626,1196134,641,170,316489,63430,16115,28684,22430,1362,12316,17583,4998,13228,3847,38444</var>
<kw name="Log To Console" library="BuiltIn">
<arg>${element}</arg>
<doc>Logs the given message to the console.</doc>
<status status="PASS" starttime="20230316 21:40:08.483" endtime="20230316 21:40:08.485"/>
</kw>
<status status="PASS" starttime="20230316 21:40:08.483" endtime="20230316 21:40:08.485"/>
</iter>
<iter>
<var name="${element}">,2872,2891,4139,4209,3406,606,54144,4143,2403,6398,9358,3,576,1014,1,5444,11472,2652,4,1528,2304,29062,9872,3192,13659,4437,9358</var>
<kw name="Log To Console" library="BuiltIn">
<arg>${element}</arg>
<doc>Logs the given message to the console.</doc>
<status status="PASS" starttime="20230316 21:40:08.486" endtime="20230316 21:40:08.488"/>
</kw>
<status status="PASS" starttime="20230316 21:40:08.485" endtime="20230316 21:40:08.488"/>
</iter>
<iter>
<var name="${element}">,7428,5785,2572,4094,7596,1,39047,2,3105,2,14022,2715,23024,5679,1021,31121,4568,6256,23421,1252,5835,14968,4332,8,7476,445,2,2,</var>
<kw name="Log To Console" library="BuiltIn">
<arg>${element}</arg>
<doc>Logs the given message to the console.</doc>
<status status="PASS" starttime="20230316 21:40:08.490" endtime="20230316 21:40:08.493"/>
</kw>
<status status="PASS" starttime="20230316 21:40:08.489" endtime="20230316 21:40:08.493"/>
</iter>
<iter>
<var name="${element}">1,6959,19673,8155,7381,2,1399,78,14490,873,19634,7,1922,5784,3995,21390,389,14375,6305,2007,18192,15605,4531,14,82,13333,6873,16</var>
<kw name="Log To Console" library="BuiltIn">
<arg>${element}</arg>
<doc>Logs the given message to the console.</doc>
<status status="PASS" starttime="20230316 21:40:08.494" endtime="20230316 21:40:08.497"/>
</kw>
<status status="PASS" starttime="20230316 21:40:08.493" endtime="20230316 21:40:08.497"/>
</iter>
<iter>
<var name="${element}">22,1778,4977,3787,154,4436,6514,4069,858,3557,988,3030,426,2608,2595,482,1410,890,2685,4720,1303,501,6353,1200,181,495,1150,1089</var>
<kw name="Log To Console" library="BuiltIn">
<arg>${element}</arg>
<doc>Logs the given message to the console.</doc>
<status status="PASS" starttime="20230316 21:40:08.498" endtime="20230316 21:40:08.500"/>
</kw>
<status status="PASS" starttime="20230316 21:40:08.497" endtime="20230316 21:40:08.500"/>
</iter>
<iter>
<var name="${element}">,1653,108,561,566,886,118,2,6649,1826,3997,453,5221,212,2,375,537,1634,709,737,78,2085,669,1,1170,1581,693,269,599,196,1330,2949</var>
<kw name="Log To Console" library="BuiltIn">
<arg>${element}</arg>
<doc>Logs the given message to the console.</doc>
<status status="PASS" starttime="20230316 21:40:08.501" endtime="20230316 21:40:08.503"/>
</kw>
<status status="PASS" starttime="20230316 21:40:08.501" endtime="20230316 21:40:08.503"/>
</iter>
<iter>
<var name="${element}">,369,14,146,1461,222,1412,1393,95,1,2050,1167,225,87,174,1156,2477,748,680,565,190,737,822,175,1247,1708,986,5,667,4,289,1441,27</var>
<kw name="Log To Console" library="BuiltIn">
<arg>${element}</arg>
<doc>Logs the given message to the console.</doc>
<status status="PASS" starttime="20230316 21:40:08.505" endtime="20230316 21:40:08.508"/>
</kw>
<status status="PASS" starttime="20230316 21:40:08.505" endtime="20230316 21:40:08.508"/>
</iter>
<iter>
<var name="${element}">8,146,3,251,231,3,378,54,112,466,30,4,449,43,335,224,220,2,147,4,4,11,324,647,3,482,252,1,125,88,8,689,3,1210,25,748,740,134,318</var>
<kw name="Log To Console" library="BuiltIn">
<arg>${element}</arg>
<doc>Logs the given message to the console.</doc>
<status status="PASS" starttime="20230316 21:40:08.509" endtime="20230316 21:40:08.513"/>
</kw>
<status status="PASS" starttime="20230316 21:40:08.508" endtime="20230316 21:40:08.513"/>
</iter>
<iter>
<var name="${element}">,3,688,628,265,80,425,380,119,1118,8,696,1042,1173,1,117,1,587,261,944,5225441,337,5995561,2803282,3311,141,795,19735,1,1,346,45</var>
<kw name="Log To Console" library="BuiltIn">
<arg>${element}</arg>
<doc>Logs the given message to the console.</doc>
<status status="PASS" starttime="20230316 21:40:08.514" endtime="20230316 21:40:08.518"/>
</kw>
<status status="PASS" starttime="20230316 21:40:08.514" endtime="20230316 21:40:08.518"/>
</iter>
<iter>
<var name="${element}">69,16,23945900,4042142,1964,1007,15666,2893,512,5738,12561,1539,531,72,848,189,1399676,15380',kBL:'mLrg'};google.sn='webhp';goog</var>
<kw name="Log To Console" library="BuiltIn">
<arg>${element}</arg>
<doc>Logs the given message to the console.</doc>
<status status="PASS" starttime="20230316 21:40:08.524" endtime="20230316 21:40:08.529"/>
</kw>
<status status="PASS" starttime="20230316 21:40:08.522" endtime="20230316 21:40:08.529"/>
</iter>
<iter>
<var name="${element}">le.kHL='en-IN';})();(function(){
var f=this||self;var h,k=[];function l(a){for(var b;a&amp;&amp;(!a.getAttribute||!(b=a.getAttribute("ei</var>
<kw name="Log To Console" library="BuiltIn">
<arg>${element}</arg>
<doc>Logs the given message to the console.</doc>
<status status="PASS" starttime="20230316 21:40:08.531" endtime="20230316 21:40:08.535"/>
</kw>
<status status="PASS" starttime="20230316 21:40:08.530" endtime="20230316 21:40:08.536"/>
</iter>
<iter>
<var name="${element}">d")));)a=a.parentNode;return b||h}function m(a){for(var b=null;a&amp;&amp;(!a.getAttribute||!(b=a.getAttribute("leid")));)a=a.parentNode</var>
<kw name="Log To Console" library="BuiltIn">
<arg>${element}</arg>
<doc>Logs the given message to the console.</doc>
<status status="PASS" starttime="20230316 21:40:08.537" endtime="20230316 21:40:08.540"/>
</kw>
<status status="PASS" starttime="20230316 21:40:08.536" endtime="20230316 21:40:08.541"/>
</iter>
<iter>
<var name="${element}">;return b}
function n(a,b,c,d,g){var e="";c||-1!==b.search("&amp;ei=")||(e="&amp;ei="+l(d),-1===b.search("&amp;lei=")&amp;&amp;(d=m(d))&amp;&amp;(e+="&amp;lei="</var>
<kw name="Log To Console" library="BuiltIn">
<arg>${element}</arg>
<doc>Logs the given message to the console.</doc>
<status status="PASS" starttime="20230316 21:40:08.542" endtime="20230316 21:40:08.546"/>
</kw>
<status status="PASS" starttime="20230316 21:40:08.541" endtime="20230316 21:40:08.547"/>
</iter>
<iter>
<var name="${element}">+d));d="";!c&amp;&amp;f._cshid&amp;&amp;-1===b.search("&amp;cshid=")&amp;&amp;"slh"!==a&amp;&amp;(d="&amp;cshid="+f._cshid);c=c||"/"+(g||"gen_204")+"?atyp=i&amp;ct="+a+"&amp;ca</var>
<kw name="Log To Console" library="BuiltIn">
<arg>${element}</arg>
<doc>Logs the given message to the console.</doc>
<status status="PASS" starttime="20230316 21:40:08.549" endtime="20230316 21:40:08.555"/>
</kw>
<status status="PASS" starttime="20230316 21:40:08.548" endtime="20230316 21:40:08.556"/>
</iter>
<iter>
<var name="${element}">d="+b+e+"&amp;zx="+Date.now()+d;/^http:/i.test(c)&amp;&amp;"https:"===window.location.protocol&amp;&amp;(google.ml&amp;&amp;google.ml(Error("a"),!1,{src:c,g</var>
<kw name="Log To Console" library="BuiltIn">
<arg>${element}</arg>
<doc>Logs the given message to the console.</doc>
<status status="PASS" starttime="20230316 21:40:08.557" endtime="20230316 21:40:08.558"/>
</kw>
<status status="PASS" starttime="20230316 21:40:08.556" endtime="20230316 21:40:08.559"/>
</iter>
<iter>
<var name="${element}">lmm:1}),c="");return c};h=google.kEI;google.getEI=l;google.getLEI=m;google.ml=function(){return null};google.log=function(a,b,c,</var>
<kw name="Log To Console" library="BuiltIn">
<arg>${element}</arg>
<doc>Logs the given message to the console.</doc>
<status status="PASS" starttime="20230316 21:40:08.563" endtime="20230316 21:40:08.566"/>
</kw>
<status status="PASS" starttime="20230316 21:40:08.562" endtime="20230316 21:40:08.566"/>
</iter>
<iter>
<var name="${element}">d,g){if(c=n(a,b,c,d,g)){a=new Image;var e=k.length;k[e]=a;a.onerror=a.onload=a.onabort=function(){delete k[e]};a.src=c}};google.</var>
<kw name="Log To Console" library="BuiltIn">
<arg>${element}</arg>
<doc>Logs the given message to the console.</doc>
<status status="PASS" starttime="20230316 21:40:08.567" endtime="20230316 21:40:08.570"/>
</kw>
<status status="PASS" starttime="20230316 21:40:08.566" endtime="20230316 21:40:08.570"/>
</iter>
<iter>
<var name="${element}">logUrl=n;}).call(this);(function(){google.y={};google.sy=[];google.x=function(a,b){if(a)var c=a.id;else{do c=Math.random();while</var>
<kw name="Log To Console" library="BuiltIn">
<arg>${element}</arg>
<doc>Logs the given message to the console.</doc>
<status status="PASS" starttime="20230316 21:40:08.573" endtime="20230316 21:40:08.575"/>
</kw>
<status status="PASS" starttime="20230316 21:40:08.572" endtime="20230316 21:40:08.575"/>
</iter>
<iter>
<var name="${element}">(google.y[c])}google.y[c]=[a,b];return!1};google.sx=function(a){google.sy.push(a)};google.lm=[];google.plm=function(a){google.lm</var>
<kw name="Log To Console" library="BuiltIn">
<arg>${element}</arg>
<doc>Logs the given message to the console.</doc>
<status status="PASS" starttime="20230316 21:40:08.577" endtime="20230316 21:40:08.579"/>
</kw>
<status status="PASS" starttime="20230316 21:40:08.576" endtime="20230316 21:40:08.580"/>
</iter>
<iter>
<var name="${element}">.push.apply(google.lm,a)};google.lq=[];google.load=function(a,b,c){google.lq.push([[a],b,c])};google.loadAll=function(a,b){googl</var>
<kw name="Log To Console" library="BuiltIn">
<arg>${element}</arg>
<doc>Logs the given message to the console.</doc>
<status status="PASS" starttime="20230316 21:40:08.581" endtime="20230316 21:40:08.586"/>
</kw>
<status status="PASS" starttime="20230316 21:40:08.580" endtime="20230316 21:40:08.587"/>
</iter>
<iter>
<var name="${element}">e.lq.push([a,b])};google.bx=!1;google.lx=function(){};}).call(this);google.f={};(function(){
document.documentElement.addEventLi</var>
<kw name="Log To Console" library="BuiltIn">
<arg>${element}</arg>
<doc>Logs the given message to the console.</doc>
<status status="PASS" starttime="20230316 21:40:08.588" endtime="20230316 21:40:08.591"/>
</kw>
<status status="PASS" starttime="20230316 21:40:08.588" endtime="20230316 21:40:08.591"/>
</iter>
<iter>
<var name="${element}">stener("submit",function(b){var a;if(a=b.target){var c=a.getAttribute("data-submitfalse");a="1"===c||"q"===c&amp;&amp;!a.elements.q.valu</var>
<kw name="Log To Console" library="BuiltIn">
<arg>${element}</arg>
<doc>Logs the given message to the console.</doc>
<status status="PASS" starttime="20230316 21:40:08.592" endtime="20230316 21:40:08.594"/>
</kw>
<status status="PASS" starttime="20230316 21:40:08.591" endtime="20230316 21:40:08.594"/>
</iter>
<iter>
<var name="${element}">e?!0:!1}else a=!1;a&amp;&amp;(b.preventDefault(),b.stopPropagation())},!0);document.documentElement.addEventListener("click",function(b)</var>
<kw name="Log To Console" library="BuiltIn">
<arg>${element}</arg>
<doc>Logs the given message to the console.</doc>
<status status="PASS" starttime="20230316 21:40:08.595" endtime="20230316 21:40:08.598"/>
</kw>
<status status="PASS" starttime="20230316 21:40:08.595" endtime="20230316 21:40:08.598"/>
</iter>
<iter>
<var name="${element}">{var a;a:{for(a=b.target;a&amp;&amp;a!==document.documentElement;a=a.parentElement)if("A"===a.tagName){a="1"===a.getAttribute("data-nohr</var>
<kw name="Log To Console" library="BuiltIn">
<arg>${element}</arg>
<doc>Logs the given message to the console.</doc>
<status status="PASS" starttime="20230316 21:40:08.599" endtime="20230316 21:40:08.605"/>
</kw>
<status status="PASS" starttime="20230316 21:40:08.599" endtime="20230316 21:40:08.605"/>
</iter>
<iter>
<var name="${element}">ef");break a}a=!1}a&amp;&amp;b.preventDefault()},!0);}).call(this);&lt;/script&gt;&lt;style&gt;#gbar,#guser{font-size:13px;padding-top:1px !importan</var>
<kw name="Log To Console" library="BuiltIn">
<arg>${element}</arg>
<doc>Logs the given message to the console.</doc>
<status status="PASS" starttime="20230316 21:40:08.607" endtime="20230316 21:40:08.611"/>
</kw>
<status status="PASS" starttime="20230316 21:40:08.606" endtime="20230316 21:40:08.613"/>
</iter>
<iter>
<var name="${element}">t;}#gbar{height:22px}#guser{padding-bottom:7px !important;text-align:right}.gbh,.gbd{border-top:1px solid #c9d7f1;font-size:1px}</var>
<kw name="Log To Console" library="BuiltIn">
<arg>${element}</arg>
<doc>Logs the given message to the console.</doc>
<status status="PASS" starttime="20230316 21:40:08.613" endtime="20230316 21:40:08.619"/>
</kw>
<status status="PASS" starttime="20230316 21:40:08.613" endtime="20230316 21:40:08.619"/>
</iter>
<iter>
<var name="${element}">.gbh{height:0;position:absolute;top:24px;width:100%}@media all{.gb1{height:22px;margin-right:.5em;vertical-align:top}#gbar{float</var>
<kw name="Log To Console" library="BuiltIn">
<arg>${element}</arg>
<doc>Logs the given message to the console.</doc>
<status status="PASS" starttime="20230316 21:40:08.620" endtime="20230316 21:40:08.624"/>
</kw>
<status status="PASS" starttime="20230316 21:40:08.619" endtime="20230316 21:40:08.625"/>
</iter>
<iter>
<var name="${element}">:left}}a.gb1,a.gb4{text-decoration:underline !important}a.gb1,a.gb4{color:#00c !important}.gbi .gb4{color:#dd8e27 !important}.gb</var>
<kw name="Log To Console" library="BuiltIn">
<arg>${element}</arg>
<doc>Logs the given message to the console.</doc>
<status status="PASS" starttime="20230316 21:40:08.629" endtime="20230316 21:40:08.632"/>
</kw>
<status status="PASS" starttime="20230316 21:40:08.626" endtime="20230316 21:40:08.632"/>
</iter>
<iter>
<var name="${element}">f .gb4{color:#900 !important}
&lt;/style&gt;&lt;style&gt;body,td,a,p,.h{font-family:arial,sans-serif}body{margin:0;overflow-y:scroll}#gog{pa</var>
<kw name="Log To Console" library="BuiltIn">
<arg>${element}</arg>
<doc>Logs the given message to the console.</doc>
<status status="PASS" starttime="20230316 21:40:08.633" endtime="20230316 21:40:08.636"/>
</kw>
<status status="PASS" starttime="20230316 21:40:08.633" endtime="20230316 21:40:08.636"/>
</iter>
<iter>
<var name="${element}">dding:3px 8px 0}td{line-height:.8em}.gac_m td{line-height:17px}form{margin-bottom:20px}.h{color:#1558d6}em{font-weight:bold;font</var>
<kw name="Log To Console" library="BuiltIn">
<arg>${element}</arg>
<doc>Logs the given message to the console.</doc>
<status status="PASS" starttime="20230316 21:40:08.637" endtime="20230316 21:40:08.639"/>
</kw>
<status status="PASS" starttime="20230316 21:40:08.637" endtime="20230316 21:40:08.639"/>
</iter>
<iter>
<var name="${element}">-style:normal}.lst{height:25px;width:496px}.gsfi,.lst{font:18px arial,sans-serif}.gsfs{font:17px arial,sans-serif}.ds{display:in</var>
<kw name="Log To Console" library="BuiltIn">
<arg>${element}</arg>
<doc>Logs the given message to the console.</doc>
<status status="PASS" starttime="20230316 21:40:08.639" endtime="20230316 21:40:08.640"/>
</kw>
<status status="PASS" starttime="20230316 21:40:08.639" endtime="20230316 21:40:08.640"/>
</iter>
<iter>
<var name="${element}">line-box;display:inline-block;margin:3px 0 4px;margin-left:4px}input{font-family:inherit}body{background:#fff;color:#000}a{color</var>
<kw name="Log To Console" library="BuiltIn">
<arg>${element}</arg>
<doc>Logs the given message to the console.</doc>
<status status="PASS" starttime="20230316 21:40:08.641" endtime="20230316 21:40:08.642"/>
</kw>
<status status="PASS" starttime="20230316 21:40:08.640" endtime="20230316 21:40:08.642"/>
</iter>
<iter>
<var name="${element}">:#4b11a8;text-decoration:none}a:hover,a:active{text-decoration:underline}.fl a{color:#1558d6}a:visited{color:#4b11a8}.sblc{paddi</var>
<kw name="Log To Console" library="BuiltIn">
<arg>${element}</arg>
<doc>Logs the given message to the console.</doc>
<status status="PASS" starttime="20230316 21:40:08.644" endtime="20230316 21:40:08.645"/>
</kw>
<status status="PASS" starttime="20230316 21:40:08.644" endtime="20230316 21:40:08.645"/>
</iter>
<iter>
<var name="${element}">ng-top:5px}.sblc a{display:block;margin:2px 0;margin-left:13px;font-size:11px}.lsbb{background:#f8f9fa;border:solid 1px;border-c</var>
<kw name="Log To Console" library="BuiltIn">
<arg>${element}</arg>
<doc>Logs the given message to the console.</doc>
<status status="PASS" starttime="20230316 21:40:08.646" endtime="20230316 21:40:08.648"/>
</kw>
<status status="PASS" starttime="20230316 21:40:08.646" endtime="20230316 21:40:08.649"/>
</iter>
<iter>
<var name="${element}">olor:#dadce0 #70757a #70757a #dadce0;height:30px}.lsbb{display:block}#WqQANb a{display:inline-block;margin:0 12px}.lsb{backgroun</var>
<kw name="Log To Console" library="BuiltIn">
<arg>${element}</arg>
<doc>Logs the given message to the console.</doc>
<status status="PASS" starttime="20230316 21:40:08.650" endtime="20230316 21:40:08.652"/>
</kw>
<status status="PASS" starttime="20230316 21:40:08.649" endtime="20230316 21:40:08.652"/>
</iter>
<iter>
<var name="${element}">d:url(/images/nav_logo229.png) 0 -261px repeat-x;border:none;color:#000;cursor:pointer;height:30px;margin:0;outline:0;font:15px </var>
<kw name="Log To Console" library="BuiltIn">
<arg>${element}</arg>
<doc>Logs the given message to the console.</doc>
<status status="PASS" starttime="20230316 21:40:08.653" endtime="20230316 21:40:08.654"/>
</kw>
<status status="PASS" starttime="20230316 21:40:08.652" endtime="20230316 21:40:08.654"/>
</iter>
<iter>
<var name="${element}">arial,sans-serif;vertical-align:top}.lsb:active{background:#dadce0}.lst:focus{outline:none}&lt;/style&gt;&lt;script nonce="eyvyqVGEvsoYXi</var>
<kw name="Log To Console" library="BuiltIn">
<arg>${element}</arg>
<doc>Logs the given message to the console.</doc>
<status status="PASS" starttime="20230316 21:40:08.654" endtime="20230316 21:40:08.655"/>
</kw>
<status status="PASS" starttime="20230316 21:40:08.654" endtime="20230316 21:40:08.655"/>
</iter>
<iter>
<var name="${element}">rLfskn8Q"&gt;(function(){window.google.erd={jsr:1,bv:1760,de:true};
var h=this||self;var k,l=null!=(k=h.mei)?k:1,n,p=null!=(n=h.sdo</var>
<kw name="Log To Console" library="BuiltIn">
<arg>${element}</arg>
<doc>Logs the given message to the console.</doc>
<status status="PASS" starttime="20230316 21:40:08.656" endtime="20230316 21:40:08.657"/>
</kw>
<status status="PASS" starttime="20230316 21:40:08.656" endtime="20230316 21:40:08.657"/>
</iter>
<iter>
<var name="${element}">)?n:!0,q=0,r,t=google.erd,v=t.jsr;google.ml=function(a,b,d,m,e){e=void 0===e?2:e;b&amp;&amp;(r=a&amp;&amp;a.message);if(google.dl)return google.</var>
<kw name="Log To Console" library="BuiltIn">
<arg>${element}</arg>
<doc>Logs the given message to the console.</doc>
<status status="PASS" starttime="20230316 21:40:08.658" endtime="20230316 21:40:08.659"/>
</kw>
<status status="PASS" starttime="20230316 21:40:08.657" endtime="20230316 21:40:08.659"/>
</iter>
<iter>
<var name="${element}">dl(a,e,d),null;if(0&gt;v){window.console&amp;&amp;console.error(a,d);if(-2===v)throw a;b=!1}else b=!a||!a.message||"Error loading script"==</var>
<kw name="Log To Console" library="BuiltIn">
<arg>${element}</arg>
<doc>Logs the given message to the console.</doc>
<status status="PASS" starttime="20230316 21:40:08.660" endtime="20230316 21:40:08.662"/>
</kw>
<status status="PASS" starttime="20230316 21:40:08.660" endtime="20230316 21:40:08.662"/>
</iter>
<iter>
<var name="${element}">=a.message||q&gt;=l&amp;&amp;!m?!1:!0;if(!b)return null;q++;d=d||{};b=encodeURIComponent;var c="/gen_204?atyp=i&amp;ei="+b(google.kEI);google.k</var>
<kw name="Log To Console" library="BuiltIn">
<arg>${element}</arg>
<doc>Logs the given message to the console.</doc>
<status status="PASS" starttime="20230316 21:40:08.663" endtime="20230316 21:40:08.665"/>
</kw>
<status status="PASS" starttime="20230316 21:40:08.662" endtime="20230316 21:40:08.665"/>
</iter>
<iter>
<var name="${element}">EXPI&amp;&amp;(c+="&amp;jexpid="+b(google.kEXPI));c+="&amp;srcpg="+b(google.sn)+"&amp;jsr="+b(t.jsr)+"&amp;bver="+b(t.bv);var f=a.lineNumber;void 0!==f&amp;</var>
<kw name="Log To Console" library="BuiltIn">
<arg>${element}</arg>
<doc>Logs the given message to the console.</doc>
<status status="PASS" starttime="20230316 21:40:08.666" endtime="20230316 21:40:08.667"/>
</kw>
<status status="PASS" starttime="20230316 21:40:08.666" endtime="20230316 21:40:08.668"/>
</iter>
<iter>
<var name="${element}">&amp;(c+="&amp;line="+f);var g=
a.fileName;g&amp;&amp;(0&lt;g.indexOf("-extension:/")&amp;&amp;(e=3),c+="&amp;script="+b(g),f&amp;&amp;g===window.location.href&amp;&amp;(f=doc</var>
<kw name="Log To Console" library="BuiltIn">
<arg>${element}</arg>
<doc>Logs the given message to the console.</doc>
<status status="PASS" starttime="20230316 21:40:08.669" endtime="20230316 21:40:08.670"/>
</kw>
<status status="PASS" starttime="20230316 21:40:08.668" endtime="20230316 21:40:08.670"/>
</iter>
<iter>
<var name="${element}">ument.documentElement.outerHTML.split("\n")[f],c+="&amp;cad="+b(f?f.substring(0,300):"No script found.")));c+="&amp;jsel="+e;for(var u i</var>
<kw name="Log To Console" library="BuiltIn">
<arg>${element}</arg>
<doc>Logs the given message to the console.</doc>
<status status="PASS" starttime="20230316 21:40:08.670" endtime="20230316 21:40:08.672"/>
</kw>
<status status="PASS" starttime="20230316 21:40:08.670" endtime="20230316 21:40:08.672"/>
</iter>
<iter>
<var name="${element}">n d)c+="&amp;",c+=b(u),c+="=",c+=b(d[u]);c=c+"&amp;emsg="+b(a.name+": "+a.message);c=c+"&amp;jsst="+b(a.stack||"N/A");12288&lt;=c.length&amp;&amp;(c=c.</var>
<kw name="Log To Console" library="BuiltIn">
<arg>${element}</arg>
<doc>Logs the given message to the console.</doc>
<status status="PASS" starttime="20230316 21:40:08.672" endtime="20230316 21:40:08.673"/>
</kw>
<status status="PASS" starttime="20230316 21:40:08.672" endtime="20230316 21:40:08.673"/>
</iter>
<iter>
<var name="${element}">substr(0,12288));a=c;m||google.log(0,"",a);return a};window.onerror=function(a,b,d,m,e){r!==a&amp;&amp;(a=e instanceof Error?e:Error(a),</var>
<kw name="Log To Console" library="BuiltIn">
<arg>${element}</arg>
<doc>Logs the given message to the console.</doc>
<status status="PASS" starttime="20230316 21:40:08.673" endtime="20230316 21:40:08.674"/>
</kw>
<status status="PASS" starttime="20230316 21:40:08.673" endtime="20230316 21:40:08.674"/>
</iter>
<iter>
<var name="${element}">void 0===d||"lineNumber"in a||(a.lineNumber=d),void 0===b||"fileName"in a||(a.fileName=b),google.ml(a,!1,void 0,!1,"SyntaxError"</var>
<kw name="Log To Console" library="BuiltIn">
<arg>${element}</arg>
<doc>Logs the given message to the console.</doc>
<status status="PASS" starttime="20230316 21:40:08.675" endtime="20230316 21:40:08.678"/>
</kw>
<status status="PASS" starttime="20230316 21:40:08.675" endtime="20230316 21:40:08.678"/>
</iter>
<iter>
<var name="${element}">===a.name||"SyntaxError"===a.message.substring(0,11)||-1!==a.message.indexOf("Script error")?3:0));r=null;p&amp;&amp;q&gt;=l&amp;&amp;(window.onerr</var>
<kw name="Log To Console" library="BuiltIn">
<arg>${element}</arg>
<doc>Logs the given message to the console.</doc>
<status status="PASS" starttime="20230316 21:40:08.679" endtime="20230316 21:40:08.683"/>
</kw>
<status status="PASS" starttime="20230316 21:40:08.679" endtime="20230316 21:40:08.684"/>
</iter>
<iter>
<var name="${element}">or=null)};})();&lt;/script&gt;&lt;/head&gt;&lt;body bgcolor="#fff"&gt;&lt;script nonce="eyvyqVGEvsoYXirLfskn8Q"&gt;(function(){var src='/images/nav_logo</var>
<kw name="Log To Console" library="BuiltIn">
<arg>${element}</arg>
<doc>Logs the given message to the console.</doc>
<status status="PASS" starttime="20230316 21:40:08.685" endtime="20230316 21:40:08.686"/>
</kw>
<status status="PASS" starttime="20230316 21:40:08.684" endtime="20230316 21:40:08.687"/>
</iter>
<iter>
<var name="${element}">229.png';var iesg=false;document.body.onload = function(){window.n &amp;&amp; window.n();if (document.images){new Image().src=src;}
if (</var>
<kw name="Log To Console" library="BuiltIn">
<arg>${element}</arg>
<doc>Logs the given message to the console.</doc>
<status status="PASS" starttime="20230316 21:40:08.687" endtime="20230316 21:40:08.690"/>
</kw>
<status status="PASS" starttime="20230316 21:40:08.687" endtime="20230316 21:40:08.690"/>
</iter>
<iter>
<var name="${element}">!iesg){document.f&amp;&amp;document.f.q.focus();document.gbqf&amp;&amp;document.gbqf.q.focus();}
}
})();&lt;/script&gt;&lt;div id="mngb"&gt;&lt;div id=gbar&gt;&lt;no</var>
<kw name="Log To Console" library="BuiltIn">
<arg>${element}</arg>
<doc>Logs the given message to the console.</doc>
<status status="PASS" starttime="20230316 21:40:08.690" endtime="20230316 21:40:08.692"/>
</kw>
<status status="PASS" starttime="20230316 21:40:08.690" endtime="20230316 21:40:08.692"/>
</iter>
<iter>
<var name="${element}">br&gt;&lt;b class=gb1&gt;Search&lt;/b&gt; &lt;a class=gb1 href="https://www.google.co.in/imghp?hl=en&amp;tab=wi"&gt;Images&lt;/a&gt; &lt;a class=gb1 href="https:/</var>
<kw name="Log To Console" library="BuiltIn">
<arg>${element}</arg>
<doc>Logs the given message to the console.</doc>
<status status="PASS" starttime="20230316 21:40:08.695" endtime="20230316 21:40:08.698"/>
</kw>
<status status="PASS" starttime="20230316 21:40:08.693" endtime="20230316 21:40:08.698"/>
</iter>
<iter>
<var name="${element}">/maps.google.co.in/maps?hl=en&amp;tab=wl"&gt;Maps&lt;/a&gt; &lt;a class=gb1 href="https://play.google.com/?hl=en&amp;tab=w8"&gt;Play&lt;/a&gt; &lt;a class=gb1 h</var>
<kw name="Log To Console" library="BuiltIn">
<arg>${element}</arg>
<doc>Logs the given message to the console.</doc>
<status status="PASS" starttime="20230316 21:40:08.701" endtime="20230316 21:40:08.702"/>
</kw>
<status status="PASS" starttime="20230316 21:40:08.699" endtime="20230316 21:40:08.702"/>
</iter>
<iter>
<var name="${element}">ref="https://www.youtube.com/?tab=w1"&gt;YouTube&lt;/a&gt; &lt;a class=gb1 href="https://news.google.com/?tab=wn"&gt;News&lt;/a&gt; &lt;a class=gb1 href</var>
<kw name="Log To Console" library="BuiltIn">
<arg>${element}</arg>
<doc>Logs the given message to the console.</doc>
<status status="PASS" starttime="20230316 21:40:08.703" endtime="20230316 21:40:08.704"/>
</kw>
<status status="PASS" starttime="20230316 21:40:08.703" endtime="20230316 21:40:08.704"/>
</iter>
<iter>
<var name="${element}">="https://mail.google.com/mail/?tab=wm"&gt;Gmail&lt;/a&gt; &lt;a class=gb1 href="https://drive.google.com/?tab=wo"&gt;Drive&lt;/a&gt; &lt;a class=gb1 st</var>
<kw name="Log To Console" library="BuiltIn">
<arg>${element}</arg>
<doc>Logs the given message to the console.</doc>
<status status="PASS" starttime="20230316 21:40:08.704" endtime="20230316 21:40:08.705"/>
</kw>
<status status="PASS" starttime="20230316 21:40:08.704" endtime="20230316 21:40:08.705"/>
</iter>
<iter>
<var name="${element}">yle="text-decoration:none" href="https://www.google.co.in/intl/en/about/products?tab=wh"&gt;&lt;u&gt;More&lt;/u&gt; &amp;raquo;&lt;/a&gt;&lt;/nobr&gt;&lt;/div&gt;&lt;di</var>
<kw name="Log To Console" library="BuiltIn">
<arg>${element}</arg>
<doc>Logs the given message to the console.</doc>
<status status="PASS" starttime="20230316 21:40:08.706" endtime="20230316 21:40:08.708"/>
</kw>
<status status="PASS" starttime="20230316 21:40:08.706" endtime="20230316 21:40:08.708"/>
</iter>
<iter>
<var name="${element}">v id=guser width=100%&gt;&lt;nobr&gt;&lt;span id=gbn class=gbi&gt;&lt;/span&gt;&lt;span id=gbf class=gbf&gt;&lt;/span&gt;&lt;span id=gbe&gt;&lt;/span&gt;&lt;a href="http://www.</var>
<kw name="Log To Console" library="BuiltIn">
<arg>${element}</arg>
<doc>Logs the given message to the console.</doc>
<status status="PASS" starttime="20230316 21:40:08.708" endtime="20230316 21:40:08.711"/>
</kw>
<status status="PASS" starttime="20230316 21:40:08.708" endtime="20230316 21:40:08.711"/>
</iter>
<iter>
<var name="${element}">google.co.in/history/optout?hl=en" class=gb4&gt;Web History&lt;/a&gt; | &lt;a  href="/preferences?hl=en" class=gb4&gt;Settings&lt;/a&gt; | &lt;a target=</var>
<kw name="Log To Console" library="BuiltIn">
<arg>${element}</arg>
<doc>Logs the given message to the console.</doc>
<status status="PASS" starttime="20230316 21:40:08.712" endtime="20230316 21:40:08.713"/>
</kw>
<status status="PASS" starttime="20230316 21:40:08.712" endtime="20230316 21:40:08.713"/>
</iter>
<iter>
<var name="${element}">_top id=gb_70 href="https://accounts.google.com/ServiceLogin?hl=en&amp;passive=true&amp;continue=https://www.google.com/%3Fjson&amp;ec=GAZAA</var>
<kw name="Log To Console" library="BuiltIn">
<arg>${element}</arg>
<doc>Logs the given message to the console.</doc>
<status status="PASS" starttime="20230316 21:40:08.714" endtime="20230316 21:40:08.716"/>
</kw>
<status status="PASS" starttime="20230316 21:40:08.713" endtime="20230316 21:40:08.716"/>
</iter>
<iter>
<var name="${element}">Q" class=gb4&gt;Sign in&lt;/a&gt;&lt;/nobr&gt;&lt;/div&gt;&lt;div class=gbh style=left:0&gt;&lt;/div&gt;&lt;div class=gbh style=right:0&gt;&lt;/div&gt;&lt;/div&gt;&lt;center&gt;&lt;br clea</var>
<kw name="Log To Console" library="BuiltIn">
<arg>${element}</arg>
<doc>Logs the given message to the console.</doc>
<status status="PASS" starttime="20230316 21:40:08.718" endtime="20230316 21:40:08.720"/>
</kw>
<status status="PASS" starttime="20230316 21:40:08.717" endtime="20230316 21:40:08.720"/>
</iter>
<iter>
<var name="${element}">r="all" id="lgpd"&gt;&lt;div id="lga"&gt;&lt;img alt="Google" height="92" src="/images/branding/googlelogo/1x/googlelogo_white_background_co</var>
<kw name="Log To Console" library="BuiltIn">
<arg>${element}</arg>
<doc>Logs the given message to the console.</doc>
<status status="PASS" starttime="20230316 21:40:08.721" endtime="20230316 21:40:08.722"/>
</kw>
<status status="PASS" starttime="20230316 21:40:08.721" endtime="20230316 21:40:08.722"/>
</iter>
<iter>
<var name="${element}">lor_272x92dp.png" style="padding:28px 0 14px" width="272" id="hplogo"&gt;&lt;br&gt;&lt;br&gt;&lt;/div&gt;&lt;form action="/search" name="f"&gt;&lt;table cellp</var>
<kw name="Log To Console" library="BuiltIn">
<arg>${element}</arg>
<doc>Logs the given message to the console.</doc>
<status status="PASS" starttime="20230316 21:40:08.722" endtime="20230316 21:40:08.723"/>
</kw>
<status status="PASS" starttime="20230316 21:40:08.722" endtime="20230316 21:40:08.724"/>
</iter>
<iter>
<var name="${element}">adding="0" cellspacing="0"&gt;&lt;tr valign="top"&gt;&lt;td width="25%"&gt;&amp;nbsp;&lt;/td&gt;&lt;td align="center" nowrap=""&gt;&lt;input name="ie" value="ISO-</var>
<kw name="Log To Console" library="BuiltIn">
<arg>${element}</arg>
<doc>Logs the given message to the console.</doc>
<status status="PASS" starttime="20230316 21:40:08.724" endtime="20230316 21:40:08.726"/>
</kw>
<status status="PASS" starttime="20230316 21:40:08.724" endtime="20230316 21:40:08.726"/>
</iter>
<iter>
<var name="${element}">8859-1" type="hidden"&gt;&lt;input value="en-IN" name="hl" type="hidden"&gt;&lt;input name="source" type="hidden" value="hp"&gt;&lt;input name="bi</var>
<kw name="Log To Console" library="BuiltIn">
<arg>${element}</arg>
<doc>Logs the given message to the console.</doc>
<status status="PASS" starttime="20230316 21:40:08.727" endtime="20230316 21:40:08.728"/>
</kw>
<status status="PASS" starttime="20230316 21:40:08.727" endtime="20230316 21:40:08.728"/>
</iter>
<iter>
<var name="${element}">w" type="hidden"&gt;&lt;input name="bih" type="hidden"&gt;&lt;div class="ds" style="height:32px;margin:4px 0"&gt;&lt;input class="lst" style="marg</var>
<kw name="Log To Console" library="BuiltIn">
<arg>${element}</arg>
<doc>Logs the given message to the console.</doc>
<status status="PASS" starttime="20230316 21:40:08.729" endtime="20230316 21:40:08.732"/>
</kw>
<status status="PASS" starttime="20230316 21:40:08.729" endtime="20230316 21:40:08.732"/>
</iter>
<iter>
<var name="${element}">in:0;padding:5px 8px 0 6px;vertical-align:top;color:#000" autocomplete="off" value="" title="Google Search" maxlength="2048" nam</var>
<kw name="Log To Console" library="BuiltIn">
<arg>${element}</arg>
<doc>Logs the given message to the console.</doc>
<status status="PASS" starttime="20230316 21:40:08.733" endtime="20230316 21:40:08.735"/>
</kw>
<status status="PASS" starttime="20230316 21:40:08.732" endtime="20230316 21:40:08.735"/>
</iter>
<iter>
<var name="${element}">e="q" size="57"&gt;&lt;/div&gt;&lt;br style="line-height:0"&gt;&lt;span class="ds"&gt;&lt;span class="lsbb"&gt;&lt;input class="lsb" value="Google Search" nam</var>
<kw name="Log To Console" library="BuiltIn">
<arg>${element}</arg>
<doc>Logs the given message to the console.</doc>
<status status="PASS" starttime="20230316 21:40:08.736" endtime="20230316 21:40:08.736"/>
</kw>
<status status="PASS" starttime="20230316 21:40:08.735" endtime="20230316 21:40:08.736"/>
</iter>
<iter>
<var name="${element}">e="btnG" type="submit"&gt;&lt;/span&gt;&lt;/span&gt;&lt;span class="ds"&gt;&lt;span class="lsbb"&gt;&lt;input class="lsb" id="tsuid_1" value="I'm Feeling Luck</var>
<kw name="Log To Console" library="BuiltIn">
<arg>${element}</arg>
<doc>Logs the given message to the console.</doc>
<status status="PASS" starttime="20230316 21:40:08.737" endtime="20230316 21:40:08.739"/>
</kw>
<status status="PASS" starttime="20230316 21:40:08.737" endtime="20230316 21:40:08.739"/>
</iter>
<iter>
<var name="${element}">y" name="btnI" type="submit"&gt;&lt;script nonce="eyvyqVGEvsoYXirLfskn8Q"&gt;(function(){var id='tsuid_1';document.getElementById(id).onc</var>
<kw name="Log To Console" library="BuiltIn">
<arg>${element}</arg>
<doc>Logs the given message to the console.</doc>
<status status="PASS" starttime="20230316 21:40:08.739" endtime="20230316 21:40:08.740"/>
</kw>
<status status="PASS" starttime="20230316 21:40:08.739" endtime="20230316 21:40:08.740"/>
</iter>
<iter>
<var name="${element}">lick = function(){if (this.form.q.value){this.checked = 1;if (this.form.iflsig)this.form.iflsig.disabled = false;}
else top.loca</var>
<kw name="Log To Console" library="BuiltIn">
<arg>${element}</arg>
<doc>Logs the given message to the console.</doc>
<status status="PASS" starttime="20230316 21:40:08.741" endtime="20230316 21:40:08.743"/>
</kw>
<status status="PASS" starttime="20230316 21:40:08.741" endtime="20230316 21:40:08.743"/>
</iter>
<iter>
<var name="${element}">tion='/doodles/';};})();&lt;/script&gt;&lt;input value="AK50M_UAAAAAZBNNcJi8bkQXKOb8r24BTWcTkJ7cRnqW" name="iflsig" type="hidden"&gt;&lt;/span&gt;</var>
<kw name="Log To Console" library="BuiltIn">
<arg>${element}</arg>
<doc>Logs the given message to the console.</doc>
<status status="PASS" starttime="20230316 21:40:08.745" endtime="20230316 21:40:08.746"/>
</kw>
<status status="PASS" starttime="20230316 21:40:08.744" endtime="20230316 21:40:08.746"/>
</iter>
<iter>
<var name="${element}">&lt;/span&gt;&lt;/td&gt;&lt;td class="fl sblc" align="left" nowrap="" width="25%"&gt;&lt;a href="/advanced_search?hl=en-IN&amp;amp;authuser=0"&gt;Advanced s</var>
<kw name="Log To Console" library="BuiltIn">
<arg>${element}</arg>
<doc>Logs the given message to the console.</doc>
<status status="PASS" starttime="20230316 21:40:08.747" endtime="20230316 21:40:08.750"/>
</kw>
<status status="PASS" starttime="20230316 21:40:08.746" endtime="20230316 21:40:08.750"/>
</iter>
<iter>
<var name="${element}">earch&lt;/a&gt;&lt;/td&gt;&lt;/tr&gt;&lt;/table&gt;&lt;input id="gbv" name="gbv" type="hidden" value="1"&gt;&lt;script nonce="eyvyqVGEvsoYXirLfskn8Q"&gt;(function()</var>
<kw name="Log To Console" library="BuiltIn">
<arg>${element}</arg>
<doc>Logs the given message to the console.</doc>
<status status="PASS" starttime="20230316 21:40:08.750" endtime="20230316 21:40:08.752"/>
</kw>
<status status="PASS" starttime="20230316 21:40:08.750" endtime="20230316 21:40:08.752"/>
</iter>
<iter>
<var name="${element}">{var a,b="1";if(document&amp;&amp;document.getElementById)if("undefined"!=typeof XMLHttpRequest)b="2";else if("undefined"!=typeof Active</var>
<kw name="Log To Console" library="BuiltIn">
<arg>${element}</arg>
<doc>Logs the given message to the console.</doc>
<status status="PASS" starttime="20230316 21:40:08.752" endtime="20230316 21:40:08.754"/>
</kw>
<status status="PASS" starttime="20230316 21:40:08.752" endtime="20230316 21:40:08.754"/>
</iter>
<iter>
<var name="${element}">XObject){var c,d,e=["MSXML2.XMLHTTP.6.0","MSXML2.XMLHTTP.3.0","MSXML2.XMLHTTP","Microsoft.XMLHTTP"];for(c=0;d=e[c++];)try{new Ac</var>
<kw name="Log To Console" library="BuiltIn">
<arg>${element}</arg>
<doc>Logs the given message to the console.</doc>
<status status="PASS" starttime="20230316 21:40:08.754" endtime="20230316 21:40:08.755"/>
</kw>
<status status="PASS" starttime="20230316 21:40:08.754" endtime="20230316 21:40:08.755"/>
</iter>
<iter>
<var name="${element}">tiveXObject(d),b="2"}catch(h){}}a=b;if("2"==a&amp;&amp;-1==location.search.indexOf("&amp;gbv=2")){var f=google.gbvu,g=document.getElementByI</var>
<kw name="Log To Console" library="BuiltIn">
<arg>${element}</arg>
<doc>Logs the given message to the console.</doc>
<status status="PASS" starttime="20230316 21:40:08.755" endtime="20230316 21:40:08.757"/>
</kw>
<status status="PASS" starttime="20230316 21:40:08.755" endtime="20230316 21:40:08.757"/>
</iter>
<iter>
<var name="${element}">d("gbv");g&amp;&amp;(g.value=a);f&amp;&amp;window.setTimeout(function(){location.href=f},0)};}).call(this);&lt;/script&gt;&lt;/form&gt;&lt;div id="gac_scont"&gt;&lt;</var>
<kw name="Log To Console" library="BuiltIn">
<arg>${element}</arg>
<doc>Logs the given message to the console.</doc>
<status status="PASS" starttime="20230316 21:40:08.757" endtime="20230316 21:40:08.759"/>
</kw>
<status status="PASS" starttime="20230316 21:40:08.757" endtime="20230316 21:40:08.759"/>
</iter>
<iter>
<var name="${element}">/div&gt;&lt;div style="font-size:83%;min-height:3.5em"&gt;&lt;br&gt;&lt;div id="gws-output-pages-elements-homepage_additional_languages__als"&gt;&lt;sty</var>
<kw name="Log To Console" library="BuiltIn">
<arg>${element}</arg>
<doc>Logs the given message to the console.</doc>
<status status="PASS" starttime="20230316 21:40:08.760" endtime="20230316 21:40:08.761"/>
</kw>
<status status="PASS" starttime="20230316 21:40:08.760" endtime="20230316 21:40:08.761"/>
</iter>
<iter>
<var name="${element}">le&gt;#gws-output-pages-elements-homepage_additional_languages__als{font-size:small;margin-bottom:24px}#SIvCob{color:#3c4043;displa</var>
<kw name="Log To Console" library="BuiltIn">
<arg>${element}</arg>
<doc>Logs the given message to the console.</doc>
<status status="PASS" starttime="20230316 21:40:08.762" endtime="20230316 21:40:08.764"/>
</kw>
<status status="PASS" starttime="20230316 21:40:08.761" endtime="20230316 21:40:08.764"/>
</iter>
<iter>
<var name="${element}">y:inline-block;line-height:28px;}#SIvCob a{padding:0 3px;}.H6sW5{display:inline-block;margin:0 2px;white-space:nowrap}.z4hgWe{di</var>
<kw name="Log To Console" library="BuiltIn">
<arg>${element}</arg>
<doc>Logs the given message to the console.</doc>
<status status="PASS" starttime="20230316 21:40:08.765" endtime="20230316 21:40:08.767"/>
</kw>
<status status="PASS" starttime="20230316 21:40:08.765" endtime="20230316 21:40:08.767"/>
</iter>
<iter>
<var name="${element}">splay:inline-block;margin:0 2px}&lt;/style&gt;&lt;div id="SIvCob"&gt;Google offered in:  &lt;a href="https://www.google.com/setprefs?sig=0_1QY8</var>
<kw name="Log To Console" library="BuiltIn">
<arg>${element}</arg>
<doc>Logs the given message to the console.</doc>
<status status="PASS" starttime="20230316 21:40:08.768" endtime="20230316 21:40:08.770"/>
</kw>
<status status="PASS" starttime="20230316 21:40:08.768" endtime="20230316 21:40:08.770"/>
</iter>
<iter>
<var name="${element}">du7jBnfvPt764lj8_MCp6_4%3D&amp;amp;hl=hi&amp;amp;source=homepage&amp;amp;sa=X&amp;amp;ved=0ahUKEwi63K-O6-D9AhVWcGwGHZowC-kQ2ZgBCAU"&gt;&amp;#2361;&amp;#236</var>
<kw name="Log To Console" library="BuiltIn">
<arg>${element}</arg>
<doc>Logs the given message to the console.</doc>
<status status="PASS" starttime="20230316 21:40:08.770" endtime="20230316 21:40:08.771"/>
</kw>
<status status="PASS" starttime="20230316 21:40:08.770" endtime="20230316 21:40:08.771"/>
</iter>
<iter>
<var name="${element}">7;&amp;#2344;&amp;#2381;&amp;#2342;&amp;#2368;&lt;/a&gt;    &lt;a href="https://www.google.com/setprefs?sig=0_1QY8du7jBnfvPt764lj8_MCp6_4%3D&amp;amp;hl=bn&amp;am</var>
<kw name="Log To Console" library="BuiltIn">
<arg>${element}</arg>
<doc>Logs the given message to the console.</doc>
<status status="PASS" starttime="20230316 21:40:08.772" endtime="20230316 21:40:08.773"/>
</kw>
<status status="PASS" starttime="20230316 21:40:08.771" endtime="20230316 21:40:08.773"/>
</iter>
<iter>
<var name="${element}">p;source=homepage&amp;amp;sa=X&amp;amp;ved=0ahUKEwi63K-O6-D9AhVWcGwGHZowC-kQ2ZgBCAY"&gt;&amp;#2476;&amp;#2494;&amp;#2434;&amp;#2482;&amp;#2494;&lt;/a&gt;    &lt;a href=</var>
<kw name="Log To Console" library="BuiltIn">
<arg>${element}</arg>
<doc>Logs the given message to the console.</doc>
<status status="PASS" starttime="20230316 21:40:08.773" endtime="20230316 21:40:08.774"/>
</kw>
<status status="PASS" starttime="20230316 21:40:08.773" endtime="20230316 21:40:08.775"/>
</iter>
<iter>
<var name="${element}">"https://www.google.com/setprefs?sig=0_1QY8du7jBnfvPt764lj8_MCp6_4%3D&amp;amp;hl=te&amp;amp;source=homepage&amp;amp;sa=X&amp;amp;ved=0ahUKEwi63K</var>
<kw name="Log To Console" library="BuiltIn">
<arg>${element}</arg>
<doc>Logs the given message to the console.</doc>
<status status="PASS" starttime="20230316 21:40:08.775" endtime="20230316 21:40:08.777"/>
</kw>
<status status="PASS" starttime="20230316 21:40:08.775" endtime="20230316 21:40:08.778"/>
</iter>
<iter>
<var name="${element}">-O6-D9AhVWcGwGHZowC-kQ2ZgBCAc"&gt;&amp;#3108;&amp;#3142;&amp;#3122;&amp;#3137;&amp;#3095;&amp;#3137;&lt;/a&gt;    &lt;a href="https://www.google.com/setprefs?sig=0_</var>
<kw name="Log To Console" library="BuiltIn">
<arg>${element}</arg>
<doc>Logs the given message to the console.</doc>
<status status="PASS" starttime="20230316 21:40:08.779" endtime="20230316 21:40:08.780"/>
</kw>
<status status="PASS" starttime="20230316 21:40:08.778" endtime="20230316 21:40:08.780"/>
</iter>
<iter>
<var name="${element}">1QY8du7jBnfvPt764lj8_MCp6_4%3D&amp;amp;hl=mr&amp;amp;source=homepage&amp;amp;sa=X&amp;amp;ved=0ahUKEwi63K-O6-D9AhVWcGwGHZowC-kQ2ZgBCAg"&gt;&amp;#2350;&amp;</var>
<kw name="Log To Console" library="BuiltIn">
<arg>${element}</arg>
<doc>Logs the given message to the console.</doc>
<status status="PASS" starttime="20230316 21:40:08.781" endtime="20230316 21:40:08.783"/>
</kw>
<status status="PASS" starttime="20230316 21:40:08.780" endtime="20230316 21:40:08.783"/>
</iter>
<iter>
<var name="${element}">#2352;&amp;#2366;&amp;#2336;&amp;#2368;&lt;/a&gt;    &lt;a href="https://www.google.com/setprefs?sig=0_1QY8du7jBnfvPt764lj8_MCp6_4%3D&amp;amp;hl=ta&amp;amp;s</var>
<kw name="Log To Console" library="BuiltIn">
<arg>${element}</arg>
<doc>Logs the given message to the console.</doc>
<status status="PASS" starttime="20230316 21:40:08.783" endtime="20230316 21:40:08.786"/>
</kw>
<status status="PASS" starttime="20230316 21:40:08.783" endtime="20230316 21:40:08.786"/>
</iter>
<iter>
<var name="${element}">ource=homepage&amp;amp;sa=X&amp;amp;ved=0ahUKEwi63K-O6-D9AhVWcGwGHZowC-kQ2ZgBCAk"&gt;&amp;#2980;&amp;#2990;&amp;#3007;&amp;#2996;&amp;#3021;&lt;/a&gt;    &lt;a href="ht</var>
<kw name="Log To Console" library="BuiltIn">
<arg>${element}</arg>
<doc>Logs the given message to the console.</doc>
<status status="PASS" starttime="20230316 21:40:08.787" endtime="20230316 21:40:08.788"/>
</kw>
<status status="PASS" starttime="20230316 21:40:08.786" endtime="20230316 21:40:08.788"/>
</iter>
<iter>
<var name="${element}">tps://www.google.com/setprefs?sig=0_1QY8du7jBnfvPt764lj8_MCp6_4%3D&amp;amp;hl=gu&amp;amp;source=homepage&amp;amp;sa=X&amp;amp;ved=0ahUKEwi63K-O6</var>
<kw name="Log To Console" library="BuiltIn">
<arg>${element}</arg>
<doc>Logs the given message to the console.</doc>
<status status="PASS" starttime="20230316 21:40:08.789" endtime="20230316 21:40:08.790"/>
</kw>
<status status="PASS" starttime="20230316 21:40:08.789" endtime="20230316 21:40:08.790"/>
</iter>
<iter>
<var name="${element}">-D9AhVWcGwGHZowC-kQ2ZgBCAo"&gt;&amp;#2711;&amp;#2753;&amp;#2716;&amp;#2736;&amp;#2750;&amp;#2724;&amp;#2752;&lt;/a&gt;    &lt;a href="https://www.google.com/setprefs?si</var>
<kw name="Log To Console" library="BuiltIn">
<arg>${element}</arg>
<doc>Logs the given message to the console.</doc>
<status status="PASS" starttime="20230316 21:40:08.790" endtime="20230316 21:40:08.791"/>
</kw>
<status status="PASS" starttime="20230316 21:40:08.790" endtime="20230316 21:40:08.791"/>
</iter>
<iter>
<var name="${element}">g=0_1QY8du7jBnfvPt764lj8_MCp6_4%3D&amp;amp;hl=kn&amp;amp;source=homepage&amp;amp;sa=X&amp;amp;ved=0ahUKEwi63K-O6-D9AhVWcGwGHZowC-kQ2ZgBCAs"&gt;&amp;#32</var>
<kw name="Log To Console" library="BuiltIn">
<arg>${element}</arg>
<doc>Logs the given message to the console.</doc>
<status status="PASS" starttime="20230316 21:40:08.793" endtime="20230316 21:40:08.794"/>
</kw>
<status status="PASS" starttime="20230316 21:40:08.792" endtime="20230316 21:40:08.794"/>
</iter>
<iter>
<var name="${element}">21;&amp;#3240;&amp;#3277;&amp;#3240;&amp;#3233;&lt;/a&gt;    &lt;a href="https://www.google.com/setprefs?sig=0_1QY8du7jBnfvPt764lj8_MCp6_4%3D&amp;amp;hl=ml&amp;a</var>
<kw name="Log To Console" library="BuiltIn">
<arg>${element}</arg>
<doc>Logs the given message to the console.</doc>
<status status="PASS" starttime="20230316 21:40:08.796" endtime="20230316 21:40:08.797"/>
</kw>
<status status="PASS" starttime="20230316 21:40:08.795" endtime="20230316 21:40:08.797"/>
</iter>
<iter>
<var name="${element}">mp;source=homepage&amp;amp;sa=X&amp;amp;ved=0ahUKEwi63K-O6-D9AhVWcGwGHZowC-kQ2ZgBCAw"&gt;&amp;#3374;&amp;#3378;&amp;#3375;&amp;#3390;&amp;#3379;&amp;#3330;&lt;/a&gt;    </var>
<kw name="Log To Console" library="BuiltIn">
<arg>${element}</arg>
<doc>Logs the given message to the console.</doc>
<status status="PASS" starttime="20230316 21:40:08.798" endtime="20230316 21:40:08.801"/>
</kw>
<status status="PASS" starttime="20230316 21:40:08.797" endtime="20230316 21:40:08.801"/>
</iter>
<iter>
<var name="${element}">&lt;a href="https://www.google.com/setprefs?sig=0_1QY8du7jBnfvPt764lj8_MCp6_4%3D&amp;amp;hl=pa&amp;amp;source=homepage&amp;amp;sa=X&amp;amp;ved=0ah</var>
<kw name="Log To Console" library="BuiltIn">
<arg>${element}</arg>
<doc>Logs the given message to the console.</doc>
<status status="PASS" starttime="20230316 21:40:08.802" endtime="20230316 21:40:08.803"/>
</kw>
<status status="PASS" starttime="20230316 21:40:08.802" endtime="20230316 21:40:08.803"/>
</iter>
<iter>
<var name="${element}">UKEwi63K-O6-D9AhVWcGwGHZowC-kQ2ZgBCA0"&gt;&amp;#2602;&amp;#2672;&amp;#2588;&amp;#2622;&amp;#2604;&amp;#2624;&lt;/a&gt;  &lt;/div&gt;&lt;/div&gt;&lt;/div&gt;&lt;span id="footer"&gt;&lt;div </var>
<kw name="Log To Console" library="BuiltIn">
<arg>${element}</arg>
<doc>Logs the given message to the console.</doc>
<status status="PASS" starttime="20230316 21:40:08.804" endtime="20230316 21:40:08.805"/>
</kw>
<status status="PASS" starttime="20230316 21:40:08.804" endtime="20230316 21:40:08.805"/>
</iter>
<iter>
<var name="${element}">style="font-size:10pt"&gt;&lt;div style="margin:19px auto;text-align:center" id="WqQANb"&gt;&lt;a href="/intl/en/ads/"&gt;Advertising&lt;/a&gt;&lt;a hre</var>
<kw name="Log To Console" library="BuiltIn">
<arg>${element}</arg>
<doc>Logs the given message to the console.</doc>
<status status="PASS" starttime="20230316 21:40:08.806" endtime="20230316 21:40:08.807"/>
</kw>
<status status="PASS" starttime="20230316 21:40:08.806" endtime="20230316 21:40:08.807"/>
</iter>
<iter>
<var name="${element}">f="http://www.google.co.in/services/"&gt;Business Solutions&lt;/a&gt;&lt;a href="/intl/en/about.html"&gt;About Google&lt;/a&gt;&lt;a href="https://www.g</var>
<kw name="Log To Console" library="BuiltIn">
<arg>${element}</arg>
<doc>Logs the given message to the console.</doc>
<status status="PASS" starttime="20230316 21:40:08.807" endtime="20230316 21:40:08.808"/>
</kw>
<status status="PASS" starttime="20230316 21:40:08.807" endtime="20230316 21:40:08.808"/>
</iter>
<iter>
<var name="${element}">oogle.com/setprefdomain?prefdom=IN&amp;amp;prev=https://www.google.co.in/&amp;amp;sig=K_xHfmZmq0rVTOXGLLBtsSDSrz51U%3D"&gt;Google.co.in&lt;/a&gt;</var>
<kw name="Log To Console" library="BuiltIn">
<arg>${element}</arg>
<doc>Logs the given message to the console.</doc>
<status status="PASS" starttime="20230316 21:40:08.810" endtime="20230316 21:40:08.811"/>
</kw>
<status status="PASS" starttime="20230316 21:40:08.809" endtime="20230316 21:40:08.811"/>
</iter>
<iter>
<var name="${element}">&lt;/div&gt;&lt;/div&gt;&lt;p style="font-size:8pt;color:#70757a"&gt;&amp;copy; 2023 - &lt;a href="/intl/en/policies/privacy/"&gt;Privacy&lt;/a&gt; - &lt;a href="/in</var>
<kw name="Log To Console" library="BuiltIn">
<arg>${element}</arg>
<doc>Logs the given message to the console.</doc>
<status status="PASS" starttime="20230316 21:40:08.812" endtime="20230316 21:40:08.814"/>
</kw>
<status status="PASS" starttime="20230316 21:40:08.812" endtime="20230316 21:40:08.815"/>
</iter>
<iter>
<var name="${element}">tl/en/policies/terms/"&gt;Terms&lt;/a&gt;&lt;/p&gt;&lt;/span&gt;&lt;/center&gt;&lt;script nonce="eyvyqVGEvsoYXirLfskn8Q"&gt;(function(){window.google.cdo={height</var>
<kw name="Log To Console" library="BuiltIn">
<arg>${element}</arg>
<doc>Logs the given message to the console.</doc>
<status status="PASS" starttime="20230316 21:40:08.815" endtime="20230316 21:40:08.817"/>
</kw>
<status status="PASS" starttime="20230316 21:40:08.815" endtime="20230316 21:40:08.817"/>
</iter>
<iter>
<var name="${element}">:757,width:1440};(function(){var a=window.innerWidth,b=window.innerHeight;if(!a||!b){var c=window.document,d="CSS1Compat"==c.com</var>
<kw name="Log To Console" library="BuiltIn">
<arg>${element}</arg>
<doc>Logs the given message to the console.</doc>
<status status="PASS" starttime="20230316 21:40:08.818" endtime="20230316 21:40:08.820"/>
</kw>
<status status="PASS" starttime="20230316 21:40:08.818" endtime="20230316 21:40:08.820"/>
</iter>
<iter>
<var name="${element}">patMode?c.documentElement:c.body;a=d.clientWidth;b=d.clientHeight}a&amp;&amp;b&amp;&amp;(a!=google.cdo.width||b!=google.cdo.height)&amp;&amp;google.log(</var>
<kw name="Log To Console" library="BuiltIn">
<arg>${element}</arg>
<doc>Logs the given message to the console.</doc>
<status status="PASS" starttime="20230316 21:40:08.820" endtime="20230316 21:40:08.821"/>
</kw>
<status status="PASS" starttime="20230316 21:40:08.820" endtime="20230316 21:40:08.821"/>
</iter>
<iter>
<var name="${element}">"","","/client_204?&amp;atyp=i&amp;biw="+a+"&amp;bih="+b+"&amp;ei="+google.kEI);}).call(this);})();&lt;/script&gt; &lt;script nonce="eyvyqVGEvsoYXirLfskn</var>
<kw name="Log To Console" library="BuiltIn">
<arg>${element}</arg>
<doc>Logs the given message to the console.</doc>
<status status="PASS" starttime="20230316 21:40:08.822" endtime="20230316 21:40:08.823"/>
</kw>
<status status="PASS" starttime="20230316 21:40:08.822" endtime="20230316 21:40:08.823"/>
</iter>
<iter>
<var name="${element}">8Q"&gt;(function(){google.xjs={ck:'xjs.hp.Y2W3KAJ0Jco.L.X.O',cs:'ACT90oFu9pIux-eMq8tgG7A21CJNKQAegA',excm:[]};})();&lt;/script&gt;  &lt;scri</var>
<kw name="Log To Console" library="BuiltIn">
<arg>${element}</arg>
<doc>Logs the given message to the console.</doc>
<status status="PASS" starttime="20230316 21:40:08.823" endtime="20230316 21:40:08.825"/>
</kw>
<status status="PASS" starttime="20230316 21:40:08.823" endtime="20230316 21:40:08.825"/>
</iter>
<iter>
<var name="${element}">pt nonce="eyvyqVGEvsoYXirLfskn8Q"&gt;(function(){var u='/xjs/_/js/k\x3dxjs.hp.en.WK5tGcJZl_4.O/am\x3dAACgEwBAAYAF/d\x3d1/ed\x3d1/rs</var>
<kw name="Log To Console" library="BuiltIn">
<arg>${element}</arg>
<doc>Logs the given message to the console.</doc>
<status status="PASS" starttime="20230316 21:40:08.826" endtime="20230316 21:40:08.828"/>
</kw>
<status status="PASS" starttime="20230316 21:40:08.826" endtime="20230316 21:40:08.828"/>
</iter>
<iter>
<var name="${element}">\x3dACT90oEIkAnNtLs_xquX5F0TcC40GLWEYQ/m\x3dsb_he,d';var amd=0;
var d=this||self,e=function(a){return a};var g;var l=function(a,</var>
<kw name="Log To Console" library="BuiltIn">
<arg>${element}</arg>
<doc>Logs the given message to the console.</doc>
<status status="PASS" starttime="20230316 21:40:08.830" endtime="20230316 21:40:08.831"/>
</kw>
<status status="PASS" starttime="20230316 21:40:08.829" endtime="20230316 21:40:08.831"/>
</iter>
<iter>
<var name="${element}">b){this.g=b===h?a:""};l.prototype.toString=function(){return this.g+""};var h={};
function m(){var a=u;google.lx=function(){p(a)</var>
<kw name="Log To Console" library="BuiltIn">
<arg>${element}</arg>
<doc>Logs the given message to the console.</doc>
<status status="PASS" starttime="20230316 21:40:08.832" endtime="20230316 21:40:08.833"/>
</kw>
<status status="PASS" starttime="20230316 21:40:08.831" endtime="20230316 21:40:08.834"/>
</iter>
<iter>
<var name="${element}">;google.lx=function(){}};google.bx||google.lx()}
function p(a){google.timers&amp;&amp;google.timers.load&amp;&amp;google.tick&amp;&amp;google.tick("load</var>
<kw name="Log To Console" library="BuiltIn">
<arg>${element}</arg>
<doc>Logs the given message to the console.</doc>
<status status="PASS" starttime="20230316 21:40:08.834" endtime="20230316 21:40:08.836"/>
</kw>
<status status="PASS" starttime="20230316 21:40:08.834" endtime="20230316 21:40:08.836"/>
</iter>
<iter>
<var name="${element}">","xjsls");var b=document;var c="SCRIPT";"application/xhtml+xml"===b.contentType&amp;&amp;(c=c.toLowerCase());c=b.createElement(c);c.id=</var>
<kw name="Log To Console" library="BuiltIn">
<arg>${element}</arg>
<doc>Logs the given message to the console.</doc>
<status status="PASS" starttime="20230316 21:40:08.836" endtime="20230316 21:40:08.837"/>
</kw>
<status status="PASS" starttime="20230316 21:40:08.836" endtime="20230316 21:40:08.837"/>
</iter>
<iter>
<var name="${element}">"base-js";a=null===a?"null":void 0===a?"undefined":a;if(void 0===g){b=null;var k=d.trustedTypes;if(k&amp;&amp;k.createPolicy){try{b=k.cr</var>
<kw name="Log To Console" library="BuiltIn">
<arg>${element}</arg>
<doc>Logs the given message to the console.</doc>
<status status="PASS" starttime="20230316 21:40:08.838" endtime="20230316 21:40:08.841"/>
</kw>
<status status="PASS" starttime="20230316 21:40:08.837" endtime="20230316 21:40:08.841"/>
</iter>
<iter>
<var name="${element}">eatePolicy("goog#html",{createHTML:e,createScript:e,createScriptURL:e})}catch(q){d.console&amp;&amp;d.console.error(q.message)}g=b}else </var>
<kw name="Log To Console" library="BuiltIn">
<arg>${element}</arg>
<doc>Logs the given message to the console.</doc>
<status status="PASS" starttime="20230316 21:40:08.842" endtime="20230316 21:40:08.845"/>
</kw>
<status status="PASS" starttime="20230316 21:40:08.842" endtime="20230316 21:40:08.845"/>
</iter>
<iter>
<var name="${element}">g=b}a=(b=g)?b.createScriptURL(a):a;a=new l(a,h);c.src=a instanceof l&amp;&amp;a.constructor===l?a.g:"type_error:TrustedResourceUrl";var </var>
<kw name="Log To Console" library="BuiltIn">
<arg>${element}</arg>
<doc>Logs the given message to the console.</doc>
<status status="PASS" starttime="20230316 21:40:08.845" endtime="20230316 21:40:08.847"/>
</kw>
<status status="PASS" starttime="20230316 21:40:08.845" endtime="20230316 21:40:08.847"/>
</iter>
<iter>
<var name="${element}">f,n;(f=(a=null==(n=(f=(c.ownerDocument&amp;&amp;c.ownerDocument.defaultView||window).document).querySelector)?void 0:n.call(f,"script[no</var>
<kw name="Log To Console" library="BuiltIn">
<arg>${element}</arg>
<doc>Logs the given message to the console.</doc>
<status status="PASS" starttime="20230316 21:40:08.847" endtime="20230316 21:40:08.849"/>
</kw>
<status status="PASS" starttime="20230316 21:40:08.847" endtime="20230316 21:40:08.850"/>
</iter>
<iter>
<var name="${element}">nce]"))?a.nonce||a.getAttribute("nonce")||"":"")&amp;&amp;c.setAttribute("nonce",f);document.body.appendChild(c);google.psa=!0};google.x</var>
<kw name="Log To Console" library="BuiltIn">
<arg>${element}</arg>
<doc>Logs the given message to the console.</doc>
<status status="PASS" starttime="20230316 21:40:08.850" endtime="20230316 21:40:08.851"/>
</kw>
<status status="PASS" starttime="20230316 21:40:08.850" endtime="20230316 21:40:08.851"/>
</iter>
<iter>
<var name="${element}">jsu=u;setTimeout(function(){0&lt;amd?google.caft(function(){return m()},amd):m()},0);})();window._ = window._ || {};window._DumpExc</var>
<kw name="Log To Console" library="BuiltIn">
<arg>${element}</arg>
<doc>Logs the given message to the console.</doc>
<status status="PASS" starttime="20230316 21:40:08.852" endtime="20230316 21:40:08.853"/>
</kw>
<status status="PASS" starttime="20230316 21:40:08.851" endtime="20230316 21:40:08.853"/>
</iter>
<iter>
<var name="${element}">eption = _._DumpException = function(e){throw e;};window._s = window._s || {};_s._DumpException = _._DumpException;window._qs = </var>
<kw name="Log To Console" library="BuiltIn">
<arg>${element}</arg>
<doc>Logs the given message to the console.</doc>
<status status="PASS" starttime="20230316 21:40:08.853" endtime="20230316 21:40:08.854"/>
</kw>
<status status="PASS" starttime="20230316 21:40:08.853" endtime="20230316 21:40:08.855"/>
</iter>
<iter>
<var name="${element}">window._qs || {};_qs._DumpException = _._DumpException;function _F_installCss(c){}
(function(){google.jl={blt:'none',chnk:0,dw:f</var>
<kw name="Log To Console" library="BuiltIn">
<arg>${element}</arg>
<doc>Logs the given message to the console.</doc>
<status status="PASS" starttime="20230316 21:40:08.856" endtime="20230316 21:40:08.857"/>
</kw>
<status status="PASS" starttime="20230316 21:40:08.855" endtime="20230316 21:40:08.858"/>
</iter>
<iter>
<var name="${element}">alse,dwu:true,emtn:0,end:0,ico:false,ikb:0,ine:false,injs:'none',injt:0,injth:0,injv2:false,lls:'default',pdt:0,rep:0,snet:true,</var>
<kw name="Log To Console" library="BuiltIn">
<arg>${element}</arg>
<doc>Logs the given message to the console.</doc>
<status status="PASS" starttime="20230316 21:40:08.860" endtime="20230316 21:40:08.862"/>
</kw>
<status status="PASS" starttime="20230316 21:40:08.859" endtime="20230316 21:40:08.862"/>
</iter>
<iter>
<var name="${element}">strt:0,ubm:false,uwp:true};})();(function(){var pmc='{\x22d\x22:{},\x22sb_he\x22:{\x22agen\x22:true,\x22cgen\x22:true,\x22client</var>
<kw name="Log To Console" library="BuiltIn">
<arg>${element}</arg>
<doc>Logs the given message to the console.</doc>
<status status="PASS" starttime="20230316 21:40:08.863" endtime="20230316 21:40:08.866"/>
</kw>
<status status="PASS" starttime="20230316 21:40:08.862" endtime="20230316 21:40:08.866"/>
</iter>
<iter>
<var name="${element}">\x22:\x22heirloom-hp\x22,\x22dh\x22:true,\x22ds\x22:\x22\x22,\x22fl\x22:true,\x22host\x22:\x22google.com\x22,\x22jsonp\x22:true,</var>
<kw name="Log To Console" library="BuiltIn">
<arg>${element}</arg>
<doc>Logs the given message to the console.</doc>
<status status="PASS" starttime="20230316 21:40:08.867" endtime="20230316 21:40:08.868"/>
</kw>
<status status="PASS" starttime="20230316 21:40:08.867" endtime="20230316 21:40:08.868"/>
</iter>
<iter>
<var name="${element}">\x22msgs\x22:{\x22cibl\x22:\x22Clear Search\x22,\x22dym\x22:\x22Did you mean:\x22,\x22lcky\x22:\x22I\\u0026#39;m Feeling Lucky\x</var>
<kw name="Log To Console" library="BuiltIn">
<arg>${element}</arg>
<doc>Logs the given message to the console.</doc>
<status status="PASS" starttime="20230316 21:40:08.869" endtime="20230316 21:40:08.871"/>
</kw>
<status status="PASS" starttime="20230316 21:40:08.869" endtime="20230316 21:40:08.871"/>
</iter>
<iter>
<var name="${element}">22,\x22lml\x22:\x22Learn more\x22,\x22psrc\x22:\x22This search was removed from your \\u003Ca href\x3d\\\x22/history\\\x22\\u003</var>
<kw name="Log To Console" library="BuiltIn">
<arg>${element}</arg>
<doc>Logs the given message to the console.</doc>
<status status="PASS" starttime="20230316 21:40:08.871" endtime="20230316 21:40:08.872"/>
</kw>
<status status="PASS" starttime="20230316 21:40:08.871" endtime="20230316 21:40:08.873"/>
</iter>
<iter>
<var name="${element}">EWeb History\\u003C/a\\u003E\x22,\x22psrl\x22:\x22Remove\x22,\x22sbit\x22:\x22Search by image\x22,\x22srch\x22:\x22Google Search</var>
<kw name="Log To Console" library="BuiltIn">
<arg>${element}</arg>
<doc>Logs the given message to the console.</doc>
<status status="PASS" starttime="20230316 21:40:08.873" endtime="20230316 21:40:08.874"/>
</kw>
<status status="PASS" starttime="20230316 21:40:08.873" endtime="20230316 21:40:08.874"/>
</iter>
<iter>
<var name="${element}">\x22},\x22ovr\x22:{},\x22pq\x22:\x22\x22,\x22rfs\x22:[],\x22sbas\x22:\x220 3px 8px 0 rgba(0,0,0,0.2),0 0 0 1px rgba(0,0,0,0.08)\</var>
<kw name="Log To Console" library="BuiltIn">
<arg>${element}</arg>
<doc>Logs the given message to the console.</doc>
<status status="PASS" starttime="20230316 21:40:08.876" endtime="20230316 21:40:08.879"/>
</kw>
<status status="PASS" starttime="20230316 21:40:08.875" endtime="20230316 21:40:08.879"/>
</iter>
<iter>
<var name="${element}">x22,\x22stok\x22:\x22QRdipTxztOO8mJU6-XONW-tsvKw\x22}}';google.pmc=JSON.parse(pmc);})();(function(){
var b=function(a){var c=0;r</var>
<kw name="Log To Console" library="BuiltIn">
<arg>${element}</arg>
<doc>Logs the given message to the console.</doc>
<status status="PASS" starttime="20230316 21:40:08.880" endtime="20230316 21:40:08.883"/>
</kw>
<status status="PASS" starttime="20230316 21:40:08.879" endtime="20230316 21:40:08.883"/>
</iter>
<iter>
<var name="${element}">eturn function(){return c&lt;a.length?{done:!1,value:a[c++]}:{done:!0}}},e=this||self;var g,h;a:{for(var k=["CLOSURE_FLAGS"],l=e,n=</var>
<kw name="Log To Console" library="BuiltIn">
<arg>${element}</arg>
<doc>Logs the given message to the console.</doc>
<status status="PASS" starttime="20230316 21:40:08.884" endtime="20230316 21:40:08.885"/>
</kw>
<status status="PASS" starttime="20230316 21:40:08.884" endtime="20230316 21:40:08.885"/>
</iter>
<iter>
<var name="${element}">0;n&lt;k.length;n++)if(l=l[k[n]],null==l){h=null;break a}h=l}var p=h&amp;&amp;h[610401301];g=null!=p?p:!1;var q,r=e.navigator;q=r?r.userAge</var>
<kw name="Log To Console" library="BuiltIn">
<arg>${element}</arg>
<doc>Logs the given message to the console.</doc>
<status status="PASS" starttime="20230316 21:40:08.886" endtime="20230316 21:40:08.887"/>
</kw>
<status status="PASS" starttime="20230316 21:40:08.886" endtime="20230316 21:40:08.887"/>
</iter>
<iter>
<var name="${element}">ntData||null:null;function t(a){return g?q?q.brands.some(function(c){return(c=c.brand)&amp;&amp;-1!=c.indexOf(a)}):!1:!1}function u(a){v</var>
<kw name="Log To Console" library="BuiltIn">
<arg>${element}</arg>
<doc>Logs the given message to the console.</doc>
<status status="PASS" starttime="20230316 21:40:08.888" endtime="20230316 21:40:08.889"/>
</kw>
<status status="PASS" starttime="20230316 21:40:08.888" endtime="20230316 21:40:08.889"/>
</iter>
<iter>
<var name="${element}">ar c;a:{if(c=e.navigator)if(c=c.userAgent)break a;c=""}return-1!=c.indexOf(a)};function v(){return g?!!q&amp;&amp;0&lt;q.brands.length:!1}f</var>
<kw name="Log To Console" library="BuiltIn">
<arg>${element}</arg>
<doc>Logs the given message to the console.</doc>
<status status="PASS" starttime="20230316 21:40:08.890" endtime="20230316 21:40:08.891"/>
</kw>
<status status="PASS" starttime="20230316 21:40:08.889" endtime="20230316 21:40:08.891"/>
</iter>
<iter>
<var name="${element}">unction w(){return u("Safari")&amp;&amp;!(x()||(v()?0:u("Coast"))||(v()?0:u("Opera"))||(v()?0:u("Edge"))||(v()?t("Microsoft Edge"):u("Ed</var>
<kw name="Log To Console" library="BuiltIn">
<arg>${element}</arg>
<doc>Logs the given message to the console.</doc>
<status status="PASS" starttime="20230316 21:40:08.892" endtime="20230316 21:40:08.893"/>
</kw>
<status status="PASS" starttime="20230316 21:40:08.891" endtime="20230316 21:40:08.893"/>
</iter>
<iter>
<var name="${element}">g/"))||(v()?t("Opera"):u("OPR"))||u("Firefox")||u("FxiOS")||u("Silk")||u("Android"))}function x(){return v()?t("Chromium"):(u("C</var>
<kw name="Log To Console" library="BuiltIn">
<arg>${element}</arg>
<doc>Logs the given message to the console.</doc>
<status status="PASS" starttime="20230316 21:40:08.894" endtime="20230316 21:40:08.895"/>
</kw>
<status status="PASS" starttime="20230316 21:40:08.894" endtime="20230316 21:40:08.896"/>
</iter>
<iter>
<var name="${element}">hrome")||u("CriOS"))&amp;&amp;!(v()?0:u("Edge"))||u("Silk")}function y(){return u("Android")&amp;&amp;!(x()||u("Firefox")||u("FxiOS")||(v()?0:u(</var>
<kw name="Log To Console" library="BuiltIn">
<arg>${element}</arg>
<doc>Logs the given message to the console.</doc>
<status status="PASS" starttime="20230316 21:40:08.897" endtime="20230316 21:40:08.899"/>
</kw>
<status status="PASS" starttime="20230316 21:40:08.896" endtime="20230316 21:40:08.899"/>
</iter>
<iter>
<var name="${element}">"Opera"))||u("Silk"))};var z=v()?!1:u("Trident")||u("MSIE");y();x();w();var A=!z&amp;&amp;!w(),D=function(a){if(/-[a-z]/.test("ved"))ret</var>
<kw name="Log To Console" library="BuiltIn">
<arg>${element}</arg>
<doc>Logs the given message to the console.</doc>
<status status="PASS" starttime="20230316 21:40:08.900" endtime="20230316 21:40:08.902"/>
</kw>
<status status="PASS" starttime="20230316 21:40:08.899" endtime="20230316 21:40:08.902"/>
</iter>
<iter>
<var name="${element}">urn null;if(A&amp;&amp;a.dataset){if(y()&amp;&amp;!("ved"in a.dataset))return null;a=a.dataset.ved;return void 0===a?null:a}return a.getAttribut</var>
<kw name="Log To Console" library="BuiltIn">
<arg>${element}</arg>
<doc>Logs the given message to the console.</doc>
<status status="PASS" starttime="20230316 21:40:08.903" endtime="20230316 21:40:08.904"/>
</kw>
<status status="PASS" starttime="20230316 21:40:08.902" endtime="20230316 21:40:08.904"/>
</iter>
<iter>
<var name="${element}">e("data-"+"ved".replace(/([A-Z])/g,"-$1").toLowerCase())};var E=[],F=null;function G(a){a=a.target;var c=performance.now(),f=[],</var>
<kw name="Log To Console" library="BuiltIn">
<arg>${element}</arg>
<doc>Logs the given message to the console.</doc>
<status status="PASS" starttime="20230316 21:40:08.904" endtime="20230316 21:40:08.906"/>
</kw>
<status status="PASS" starttime="20230316 21:40:08.904" endtime="20230316 21:40:08.906"/>
</iter>
<iter>
<var name="${element}">H=f.concat,d=E;if(!(d instanceof Array)){var m="undefined"!=typeof Symbol&amp;&amp;Symbol.iterator&amp;&amp;d[Symbol.iterator];if(m)d=m.call(d);</var>
<kw name="Log To Console" library="BuiltIn">
<arg>${element}</arg>
<doc>Logs the given message to the console.</doc>
<status status="PASS" starttime="20230316 21:40:08.906" endtime="20230316 21:40:08.907"/>
</kw>
<status status="PASS" starttime="20230316 21:40:08.906" endtime="20230316 21:40:08.907"/>
</iter>
<iter>
<var name="${element}">else if("number"==typeof d.length)d={next:b(d)};else throw Error("a`"+String(d));for(var B=[];!(m=d.next()).done;)B.push(m.value</var>
<kw name="Log To Console" library="BuiltIn">
<arg>${element}</arg>
<doc>Logs the given message to the console.</doc>
<status status="PASS" starttime="20230316 21:40:08.908" endtime="20230316 21:40:08.910"/>
</kw>
<status status="PASS" starttime="20230316 21:40:08.908" endtime="20230316 21:40:08.911"/>
</iter>
<iter>
<var name="${element}">);d=B}E=H.call(f,d,[c]);if(a&amp;&amp;a instanceof HTMLElement)if(a===F){if(c=4&lt;=E.length)c=5&gt;(E[E.length-1]-E[E.length-4])/1E3;if(c){c=</var>
<kw name="Log To Console" library="BuiltIn">
<arg>${element}</arg>
<doc>Logs the given message to the console.</doc>
<status status="PASS" starttime="20230316 21:40:08.912" endtime="20230316 21:40:08.913"/>
</kw>
<status status="PASS" starttime="20230316 21:40:08.912" endtime="20230316 21:40:08.913"/>
</iter>
<iter>
<var name="${element}">google.getEI(a);a.hasAttribute("data-ved")?f=a?D(a)||"":"":f=(f=
a.closest("[data-ved]"))?D(f)||"":"";f=f||"";if(a.hasAttribute(</var>
<kw name="Log To Console" library="BuiltIn">
<arg>${element}</arg>
<doc>Logs the given message to the console.</doc>
<status status="PASS" starttime="20230316 21:40:08.914" endtime="20230316 21:40:08.916"/>
</kw>
<status status="PASS" starttime="20230316 21:40:08.913" endtime="20230316 21:40:08.916"/>
</iter>
<iter>
<var name="${element}">"jsname"))a=a.getAttribute("jsname");else{var C;a=null==(C=a.closest("[jsname]"))?void 0:C.getAttribute("jsname")}google.log("rc</var>
<kw name="Log To Console" library="BuiltIn">
<arg>${element}</arg>
<doc>Logs the given message to the console.</doc>
<status status="PASS" starttime="20230316 21:40:08.917" endtime="20230316 21:40:08.918"/>
</kw>
<status status="PASS" starttime="20230316 21:40:08.917" endtime="20230316 21:40:08.919"/>
</iter>
<iter>
<var name="${element}">m","&amp;ei="+c+"&amp;ved="+f+"&amp;jsname="+(a||""))}}else F=a,E=[c]}window.document.addEventListener("DOMContentLoaded",function(){documen</var>
<kw name="Log To Console" library="BuiltIn">
<arg>${element}</arg>
<doc>Logs the given message to the console.</doc>
<status status="PASS" starttime="20230316 21:40:08.919" endtime="20230316 21:40:08.921"/>
</kw>
<status status="PASS" starttime="20230316 21:40:08.919" endtime="20230316 21:40:08.921"/>
</iter>
<iter>
<var name="${element}">t.body.addEventListener("click",G)});}).call(this);&lt;/script&gt;&lt;/body&gt;&lt;/html&gt;</var>
<kw name="Log To Console" library="BuiltIn">
<arg>${element}</arg>
<doc>Logs the given message to the console.</doc>
<status status="PASS" starttime="20230316 21:40:08.921" endtime="20230316 21:40:08.922"/>
</kw>
<status status="PASS" starttime="20230316 21:40:08.921" endtime="20230316 21:40:08.922"/>
</iter>
<status status="PASS" starttime="20230316 21:40:08.473" endtime="20230316 21:40:08.922"/>
</for>
<status status="PASS" starttime="20230316 21:40:07.835" endtime="20230316 21:40:08.922"/>
</test>
<status status="PASS" starttime="20230316 21:40:07.547" endtime="20230316 21:40:08.923"/>
</suite>
<status status="FAIL" starttime="20230316 21:40:06.313" endtime="20230316 21:40:08.927"/>
</suite>
<statistics>
<total>
<stat pass="1" fail="6" skip="0">All Tests</stat>
</total>
<tag>
<stat pass="0" fail="5" skip="0">regression</stat>
<stat pass="0" fail="1" skip="0">smoke</stat>
</tag>
<suite>
<stat pass="1" fail="6" skip="0" id="s1" name="Example">Example</stat>
<stat pass="0" fail="1" skip="0" id="s1-s1" name="TC001 - Tap on 'Privacy policy' and verify user is landing on Privacy policy page">Example.TC001 - Tap on 'Privacy policy' and verify user is landing on Privacy policy page</stat>
<stat pass="0" fail="1" skip="0" id="s1-s2" name="TC002 - Verify that Deep link URL is providing QR code">Example.TC002 - Verify that Deep link URL is providing QR code</stat>
<stat pass="0" fail="1" skip="0" id="s1-s3" name="TC003 - Verify that Google Play button redirecting user to Vision Project on play store">Example.TC003 - Verify that Google Play button redirecting user to Vision Project on play store</stat>
<stat pass="0" fail="1" skip="0" id="s1-s4" name="TC004 - Verify that if social app is not installed on phone then App was not found screen appears">Example.TC004 - Verify that if social app is not installed on phone then App was not found screen appears</stat>
<stat pass="0" fail="2" skip="0" id="s1-s5" name="TC005 - Verify welcome page journey is as excepted">Example.TC005 - Verify welcome page journey is as excepted</stat>
<stat pass="1" fail="0" skip="0" id="s1-s6" name="TC006 - sample">Example.TC006 - sample</stat>
</suite>
</statistics>
<errors>
<msg timestamp="20230316 21:40:06.435" level="ERROR">Error in file 'D:\FusionTestFramework\com.playgroundxyz.vision_project\com.playgroundxyz.vision_project.PageObject\com.playgroundxyz.vision_project.PageObject.keywords\Allow Permission page keywords.resource' on line 3: Importing library 'D:\FusionTestFramework\src\MobileTestLibrary' failed: ModuleNotFoundError: No module named 'src'
Traceback (most recent call last):
  File "D:\FusionTestFramework\src\MobileTestLibrary\__init__.py", line 1, in &lt;module&gt;
    from src.MobileTestLibrary.ExtendedAppiumLibrary import ExtendedAppiumLibrary
PYTHONPATH:
  D:\FusionTestFramework\src
  d:\FusionTestFramework\com.playgroundxyz.vision_project
  C:\Users\ZMO-WIN-ShrikantL-01\AppData\Local\Programs\Python\Python311\python311.zip
  C:\Users\ZMO-WIN-ShrikantL-01\AppData\Local\Programs\Python\Python311\DLLs
  C:\Users\ZMO-WIN-ShrikantL-01\AppData\Local\Programs\Python\Python311\Lib
  C:\Users\ZMO-WIN-ShrikantL-01\AppData\Local\Programs\Python\Python311
  D:\FusionTestFramework\venv
  D:\FusionTestFramework\venv\Lib\site-packages</msg>
<msg timestamp="20230316 21:40:06.472" level="ERROR">Error in file 'D:\FusionTestFramework\com.playgroundxyz.vision_project\com.playgroundxyz.vision_project.PageObject\com.playgroundxyz.vision_project.PageObject.keywords\Allow Permission page keywords.resource' on line 4: Importing library 'D:\FusionTestFramework\src\WebApplicationTestLibrary' failed: ModuleNotFoundError: No module named 'SeleniumLibrary'
Traceback (most recent call last):
  File "D:\FusionTestFramework\src\WebApplicationTestLibrary\__init__.py", line 3, in &lt;module&gt;
    from WebApplicationTestLibrary.SeleniumUtils import SeleniumUtils
  File "D:\FusionTestFramework\src\WebApplicationTestLibrary\SeleniumUtils.py", line 2, in &lt;module&gt;
    from SeleniumLibrary import SeleniumLibrary
PYTHONPATH:
  D:\FusionTestFramework\src
  d:\FusionTestFramework\com.playgroundxyz.vision_project
  C:\Users\ZMO-WIN-ShrikantL-01\AppData\Local\Programs\Python\Python311\python311.zip
  C:\Users\ZMO-WIN-ShrikantL-01\AppData\Local\Programs\Python\Python311\DLLs
  C:\Users\ZMO-WIN-ShrikantL-01\AppData\Local\Programs\Python\Python311\Lib
  C:\Users\ZMO-WIN-ShrikantL-01\AppData\Local\Programs\Python\Python311
  D:\FusionTestFramework\venv
  D:\FusionTestFramework\venv\Lib\site-packages</msg>
<msg timestamp="20230316 21:40:06.488" level="ERROR">Error in file 'D:\FusionTestFramework\com.playgroundxyz.vision_project\com.playgroundxyz.vision_project.PageObject\com.playgroundxyz.vision_project.PageObject.keywords\Allow Permission page keywords.resource' on line 5: Processing variable file 'D:\FusionTestFramework\com.playgroundxyz.vision_project\com.playgroundxyz.vision_project.ConfigFiles\configuration.py' failed: Importing variable file 'D:\FusionTestFramework\com.playgroundxyz.vision_project\com.playgroundxyz.vision_project.ConfigFiles\configuration.py' failed: ModuleNotFoundError: No module named 'MobileTestLibrary'
Traceback (most recent call last):
  File "D:\FusionTestFramework\com.playgroundxyz.vision_project\com.playgroundxyz.vision_project.ConfigFiles\configuration.py", line 3, in &lt;module&gt;
    from MobileTestLibrary.JsonFileReader import read_Json_file
PYTHONPATH:
  D:\FusionTestFramework\com.playgroundxyz.vision_project\com.playgroundxyz.vision_project.ConfigFiles
  d:\FusionTestFramework\com.playgroundxyz.vision_project
  C:\Users\ZMO-WIN-ShrikantL-01\AppData\Local\Programs\Python\Python311\python311.zip
  C:\Users\ZMO-WIN-ShrikantL-01\AppData\Local\Programs\Python\Python311\DLLs
  C:\Users\ZMO-WIN-ShrikantL-01\AppData\Local\Programs\Python\Python311\Lib
  C:\Users\ZMO-WIN-ShrikantL-01\AppData\Local\Programs\Python\Python311
  D:\FusionTestFramework\venv
  D:\FusionTestFramework\venv\Lib\site-packages</msg>
<msg timestamp="20230316 21:40:06.537" level="ERROR">Error in file 'D:\FusionTestFramework\com.playgroundxyz.vision_project\com.playgroundxyz.vision_project.PageObject\com.playgroundxyz.vision_project.PageObject.keywords\LetsSetupYourEyeTrackingKeywords.resource' on line 4: Importing library 'D:\FusionTestFramework\src\MobileTestLibrary' failed: ModuleNotFoundError: No module named 'src'
Traceback (most recent call last):
  File "D:\FusionTestFramework\src\MobileTestLibrary\__init__.py", line 1, in &lt;module&gt;
    from src.MobileTestLibrary.ExtendedAppiumLibrary import ExtendedAppiumLibrary
PYTHONPATH:
  D:\FusionTestFramework\src
  d:\FusionTestFramework\com.playgroundxyz.vision_project
  C:\Users\ZMO-WIN-ShrikantL-01\AppData\Local\Programs\Python\Python311\python311.zip
  C:\Users\ZMO-WIN-ShrikantL-01\AppData\Local\Programs\Python\Python311\DLLs
  C:\Users\ZMO-WIN-ShrikantL-01\AppData\Local\Programs\Python\Python311\Lib
  C:\Users\ZMO-WIN-ShrikantL-01\AppData\Local\Programs\Python\Python311
  D:\FusionTestFramework\venv
  D:\FusionTestFramework\venv\Lib\site-packages</msg>
<msg timestamp="20230316 21:40:06.601" level="ERROR">Error in file 'D:\FusionTestFramework\com.playgroundxyz.vision_project\com.playgroundxyz.vision_project.PageObject\com.playgroundxyz.vision_project.PageObject.keywords\welcome page journey keywords.resource' on line 3: Importing library 'D:\FusionTestFramework\src\MobileTestLibrary' failed: ModuleNotFoundError: No module named 'src'
Traceback (most recent call last):
  File "D:\FusionTestFramework\src\MobileTestLibrary\__init__.py", line 1, in &lt;module&gt;
    from src.MobileTestLibrary.ExtendedAppiumLibrary import ExtendedAppiumLibrary
PYTHONPATH:
  D:\FusionTestFramework\src
  d:\FusionTestFramework\com.playgroundxyz.vision_project
  C:\Users\ZMO-WIN-ShrikantL-01\AppData\Local\Programs\Python\Python311\python311.zip
  C:\Users\ZMO-WIN-ShrikantL-01\AppData\Local\Programs\Python\Python311\DLLs
  C:\Users\ZMO-WIN-ShrikantL-01\AppData\Local\Programs\Python\Python311\Lib
  C:\Users\ZMO-WIN-ShrikantL-01\AppData\Local\Programs\Python\Python311
  D:\FusionTestFramework\venv
  D:\FusionTestFramework\venv\Lib\site-packages</msg>
<msg timestamp="20230316 21:40:06.633" level="ERROR">Error in file 'D:\FusionTestFramework\com.playgroundxyz.vision_project\com.playgroundxyz.vision_project.PageObject\com.playgroundxyz.vision_project.PageObject.keywords\QR_Code_page_keywords.resource' on line 3: Importing library 'D:\FusionTestFramework\src\WebApplicationTestLibrary' failed: ModuleNotFoundError: No module named 'SeleniumLibrary'
Traceback (most recent call last):
  File "D:\FusionTestFramework\src\WebApplicationTestLibrary\__init__.py", line 3, in &lt;module&gt;
    from WebApplicationTestLibrary.SeleniumUtils import SeleniumUtils
  File "D:\FusionTestFramework\src\WebApplicationTestLibrary\SeleniumUtils.py", line 2, in &lt;module&gt;
    from SeleniumLibrary import SeleniumLibrary
PYTHONPATH:
  D:\FusionTestFramework\src
  d:\FusionTestFramework\com.playgroundxyz.vision_project
  C:\Users\ZMO-WIN-ShrikantL-01\AppData\Local\Programs\Python\Python311\python311.zip
  C:\Users\ZMO-WIN-ShrikantL-01\AppData\Local\Programs\Python\Python311\DLLs
  C:\Users\ZMO-WIN-ShrikantL-01\AppData\Local\Programs\Python\Python311\Lib
  C:\Users\ZMO-WIN-ShrikantL-01\AppData\Local\Programs\Python\Python311
  D:\FusionTestFramework\venv
  D:\FusionTestFramework\venv\Lib\site-packages</msg>
<msg timestamp="20230316 21:40:06.657" level="ERROR">Error in file 'D:\FusionTestFramework\com.playgroundxyz.vision_project\com.playgroundxyz.vision_project.PageObject\com.playgroundxyz.vision_project.PageObject.keywords\launch_flow_keywords.resource' on line 3: Importing library 'D:\FusionTestFramework\src\MobileTestLibrary' failed: ModuleNotFoundError: No module named 'src'
Traceback (most recent call last):
  File "D:\FusionTestFramework\src\MobileTestLibrary\__init__.py", line 1, in &lt;module&gt;
    from src.MobileTestLibrary.ExtendedAppiumLibrary import ExtendedAppiumLibrary
PYTHONPATH:
  D:\FusionTestFramework\src
  d:\FusionTestFramework\com.playgroundxyz.vision_project
  C:\Users\ZMO-WIN-ShrikantL-01\AppData\Local\Programs\Python\Python311\python311.zip
  C:\Users\ZMO-WIN-ShrikantL-01\AppData\Local\Programs\Python\Python311\DLLs
  C:\Users\ZMO-WIN-ShrikantL-01\AppData\Local\Programs\Python\Python311\Lib
  C:\Users\ZMO-WIN-ShrikantL-01\AppData\Local\Programs\Python\Python311
  D:\FusionTestFramework\venv
  D:\FusionTestFramework\venv\Lib\site-packages</msg>
<msg timestamp="20230316 21:40:06.671" level="ERROR">Error in file 'D:\FusionTestFramework\com.playgroundxyz.vision_project\com.playgroundxyz.vision_project.PageObject\com.playgroundxyz.vision_project.PageObject.keywords\launch_flow_keywords.resource' on line 4: Importing library 'D:\FusionTestFramework\src\WebApplicationTestLibrary' failed: ModuleNotFoundError: No module named 'SeleniumLibrary'
Traceback (most recent call last):
  File "D:\FusionTestFramework\src\WebApplicationTestLibrary\__init__.py", line 3, in &lt;module&gt;
    from WebApplicationTestLibrary.SeleniumUtils import SeleniumUtils
  File "D:\FusionTestFramework\src\WebApplicationTestLibrary\SeleniumUtils.py", line 2, in &lt;module&gt;
    from SeleniumLibrary import SeleniumLibrary
PYTHONPATH:
  D:\FusionTestFramework\src
  d:\FusionTestFramework\com.playgroundxyz.vision_project
  C:\Users\ZMO-WIN-ShrikantL-01\AppData\Local\Programs\Python\Python311\python311.zip
  C:\Users\ZMO-WIN-ShrikantL-01\AppData\Local\Programs\Python\Python311\DLLs
  C:\Users\ZMO-WIN-ShrikantL-01\AppData\Local\Programs\Python\Python311\Lib
  C:\Users\ZMO-WIN-ShrikantL-01\AppData\Local\Programs\Python\Python311
  D:\FusionTestFramework\venv
  D:\FusionTestFramework\venv\Lib\site-packages</msg>
<msg timestamp="20230316 21:40:06.686" level="ERROR">Error in file 'D:\FusionTestFramework\com.playgroundxyz.vision_project\com.playgroundxyz.vision_project.PageObject\com.playgroundxyz.vision_project.PageObject.keywords\Setup keywords.resource' on line 3: Importing library 'D:\FusionTestFramework\src\MobileTestLibrary' failed: ModuleNotFoundError: No module named 'src'
Traceback (most recent call last):
  File "D:\FusionTestFramework\src\MobileTestLibrary\__init__.py", line 1, in &lt;module&gt;
    from src.MobileTestLibrary.ExtendedAppiumLibrary import ExtendedAppiumLibrary
PYTHONPATH:
  D:\FusionTestFramework\src
  d:\FusionTestFramework\com.playgroundxyz.vision_project
  C:\Users\ZMO-WIN-ShrikantL-01\AppData\Local\Programs\Python\Python311\python311.zip
  C:\Users\ZMO-WIN-ShrikantL-01\AppData\Local\Programs\Python\Python311\DLLs
  C:\Users\ZMO-WIN-ShrikantL-01\AppData\Local\Programs\Python\Python311\Lib
  C:\Users\ZMO-WIN-ShrikantL-01\AppData\Local\Programs\Python\Python311
  D:\FusionTestFramework\venv
  D:\FusionTestFramework\venv\Lib\site-packages</msg>
<msg timestamp="20230316 21:40:06.700" level="ERROR">Error in file 'D:\FusionTestFramework\com.playgroundxyz.vision_project\com.playgroundxyz.vision_project.PageObject\com.playgroundxyz.vision_project.PageObject.keywords\Setup keywords.resource' on line 4: Importing library 'D:\FusionTestFramework\src\WebApplicationTestLibrary' failed: ModuleNotFoundError: No module named 'SeleniumLibrary'
Traceback (most recent call last):
  File "D:\FusionTestFramework\src\WebApplicationTestLibrary\__init__.py", line 3, in &lt;module&gt;
    from WebApplicationTestLibrary.SeleniumUtils import SeleniumUtils
  File "D:\FusionTestFramework\src\WebApplicationTestLibrary\SeleniumUtils.py", line 2, in &lt;module&gt;
    from SeleniumLibrary import SeleniumLibrary
PYTHONPATH:
  D:\FusionTestFramework\src
  d:\FusionTestFramework\com.playgroundxyz.vision_project
  C:\Users\ZMO-WIN-ShrikantL-01\AppData\Local\Programs\Python\Python311\python311.zip
  C:\Users\ZMO-WIN-ShrikantL-01\AppData\Local\Programs\Python\Python311\DLLs
  C:\Users\ZMO-WIN-ShrikantL-01\AppData\Local\Programs\Python\Python311\Lib
  C:\Users\ZMO-WIN-ShrikantL-01\AppData\Local\Programs\Python\Python311
  D:\FusionTestFramework\venv
  D:\FusionTestFramework\venv\Lib\site-packages</msg>
<msg timestamp="20230316 21:40:06.718" level="ERROR">Error in file 'D:\FusionTestFramework\com.playgroundxyz.vision_project\com.playgroundxyz.vision_project.PageObject\com.playgroundxyz.vision_project.PageObject.keywords\EyeGazeValiidationKeywords.resource' on line 5: Importing library 'D:\FusionTestFramework\src\MobileTestLibrary' failed: ModuleNotFoundError: No module named 'src'
Traceback (most recent call last):
  File "D:\FusionTestFramework\src\MobileTestLibrary\__init__.py", line 1, in &lt;module&gt;
    from src.MobileTestLibrary.ExtendedAppiumLibrary import ExtendedAppiumLibrary
PYTHONPATH:
  D:\FusionTestFramework\src
  d:\FusionTestFramework\com.playgroundxyz.vision_project
  C:\Users\ZMO-WIN-ShrikantL-01\AppData\Local\Programs\Python\Python311\python311.zip
  C:\Users\ZMO-WIN-ShrikantL-01\AppData\Local\Programs\Python\Python311\DLLs
  C:\Users\ZMO-WIN-ShrikantL-01\AppData\Local\Programs\Python\Python311\Lib
  C:\Users\ZMO-WIN-ShrikantL-01\AppData\Local\Programs\Python\Python311
  D:\FusionTestFramework\venv
  D:\FusionTestFramework\venv\Lib\site-packages</msg>
<msg timestamp="20230316 21:40:06.753" level="ERROR">Error in file 'D:\FusionTestFramework\com.playgroundxyz.vision_project\com.playgroundxyz.vision_project.PageObject\com.playgroundxyz.vision_project.PageObject.keywords\Allow Permission page keywords.resource' on line 3: Importing library 'D:\FusionTestFramework\src\MobileTestLibrary' failed: ModuleNotFoundError: No module named 'src'
Traceback (most recent call last):
  File "D:\FusionTestFramework\src\MobileTestLibrary\__init__.py", line 1, in &lt;module&gt;
    from src.MobileTestLibrary.ExtendedAppiumLibrary import ExtendedAppiumLibrary
PYTHONPATH:
  D:\FusionTestFramework\src
  d:\FusionTestFramework\com.playgroundxyz.vision_project
  C:\Users\ZMO-WIN-ShrikantL-01\AppData\Local\Programs\Python\Python311\python311.zip
  C:\Users\ZMO-WIN-ShrikantL-01\AppData\Local\Programs\Python\Python311\DLLs
  C:\Users\ZMO-WIN-ShrikantL-01\AppData\Local\Programs\Python\Python311\Lib
  C:\Users\ZMO-WIN-ShrikantL-01\AppData\Local\Programs\Python\Python311
  D:\FusionTestFramework\venv
  D:\FusionTestFramework\venv\Lib\site-packages</msg>
<msg timestamp="20230316 21:40:06.768" level="ERROR">Error in file 'D:\FusionTestFramework\com.playgroundxyz.vision_project\com.playgroundxyz.vision_project.PageObject\com.playgroundxyz.vision_project.PageObject.keywords\Allow Permission page keywords.resource' on line 4: Importing library 'D:\FusionTestFramework\src\WebApplicationTestLibrary' failed: ModuleNotFoundError: No module named 'SeleniumLibrary'
Traceback (most recent call last):
  File "D:\FusionTestFramework\src\WebApplicationTestLibrary\__init__.py", line 3, in &lt;module&gt;
    from WebApplicationTestLibrary.SeleniumUtils import SeleniumUtils
  File "D:\FusionTestFramework\src\WebApplicationTestLibrary\SeleniumUtils.py", line 2, in &lt;module&gt;
    from SeleniumLibrary import SeleniumLibrary
PYTHONPATH:
  D:\FusionTestFramework\src
  d:\FusionTestFramework\com.playgroundxyz.vision_project
  C:\Users\ZMO-WIN-ShrikantL-01\AppData\Local\Programs\Python\Python311\python311.zip
  C:\Users\ZMO-WIN-ShrikantL-01\AppData\Local\Programs\Python\Python311\DLLs
  C:\Users\ZMO-WIN-ShrikantL-01\AppData\Local\Programs\Python\Python311\Lib
  C:\Users\ZMO-WIN-ShrikantL-01\AppData\Local\Programs\Python\Python311
  D:\FusionTestFramework\venv
  D:\FusionTestFramework\venv\Lib\site-packages</msg>
<msg timestamp="20230316 21:40:06.779" level="ERROR">Error in file 'D:\FusionTestFramework\com.playgroundxyz.vision_project\com.playgroundxyz.vision_project.PageObject\com.playgroundxyz.vision_project.PageObject.keywords\Allow Permission page keywords.resource' on line 5: Processing variable file 'D:\FusionTestFramework\com.playgroundxyz.vision_project\com.playgroundxyz.vision_project.ConfigFiles\configuration.py' failed: Importing variable file 'D:\FusionTestFramework\com.playgroundxyz.vision_project\com.playgroundxyz.vision_project.ConfigFiles\configuration.py' failed: ModuleNotFoundError: No module named 'MobileTestLibrary'
Traceback (most recent call last):
  File "D:\FusionTestFramework\com.playgroundxyz.vision_project\com.playgroundxyz.vision_project.ConfigFiles\configuration.py", line 3, in &lt;module&gt;
    from MobileTestLibrary.JsonFileReader import read_Json_file
PYTHONPATH:
  D:\FusionTestFramework\com.playgroundxyz.vision_project\com.playgroundxyz.vision_project.ConfigFiles
  d:\FusionTestFramework\com.playgroundxyz.vision_project
  C:\Users\ZMO-WIN-ShrikantL-01\AppData\Local\Programs\Python\Python311\python311.zip
  C:\Users\ZMO-WIN-ShrikantL-01\AppData\Local\Programs\Python\Python311\DLLs
  C:\Users\ZMO-WIN-ShrikantL-01\AppData\Local\Programs\Python\Python311\Lib
  C:\Users\ZMO-WIN-ShrikantL-01\AppData\Local\Programs\Python\Python311
  D:\FusionTestFramework\venv
  D:\FusionTestFramework\venv\Lib\site-packages</msg>
<msg timestamp="20230316 21:40:06.789" level="ERROR">Error in file 'D:\FusionTestFramework\com.playgroundxyz.vision_project\com.playgroundxyz.vision_project.PageObject\com.playgroundxyz.vision_project.PageObject.keywords\LetsSetupYourEyeTrackingKeywords.resource' on line 4: Importing library 'D:\FusionTestFramework\src\MobileTestLibrary' failed: ModuleNotFoundError: No module named 'src'
Traceback (most recent call last):
  File "D:\FusionTestFramework\src\MobileTestLibrary\__init__.py", line 1, in &lt;module&gt;
    from src.MobileTestLibrary.ExtendedAppiumLibrary import ExtendedAppiumLibrary
PYTHONPATH:
  D:\FusionTestFramework\src
  d:\FusionTestFramework\com.playgroundxyz.vision_project
  C:\Users\ZMO-WIN-ShrikantL-01\AppData\Local\Programs\Python\Python311\python311.zip
  C:\Users\ZMO-WIN-ShrikantL-01\AppData\Local\Programs\Python\Python311\DLLs
  C:\Users\ZMO-WIN-ShrikantL-01\AppData\Local\Programs\Python\Python311\Lib
  C:\Users\ZMO-WIN-ShrikantL-01\AppData\Local\Programs\Python\Python311
  D:\FusionTestFramework\venv
  D:\FusionTestFramework\venv\Lib\site-packages</msg>
<msg timestamp="20230316 21:40:06.802" level="ERROR">Error in file 'D:\FusionTestFramework\com.playgroundxyz.vision_project\com.playgroundxyz.vision_project.PageObject\com.playgroundxyz.vision_project.PageObject.keywords\welcome page journey keywords.resource' on line 3: Importing library 'D:\FusionTestFramework\src\MobileTestLibrary' failed: ModuleNotFoundError: No module named 'src'
Traceback (most recent call last):
  File "D:\FusionTestFramework\src\MobileTestLibrary\__init__.py", line 1, in &lt;module&gt;
    from src.MobileTestLibrary.ExtendedAppiumLibrary import ExtendedAppiumLibrary
PYTHONPATH:
  D:\FusionTestFramework\src
  d:\FusionTestFramework\com.playgroundxyz.vision_project
  C:\Users\ZMO-WIN-ShrikantL-01\AppData\Local\Programs\Python\Python311\python311.zip
  C:\Users\ZMO-WIN-ShrikantL-01\AppData\Local\Programs\Python\Python311\DLLs
  C:\Users\ZMO-WIN-ShrikantL-01\AppData\Local\Programs\Python\Python311\Lib
  C:\Users\ZMO-WIN-ShrikantL-01\AppData\Local\Programs\Python\Python311
  D:\FusionTestFramework\venv
  D:\FusionTestFramework\venv\Lib\site-packages</msg>
<msg timestamp="20230316 21:40:06.816" level="ERROR">Error in file 'D:\FusionTestFramework\com.playgroundxyz.vision_project\com.playgroundxyz.vision_project.PageObject\com.playgroundxyz.vision_project.PageObject.keywords\QR_Code_page_keywords.resource' on line 3: Importing library 'D:\FusionTestFramework\src\WebApplicationTestLibrary' failed: ModuleNotFoundError: No module named 'SeleniumLibrary'
Traceback (most recent call last):
  File "D:\FusionTestFramework\src\WebApplicationTestLibrary\__init__.py", line 3, in &lt;module&gt;
    from WebApplicationTestLibrary.SeleniumUtils import SeleniumUtils
  File "D:\FusionTestFramework\src\WebApplicationTestLibrary\SeleniumUtils.py", line 2, in &lt;module&gt;
    from SeleniumLibrary import SeleniumLibrary
PYTHONPATH:
  D:\FusionTestFramework\src
  d:\FusionTestFramework\com.playgroundxyz.vision_project
  C:\Users\ZMO-WIN-ShrikantL-01\AppData\Local\Programs\Python\Python311\python311.zip
  C:\Users\ZMO-WIN-ShrikantL-01\AppData\Local\Programs\Python\Python311\DLLs
  C:\Users\ZMO-WIN-ShrikantL-01\AppData\Local\Programs\Python\Python311\Lib
  C:\Users\ZMO-WIN-ShrikantL-01\AppData\Local\Programs\Python\Python311
  D:\FusionTestFramework\venv
  D:\FusionTestFramework\venv\Lib\site-packages</msg>
<msg timestamp="20230316 21:40:06.829" level="ERROR">Error in file 'D:\FusionTestFramework\com.playgroundxyz.vision_project\com.playgroundxyz.vision_project.PageObject\com.playgroundxyz.vision_project.PageObject.keywords\launch_flow_keywords.resource' on line 3: Importing library 'D:\FusionTestFramework\src\MobileTestLibrary' failed: ModuleNotFoundError: No module named 'src'
Traceback (most recent call last):
  File "D:\FusionTestFramework\src\MobileTestLibrary\__init__.py", line 1, in &lt;module&gt;
    from src.MobileTestLibrary.ExtendedAppiumLibrary import ExtendedAppiumLibrary
PYTHONPATH:
  D:\FusionTestFramework\src
  d:\FusionTestFramework\com.playgroundxyz.vision_project
  C:\Users\ZMO-WIN-ShrikantL-01\AppData\Local\Programs\Python\Python311\python311.zip
  C:\Users\ZMO-WIN-ShrikantL-01\AppData\Local\Programs\Python\Python311\DLLs
  C:\Users\ZMO-WIN-ShrikantL-01\AppData\Local\Programs\Python\Python311\Lib
  C:\Users\ZMO-WIN-ShrikantL-01\AppData\Local\Programs\Python\Python311
  D:\FusionTestFramework\venv
  D:\FusionTestFramework\venv\Lib\site-packages</msg>
<msg timestamp="20230316 21:40:06.838" level="ERROR">Error in file 'D:\FusionTestFramework\com.playgroundxyz.vision_project\com.playgroundxyz.vision_project.PageObject\com.playgroundxyz.vision_project.PageObject.keywords\launch_flow_keywords.resource' on line 4: Importing library 'D:\FusionTestFramework\src\WebApplicationTestLibrary' failed: ModuleNotFoundError: No module named 'SeleniumLibrary'
Traceback (most recent call last):
  File "D:\FusionTestFramework\src\WebApplicationTestLibrary\__init__.py", line 3, in &lt;module&gt;
    from WebApplicationTestLibrary.SeleniumUtils import SeleniumUtils
  File "D:\FusionTestFramework\src\WebApplicationTestLibrary\SeleniumUtils.py", line 2, in &lt;module&gt;
    from SeleniumLibrary import SeleniumLibrary
PYTHONPATH:
  D:\FusionTestFramework\src
  d:\FusionTestFramework\com.playgroundxyz.vision_project
  C:\Users\ZMO-WIN-ShrikantL-01\AppData\Local\Programs\Python\Python311\python311.zip
  C:\Users\ZMO-WIN-ShrikantL-01\AppData\Local\Programs\Python\Python311\DLLs
  C:\Users\ZMO-WIN-ShrikantL-01\AppData\Local\Programs\Python\Python311\Lib
  C:\Users\ZMO-WIN-ShrikantL-01\AppData\Local\Programs\Python\Python311
  D:\FusionTestFramework\venv
  D:\FusionTestFramework\venv\Lib\site-packages</msg>
<msg timestamp="20230316 21:40:06.851" level="ERROR">Error in file 'D:\FusionTestFramework\com.playgroundxyz.vision_project\com.playgroundxyz.vision_project.PageObject\com.playgroundxyz.vision_project.PageObject.keywords\Setup keywords.resource' on line 3: Importing library 'D:\FusionTestFramework\src\MobileTestLibrary' failed: ModuleNotFoundError: No module named 'src'
Traceback (most recent call last):
  File "D:\FusionTestFramework\src\MobileTestLibrary\__init__.py", line 1, in &lt;module&gt;
    from src.MobileTestLibrary.ExtendedAppiumLibrary import ExtendedAppiumLibrary
PYTHONPATH:
  D:\FusionTestFramework\src
  d:\FusionTestFramework\com.playgroundxyz.vision_project
  C:\Users\ZMO-WIN-ShrikantL-01\AppData\Local\Programs\Python\Python311\python311.zip
  C:\Users\ZMO-WIN-ShrikantL-01\AppData\Local\Programs\Python\Python311\DLLs
  C:\Users\ZMO-WIN-ShrikantL-01\AppData\Local\Programs\Python\Python311\Lib
  C:\Users\ZMO-WIN-ShrikantL-01\AppData\Local\Programs\Python\Python311
  D:\FusionTestFramework\venv
  D:\FusionTestFramework\venv\Lib\site-packages</msg>
<msg timestamp="20230316 21:40:06.866" level="ERROR">Error in file 'D:\FusionTestFramework\com.playgroundxyz.vision_project\com.playgroundxyz.vision_project.PageObject\com.playgroundxyz.vision_project.PageObject.keywords\Setup keywords.resource' on line 4: Importing library 'D:\FusionTestFramework\src\WebApplicationTestLibrary' failed: ModuleNotFoundError: No module named 'SeleniumLibrary'
Traceback (most recent call last):
  File "D:\FusionTestFramework\src\WebApplicationTestLibrary\__init__.py", line 3, in &lt;module&gt;
    from WebApplicationTestLibrary.SeleniumUtils import SeleniumUtils
  File "D:\FusionTestFramework\src\WebApplicationTestLibrary\SeleniumUtils.py", line 2, in &lt;module&gt;
    from SeleniumLibrary import SeleniumLibrary
PYTHONPATH:
  D:\FusionTestFramework\src
  d:\FusionTestFramework\com.playgroundxyz.vision_project
  C:\Users\ZMO-WIN-ShrikantL-01\AppData\Local\Programs\Python\Python311\python311.zip
  C:\Users\ZMO-WIN-ShrikantL-01\AppData\Local\Programs\Python\Python311\DLLs
  C:\Users\ZMO-WIN-ShrikantL-01\AppData\Local\Programs\Python\Python311\Lib
  C:\Users\ZMO-WIN-ShrikantL-01\AppData\Local\Programs\Python\Python311
  D:\FusionTestFramework\venv
  D:\FusionTestFramework\venv\Lib\site-packages</msg>
<msg timestamp="20230316 21:40:06.883" level="ERROR">Error in file 'D:\FusionTestFramework\com.playgroundxyz.vision_project\com.playgroundxyz.vision_project.PageObject\com.playgroundxyz.vision_project.PageObject.keywords\EyeGazeValiidationKeywords.resource' on line 5: Importing library 'D:\FusionTestFramework\src\MobileTestLibrary' failed: ModuleNotFoundError: No module named 'src'
Traceback (most recent call last):
  File "D:\FusionTestFramework\src\MobileTestLibrary\__init__.py", line 1, in &lt;module&gt;
    from src.MobileTestLibrary.ExtendedAppiumLibrary import ExtendedAppiumLibrary
PYTHONPATH:
  D:\FusionTestFramework\src
  d:\FusionTestFramework\com.playgroundxyz.vision_project
  C:\Users\ZMO-WIN-ShrikantL-01\AppData\Local\Programs\Python\Python311\python311.zip
  C:\Users\ZMO-WIN-ShrikantL-01\AppData\Local\Programs\Python\Python311\DLLs
  C:\Users\ZMO-WIN-ShrikantL-01\AppData\Local\Programs\Python\Python311\Lib
  C:\Users\ZMO-WIN-ShrikantL-01\AppData\Local\Programs\Python\Python311
  D:\FusionTestFramework\venv
  D:\FusionTestFramework\venv\Lib\site-packages</msg>
<msg timestamp="20230316 21:40:06.933" level="ERROR">Error in file 'D:\FusionTestFramework\com.playgroundxyz.vision_project\com.playgroundxyz.vision_project.PageObject\com.playgroundxyz.vision_project.PageObject.keywords\Allow Permission page keywords.resource' on line 3: Importing library 'D:\FusionTestFramework\src\MobileTestLibrary' failed: ModuleNotFoundError: No module named 'src'
Traceback (most recent call last):
  File "D:\FusionTestFramework\src\MobileTestLibrary\__init__.py", line 1, in &lt;module&gt;
    from src.MobileTestLibrary.ExtendedAppiumLibrary import ExtendedAppiumLibrary
PYTHONPATH:
  D:\FusionTestFramework\src
  d:\FusionTestFramework\com.playgroundxyz.vision_project
  C:\Users\ZMO-WIN-ShrikantL-01\AppData\Local\Programs\Python\Python311\python311.zip
  C:\Users\ZMO-WIN-ShrikantL-01\AppData\Local\Programs\Python\Python311\DLLs
  C:\Users\ZMO-WIN-ShrikantL-01\AppData\Local\Programs\Python\Python311\Lib
  C:\Users\ZMO-WIN-ShrikantL-01\AppData\Local\Programs\Python\Python311
  D:\FusionTestFramework\venv
  D:\FusionTestFramework\venv\Lib\site-packages</msg>
<msg timestamp="20230316 21:40:06.948" level="ERROR">Error in file 'D:\FusionTestFramework\com.playgroundxyz.vision_project\com.playgroundxyz.vision_project.PageObject\com.playgroundxyz.vision_project.PageObject.keywords\Allow Permission page keywords.resource' on line 4: Importing library 'D:\FusionTestFramework\src\WebApplicationTestLibrary' failed: ModuleNotFoundError: No module named 'SeleniumLibrary'
Traceback (most recent call last):
  File "D:\FusionTestFramework\src\WebApplicationTestLibrary\__init__.py", line 3, in &lt;module&gt;
    from WebApplicationTestLibrary.SeleniumUtils import SeleniumUtils
  File "D:\FusionTestFramework\src\WebApplicationTestLibrary\SeleniumUtils.py", line 2, in &lt;module&gt;
    from SeleniumLibrary import SeleniumLibrary
PYTHONPATH:
  D:\FusionTestFramework\src
  d:\FusionTestFramework\com.playgroundxyz.vision_project
  C:\Users\ZMO-WIN-ShrikantL-01\AppData\Local\Programs\Python\Python311\python311.zip
  C:\Users\ZMO-WIN-ShrikantL-01\AppData\Local\Programs\Python\Python311\DLLs
  C:\Users\ZMO-WIN-ShrikantL-01\AppData\Local\Programs\Python\Python311\Lib
  C:\Users\ZMO-WIN-ShrikantL-01\AppData\Local\Programs\Python\Python311
  D:\FusionTestFramework\venv
  D:\FusionTestFramework\venv\Lib\site-packages</msg>
<msg timestamp="20230316 21:40:06.963" level="ERROR">Error in file 'D:\FusionTestFramework\com.playgroundxyz.vision_project\com.playgroundxyz.vision_project.PageObject\com.playgroundxyz.vision_project.PageObject.keywords\Allow Permission page keywords.resource' on line 5: Processing variable file 'D:\FusionTestFramework\com.playgroundxyz.vision_project\com.playgroundxyz.vision_project.ConfigFiles\configuration.py' failed: Importing variable file 'D:\FusionTestFramework\com.playgroundxyz.vision_project\com.playgroundxyz.vision_project.ConfigFiles\configuration.py' failed: ModuleNotFoundError: No module named 'MobileTestLibrary'
Traceback (most recent call last):
  File "D:\FusionTestFramework\com.playgroundxyz.vision_project\com.playgroundxyz.vision_project.ConfigFiles\configuration.py", line 3, in &lt;module&gt;
    from MobileTestLibrary.JsonFileReader import read_Json_file
PYTHONPATH:
  D:\FusionTestFramework\com.playgroundxyz.vision_project\com.playgroundxyz.vision_project.ConfigFiles
  d:\FusionTestFramework\com.playgroundxyz.vision_project
  C:\Users\ZMO-WIN-ShrikantL-01\AppData\Local\Programs\Python\Python311\python311.zip
  C:\Users\ZMO-WIN-ShrikantL-01\AppData\Local\Programs\Python\Python311\DLLs
  C:\Users\ZMO-WIN-ShrikantL-01\AppData\Local\Programs\Python\Python311\Lib
  C:\Users\ZMO-WIN-ShrikantL-01\AppData\Local\Programs\Python\Python311
  D:\FusionTestFramework\venv
  D:\FusionTestFramework\venv\Lib\site-packages</msg>
<msg timestamp="20230316 21:40:06.974" level="ERROR">Error in file 'D:\FusionTestFramework\com.playgroundxyz.vision_project\com.playgroundxyz.vision_project.PageObject\com.playgroundxyz.vision_project.PageObject.keywords\LetsSetupYourEyeTrackingKeywords.resource' on line 4: Importing library 'D:\FusionTestFramework\src\MobileTestLibrary' failed: ModuleNotFoundError: No module named 'src'
Traceback (most recent call last):
  File "D:\FusionTestFramework\src\MobileTestLibrary\__init__.py", line 1, in &lt;module&gt;
    from src.MobileTestLibrary.ExtendedAppiumLibrary import ExtendedAppiumLibrary
PYTHONPATH:
  D:\FusionTestFramework\src
  d:\FusionTestFramework\com.playgroundxyz.vision_project
  C:\Users\ZMO-WIN-ShrikantL-01\AppData\Local\Programs\Python\Python311\python311.zip
  C:\Users\ZMO-WIN-ShrikantL-01\AppData\Local\Programs\Python\Python311\DLLs
  C:\Users\ZMO-WIN-ShrikantL-01\AppData\Local\Programs\Python\Python311\Lib
  C:\Users\ZMO-WIN-ShrikantL-01\AppData\Local\Programs\Python\Python311
  D:\FusionTestFramework\venv
  D:\FusionTestFramework\venv\Lib\site-packages</msg>
<msg timestamp="20230316 21:40:06.992" level="ERROR">Error in file 'D:\FusionTestFramework\com.playgroundxyz.vision_project\com.playgroundxyz.vision_project.PageObject\com.playgroundxyz.vision_project.PageObject.keywords\welcome page journey keywords.resource' on line 3: Importing library 'D:\FusionTestFramework\src\MobileTestLibrary' failed: ModuleNotFoundError: No module named 'src'
Traceback (most recent call last):
  File "D:\FusionTestFramework\src\MobileTestLibrary\__init__.py", line 1, in &lt;module&gt;
    from src.MobileTestLibrary.ExtendedAppiumLibrary import ExtendedAppiumLibrary
PYTHONPATH:
  D:\FusionTestFramework\src
  d:\FusionTestFramework\com.playgroundxyz.vision_project
  C:\Users\ZMO-WIN-ShrikantL-01\AppData\Local\Programs\Python\Python311\python311.zip
  C:\Users\ZMO-WIN-ShrikantL-01\AppData\Local\Programs\Python\Python311\DLLs
  C:\Users\ZMO-WIN-ShrikantL-01\AppData\Local\Programs\Python\Python311\Lib
  C:\Users\ZMO-WIN-ShrikantL-01\AppData\Local\Programs\Python\Python311
  D:\FusionTestFramework\venv
  D:\FusionTestFramework\venv\Lib\site-packages</msg>
<msg timestamp="20230316 21:40:07.012" level="ERROR">Error in file 'D:\FusionTestFramework\com.playgroundxyz.vision_project\com.playgroundxyz.vision_project.PageObject\com.playgroundxyz.vision_project.PageObject.keywords\QR_Code_page_keywords.resource' on line 3: Importing library 'D:\FusionTestFramework\src\WebApplicationTestLibrary' failed: ModuleNotFoundError: No module named 'SeleniumLibrary'
Traceback (most recent call last):
  File "D:\FusionTestFramework\src\WebApplicationTestLibrary\__init__.py", line 3, in &lt;module&gt;
    from WebApplicationTestLibrary.SeleniumUtils import SeleniumUtils
  File "D:\FusionTestFramework\src\WebApplicationTestLibrary\SeleniumUtils.py", line 2, in &lt;module&gt;
    from SeleniumLibrary import SeleniumLibrary
PYTHONPATH:
  D:\FusionTestFramework\src
  d:\FusionTestFramework\com.playgroundxyz.vision_project
  C:\Users\ZMO-WIN-ShrikantL-01\AppData\Local\Programs\Python\Python311\python311.zip
  C:\Users\ZMO-WIN-ShrikantL-01\AppData\Local\Programs\Python\Python311\DLLs
  C:\Users\ZMO-WIN-ShrikantL-01\AppData\Local\Programs\Python\Python311\Lib
  C:\Users\ZMO-WIN-ShrikantL-01\AppData\Local\Programs\Python\Python311
  D:\FusionTestFramework\venv
  D:\FusionTestFramework\venv\Lib\site-packages</msg>
<msg timestamp="20230316 21:40:07.028" level="ERROR">Error in file 'D:\FusionTestFramework\com.playgroundxyz.vision_project\com.playgroundxyz.vision_project.PageObject\com.playgroundxyz.vision_project.PageObject.keywords\launch_flow_keywords.resource' on line 3: Importing library 'D:\FusionTestFramework\src\MobileTestLibrary' failed: ModuleNotFoundError: No module named 'src'
Traceback (most recent call last):
  File "D:\FusionTestFramework\src\MobileTestLibrary\__init__.py", line 1, in &lt;module&gt;
    from src.MobileTestLibrary.ExtendedAppiumLibrary import ExtendedAppiumLibrary
PYTHONPATH:
  D:\FusionTestFramework\src
  d:\FusionTestFramework\com.playgroundxyz.vision_project
  C:\Users\ZMO-WIN-ShrikantL-01\AppData\Local\Programs\Python\Python311\python311.zip
  C:\Users\ZMO-WIN-ShrikantL-01\AppData\Local\Programs\Python\Python311\DLLs
  C:\Users\ZMO-WIN-ShrikantL-01\AppData\Local\Programs\Python\Python311\Lib
  C:\Users\ZMO-WIN-ShrikantL-01\AppData\Local\Programs\Python\Python311
  D:\FusionTestFramework\venv
  D:\FusionTestFramework\venv\Lib\site-packages</msg>
<msg timestamp="20230316 21:40:07.041" level="ERROR">Error in file 'D:\FusionTestFramework\com.playgroundxyz.vision_project\com.playgroundxyz.vision_project.PageObject\com.playgroundxyz.vision_project.PageObject.keywords\launch_flow_keywords.resource' on line 4: Importing library 'D:\FusionTestFramework\src\WebApplicationTestLibrary' failed: ModuleNotFoundError: No module named 'SeleniumLibrary'
Traceback (most recent call last):
  File "D:\FusionTestFramework\src\WebApplicationTestLibrary\__init__.py", line 3, in &lt;module&gt;
    from WebApplicationTestLibrary.SeleniumUtils import SeleniumUtils
  File "D:\FusionTestFramework\src\WebApplicationTestLibrary\SeleniumUtils.py", line 2, in &lt;module&gt;
    from SeleniumLibrary import SeleniumLibrary
PYTHONPATH:
  D:\FusionTestFramework\src
  d:\FusionTestFramework\com.playgroundxyz.vision_project
  C:\Users\ZMO-WIN-ShrikantL-01\AppData\Local\Programs\Python\Python311\python311.zip
  C:\Users\ZMO-WIN-ShrikantL-01\AppData\Local\Programs\Python\Python311\DLLs
  C:\Users\ZMO-WIN-ShrikantL-01\AppData\Local\Programs\Python\Python311\Lib
  C:\Users\ZMO-WIN-ShrikantL-01\AppData\Local\Programs\Python\Python311
  D:\FusionTestFramework\venv
  D:\FusionTestFramework\venv\Lib\site-packages</msg>
<msg timestamp="20230316 21:40:07.058" level="ERROR">Error in file 'D:\FusionTestFramework\com.playgroundxyz.vision_project\com.playgroundxyz.vision_project.PageObject\com.playgroundxyz.vision_project.PageObject.keywords\Setup keywords.resource' on line 3: Importing library 'D:\FusionTestFramework\src\MobileTestLibrary' failed: ModuleNotFoundError: No module named 'src'
Traceback (most recent call last):
  File "D:\FusionTestFramework\src\MobileTestLibrary\__init__.py", line 1, in &lt;module&gt;
    from src.MobileTestLibrary.ExtendedAppiumLibrary import ExtendedAppiumLibrary
PYTHONPATH:
  D:\FusionTestFramework\src
  d:\FusionTestFramework\com.playgroundxyz.vision_project
  C:\Users\ZMO-WIN-ShrikantL-01\AppData\Local\Programs\Python\Python311\python311.zip
  C:\Users\ZMO-WIN-ShrikantL-01\AppData\Local\Programs\Python\Python311\DLLs
  C:\Users\ZMO-WIN-ShrikantL-01\AppData\Local\Programs\Python\Python311\Lib
  C:\Users\ZMO-WIN-ShrikantL-01\AppData\Local\Programs\Python\Python311
  D:\FusionTestFramework\venv
  D:\FusionTestFramework\venv\Lib\site-packages</msg>
<msg timestamp="20230316 21:40:07.071" level="ERROR">Error in file 'D:\FusionTestFramework\com.playgroundxyz.vision_project\com.playgroundxyz.vision_project.PageObject\com.playgroundxyz.vision_project.PageObject.keywords\Setup keywords.resource' on line 4: Importing library 'D:\FusionTestFramework\src\WebApplicationTestLibrary' failed: ModuleNotFoundError: No module named 'SeleniumLibrary'
Traceback (most recent call last):
  File "D:\FusionTestFramework\src\WebApplicationTestLibrary\__init__.py", line 3, in &lt;module&gt;
    from WebApplicationTestLibrary.SeleniumUtils import SeleniumUtils
  File "D:\FusionTestFramework\src\WebApplicationTestLibrary\SeleniumUtils.py", line 2, in &lt;module&gt;
    from SeleniumLibrary import SeleniumLibrary
PYTHONPATH:
  D:\FusionTestFramework\src
  d:\FusionTestFramework\com.playgroundxyz.vision_project
  C:\Users\ZMO-WIN-ShrikantL-01\AppData\Local\Programs\Python\Python311\python311.zip
  C:\Users\ZMO-WIN-ShrikantL-01\AppData\Local\Programs\Python\Python311\DLLs
  C:\Users\ZMO-WIN-ShrikantL-01\AppData\Local\Programs\Python\Python311\Lib
  C:\Users\ZMO-WIN-ShrikantL-01\AppData\Local\Programs\Python\Python311
  D:\FusionTestFramework\venv
  D:\FusionTestFramework\venv\Lib\site-packages</msg>
<msg timestamp="20230316 21:40:07.086" level="ERROR">Error in file 'D:\FusionTestFramework\com.playgroundxyz.vision_project\com.playgroundxyz.vision_project.PageObject\com.playgroundxyz.vision_project.PageObject.keywords\EyeGazeValiidationKeywords.resource' on line 5: Importing library 'D:\FusionTestFramework\src\MobileTestLibrary' failed: ModuleNotFoundError: No module named 'src'
Traceback (most recent call last):
  File "D:\FusionTestFramework\src\MobileTestLibrary\__init__.py", line 1, in &lt;module&gt;
    from src.MobileTestLibrary.ExtendedAppiumLibrary import ExtendedAppiumLibrary
PYTHONPATH:
  D:\FusionTestFramework\src
  d:\FusionTestFramework\com.playgroundxyz.vision_project
  C:\Users\ZMO-WIN-ShrikantL-01\AppData\Local\Programs\Python\Python311\python311.zip
  C:\Users\ZMO-WIN-ShrikantL-01\AppData\Local\Programs\Python\Python311\DLLs
  C:\Users\ZMO-WIN-ShrikantL-01\AppData\Local\Programs\Python\Python311\Lib
  C:\Users\ZMO-WIN-ShrikantL-01\AppData\Local\Programs\Python\Python311
  D:\FusionTestFramework\venv
  D:\FusionTestFramework\venv\Lib\site-packages</msg>
<msg timestamp="20230316 21:40:07.126" level="ERROR">Error in file 'D:\FusionTestFramework\com.playgroundxyz.vision_project\com.playgroundxyz.vision_project.PageObject\com.playgroundxyz.vision_project.PageObject.keywords\Allow Permission page keywords.resource' on line 3: Importing library 'D:\FusionTestFramework\src\MobileTestLibrary' failed: ModuleNotFoundError: No module named 'src'
Traceback (most recent call last):
  File "D:\FusionTestFramework\src\MobileTestLibrary\__init__.py", line 1, in &lt;module&gt;
    from src.MobileTestLibrary.ExtendedAppiumLibrary import ExtendedAppiumLibrary
PYTHONPATH:
  D:\FusionTestFramework\src
  d:\FusionTestFramework\com.playgroundxyz.vision_project
  C:\Users\ZMO-WIN-ShrikantL-01\AppData\Local\Programs\Python\Python311\python311.zip
  C:\Users\ZMO-WIN-ShrikantL-01\AppData\Local\Programs\Python\Python311\DLLs
  C:\Users\ZMO-WIN-ShrikantL-01\AppData\Local\Programs\Python\Python311\Lib
  C:\Users\ZMO-WIN-ShrikantL-01\AppData\Local\Programs\Python\Python311
  D:\FusionTestFramework\venv
  D:\FusionTestFramework\venv\Lib\site-packages</msg>
<msg timestamp="20230316 21:40:07.139" level="ERROR">Error in file 'D:\FusionTestFramework\com.playgroundxyz.vision_project\com.playgroundxyz.vision_project.PageObject\com.playgroundxyz.vision_project.PageObject.keywords\Allow Permission page keywords.resource' on line 4: Importing library 'D:\FusionTestFramework\src\WebApplicationTestLibrary' failed: ModuleNotFoundError: No module named 'SeleniumLibrary'
Traceback (most recent call last):
  File "D:\FusionTestFramework\src\WebApplicationTestLibrary\__init__.py", line 3, in &lt;module&gt;
    from WebApplicationTestLibrary.SeleniumUtils import SeleniumUtils
  File "D:\FusionTestFramework\src\WebApplicationTestLibrary\SeleniumUtils.py", line 2, in &lt;module&gt;
    from SeleniumLibrary import SeleniumLibrary
PYTHONPATH:
  D:\FusionTestFramework\src
  d:\FusionTestFramework\com.playgroundxyz.vision_project
  C:\Users\ZMO-WIN-ShrikantL-01\AppData\Local\Programs\Python\Python311\python311.zip
  C:\Users\ZMO-WIN-ShrikantL-01\AppData\Local\Programs\Python\Python311\DLLs
  C:\Users\ZMO-WIN-ShrikantL-01\AppData\Local\Programs\Python\Python311\Lib
  C:\Users\ZMO-WIN-ShrikantL-01\AppData\Local\Programs\Python\Python311
  D:\FusionTestFramework\venv
  D:\FusionTestFramework\venv\Lib\site-packages</msg>
<msg timestamp="20230316 21:40:07.152" level="ERROR">Error in file 'D:\FusionTestFramework\com.playgroundxyz.vision_project\com.playgroundxyz.vision_project.PageObject\com.playgroundxyz.vision_project.PageObject.keywords\Allow Permission page keywords.resource' on line 5: Processing variable file 'D:\FusionTestFramework\com.playgroundxyz.vision_project\com.playgroundxyz.vision_project.ConfigFiles\configuration.py' failed: Importing variable file 'D:\FusionTestFramework\com.playgroundxyz.vision_project\com.playgroundxyz.vision_project.ConfigFiles\configuration.py' failed: ModuleNotFoundError: No module named 'MobileTestLibrary'
Traceback (most recent call last):
  File "D:\FusionTestFramework\com.playgroundxyz.vision_project\com.playgroundxyz.vision_project.ConfigFiles\configuration.py", line 3, in &lt;module&gt;
    from MobileTestLibrary.JsonFileReader import read_Json_file
PYTHONPATH:
  D:\FusionTestFramework\com.playgroundxyz.vision_project\com.playgroundxyz.vision_project.ConfigFiles
  d:\FusionTestFramework\com.playgroundxyz.vision_project
  C:\Users\ZMO-WIN-ShrikantL-01\AppData\Local\Programs\Python\Python311\python311.zip
  C:\Users\ZMO-WIN-ShrikantL-01\AppData\Local\Programs\Python\Python311\DLLs
  C:\Users\ZMO-WIN-ShrikantL-01\AppData\Local\Programs\Python\Python311\Lib
  C:\Users\ZMO-WIN-ShrikantL-01\AppData\Local\Programs\Python\Python311
  D:\FusionTestFramework\venv
  D:\FusionTestFramework\venv\Lib\site-packages</msg>
<msg timestamp="20230316 21:40:07.166" level="ERROR">Error in file 'D:\FusionTestFramework\com.playgroundxyz.vision_project\com.playgroundxyz.vision_project.PageObject\com.playgroundxyz.vision_project.PageObject.keywords\LetsSetupYourEyeTrackingKeywords.resource' on line 4: Importing library 'D:\FusionTestFramework\src\MobileTestLibrary' failed: ModuleNotFoundError: No module named 'src'
Traceback (most recent call last):
  File "D:\FusionTestFramework\src\MobileTestLibrary\__init__.py", line 1, in &lt;module&gt;
    from src.MobileTestLibrary.ExtendedAppiumLibrary import ExtendedAppiumLibrary
PYTHONPATH:
  D:\FusionTestFramework\src
  d:\FusionTestFramework\com.playgroundxyz.vision_project
  C:\Users\ZMO-WIN-ShrikantL-01\AppData\Local\Programs\Python\Python311\python311.zip
  C:\Users\ZMO-WIN-ShrikantL-01\AppData\Local\Programs\Python\Python311\DLLs
  C:\Users\ZMO-WIN-ShrikantL-01\AppData\Local\Programs\Python\Python311\Lib
  C:\Users\ZMO-WIN-ShrikantL-01\AppData\Local\Programs\Python\Python311
  D:\FusionTestFramework\venv
  D:\FusionTestFramework\venv\Lib\site-packages</msg>
<msg timestamp="20230316 21:40:07.181" level="ERROR">Error in file 'D:\FusionTestFramework\com.playgroundxyz.vision_project\com.playgroundxyz.vision_project.PageObject\com.playgroundxyz.vision_project.PageObject.keywords\welcome page journey keywords.resource' on line 3: Importing library 'D:\FusionTestFramework\src\MobileTestLibrary' failed: ModuleNotFoundError: No module named 'src'
Traceback (most recent call last):
  File "D:\FusionTestFramework\src\MobileTestLibrary\__init__.py", line 1, in &lt;module&gt;
    from src.MobileTestLibrary.ExtendedAppiumLibrary import ExtendedAppiumLibrary
PYTHONPATH:
  D:\FusionTestFramework\src
  d:\FusionTestFramework\com.playgroundxyz.vision_project
  C:\Users\ZMO-WIN-ShrikantL-01\AppData\Local\Programs\Python\Python311\python311.zip
  C:\Users\ZMO-WIN-ShrikantL-01\AppData\Local\Programs\Python\Python311\DLLs
  C:\Users\ZMO-WIN-ShrikantL-01\AppData\Local\Programs\Python\Python311\Lib
  C:\Users\ZMO-WIN-ShrikantL-01\AppData\Local\Programs\Python\Python311
  D:\FusionTestFramework\venv
  D:\FusionTestFramework\venv\Lib\site-packages</msg>
<msg timestamp="20230316 21:40:07.196" level="ERROR">Error in file 'D:\FusionTestFramework\com.playgroundxyz.vision_project\com.playgroundxyz.vision_project.PageObject\com.playgroundxyz.vision_project.PageObject.keywords\QR_Code_page_keywords.resource' on line 3: Importing library 'D:\FusionTestFramework\src\WebApplicationTestLibrary' failed: ModuleNotFoundError: No module named 'SeleniumLibrary'
Traceback (most recent call last):
  File "D:\FusionTestFramework\src\WebApplicationTestLibrary\__init__.py", line 3, in &lt;module&gt;
    from WebApplicationTestLibrary.SeleniumUtils import SeleniumUtils
  File "D:\FusionTestFramework\src\WebApplicationTestLibrary\SeleniumUtils.py", line 2, in &lt;module&gt;
    from SeleniumLibrary import SeleniumLibrary
PYTHONPATH:
  D:\FusionTestFramework\src
  d:\FusionTestFramework\com.playgroundxyz.vision_project
  C:\Users\ZMO-WIN-ShrikantL-01\AppData\Local\Programs\Python\Python311\python311.zip
  C:\Users\ZMO-WIN-ShrikantL-01\AppData\Local\Programs\Python\Python311\DLLs
  C:\Users\ZMO-WIN-ShrikantL-01\AppData\Local\Programs\Python\Python311\Lib
  C:\Users\ZMO-WIN-ShrikantL-01\AppData\Local\Programs\Python\Python311
  D:\FusionTestFramework\venv
  D:\FusionTestFramework\venv\Lib\site-packages</msg>
<msg timestamp="20230316 21:40:07.207" level="ERROR">Error in file 'D:\FusionTestFramework\com.playgroundxyz.vision_project\com.playgroundxyz.vision_project.PageObject\com.playgroundxyz.vision_project.PageObject.keywords\launch_flow_keywords.resource' on line 3: Importing library 'D:\FusionTestFramework\src\MobileTestLibrary' failed: ModuleNotFoundError: No module named 'src'
Traceback (most recent call last):
  File "D:\FusionTestFramework\src\MobileTestLibrary\__init__.py", line 1, in &lt;module&gt;
    from src.MobileTestLibrary.ExtendedAppiumLibrary import ExtendedAppiumLibrary
PYTHONPATH:
  D:\FusionTestFramework\src
  d:\FusionTestFramework\com.playgroundxyz.vision_project
  C:\Users\ZMO-WIN-ShrikantL-01\AppData\Local\Programs\Python\Python311\python311.zip
  C:\Users\ZMO-WIN-ShrikantL-01\AppData\Local\Programs\Python\Python311\DLLs
  C:\Users\ZMO-WIN-ShrikantL-01\AppData\Local\Programs\Python\Python311\Lib
  C:\Users\ZMO-WIN-ShrikantL-01\AppData\Local\Programs\Python\Python311
  D:\FusionTestFramework\venv
  D:\FusionTestFramework\venv\Lib\site-packages</msg>
<msg timestamp="20230316 21:40:07.219" level="ERROR">Error in file 'D:\FusionTestFramework\com.playgroundxyz.vision_project\com.playgroundxyz.vision_project.PageObject\com.playgroundxyz.vision_project.PageObject.keywords\launch_flow_keywords.resource' on line 4: Importing library 'D:\FusionTestFramework\src\WebApplicationTestLibrary' failed: ModuleNotFoundError: No module named 'SeleniumLibrary'
Traceback (most recent call last):
  File "D:\FusionTestFramework\src\WebApplicationTestLibrary\__init__.py", line 3, in &lt;module&gt;
    from WebApplicationTestLibrary.SeleniumUtils import SeleniumUtils
  File "D:\FusionTestFramework\src\WebApplicationTestLibrary\SeleniumUtils.py", line 2, in &lt;module&gt;
    from SeleniumLibrary import SeleniumLibrary
PYTHONPATH:
  D:\FusionTestFramework\src
  d:\FusionTestFramework\com.playgroundxyz.vision_project
  C:\Users\ZMO-WIN-ShrikantL-01\AppData\Local\Programs\Python\Python311\python311.zip
  C:\Users\ZMO-WIN-ShrikantL-01\AppData\Local\Programs\Python\Python311\DLLs
  C:\Users\ZMO-WIN-ShrikantL-01\AppData\Local\Programs\Python\Python311\Lib
  C:\Users\ZMO-WIN-ShrikantL-01\AppData\Local\Programs\Python\Python311
  D:\FusionTestFramework\venv
  D:\FusionTestFramework\venv\Lib\site-packages</msg>
<msg timestamp="20230316 21:40:07.265" level="ERROR">Error in file 'D:\FusionTestFramework\com.playgroundxyz.vision_project\com.playgroundxyz.vision_project.PageObject\com.playgroundxyz.vision_project.PageObject.keywords\Setup keywords.resource' on line 3: Importing library 'D:\FusionTestFramework\src\MobileTestLibrary' failed: ModuleNotFoundError: No module named 'src'
Traceback (most recent call last):
  File "D:\FusionTestFramework\src\MobileTestLibrary\__init__.py", line 1, in &lt;module&gt;
    from src.MobileTestLibrary.ExtendedAppiumLibrary import ExtendedAppiumLibrary
PYTHONPATH:
  D:\FusionTestFramework\src
  d:\FusionTestFramework\com.playgroundxyz.vision_project
  C:\Users\ZMO-WIN-ShrikantL-01\AppData\Local\Programs\Python\Python311\python311.zip
  C:\Users\ZMO-WIN-ShrikantL-01\AppData\Local\Programs\Python\Python311\DLLs
  C:\Users\ZMO-WIN-ShrikantL-01\AppData\Local\Programs\Python\Python311\Lib
  C:\Users\ZMO-WIN-ShrikantL-01\AppData\Local\Programs\Python\Python311
  D:\FusionTestFramework\venv
  D:\FusionTestFramework\venv\Lib\site-packages</msg>
<msg timestamp="20230316 21:40:07.345" level="ERROR">Error in file 'D:\FusionTestFramework\com.playgroundxyz.vision_project\com.playgroundxyz.vision_project.PageObject\com.playgroundxyz.vision_project.PageObject.keywords\Setup keywords.resource' on line 4: Importing library 'D:\FusionTestFramework\src\WebApplicationTestLibrary' failed: ModuleNotFoundError: No module named 'SeleniumLibrary'
Traceback (most recent call last):
  File "D:\FusionTestFramework\src\WebApplicationTestLibrary\__init__.py", line 3, in &lt;module&gt;
    from WebApplicationTestLibrary.SeleniumUtils import SeleniumUtils
  File "D:\FusionTestFramework\src\WebApplicationTestLibrary\SeleniumUtils.py", line 2, in &lt;module&gt;
    from SeleniumLibrary import SeleniumLibrary
PYTHONPATH:
  D:\FusionTestFramework\src
  d:\FusionTestFramework\com.playgroundxyz.vision_project
  C:\Users\ZMO-WIN-ShrikantL-01\AppData\Local\Programs\Python\Python311\python311.zip
  C:\Users\ZMO-WIN-ShrikantL-01\AppData\Local\Programs\Python\Python311\DLLs
  C:\Users\ZMO-WIN-ShrikantL-01\AppData\Local\Programs\Python\Python311\Lib
  C:\Users\ZMO-WIN-ShrikantL-01\AppData\Local\Programs\Python\Python311
  D:\FusionTestFramework\venv
  D:\FusionTestFramework\venv\Lib\site-packages</msg>
<msg timestamp="20230316 21:40:07.363" level="ERROR">Error in file 'D:\FusionTestFramework\com.playgroundxyz.vision_project\com.playgroundxyz.vision_project.PageObject\com.playgroundxyz.vision_project.PageObject.keywords\EyeGazeValiidationKeywords.resource' on line 5: Importing library 'D:\FusionTestFramework\src\MobileTestLibrary' failed: ModuleNotFoundError: No module named 'src'
Traceback (most recent call last):
  File "D:\FusionTestFramework\src\MobileTestLibrary\__init__.py", line 1, in &lt;module&gt;
    from src.MobileTestLibrary.ExtendedAppiumLibrary import ExtendedAppiumLibrary
PYTHONPATH:
  D:\FusionTestFramework\src
  d:\FusionTestFramework\com.playgroundxyz.vision_project
  C:\Users\ZMO-WIN-ShrikantL-01\AppData\Local\Programs\Python\Python311\python311.zip
  C:\Users\ZMO-WIN-ShrikantL-01\AppData\Local\Programs\Python\Python311\DLLs
  C:\Users\ZMO-WIN-ShrikantL-01\AppData\Local\Programs\Python\Python311\Lib
  C:\Users\ZMO-WIN-ShrikantL-01\AppData\Local\Programs\Python\Python311
  D:\FusionTestFramework\venv
  D:\FusionTestFramework\venv\Lib\site-packages</msg>
<msg timestamp="20230316 21:40:07.416" level="ERROR">Error in file 'D:\FusionTestFramework\com.playgroundxyz.vision_project\com.playgroundxyz.vision_project.PageObject\com.playgroundxyz.vision_project.PageObject.keywords\Allow Permission page keywords.resource' on line 3: Importing library 'D:\FusionTestFramework\src\MobileTestLibrary' failed: ModuleNotFoundError: No module named 'src'
Traceback (most recent call last):
  File "D:\FusionTestFramework\src\MobileTestLibrary\__init__.py", line 1, in &lt;module&gt;
    from src.MobileTestLibrary.ExtendedAppiumLibrary import ExtendedAppiumLibrary
PYTHONPATH:
  D:\FusionTestFramework\src
  d:\FusionTestFramework\com.playgroundxyz.vision_project
  C:\Users\ZMO-WIN-ShrikantL-01\AppData\Local\Programs\Python\Python311\python311.zip
  C:\Users\ZMO-WIN-ShrikantL-01\AppData\Local\Programs\Python\Python311\DLLs
  C:\Users\ZMO-WIN-ShrikantL-01\AppData\Local\Programs\Python\Python311\Lib
  C:\Users\ZMO-WIN-ShrikantL-01\AppData\Local\Programs\Python\Python311
  D:\FusionTestFramework\venv
  D:\FusionTestFramework\venv\Lib\site-packages</msg>
<msg timestamp="20230316 21:40:07.424" level="ERROR">Error in file 'D:\FusionTestFramework\com.playgroundxyz.vision_project\com.playgroundxyz.vision_project.PageObject\com.playgroundxyz.vision_project.PageObject.keywords\Allow Permission page keywords.resource' on line 4: Importing library 'D:\FusionTestFramework\src\WebApplicationTestLibrary' failed: ModuleNotFoundError: No module named 'SeleniumLibrary'
Traceback (most recent call last):
  File "D:\FusionTestFramework\src\WebApplicationTestLibrary\__init__.py", line 3, in &lt;module&gt;
    from WebApplicationTestLibrary.SeleniumUtils import SeleniumUtils
  File "D:\FusionTestFramework\src\WebApplicationTestLibrary\SeleniumUtils.py", line 2, in &lt;module&gt;
    from SeleniumLibrary import SeleniumLibrary
PYTHONPATH:
  D:\FusionTestFramework\src
  d:\FusionTestFramework\com.playgroundxyz.vision_project
  C:\Users\ZMO-WIN-ShrikantL-01\AppData\Local\Programs\Python\Python311\python311.zip
  C:\Users\ZMO-WIN-ShrikantL-01\AppData\Local\Programs\Python\Python311\DLLs
  C:\Users\ZMO-WIN-ShrikantL-01\AppData\Local\Programs\Python\Python311\Lib
  C:\Users\ZMO-WIN-ShrikantL-01\AppData\Local\Programs\Python\Python311
  D:\FusionTestFramework\venv
  D:\FusionTestFramework\venv\Lib\site-packages</msg>
<msg timestamp="20230316 21:40:07.434" level="ERROR">Error in file 'D:\FusionTestFramework\com.playgroundxyz.vision_project\com.playgroundxyz.vision_project.PageObject\com.playgroundxyz.vision_project.PageObject.keywords\Allow Permission page keywords.resource' on line 5: Processing variable file 'D:\FusionTestFramework\com.playgroundxyz.vision_project\com.playgroundxyz.vision_project.ConfigFiles\configuration.py' failed: Importing variable file 'D:\FusionTestFramework\com.playgroundxyz.vision_project\com.playgroundxyz.vision_project.ConfigFiles\configuration.py' failed: ModuleNotFoundError: No module named 'MobileTestLibrary'
Traceback (most recent call last):
  File "D:\FusionTestFramework\com.playgroundxyz.vision_project\com.playgroundxyz.vision_project.ConfigFiles\configuration.py", line 3, in &lt;module&gt;
    from MobileTestLibrary.JsonFileReader import read_Json_file
PYTHONPATH:
  D:\FusionTestFramework\com.playgroundxyz.vision_project\com.playgroundxyz.vision_project.ConfigFiles
  d:\FusionTestFramework\com.playgroundxyz.vision_project
  C:\Users\ZMO-WIN-ShrikantL-01\AppData\Local\Programs\Python\Python311\python311.zip
  C:\Users\ZMO-WIN-ShrikantL-01\AppData\Local\Programs\Python\Python311\DLLs
  C:\Users\ZMO-WIN-ShrikantL-01\AppData\Local\Programs\Python\Python311\Lib
  C:\Users\ZMO-WIN-ShrikantL-01\AppData\Local\Programs\Python\Python311
  D:\FusionTestFramework\venv
  D:\FusionTestFramework\venv\Lib\site-packages</msg>
<msg timestamp="20230316 21:40:07.446" level="ERROR">Error in file 'D:\FusionTestFramework\com.playgroundxyz.vision_project\com.playgroundxyz.vision_project.PageObject\com.playgroundxyz.vision_project.PageObject.keywords\LetsSetupYourEyeTrackingKeywords.resource' on line 4: Importing library 'D:\FusionTestFramework\src\MobileTestLibrary' failed: ModuleNotFoundError: No module named 'src'
Traceback (most recent call last):
  File "D:\FusionTestFramework\src\MobileTestLibrary\__init__.py", line 1, in &lt;module&gt;
    from src.MobileTestLibrary.ExtendedAppiumLibrary import ExtendedAppiumLibrary
PYTHONPATH:
  D:\FusionTestFramework\src
  d:\FusionTestFramework\com.playgroundxyz.vision_project
  C:\Users\ZMO-WIN-ShrikantL-01\AppData\Local\Programs\Python\Python311\python311.zip
  C:\Users\ZMO-WIN-ShrikantL-01\AppData\Local\Programs\Python\Python311\DLLs
  C:\Users\ZMO-WIN-ShrikantL-01\AppData\Local\Programs\Python\Python311\Lib
  C:\Users\ZMO-WIN-ShrikantL-01\AppData\Local\Programs\Python\Python311
  D:\FusionTestFramework\venv
  D:\FusionTestFramework\venv\Lib\site-packages</msg>
<msg timestamp="20230316 21:40:07.456" level="ERROR">Error in file 'D:\FusionTestFramework\com.playgroundxyz.vision_project\com.playgroundxyz.vision_project.PageObject\com.playgroundxyz.vision_project.PageObject.keywords\welcome page journey keywords.resource' on line 3: Importing library 'D:\FusionTestFramework\src\MobileTestLibrary' failed: ModuleNotFoundError: No module named 'src'
Traceback (most recent call last):
  File "D:\FusionTestFramework\src\MobileTestLibrary\__init__.py", line 1, in &lt;module&gt;
    from src.MobileTestLibrary.ExtendedAppiumLibrary import ExtendedAppiumLibrary
PYTHONPATH:
  D:\FusionTestFramework\src
  d:\FusionTestFramework\com.playgroundxyz.vision_project
  C:\Users\ZMO-WIN-ShrikantL-01\AppData\Local\Programs\Python\Python311\python311.zip
  C:\Users\ZMO-WIN-ShrikantL-01\AppData\Local\Programs\Python\Python311\DLLs
  C:\Users\ZMO-WIN-ShrikantL-01\AppData\Local\Programs\Python\Python311\Lib
  C:\Users\ZMO-WIN-ShrikantL-01\AppData\Local\Programs\Python\Python311
  D:\FusionTestFramework\venv
  D:\FusionTestFramework\venv\Lib\site-packages</msg>
<msg timestamp="20230316 21:40:07.468" level="ERROR">Error in file 'D:\FusionTestFramework\com.playgroundxyz.vision_project\com.playgroundxyz.vision_project.PageObject\com.playgroundxyz.vision_project.PageObject.keywords\QR_Code_page_keywords.resource' on line 3: Importing library 'D:\FusionTestFramework\src\WebApplicationTestLibrary' failed: ModuleNotFoundError: No module named 'SeleniumLibrary'
Traceback (most recent call last):
  File "D:\FusionTestFramework\src\WebApplicationTestLibrary\__init__.py", line 3, in &lt;module&gt;
    from WebApplicationTestLibrary.SeleniumUtils import SeleniumUtils
  File "D:\FusionTestFramework\src\WebApplicationTestLibrary\SeleniumUtils.py", line 2, in &lt;module&gt;
    from SeleniumLibrary import SeleniumLibrary
PYTHONPATH:
  D:\FusionTestFramework\src
  d:\FusionTestFramework\com.playgroundxyz.vision_project
  C:\Users\ZMO-WIN-ShrikantL-01\AppData\Local\Programs\Python\Python311\python311.zip
  C:\Users\ZMO-WIN-ShrikantL-01\AppData\Local\Programs\Python\Python311\DLLs
  C:\Users\ZMO-WIN-ShrikantL-01\AppData\Local\Programs\Python\Python311\Lib
  C:\Users\ZMO-WIN-ShrikantL-01\AppData\Local\Programs\Python\Python311
  D:\FusionTestFramework\venv
  D:\FusionTestFramework\venv\Lib\site-packages</msg>
<msg timestamp="20230316 21:40:07.484" level="ERROR">Error in file 'D:\FusionTestFramework\com.playgroundxyz.vision_project\com.playgroundxyz.vision_project.PageObject\com.playgroundxyz.vision_project.PageObject.keywords\launch_flow_keywords.resource' on line 3: Importing library 'D:\FusionTestFramework\src\MobileTestLibrary' failed: ModuleNotFoundError: No module named 'src'
Traceback (most recent call last):
  File "D:\FusionTestFramework\src\MobileTestLibrary\__init__.py", line 1, in &lt;module&gt;
    from src.MobileTestLibrary.ExtendedAppiumLibrary import ExtendedAppiumLibrary
PYTHONPATH:
  D:\FusionTestFramework\src
  d:\FusionTestFramework\com.playgroundxyz.vision_project
  C:\Users\ZMO-WIN-ShrikantL-01\AppData\Local\Programs\Python\Python311\python311.zip
  C:\Users\ZMO-WIN-ShrikantL-01\AppData\Local\Programs\Python\Python311\DLLs
  C:\Users\ZMO-WIN-ShrikantL-01\AppData\Local\Programs\Python\Python311\Lib
  C:\Users\ZMO-WIN-ShrikantL-01\AppData\Local\Programs\Python\Python311
  D:\FusionTestFramework\venv
  D:\FusionTestFramework\venv\Lib\site-packages</msg>
<msg timestamp="20230316 21:40:07.494" level="ERROR">Error in file 'D:\FusionTestFramework\com.playgroundxyz.vision_project\com.playgroundxyz.vision_project.PageObject\com.playgroundxyz.vision_project.PageObject.keywords\launch_flow_keywords.resource' on line 4: Importing library 'D:\FusionTestFramework\src\WebApplicationTestLibrary' failed: ModuleNotFoundError: No module named 'SeleniumLibrary'
Traceback (most recent call last):
  File "D:\FusionTestFramework\src\WebApplicationTestLibrary\__init__.py", line 3, in &lt;module&gt;
    from WebApplicationTestLibrary.SeleniumUtils import SeleniumUtils
  File "D:\FusionTestFramework\src\WebApplicationTestLibrary\SeleniumUtils.py", line 2, in &lt;module&gt;
    from SeleniumLibrary import SeleniumLibrary
PYTHONPATH:
  D:\FusionTestFramework\src
  d:\FusionTestFramework\com.playgroundxyz.vision_project
  C:\Users\ZMO-WIN-ShrikantL-01\AppData\Local\Programs\Python\Python311\python311.zip
  C:\Users\ZMO-WIN-ShrikantL-01\AppData\Local\Programs\Python\Python311\DLLs
  C:\Users\ZMO-WIN-ShrikantL-01\AppData\Local\Programs\Python\Python311\Lib
  C:\Users\ZMO-WIN-ShrikantL-01\AppData\Local\Programs\Python\Python311
  D:\FusionTestFramework\venv
  D:\FusionTestFramework\venv\Lib\site-packages</msg>
<msg timestamp="20230316 21:40:07.505" level="ERROR">Error in file 'D:\FusionTestFramework\com.playgroundxyz.vision_project\com.playgroundxyz.vision_project.PageObject\com.playgroundxyz.vision_project.PageObject.keywords\Setup keywords.resource' on line 3: Importing library 'D:\FusionTestFramework\src\MobileTestLibrary' failed: ModuleNotFoundError: No module named 'src'
Traceback (most recent call last):
  File "D:\FusionTestFramework\src\MobileTestLibrary\__init__.py", line 1, in &lt;module&gt;
    from src.MobileTestLibrary.ExtendedAppiumLibrary import ExtendedAppiumLibrary
PYTHONPATH:
  D:\FusionTestFramework\src
  d:\FusionTestFramework\com.playgroundxyz.vision_project
  C:\Users\ZMO-WIN-ShrikantL-01\AppData\Local\Programs\Python\Python311\python311.zip
  C:\Users\ZMO-WIN-ShrikantL-01\AppData\Local\Programs\Python\Python311\DLLs
  C:\Users\ZMO-WIN-ShrikantL-01\AppData\Local\Programs\Python\Python311\Lib
  C:\Users\ZMO-WIN-ShrikantL-01\AppData\Local\Programs\Python\Python311
  D:\FusionTestFramework\venv
  D:\FusionTestFramework\venv\Lib\site-packages</msg>
<msg timestamp="20230316 21:40:07.515" level="ERROR">Error in file 'D:\FusionTestFramework\com.playgroundxyz.vision_project\com.playgroundxyz.vision_project.PageObject\com.playgroundxyz.vision_project.PageObject.keywords\Setup keywords.resource' on line 4: Importing library 'D:\FusionTestFramework\src\WebApplicationTestLibrary' failed: ModuleNotFoundError: No module named 'SeleniumLibrary'
Traceback (most recent call last):
  File "D:\FusionTestFramework\src\WebApplicationTestLibrary\__init__.py", line 3, in &lt;module&gt;
    from WebApplicationTestLibrary.SeleniumUtils import SeleniumUtils
  File "D:\FusionTestFramework\src\WebApplicationTestLibrary\SeleniumUtils.py", line 2, in &lt;module&gt;
    from SeleniumLibrary import SeleniumLibrary
PYTHONPATH:
  D:\FusionTestFramework\src
  d:\FusionTestFramework\com.playgroundxyz.vision_project
  C:\Users\ZMO-WIN-ShrikantL-01\AppData\Local\Programs\Python\Python311\python311.zip
  C:\Users\ZMO-WIN-ShrikantL-01\AppData\Local\Programs\Python\Python311\DLLs
  C:\Users\ZMO-WIN-ShrikantL-01\AppData\Local\Programs\Python\Python311\Lib
  C:\Users\ZMO-WIN-ShrikantL-01\AppData\Local\Programs\Python\Python311
  D:\FusionTestFramework\venv
  D:\FusionTestFramework\venv\Lib\site-packages</msg>
<msg timestamp="20230316 21:40:07.527" level="ERROR">Error in file 'D:\FusionTestFramework\com.playgroundxyz.vision_project\com.playgroundxyz.vision_project.PageObject\com.playgroundxyz.vision_project.PageObject.keywords\EyeGazeValiidationKeywords.resource' on line 5: Importing library 'D:\FusionTestFramework\src\MobileTestLibrary' failed: ModuleNotFoundError: No module named 'src'
Traceback (most recent call last):
  File "D:\FusionTestFramework\src\MobileTestLibrary\__init__.py", line 1, in &lt;module&gt;
    from src.MobileTestLibrary.ExtendedAppiumLibrary import ExtendedAppiumLibrary
PYTHONPATH:
  D:\FusionTestFramework\src
  d:\FusionTestFramework\com.playgroundxyz.vision_project
  C:\Users\ZMO-WIN-ShrikantL-01\AppData\Local\Programs\Python\Python311\python311.zip
  C:\Users\ZMO-WIN-ShrikantL-01\AppData\Local\Programs\Python\Python311\DLLs
  C:\Users\ZMO-WIN-ShrikantL-01\AppData\Local\Programs\Python\Python311\Lib
  C:\Users\ZMO-WIN-ShrikantL-01\AppData\Local\Programs\Python\Python311
  D:\FusionTestFramework\venv
  D:\FusionTestFramework\venv\Lib\site-packages</msg>
<msg timestamp="20230316 21:40:07.563" level="ERROR">Error in file 'D:\FusionTestFramework\com.playgroundxyz.vision_project\com.playgroundxyz.vision_project.TestcaseSuite\TC006 - sample.robot' on line 2: Importing library 'D:\FusionTestFramework\src\DBTestExtendedLibrary.py' failed: ModuleNotFoundError: No module named 'RPA'
Traceback (most recent call last):
  File "D:\FusionTestFramework\src\DBTestExtendedLibrary.py", line 3, in &lt;module&gt;
    from RPA.Database import Database
PYTHONPATH:
  D:\FusionTestFramework\src
  d:\FusionTestFramework\com.playgroundxyz.vision_project
  C:\Users\ZMO-WIN-ShrikantL-01\AppData\Local\Programs\Python\Python311\python311.zip
  C:\Users\ZMO-WIN-ShrikantL-01\AppData\Local\Programs\Python\Python311\DLLs
  C:\Users\ZMO-WIN-ShrikantL-01\AppData\Local\Programs\Python\Python311\Lib
  C:\Users\ZMO-WIN-ShrikantL-01\AppData\Local\Programs\Python\Python311
  D:\FusionTestFramework\venv
  D:\FusionTestFramework\venv\Lib\site-packages</msg>
</errors>
</robot>
