<?xml version="1.0" encoding="UTF-8"?>
<robot generator="Robot 5.0.1 (Python 3.9.13 on win32)" generated="20230316 21:37:30.982" rpa="false" schemaversion="3">
<suite id="s1" name="Example" source="D:\FusionTestFramework\com.playgroundxyz.vision_project\com.playgroundxyz.vision_project.TestcaseSuite">
<suite id="s1-s1" name="TC001 - Tap on 'Privacy policy' and verify user is landing on Privacy policy page" source="D:\FusionTestFramework\com.playgroundxyz.vision_project\com.playgroundxyz.vision_project.TestcaseSuite\TC001 - Tap on 'Privacy policy' and verify user is landing on Privacy policy page.robot">
<kw name="Setup before suit start" library="Setup keywords" type="SETUP">
<kw name="MobileTestLibrary.Start Appium Service">
<msg timestamp="20230316 21:37:32.098" level="FAIL">No keyword with name 'MobileTestLibrary.Start Appium Service' found.</msg>
<status status="FAIL" starttime="20230316 21:37:32.098" endtime="20230316 21:37:32.098"/>
</kw>
<kw name="Set Log Level" library="BuiltIn">
<arg>DEBUG</arg>
<doc>Sets the log threshold to the specified level and returns the old level.</doc>
<status status="NOT RUN" starttime="20230316 21:37:32.099" endtime="20230316 21:37:32.099"/>
</kw>
<kw name="Log To Console" library="BuiltIn">
<arg>Appium server started .....</arg>
<doc>Logs the given message to the console.</doc>
<status status="NOT RUN" starttime="20230316 21:37:32.100" endtime="20230316 21:37:32.100"/>
</kw>
<status status="FAIL" starttime="20230316 21:37:32.080" endtime="20230316 21:37:32.101"/>
</kw>
<test id="s1-s1-t1" name="Tap on 'Privacy policy' and verify user is landing on Privacy policy page" line="11">
<doc>Verification that Google Play button redirecting user to Vision Project on play store</doc>
<tag>regression</tag>
<status status="FAIL" starttime="20230316 21:37:32.102" endtime="20230316 21:37:32.108">Parent suite setup failed:
No keyword with name 'MobileTestLibrary.Start Appium Service' found.</status>
</test>
<kw name="tearDown" library="Setup keywords" type="TEARDOWN">
<kw name="MobileTestLibrary.Stop Appium Service">
<msg timestamp="20230316 21:37:32.130" level="FAIL">No keyword with name 'MobileTestLibrary.Stop Appium Service' found.</msg>
<status status="FAIL" starttime="20230316 21:37:32.130" endtime="20230316 21:37:32.130"/>
</kw>
<status status="FAIL" starttime="20230316 21:37:32.111" endtime="20230316 21:37:32.130">No keyword with name 'MobileTestLibrary.Stop Appium Service' found.</status>
</kw>
<status status="FAIL" starttime="20230316 21:37:31.061" endtime="20230316 21:37:32.131">Suite setup failed:
No keyword with name 'MobileTestLibrary.Start Appium Service' found.

Also suite teardown failed:
No keyword with name 'MobileTestLibrary.Stop Appium Service' found.</status>
</suite>
<suite id="s1-s2" name="TC002 - Verify that Deep link URL is providing QR code" source="D:\FusionTestFramework\com.playgroundxyz.vision_project\com.playgroundxyz.vision_project.TestcaseSuite\TC002 - Verify that Deep link URL is providing QR code.robot">
<test id="s1-s2-t1" name="Verify that Deep link URL is providing QR code" line="9">
<kw name="Launch browser and input url" library="Setup keywords" type="SETUP">
<kw name="Open Browser" library="WebApplicationTestLibrary">
<arg>${url}</arg>
<arg>${Browser}</arg>
<arg>executable_path=drivers/chromedriver.exe</arg>
<doc>Opens a new browser instance to the optional ``url``.</doc>
<msg timestamp="20230316 21:37:32.363" level="FAIL">Variable '${url}' not found.</msg>
<status status="FAIL" starttime="20230316 21:37:32.359" endtime="20230316 21:37:32.363"/>
</kw>
<kw name="Maximize Browser Window" library="WebApplicationTestLibrary">
<doc>Maximizes current browser window.</doc>
<status status="NOT RUN" starttime="20230316 21:37:32.364" endtime="20230316 21:37:32.364"/>
</kw>
<status status="FAIL" starttime="20230316 21:37:32.358" endtime="20230316 21:37:32.365"/>
</kw>
<kw name="Close Browser" library="WebApplicationTestLibrary" type="TEARDOWN">
<doc>Closes the current browser.</doc>
<status status="PASS" starttime="20230316 21:37:32.366" endtime="20230316 21:37:32.366"/>
</kw>
<doc>verification of barcode generation of specified link</doc>
<tag>regression</tag>
<status status="FAIL" starttime="20230316 21:37:32.356" endtime="20230316 21:37:32.366">Setup failed:
Variable '${url}' not found.</status>
</test>
<status status="FAIL" starttime="20230316 21:37:32.133" endtime="20230316 21:37:32.371"/>
</suite>
<suite id="s1-s3" name="TC003 - Verify that Google Play button redirecting user to Vision Project on play store" source="D:\FusionTestFramework\com.playgroundxyz.vision_project\com.playgroundxyz.vision_project.TestcaseSuite\TC003 - Verify that Google Play button redirecting user to Vision Project on play store.robot">
<kw name="Setup before suit start" library="Setup keywords" type="SETUP">
<kw name="MobileTestLibrary.Start Appium Service">
<msg timestamp="20230316 21:37:32.740" level="FAIL">No keyword with name 'MobileTestLibrary.Start Appium Service' found.</msg>
<status status="FAIL" starttime="20230316 21:37:32.740" endtime="20230316 21:37:32.740"/>
</kw>
<kw name="Set Log Level" library="BuiltIn">
<arg>DEBUG</arg>
<doc>Sets the log threshold to the specified level and returns the old level.</doc>
<status status="NOT RUN" starttime="20230316 21:37:32.741" endtime="20230316 21:37:32.741"/>
</kw>
<kw name="Log To Console" library="BuiltIn">
<arg>Appium server started .....</arg>
<doc>Logs the given message to the console.</doc>
<status status="NOT RUN" starttime="20230316 21:37:32.741" endtime="20230316 21:37:32.741"/>
</kw>
<status status="FAIL" starttime="20230316 21:37:32.712" endtime="20230316 21:37:32.742"/>
</kw>
<test id="s1-s3-t1" name="Verify that Google Play button redirecting user to Vision Project on play store" line="11">
<doc>Verification that Google Play button redirecting user to Vision Project on play store</doc>
<tag>regression</tag>
<status status="FAIL" starttime="20230316 21:37:32.742" endtime="20230316 21:37:32.744">Parent suite setup failed:
No keyword with name 'MobileTestLibrary.Start Appium Service' found.</status>
</test>
<kw name="tearDown" library="Setup keywords" type="TEARDOWN">
<kw name="MobileTestLibrary.Stop Appium Service">
<msg timestamp="20230316 21:37:32.769" level="FAIL">No keyword with name 'MobileTestLibrary.Stop Appium Service' found.</msg>
<status status="FAIL" starttime="20230316 21:37:32.769" endtime="20230316 21:37:32.769"/>
</kw>
<status status="FAIL" starttime="20230316 21:37:32.745" endtime="20230316 21:37:32.770">No keyword with name 'MobileTestLibrary.Stop Appium Service' found.</status>
</kw>
<status status="FAIL" starttime="20230316 21:37:32.374" endtime="20230316 21:37:32.770">Suite setup failed:
No keyword with name 'MobileTestLibrary.Start Appium Service' found.

Also suite teardown failed:
No keyword with name 'MobileTestLibrary.Stop Appium Service' found.</status>
</suite>
<suite id="s1-s4" name="TC004 - Verify that if social app is not installed on phone then App was not found screen appears" source="D:\FusionTestFramework\com.playgroundxyz.vision_project\com.playgroundxyz.vision_project.TestcaseSuite\TC004 - Verify that if social app is not installed on phone then App was not found screen appears.robot">
<kw name="Setup before suit start" library="Setup keywords" type="SETUP">
<kw name="MobileTestLibrary.Start Appium Service">
<msg timestamp="20230316 21:37:33.137" level="FAIL">No keyword with name 'MobileTestLibrary.Start Appium Service' found.</msg>
<status status="FAIL" starttime="20230316 21:37:33.136" endtime="20230316 21:37:33.137"/>
</kw>
<kw name="Set Log Level" library="BuiltIn">
<arg>DEBUG</arg>
<doc>Sets the log threshold to the specified level and returns the old level.</doc>
<status status="NOT RUN" starttime="20230316 21:37:33.139" endtime="20230316 21:37:33.139"/>
</kw>
<kw name="Log To Console" library="BuiltIn">
<arg>Appium server started .....</arg>
<doc>Logs the given message to the console.</doc>
<status status="NOT RUN" starttime="20230316 21:37:33.140" endtime="20230316 21:37:33.140"/>
</kw>
<status status="FAIL" starttime="20230316 21:37:33.111" endtime="20230316 21:37:33.142"/>
</kw>
<test id="s1-s4-t1" name="Verify that if social app is not installed on phone then App was not found screen appears" line="11">
<doc>Verification that if social app is not installed on phone then App was not found screen appears</doc>
<tag>smoke</tag>
<status status="FAIL" starttime="20230316 21:37:33.142" endtime="20230316 21:37:33.144">Parent suite setup failed:
No keyword with name 'MobileTestLibrary.Start Appium Service' found.</status>
</test>
<kw name="tearDown" library="Setup keywords" type="TEARDOWN">
<kw name="MobileTestLibrary.Stop Appium Service">
<msg timestamp="20230316 21:37:33.164" level="FAIL">No keyword with name 'MobileTestLibrary.Stop Appium Service' found.</msg>
<status status="FAIL" starttime="20230316 21:37:33.164" endtime="20230316 21:37:33.164"/>
</kw>
<status status="FAIL" starttime="20230316 21:37:33.145" endtime="20230316 21:37:33.166">No keyword with name 'MobileTestLibrary.Stop Appium Service' found.</status>
</kw>
<status status="FAIL" starttime="20230316 21:37:32.773" endtime="20230316 21:37:33.166">Suite setup failed:
No keyword with name 'MobileTestLibrary.Start Appium Service' found.

Also suite teardown failed:
No keyword with name 'MobileTestLibrary.Stop Appium Service' found.</status>
</suite>
<suite id="s1-s5" name="TC005 - Verify welcome page journey is as excepted" source="D:\FusionTestFramework\com.playgroundxyz.vision_project\com.playgroundxyz.vision_project.TestcaseSuite\TC005 - Verify welcome page journey is as excepted.robot">
<kw name="Setup before suit start" library="Setup keywords" type="SETUP">
<kw name="MobileTestLibrary.Start Appium Service">
<msg timestamp="20230316 21:37:33.438" level="FAIL">No keyword with name 'MobileTestLibrary.Start Appium Service' found.</msg>
<status status="FAIL" starttime="20230316 21:37:33.438" endtime="20230316 21:37:33.438"/>
</kw>
<kw name="Set Log Level" library="BuiltIn">
<arg>DEBUG</arg>
<doc>Sets the log threshold to the specified level and returns the old level.</doc>
<status status="NOT RUN" starttime="20230316 21:37:33.439" endtime="20230316 21:37:33.440"/>
</kw>
<kw name="Log To Console" library="BuiltIn">
<arg>Appium server started .....</arg>
<doc>Logs the given message to the console.</doc>
<status status="NOT RUN" starttime="20230316 21:37:33.440" endtime="20230316 21:37:33.440"/>
</kw>
<status status="FAIL" starttime="20230316 21:37:33.419" endtime="20230316 21:37:33.441"/>
</kw>
<test id="s1-s5-t1" name="Verify that user is able to paste study link using Paste study link" line="11">
<doc>Verification that user is able to paste study link using Paste study link</doc>
<tag>regression</tag>
<status status="FAIL" starttime="20230316 21:37:33.442" endtime="20230316 21:37:33.449">Parent suite setup failed:
No keyword with name 'MobileTestLibrary.Start Appium Service' found.</status>
</test>
<test id="s1-s5-t2" name="Verify that Help page open up when user taps on help icon&quot;?&quot;" line="21">
<doc>Verification that Help page open up when user taps on help icon"?"</doc>
<tag>regression</tag>
<status status="FAIL" starttime="20230316 21:37:33.451" endtime="20230316 21:37:33.467">Parent suite setup failed:
No keyword with name 'MobileTestLibrary.Start Appium Service' found.</status>
</test>
<kw name="tearDown" library="Setup keywords" type="TEARDOWN">
<kw name="MobileTestLibrary.Stop Appium Service">
<msg timestamp="20230316 21:37:33.497" level="FAIL">No keyword with name 'MobileTestLibrary.Stop Appium Service' found.</msg>
<status status="FAIL" starttime="20230316 21:37:33.497" endtime="20230316 21:37:33.498"/>
</kw>
<status status="FAIL" starttime="20230316 21:37:33.484" endtime="20230316 21:37:33.498">No keyword with name 'MobileTestLibrary.Stop Appium Service' found.</status>
</kw>
<status status="FAIL" starttime="20230316 21:37:33.182" endtime="20230316 21:37:33.498">Suite setup failed:
No keyword with name 'MobileTestLibrary.Start Appium Service' found.

Also suite teardown failed:
No keyword with name 'MobileTestLibrary.Stop Appium Service' found.</status>
</suite>
<suite id="s1-s6" name="TC006 - sample" source="D:\FusionTestFramework\com.playgroundxyz.vision_project\com.playgroundxyz.vision_project.TestcaseSuite\TC006 - sample.robot">
<test id="s1-s6-t1" name="Testcase001" line="7">
<kw name="GET" library="APITestExtendedLibrary">
<var>@{get}</var>
<arg>https://www.google.com/</arg>
<arg>json</arg>
<doc>Sends a GET request.</doc>
<msg timestamp="20230316 21:37:35.666" level="INFO">GET Request : url=https://www.google.com/?json 
 path_url=/?json 
 headers={'User-Agent': 'python-requests/2.28.2', 'Accept-Encoding': 'gzip, deflate', 'Accept': '*/*', 'Connection': 'keep-alive'} 
 body=None 
 </msg>
<msg timestamp="20230316 21:37:35.666" level="INFO">GET Response : url=https://www.google.com/?json 
 status=200, reason=OK 
 headers={'Date': 'Thu, 16 Mar 2023 16:07:35 GMT', 'Expires': '-1', 'Cache-Control': 'private, max-age=0', 'Content-Type': 'text/html; charset=ISO-8859-1', 'P3P': 'CP="This is not a P3P policy! See g.co/p3phelp for more info."', 'Content-Encoding': 'gzip', 'Server': 'gws', 'X-XSS-Protection': '0', 'X-Frame-Options': 'SAMEORIGIN', 'Set-Cookie': '1P_JAR=2023-03-16-16; expires=Sat, 15-Apr-2023 16:07:35 GMT; path=/; domain=.google.com; Secure, AEC=ARSKqsI1VBCf78wz9RklnL1LgmA3KCjOms8CV1-gHHDXtdtXjTE-U5Syp7c; expires=Tue, 12-Sep-2023 16:07:35 GMT; path=/; domain=.google.com; Secure; HttpOnly; SameSite=lax, NID=511=HH16MHkzMF8qBsEIpJV_6jwUgaKU8NkoqM3pmb5v_czvgj7WA_AyvC2wZZ7eHVJOY651s-VYy5_i-mAqbWopEIt7mWH97R-roXvXQrnq-N4XhNAXj8cHlF3lFSYFLXP4aMyHMx1Ox-tZ24ItzMPE622-UaWC0e96VCNuZtLP_hY; expires=Fri, 15-Sep-2023 16:07:35 GMT; path=/; domain=.google.com; HttpOnly', 'Alt-Svc': 'h3=":443"; ma=2592000,h3-29=":443"; ma=2592000', 'Transfer-Encoding': 'chunked'} 
 body=&lt;!doctype html&gt;&lt;html itemscope="" itemtype="http://schema.org/WebPage" lang="en-IN"&gt;&lt;head&gt;&lt;meta content="text/html; charset=UTF-8" http-equiv="Content-Type"&gt;&lt;meta content="/images/branding/googleg/1x/googleg_standard_color_128dp.png" itemprop="image"&gt;&lt;title&gt;Google&lt;/title&gt;&lt;script nonce="exHQ3gbqxjjAuDmhDJK7Zw"&gt;(function(){window.google={kEI:'xz4TZKmXILuQseMP-O67yA0',kEXPI:'0,1359409,6058,207,4804,2316,383,246,5,1129120,1626,1196068,707,170,379920,16114,28684,22430,1362,284,12036,2815,14764,4998,13228,3847,38444,887,1985,2891,4139,4210,3405,606,54143,6546,15757,3,576,1014,1,5445,11471,2652,4,1528,2304,29062,13064,11444,2215,13795,7428,5824,2533,4094,7596,1,39047,2,3111,2,14016,2715,23024,5679,1020,31123,4568,6255,23421,1252,5835,14968,4332,8,7476,445,2,2,1,26632,8155,7381,2,1478,14489,874,6577,13056,8,1921,5608,176,3995,8213,10917,2261,14763,6305,2007,14736,3456,15605,4531,14,82,13247,86,6873,1622,1778,3155,1,1821,1747,2040,154,10950,4069,4412,991,2265,765,426,5680,4,1411,890,2685,55,4665,1213,591,6249,1304,181,29,466,1150,1093,493,1156,108,1128,13024,453,259,1780,3847,2,375,537,1635,357,2,804,282,1551,612,669,1,1169,1074,507,694,269,38,555,202,1330,2037,820,472,149,1460,218,67,300,1050,1393,1170,2,2142,149,3,66,5,658,4,759,2823,399,680,48,517,189,329,4,4,401,412,576,1,2963,986,5,667,1733,279,401,74,156,3,374,169,56,894,43,335,224,220,3,880,256,3,731,1,129,87,8,408,280,3,521,694,174,107,207,1,283,340,2,529,498,11,1368,25,80,564,203,39,118,501,2,458,87,77,810,4,385,402,3,140,581,584,1,346,1,361,261,5226419,303,8798843,3452,795,2,19733,1,1,346,4569,16,23945900,4042142,1964,16672,2894,512,5738,12561,1540,530,687,233,368,1414877',kBL:'mLrg'};google.sn='webhp';google.kHL='en-IN';})();(function(){
var f=this||self;var h,k=[];function l(a){for(var b;a&amp;&amp;(!a.getAttribute||!(b=a.getAttribute("eid")));)a=a.parentNode;return b||h}function m(a){for(var b=null;a&amp;&amp;(!a.getAttribute||!(b=a.getAttribute("leid")));)a=a.parentNode;return b}
function n(a,b,c,d,g){var e="";c||-1!==b.search("&amp;ei=")||(e="&amp;ei="+l(d),-1===b.search("&amp;lei=")&amp;&amp;(d=m(d))&amp;&amp;(e+="&amp;lei="+d));d="";!c&amp;&amp;f._cshid&amp;&amp;-1===b.search("&amp;cshid=")&amp;&amp;"slh"!==a&amp;&amp;(d="&amp;cshid="+f._cshid);c=c||"/"+(g||"gen_204")+"?atyp=i&amp;ct="+a+"&amp;cad="+b+e+"&amp;zx="+Date.now()+d;/^http:/i.test(c)&amp;&amp;"https:"===window.location.protocol&amp;&amp;(google.ml&amp;&amp;google.ml(Error("a"),!1,{src:c,glmm:1}),c="");return c};h=google.kEI;google.getEI=l;google.getLEI=m;google.ml=function(){return null};google.log=function(a,b,c,d,g){if(c=n(a,b,c,d,g)){a=new Image;var e=k.length;k[e]=a;a.onerror=a.onload=a.onabort=function(){delete k[e]};a.src=c}};google.logUrl=n;}).call(this);(function(){google.y={};google.sy=[];google.x=function(a,b){if(a)var c=a.id;else{do c=Math.random();while(google.y[c])}google.y[c]=[a,b];return!1};google.sx=function(a){google.sy.push(a)};google.lm=[];google.plm=function(a){google.lm.push.apply(google.lm,a)};google.lq=[];google.load=function(a,b,c){google.lq.push([[a],b,c])};google.loadAll=function(a,b){google.lq.push([a,b])};google.bx=!1;google.lx=function(){};}).call(this);google.f={};(function(){
document.documentElement.addEventListener("submit",function(b){var a;if(a=b.target){var c=a.getAttribute("data-submitfalse");a="1"===c||"q"===c&amp;&amp;!a.elements.q.value?!0:!1}else a=!1;a&amp;&amp;(b.preventDefault(),b.stopPropagation())},!0);document.documentElement.addEventListener("click",function(b){var a;a:{for(a=b.target;a&amp;&amp;a!==document.documentElement;a=a.parentElement)if("A"===a.tagName){a="1"===a.getAttribute("data-nohref");break a}a=!1}a&amp;&amp;b.preventDefault()},!0);}).call(this);&lt;/script&gt;&lt;style&gt;#gbar,#guser{font-size:13px;padding-top:1px !important;}#gbar{height:22px}#guser{padding-bottom:7px !important;text-align:right}.gbh,.gbd{border-top:1px solid #c9d7f1;font-size:1px}.gbh{height:0;position:absolute;top:24px;width:100%}@media all{.gb1{height:22px;margin-right:.5em;vertical-align:top}#gbar{float:left}}a.gb1,a.gb4{text-decoration:underline !important}a.gb1,a.gb4{color:#00c !important}.gbi .gb4{color:#dd8e27 !important}.gbf .gb4{color:#900 !important}
&lt;/style&gt;&lt;style&gt;body,td,a,p,.h{font-family:arial,sans-serif}body{margin:0;overflow-y:scroll}#gog{padding:3px 8px 0}td{line-height:.8em}.gac_m td{line-height:17px}form{margin-bottom:20px}.h{color:#1558d6}em{font-weight:bold;font-style:normal}.lst{height:25px;width:496px}.gsfi,.lst{font:18px arial,sans-serif}.gsfs{font:17px arial,sans-serif}.ds{display:inline-box;display:inline-block;margin:3px 0 4px;margin-left:4px}input{font-family:inherit}body{background:#fff;color:#000}a{color:#4b11a8;text-decoration:none}a:hover,a:active{text-decoration:underline}.fl a{color:#1558d6}a:visited{color:#4b11a8}.sblc{padding-top:5px}.sblc a{display:block;margin:2px 0;margin-left:13px;font-size:11px}.lsbb{background:#f8f9fa;border:solid 1px;border-color:#dadce0 #70757a #70757a #dadce0;height:30px}.lsbb{display:block}#WqQANb a{display:inline-block;margin:0 12px}.lsb{background:url(/images/nav_logo229.png) 0 -261px repeat-x;border:none;color:#000;cursor:pointer;height:30px;margin:0;outline:0;font:15px arial,sans-serif;vertical-align:top}.lsb:active{background:#dadce0}.lst:focus{outline:none}&lt;/style&gt;&lt;script nonce="exHQ3gbqxjjAuDmhDJK7Zw"&gt;(function(){window.google.erd={jsr:1,bv:1760,de:true};
var h=this||self;var k,l=null!=(k=h.mei)?k:1,n,p=null!=(n=h.sdo)?n:!0,q=0,r,t=google.erd,v=t.jsr;google.ml=function(a,b,d,m,e){e=void 0===e?2:e;b&amp;&amp;(r=a&amp;&amp;a.message);if(google.dl)return google.dl(a,e,d),null;if(0&gt;v){window.console&amp;&amp;console.error(a,d);if(-2===v)throw a;b=!1}else b=!a||!a.message||"Error loading script"===a.message||q&gt;=l&amp;&amp;!m?!1:!0;if(!b)return null;q++;d=d||{};b=encodeURIComponent;var c="/gen_204?atyp=i&amp;ei="+b(google.kEI);google.kEXPI&amp;&amp;(c+="&amp;jexpid="+b(google.kEXPI));c+="&amp;srcpg="+b(google.sn)+"&amp;jsr="+b(t.jsr)+"&amp;bver="+b(t.bv);var f=a.lineNumber;void 0!==f&amp;&amp;(c+="&amp;line="+f);var g=
a.fileName;g&amp;&amp;(0&lt;g.indexOf("-extension:/")&amp;&amp;(e=3),c+="&amp;script="+b(g),f&amp;&amp;g===window.location.href&amp;&amp;(f=document.documentElement.outerHTML.split("\n")[f],c+="&amp;cad="+b(f?f.substring(0,300):"No script found.")));c+="&amp;jsel="+e;for(var u in d)c+="&amp;",c+=b(u),c+="=",c+=b(d[u]);c=c+"&amp;emsg="+b(a.name+": "+a.message);c=c+"&amp;jsst="+b(a.stack||"N/A");12288&lt;=c.length&amp;&amp;(c=c.substr(0,12288));a=c;m||google.log(0,"",a);return a};window.onerror=function(a,b,d,m,e){r!==a&amp;&amp;(a=e instanceof Error?e:Error(a),void 0===d||"lineNumber"in a||(a.lineNumber=d),void 0===b||"fileName"in a||(a.fileName=b),google.ml(a,!1,void 0,!1,"SyntaxError"===a.name||"SyntaxError"===a.message.substring(0,11)||-1!==a.message.indexOf("Script error")?3:0));r=null;p&amp;&amp;q&gt;=l&amp;&amp;(window.onerror=null)};})();&lt;/script&gt;&lt;/head&gt;&lt;body bgcolor="#fff"&gt;&lt;script nonce="exHQ3gbqxjjAuDmhDJK7Zw"&gt;(function(){var src='/images/nav_logo229.png';var iesg=false;document.body.onload = function(){window.n &amp;&amp; window.n();if (document.images){new Image().src=src;}
if (!iesg){document.f&amp;&amp;document.f.q.focus();document.gbqf&amp;&amp;document.gbqf.q.focus();}
}
})();&lt;/script&gt;&lt;div id="mngb"&gt;&lt;div id=gbar&gt;&lt;nobr&gt;&lt;b class=gb1&gt;Search&lt;/b&gt; &lt;a class=gb1 href="https://www.google.co.in/imghp?hl=en&amp;tab=wi"&gt;Images&lt;/a&gt; &lt;a class=gb1 href="https://maps.google.co.in/maps?hl=en&amp;tab=wl"&gt;Maps&lt;/a&gt; &lt;a class=gb1 href="https://play.google.com/?hl=en&amp;tab=w8"&gt;Play&lt;/a&gt; &lt;a class=gb1 href="https://www.youtube.com/?tab=w1"&gt;YouTube&lt;/a&gt; &lt;a class=gb1 href="https://news.google.com/?tab=wn"&gt;News&lt;/a&gt; &lt;a class=gb1 href="https://mail.google.com/mail/?tab=wm"&gt;Gmail&lt;/a&gt; &lt;a class=gb1 href="https://drive.google.com/?tab=wo"&gt;Drive&lt;/a&gt; &lt;a class=gb1 style="text-decoration:none" href="https://www.google.co.in/intl/en/about/products?tab=wh"&gt;&lt;u&gt;More&lt;/u&gt; &amp;raquo;&lt;/a&gt;&lt;/nobr&gt;&lt;/div&gt;&lt;div id=guser width=100%&gt;&lt;nobr&gt;&lt;span id=gbn class=gbi&gt;&lt;/span&gt;&lt;span id=gbf class=gbf&gt;&lt;/span&gt;&lt;span id=gbe&gt;&lt;/span&gt;&lt;a href="http://www.google.co.in/history/optout?hl=en" class=gb4&gt;Web History&lt;/a&gt; | &lt;a  href="/preferences?hl=en" class=gb4&gt;Settings&lt;/a&gt; | &lt;a target=_top id=gb_70 href="https://accounts.google.com/ServiceLogin?hl=en&amp;passive=true&amp;continue=https://www.google.com/%3Fjson&amp;ec=GAZAAQ" class=gb4&gt;Sign in&lt;/a&gt;&lt;/nobr&gt;&lt;/div&gt;&lt;div class=gbh style=left:0&gt;&lt;/div&gt;&lt;div class=gbh style=right:0&gt;&lt;/div&gt;&lt;/div&gt;&lt;center&gt;&lt;br clear="all" id="lgpd"&gt;&lt;div id="lga"&gt;&lt;img alt="Google" height="92" src="/images/branding/googlelogo/1x/googlelogo_white_background_color_272x92dp.png" style="padding:28px 0 14px" width="272" id="hplogo"&gt;&lt;br&gt;&lt;br&gt;&lt;/div&gt;&lt;form action="/search" name="f"&gt;&lt;table cellpadding="0" cellspacing="0"&gt;&lt;tr valign="top"&gt;&lt;td width="25%"&gt;&amp;nbsp;&lt;/td&gt;&lt;td align="center" nowrap=""&gt;&lt;input name="ie" value="ISO-8859-1" type="hidden"&gt;&lt;input value="en-IN" name="hl" type="hidden"&gt;&lt;input name="source" type="hidden" value="hp"&gt;&lt;input name="biw" type="hidden"&gt;&lt;input name="bih" type="hidden"&gt;&lt;div class="ds" style="height:32px;margin:4px 0"&gt;&lt;input class="lst" style="margin:0;padding:5px 8px 0 6px;vertical-align:top;color:#000" autocomplete="off" value="" title="Google Search" maxlength="2048" name="q" size="57"&gt;&lt;/div&gt;&lt;br style="line-height:0"&gt;&lt;span class="ds"&gt;&lt;span class="lsbb"&gt;&lt;input class="lsb" value="Google Search" name="btnG" type="submit"&gt;&lt;/span&gt;&lt;/span&gt;&lt;span class="ds"&gt;&lt;span class="lsbb"&gt;&lt;input class="lsb" id="tsuid_1" value="I'm Feeling Lucky" name="btnI" type="submit"&gt;&lt;script nonce="exHQ3gbqxjjAuDmhDJK7Zw"&gt;(function(){var id='tsuid_1';document.getElementById(id).onclick = function(){if (this.form.q.value){this.checked = 1;if (this.form.iflsig)this.form.iflsig.disabled = false;}
else top.location='/doodles/';};})();&lt;/script&gt;&lt;input value="AK50M_UAAAAAZBNM1-ValIM-Ux94ZGDo5AIFOw94DA4A" name="iflsig" type="hidden"&gt;&lt;/span&gt;&lt;/span&gt;&lt;/td&gt;&lt;td class="fl sblc" align="left" nowrap="" width="25%"&gt;&lt;a href="/advanced_search?hl=en-IN&amp;amp;authuser=0"&gt;Advanced search&lt;/a&gt;&lt;/td&gt;&lt;/tr&gt;&lt;/table&gt;&lt;input id="gbv" name="gbv" type="hidden" value="1"&gt;&lt;script nonce="exHQ3gbqxjjAuDmhDJK7Zw"&gt;(function(){var a,b="1";if(document&amp;&amp;document.getElementById)if("undefined"!=typeof XMLHttpRequest)b="2";else if("undefined"!=typeof ActiveXObject){var c,d,e=["MSXML2.XMLHTTP.6.0","MSXML2.XMLHTTP.3.0","MSXML2.XMLHTTP","Microsoft.XMLHTTP"];for(c=0;d=e[c++];)try{... (set the log level to DEBUG or TRACE to see the full content) 
 </msg>
<msg timestamp="20230316 21:37:35.670" level="INFO">@{get} = [ &lt;!doctype html&gt;&lt;html itemscope="" itemtype="http://schema.org/WebPage" lang="en-IN"&gt;&lt;head&gt;&lt;meta content="text/html; charset=UTF- | 8" http-equiv="Content-Type"&gt;&lt;meta content="/images/branding/google...</msg>
<status status="PASS" starttime="20230316 21:37:34.203" endtime="20230316 21:37:35.670"/>
</kw>
<for flavor="IN">
<var>${element}</var>
<value>@{get}</value>
<iter>
<var name="${element}">&lt;!doctype html&gt;&lt;html itemscope="" itemtype="http://schema.org/WebPage" lang="en-IN"&gt;&lt;head&gt;&lt;meta content="text/html; charset=UTF-</var>
<kw name="Log To Console" library="BuiltIn">
<arg>${element}</arg>
<doc>Logs the given message to the console.</doc>
<status status="PASS" starttime="20230316 21:37:35.671" endtime="20230316 21:37:35.672"/>
</kw>
<status status="PASS" starttime="20230316 21:37:35.671" endtime="20230316 21:37:35.672"/>
</iter>
<iter>
<var name="${element}">8" http-equiv="Content-Type"&gt;&lt;meta content="/images/branding/googleg/1x/googleg_standard_color_128dp.png" itemprop="image"&gt;&lt;titl</var>
<kw name="Log To Console" library="BuiltIn">
<arg>${element}</arg>
<doc>Logs the given message to the console.</doc>
<status status="PASS" starttime="20230316 21:37:35.673" endtime="20230316 21:37:35.674"/>
</kw>
<status status="PASS" starttime="20230316 21:37:35.673" endtime="20230316 21:37:35.674"/>
</iter>
<iter>
<var name="${element}">e&gt;Google&lt;/title&gt;&lt;script nonce="exHQ3gbqxjjAuDmhDJK7Zw"&gt;(function(){window.google={kEI:'xz4TZKmXILuQseMP-O67yA0',kEXPI:'0,1359409</var>
<kw name="Log To Console" library="BuiltIn">
<arg>${element}</arg>
<doc>Logs the given message to the console.</doc>
<status status="PASS" starttime="20230316 21:37:35.675" endtime="20230316 21:37:35.675"/>
</kw>
<status status="PASS" starttime="20230316 21:37:35.675" endtime="20230316 21:37:35.676"/>
</iter>
<iter>
<var name="${element}">,6058,207,4804,2316,383,246,5,1129120,1626,1196068,707,170,379920,16114,28684,22430,1362,284,12036,2815,14764,4998,13228,3847,38</var>
<kw name="Log To Console" library="BuiltIn">
<arg>${element}</arg>
<doc>Logs the given message to the console.</doc>
<status status="PASS" starttime="20230316 21:37:35.677" endtime="20230316 21:37:35.678"/>
</kw>
<status status="PASS" starttime="20230316 21:37:35.676" endtime="20230316 21:37:35.678"/>
</iter>
<iter>
<var name="${element}">444,887,1985,2891,4139,4210,3405,606,54143,6546,15757,3,576,1014,1,5445,11471,2652,4,1528,2304,29062,13064,11444,2215,13795,7428</var>
<kw name="Log To Console" library="BuiltIn">
<arg>${element}</arg>
<doc>Logs the given message to the console.</doc>
<status status="PASS" starttime="20230316 21:37:35.679" endtime="20230316 21:37:35.681"/>
</kw>
<status status="PASS" starttime="20230316 21:37:35.678" endtime="20230316 21:37:35.681"/>
</iter>
<iter>
<var name="${element}">,5824,2533,4094,7596,1,39047,2,3111,2,14016,2715,23024,5679,1020,31123,4568,6255,23421,1252,5835,14968,4332,8,7476,445,2,2,1,266</var>
<kw name="Log To Console" library="BuiltIn">
<arg>${element}</arg>
<doc>Logs the given message to the console.</doc>
<status status="PASS" starttime="20230316 21:37:35.682" endtime="20230316 21:37:35.683"/>
</kw>
<status status="PASS" starttime="20230316 21:37:35.681" endtime="20230316 21:37:35.683"/>
</iter>
<iter>
<var name="${element}">32,8155,7381,2,1478,14489,874,6577,13056,8,1921,5608,176,3995,8213,10917,2261,14763,6305,2007,14736,3456,15605,4531,14,82,13247,</var>
<kw name="Log To Console" library="BuiltIn">
<arg>${element}</arg>
<doc>Logs the given message to the console.</doc>
<status status="PASS" starttime="20230316 21:37:35.684" endtime="20230316 21:37:35.685"/>
</kw>
<status status="PASS" starttime="20230316 21:37:35.683" endtime="20230316 21:37:35.686"/>
</iter>
<iter>
<var name="${element}">86,6873,1622,1778,3155,1,1821,1747,2040,154,10950,4069,4412,991,2265,765,426,5680,4,1411,890,2685,55,4665,1213,591,6249,1304,181</var>
<kw name="Log To Console" library="BuiltIn">
<arg>${element}</arg>
<doc>Logs the given message to the console.</doc>
<status status="PASS" starttime="20230316 21:37:35.687" endtime="20230316 21:37:35.688"/>
</kw>
<status status="PASS" starttime="20230316 21:37:35.686" endtime="20230316 21:37:35.688"/>
</iter>
<iter>
<var name="${element}">,29,466,1150,1093,493,1156,108,1128,13024,453,259,1780,3847,2,375,537,1635,357,2,804,282,1551,612,669,1,1169,1074,507,694,269,38</var>
<kw name="Log To Console" library="BuiltIn">
<arg>${element}</arg>
<doc>Logs the given message to the console.</doc>
<status status="PASS" starttime="20230316 21:37:35.690" endtime="20230316 21:37:35.691"/>
</kw>
<status status="PASS" starttime="20230316 21:37:35.689" endtime="20230316 21:37:35.691"/>
</iter>
<iter>
<var name="${element}">,555,202,1330,2037,820,472,149,1460,218,67,300,1050,1393,1170,2,2142,149,3,66,5,658,4,759,2823,399,680,48,517,189,329,4,4,401,41</var>
<kw name="Log To Console" library="BuiltIn">
<arg>${element}</arg>
<doc>Logs the given message to the console.</doc>
<status status="PASS" starttime="20230316 21:37:35.692" endtime="20230316 21:37:35.694"/>
</kw>
<status status="PASS" starttime="20230316 21:37:35.692" endtime="20230316 21:37:35.694"/>
</iter>
<iter>
<var name="${element}">2,576,1,2963,986,5,667,1733,279,401,74,156,3,374,169,56,894,43,335,224,220,3,880,256,3,731,1,129,87,8,408,280,3,521,694,174,107,</var>
<kw name="Log To Console" library="BuiltIn">
<arg>${element}</arg>
<doc>Logs the given message to the console.</doc>
<status status="PASS" starttime="20230316 21:37:35.694" endtime="20230316 21:37:35.695"/>
</kw>
<status status="PASS" starttime="20230316 21:37:35.694" endtime="20230316 21:37:35.696"/>
</iter>
<iter>
<var name="${element}">207,1,283,340,2,529,498,11,1368,25,80,564,203,39,118,501,2,458,87,77,810,4,385,402,3,140,581,584,1,346,1,361,261,5226419,303,879</var>
<kw name="Log To Console" library="BuiltIn">
<arg>${element}</arg>
<doc>Logs the given message to the console.</doc>
<status status="PASS" starttime="20230316 21:37:35.697" endtime="20230316 21:37:35.698"/>
</kw>
<status status="PASS" starttime="20230316 21:37:35.696" endtime="20230316 21:37:35.699"/>
</iter>
<iter>
<var name="${element}">8843,3452,795,2,19733,1,1,346,4569,16,23945900,4042142,1964,16672,2894,512,5738,12561,1540,530,687,233,368,1414877',kBL:'mLrg'};</var>
<kw name="Log To Console" library="BuiltIn">
<arg>${element}</arg>
<doc>Logs the given message to the console.</doc>
<status status="PASS" starttime="20230316 21:37:35.699" endtime="20230316 21:37:35.700"/>
</kw>
<status status="PASS" starttime="20230316 21:37:35.699" endtime="20230316 21:37:35.700"/>
</iter>
<iter>
<var name="${element}">google.sn='webhp';google.kHL='en-IN';})();(function(){
var f=this||self;var h,k=[];function l(a){for(var b;a&amp;&amp;(!a.getAttribute||</var>
<kw name="Log To Console" library="BuiltIn">
<arg>${element}</arg>
<doc>Logs the given message to the console.</doc>
<status status="PASS" starttime="20230316 21:37:35.701" endtime="20230316 21:37:35.703"/>
</kw>
<status status="PASS" starttime="20230316 21:37:35.701" endtime="20230316 21:37:35.703"/>
</iter>
<iter>
<var name="${element}">!(b=a.getAttribute("eid")));)a=a.parentNode;return b||h}function m(a){for(var b=null;a&amp;&amp;(!a.getAttribute||!(b=a.getAttribute("le</var>
<kw name="Log To Console" library="BuiltIn">
<arg>${element}</arg>
<doc>Logs the given message to the console.</doc>
<status status="PASS" starttime="20230316 21:37:35.704" endtime="20230316 21:37:35.706"/>
</kw>
<status status="PASS" starttime="20230316 21:37:35.704" endtime="20230316 21:37:35.706"/>
</iter>
<iter>
<var name="${element}">id")));)a=a.parentNode;return b}
function n(a,b,c,d,g){var e="";c||-1!==b.search("&amp;ei=")||(e="&amp;ei="+l(d),-1===b.search("&amp;lei=")&amp;</var>
<kw name="Log To Console" library="BuiltIn">
<arg>${element}</arg>
<doc>Logs the given message to the console.</doc>
<status status="PASS" starttime="20230316 21:37:35.708" endtime="20230316 21:37:35.709"/>
</kw>
<status status="PASS" starttime="20230316 21:37:35.707" endtime="20230316 21:37:35.709"/>
</iter>
<iter>
<var name="${element}">&amp;(d=m(d))&amp;&amp;(e+="&amp;lei="+d));d="";!c&amp;&amp;f._cshid&amp;&amp;-1===b.search("&amp;cshid=")&amp;&amp;"slh"!==a&amp;&amp;(d="&amp;cshid="+f._cshid);c=c||"/"+(g||"gen_204"</var>
<kw name="Log To Console" library="BuiltIn">
<arg>${element}</arg>
<doc>Logs the given message to the console.</doc>
<status status="PASS" starttime="20230316 21:37:35.710" endtime="20230316 21:37:35.711"/>
</kw>
<status status="PASS" starttime="20230316 21:37:35.710" endtime="20230316 21:37:35.712"/>
</iter>
<iter>
<var name="${element}">)+"?atyp=i&amp;ct="+a+"&amp;cad="+b+e+"&amp;zx="+Date.now()+d;/^http:/i.test(c)&amp;&amp;"https:"===window.location.protocol&amp;&amp;(google.ml&amp;&amp;google.ml(</var>
<kw name="Log To Console" library="BuiltIn">
<arg>${element}</arg>
<doc>Logs the given message to the console.</doc>
<status status="PASS" starttime="20230316 21:37:35.712" endtime="20230316 21:37:35.714"/>
</kw>
<status status="PASS" starttime="20230316 21:37:35.712" endtime="20230316 21:37:35.714"/>
</iter>
<iter>
<var name="${element}">Error("a"),!1,{src:c,glmm:1}),c="");return c};h=google.kEI;google.getEI=l;google.getLEI=m;google.ml=function(){return null};goog</var>
<kw name="Log To Console" library="BuiltIn">
<arg>${element}</arg>
<doc>Logs the given message to the console.</doc>
<status status="PASS" starttime="20230316 21:37:35.715" endtime="20230316 21:37:35.716"/>
</kw>
<status status="PASS" starttime="20230316 21:37:35.714" endtime="20230316 21:37:35.716"/>
</iter>
<iter>
<var name="${element}">le.log=function(a,b,c,d,g){if(c=n(a,b,c,d,g)){a=new Image;var e=k.length;k[e]=a;a.onerror=a.onload=a.onabort=function(){delete k</var>
<kw name="Log To Console" library="BuiltIn">
<arg>${element}</arg>
<doc>Logs the given message to the console.</doc>
<status status="PASS" starttime="20230316 21:37:35.717" endtime="20230316 21:37:35.718"/>
</kw>
<status status="PASS" starttime="20230316 21:37:35.717" endtime="20230316 21:37:35.719"/>
</iter>
<iter>
<var name="${element}">[e]};a.src=c}};google.logUrl=n;}).call(this);(function(){google.y={};google.sy=[];google.x=function(a,b){if(a)var c=a.id;else{do</var>
<kw name="Log To Console" library="BuiltIn">
<arg>${element}</arg>
<doc>Logs the given message to the console.</doc>
<status status="PASS" starttime="20230316 21:37:35.720" endtime="20230316 21:37:35.721"/>
</kw>
<status status="PASS" starttime="20230316 21:37:35.719" endtime="20230316 21:37:35.722"/>
</iter>
<iter>
<var name="${element}"> c=Math.random();while(google.y[c])}google.y[c]=[a,b];return!1};google.sx=function(a){google.sy.push(a)};google.lm=[];google.plm</var>
<kw name="Log To Console" library="BuiltIn">
<arg>${element}</arg>
<doc>Logs the given message to the console.</doc>
<status status="PASS" starttime="20230316 21:37:35.723" endtime="20230316 21:37:35.725"/>
</kw>
<status status="PASS" starttime="20230316 21:37:35.722" endtime="20230316 21:37:35.726"/>
</iter>
<iter>
<var name="${element}">=function(a){google.lm.push.apply(google.lm,a)};google.lq=[];google.load=function(a,b,c){google.lq.push([[a],b,c])};google.loadA</var>
<kw name="Log To Console" library="BuiltIn">
<arg>${element}</arg>
<doc>Logs the given message to the console.</doc>
<status status="PASS" starttime="20230316 21:37:35.726" endtime="20230316 21:37:35.728"/>
</kw>
<status status="PASS" starttime="20230316 21:37:35.726" endtime="20230316 21:37:35.728"/>
</iter>
<iter>
<var name="${element}">ll=function(a,b){google.lq.push([a,b])};google.bx=!1;google.lx=function(){};}).call(this);google.f={};(function(){
document.docu</var>
<kw name="Log To Console" library="BuiltIn">
<arg>${element}</arg>
<doc>Logs the given message to the console.</doc>
<status status="PASS" starttime="20230316 21:37:35.730" endtime="20230316 21:37:35.730"/>
</kw>
<status status="PASS" starttime="20230316 21:37:35.728" endtime="20230316 21:37:35.730"/>
</iter>
<iter>
<var name="${element}">mentElement.addEventListener("submit",function(b){var a;if(a=b.target){var c=a.getAttribute("data-submitfalse");a="1"===c||"q"==</var>
<kw name="Log To Console" library="BuiltIn">
<arg>${element}</arg>
<doc>Logs the given message to the console.</doc>
<status status="PASS" starttime="20230316 21:37:35.734" endtime="20230316 21:37:35.737"/>
</kw>
<status status="PASS" starttime="20230316 21:37:35.734" endtime="20230316 21:37:35.739"/>
</iter>
<iter>
<var name="${element}">=c&amp;&amp;!a.elements.q.value?!0:!1}else a=!1;a&amp;&amp;(b.preventDefault(),b.stopPropagation())},!0);document.documentElement.addEventListen</var>
<kw name="Log To Console" library="BuiltIn">
<arg>${element}</arg>
<doc>Logs the given message to the console.</doc>
<status status="PASS" starttime="20230316 21:37:35.740" endtime="20230316 21:37:35.742"/>
</kw>
<status status="PASS" starttime="20230316 21:37:35.739" endtime="20230316 21:37:35.742"/>
</iter>
<iter>
<var name="${element}">er("click",function(b){var a;a:{for(a=b.target;a&amp;&amp;a!==document.documentElement;a=a.parentElement)if("A"===a.tagName){a="1"===a.g</var>
<kw name="Log To Console" library="BuiltIn">
<arg>${element}</arg>
<doc>Logs the given message to the console.</doc>
<status status="PASS" starttime="20230316 21:37:35.743" endtime="20230316 21:37:35.757"/>
</kw>
<status status="PASS" starttime="20230316 21:37:35.743" endtime="20230316 21:37:35.757"/>
</iter>
<iter>
<var name="${element}">etAttribute("data-nohref");break a}a=!1}a&amp;&amp;b.preventDefault()},!0);}).call(this);&lt;/script&gt;&lt;style&gt;#gbar,#guser{font-size:13px;pad</var>
<kw name="Log To Console" library="BuiltIn">
<arg>${element}</arg>
<doc>Logs the given message to the console.</doc>
<status status="PASS" starttime="20230316 21:37:35.759" endtime="20230316 21:37:35.771"/>
</kw>
<status status="PASS" starttime="20230316 21:37:35.757" endtime="20230316 21:37:35.772"/>
</iter>
<iter>
<var name="${element}">ding-top:1px !important;}#gbar{height:22px}#guser{padding-bottom:7px !important;text-align:right}.gbh,.gbd{border-top:1px solid </var>
<kw name="Log To Console" library="BuiltIn">
<arg>${element}</arg>
<doc>Logs the given message to the console.</doc>
<status status="PASS" starttime="20230316 21:37:35.772" endtime="20230316 21:37:35.784"/>
</kw>
<status status="PASS" starttime="20230316 21:37:35.772" endtime="20230316 21:37:35.784"/>
</iter>
<iter>
<var name="${element}">#c9d7f1;font-size:1px}.gbh{height:0;position:absolute;top:24px;width:100%}@media all{.gb1{height:22px;margin-right:.5em;vertical</var>
<kw name="Log To Console" library="BuiltIn">
<arg>${element}</arg>
<doc>Logs the given message to the console.</doc>
<status status="PASS" starttime="20230316 21:37:35.786" endtime="20230316 21:37:35.802"/>
</kw>
<status status="PASS" starttime="20230316 21:37:35.785" endtime="20230316 21:37:35.803"/>
</iter>
<iter>
<var name="${element}">-align:top}#gbar{float:left}}a.gb1,a.gb4{text-decoration:underline !important}a.gb1,a.gb4{color:#00c !important}.gbi .gb4{color:</var>
<kw name="Log To Console" library="BuiltIn">
<arg>${element}</arg>
<doc>Logs the given message to the console.</doc>
<status status="PASS" starttime="20230316 21:37:35.805" endtime="20230316 21:37:35.808"/>
</kw>
<status status="PASS" starttime="20230316 21:37:35.803" endtime="20230316 21:37:35.808"/>
</iter>
<iter>
<var name="${element}">#dd8e27 !important}.gbf .gb4{color:#900 !important}
&lt;/style&gt;&lt;style&gt;body,td,a,p,.h{font-family:arial,sans-serif}body{margin:0;ove</var>
<kw name="Log To Console" library="BuiltIn">
<arg>${element}</arg>
<doc>Logs the given message to the console.</doc>
<status status="PASS" starttime="20230316 21:37:35.809" endtime="20230316 21:37:35.811"/>
</kw>
<status status="PASS" starttime="20230316 21:37:35.809" endtime="20230316 21:37:35.812"/>
</iter>
<iter>
<var name="${element}">rflow-y:scroll}#gog{padding:3px 8px 0}td{line-height:.8em}.gac_m td{line-height:17px}form{margin-bottom:20px}.h{color:#1558d6}em</var>
<kw name="Log To Console" library="BuiltIn">
<arg>${element}</arg>
<doc>Logs the given message to the console.</doc>
<status status="PASS" starttime="20230316 21:37:35.813" endtime="20230316 21:37:35.824"/>
</kw>
<status status="PASS" starttime="20230316 21:37:35.812" endtime="20230316 21:37:35.826"/>
</iter>
<iter>
<var name="${element}">{font-weight:bold;font-style:normal}.lst{height:25px;width:496px}.gsfi,.lst{font:18px arial,sans-serif}.gsfs{font:17px arial,san</var>
<kw name="Log To Console" library="BuiltIn">
<arg>${element}</arg>
<doc>Logs the given message to the console.</doc>
<status status="PASS" starttime="20230316 21:37:35.827" endtime="20230316 21:37:35.829"/>
</kw>
<status status="PASS" starttime="20230316 21:37:35.827" endtime="20230316 21:37:35.830"/>
</iter>
<iter>
<var name="${element}">s-serif}.ds{display:inline-box;display:inline-block;margin:3px 0 4px;margin-left:4px}input{font-family:inherit}body{background:#</var>
<kw name="Log To Console" library="BuiltIn">
<arg>${element}</arg>
<doc>Logs the given message to the console.</doc>
<status status="PASS" starttime="20230316 21:37:35.831" endtime="20230316 21:37:35.846"/>
</kw>
<status status="PASS" starttime="20230316 21:37:35.830" endtime="20230316 21:37:35.847"/>
</iter>
<iter>
<var name="${element}">fff;color:#000}a{color:#4b11a8;text-decoration:none}a:hover,a:active{text-decoration:underline}.fl a{color:#1558d6}a:visited{col</var>
<kw name="Log To Console" library="BuiltIn">
<arg>${element}</arg>
<doc>Logs the given message to the console.</doc>
<status status="PASS" starttime="20230316 21:37:35.848" endtime="20230316 21:37:35.866"/>
</kw>
<status status="PASS" starttime="20230316 21:37:35.847" endtime="20230316 21:37:35.867"/>
</iter>
<iter>
<var name="${element}">or:#4b11a8}.sblc{padding-top:5px}.sblc a{display:block;margin:2px 0;margin-left:13px;font-size:11px}.lsbb{background:#f8f9fa;bor</var>
<kw name="Log To Console" library="BuiltIn">
<arg>${element}</arg>
<doc>Logs the given message to the console.</doc>
<status status="PASS" starttime="20230316 21:37:35.886" endtime="20230316 21:37:35.908"/>
</kw>
<status status="PASS" starttime="20230316 21:37:35.867" endtime="20230316 21:37:35.908"/>
</iter>
<iter>
<var name="${element}">der:solid 1px;border-color:#dadce0 #70757a #70757a #dadce0;height:30px}.lsbb{display:block}#WqQANb a{display:inline-block;margin</var>
<kw name="Log To Console" library="BuiltIn">
<arg>${element}</arg>
<doc>Logs the given message to the console.</doc>
<status status="PASS" starttime="20230316 21:37:35.909" endtime="20230316 21:37:35.920"/>
</kw>
<status status="PASS" starttime="20230316 21:37:35.908" endtime="20230316 21:37:35.920"/>
</iter>
<iter>
<var name="${element}">:0 12px}.lsb{background:url(/images/nav_logo229.png) 0 -261px repeat-x;border:none;color:#000;cursor:pointer;height:30px;margin:</var>
<kw name="Log To Console" library="BuiltIn">
<arg>${element}</arg>
<doc>Logs the given message to the console.</doc>
<status status="PASS" starttime="20230316 21:37:35.922" endtime="20230316 21:37:35.939"/>
</kw>
<status status="PASS" starttime="20230316 21:37:35.922" endtime="20230316 21:37:35.939"/>
</iter>
<iter>
<var name="${element}">0;outline:0;font:15px arial,sans-serif;vertical-align:top}.lsb:active{background:#dadce0}.lst:focus{outline:none}&lt;/style&gt;&lt;script</var>
<kw name="Log To Console" library="BuiltIn">
<arg>${element}</arg>
<doc>Logs the given message to the console.</doc>
<status status="PASS" starttime="20230316 21:37:35.940" endtime="20230316 21:37:35.944"/>
</kw>
<status status="PASS" starttime="20230316 21:37:35.940" endtime="20230316 21:37:35.945"/>
</iter>
<iter>
<var name="${element}"> nonce="exHQ3gbqxjjAuDmhDJK7Zw"&gt;(function(){window.google.erd={jsr:1,bv:1760,de:true};
var h=this||self;var k,l=null!=(k=h.mei)?</var>
<kw name="Log To Console" library="BuiltIn">
<arg>${element}</arg>
<doc>Logs the given message to the console.</doc>
<status status="PASS" starttime="20230316 21:37:35.946" endtime="20230316 21:37:35.950"/>
</kw>
<status status="PASS" starttime="20230316 21:37:35.946" endtime="20230316 21:37:35.951"/>
</iter>
<iter>
<var name="${element}">k:1,n,p=null!=(n=h.sdo)?n:!0,q=0,r,t=google.erd,v=t.jsr;google.ml=function(a,b,d,m,e){e=void 0===e?2:e;b&amp;&amp;(r=a&amp;&amp;a.message);if(go</var>
<kw name="Log To Console" library="BuiltIn">
<arg>${element}</arg>
<doc>Logs the given message to the console.</doc>
<status status="PASS" starttime="20230316 21:37:35.952" endtime="20230316 21:37:35.958"/>
</kw>
<status status="PASS" starttime="20230316 21:37:35.951" endtime="20230316 21:37:35.958"/>
</iter>
<iter>
<var name="${element}">ogle.dl)return google.dl(a,e,d),null;if(0&gt;v){window.console&amp;&amp;console.error(a,d);if(-2===v)throw a;b=!1}else b=!a||!a.message||"E</var>
<kw name="Log To Console" library="BuiltIn">
<arg>${element}</arg>
<doc>Logs the given message to the console.</doc>
<status status="PASS" starttime="20230316 21:37:35.959" endtime="20230316 21:37:35.962"/>
</kw>
<status status="PASS" starttime="20230316 21:37:35.959" endtime="20230316 21:37:35.963"/>
</iter>
<iter>
<var name="${element}">rror loading script"===a.message||q&gt;=l&amp;&amp;!m?!1:!0;if(!b)return null;q++;d=d||{};b=encodeURIComponent;var c="/gen_204?atyp=i&amp;ei="+</var>
<kw name="Log To Console" library="BuiltIn">
<arg>${element}</arg>
<doc>Logs the given message to the console.</doc>
<status status="PASS" starttime="20230316 21:37:35.964" endtime="20230316 21:37:35.972"/>
</kw>
<status status="PASS" starttime="20230316 21:37:35.963" endtime="20230316 21:37:35.972"/>
</iter>
<iter>
<var name="${element}">b(google.kEI);google.kEXPI&amp;&amp;(c+="&amp;jexpid="+b(google.kEXPI));c+="&amp;srcpg="+b(google.sn)+"&amp;jsr="+b(t.jsr)+"&amp;bver="+b(t.bv);var f=a.</var>
<kw name="Log To Console" library="BuiltIn">
<arg>${element}</arg>
<doc>Logs the given message to the console.</doc>
<status status="PASS" starttime="20230316 21:37:35.975" endtime="20230316 21:37:35.994"/>
</kw>
<status status="PASS" starttime="20230316 21:37:35.974" endtime="20230316 21:37:35.994"/>
</iter>
<iter>
<var name="${element}">lineNumber;void 0!==f&amp;&amp;(c+="&amp;line="+f);var g=
a.fileName;g&amp;&amp;(0&lt;g.indexOf("-extension:/")&amp;&amp;(e=3),c+="&amp;script="+b(g),f&amp;&amp;g===window</var>
<kw name="Log To Console" library="BuiltIn">
<arg>${element}</arg>
<doc>Logs the given message to the console.</doc>
<status status="PASS" starttime="20230316 21:37:35.995" endtime="20230316 21:37:35.999"/>
</kw>
<status status="PASS" starttime="20230316 21:37:35.994" endtime="20230316 21:37:35.999"/>
</iter>
<iter>
<var name="${element}">.location.href&amp;&amp;(f=document.documentElement.outerHTML.split("\n")[f],c+="&amp;cad="+b(f?f.substring(0,300):"No script found.")));c+=</var>
<kw name="Log To Console" library="BuiltIn">
<arg>${element}</arg>
<doc>Logs the given message to the console.</doc>
<status status="PASS" starttime="20230316 21:37:35.999" endtime="20230316 21:37:36.007"/>
</kw>
<status status="PASS" starttime="20230316 21:37:35.999" endtime="20230316 21:37:36.008"/>
</iter>
<iter>
<var name="${element}">"&amp;jsel="+e;for(var u in d)c+="&amp;",c+=b(u),c+="=",c+=b(d[u]);c=c+"&amp;emsg="+b(a.name+": "+a.message);c=c+"&amp;jsst="+b(a.stack||"N/A");</var>
<kw name="Log To Console" library="BuiltIn">
<arg>${element}</arg>
<doc>Logs the given message to the console.</doc>
<status status="PASS" starttime="20230316 21:37:36.009" endtime="20230316 21:37:36.012"/>
</kw>
<status status="PASS" starttime="20230316 21:37:36.008" endtime="20230316 21:37:36.012"/>
</iter>
<iter>
<var name="${element}">12288&lt;=c.length&amp;&amp;(c=c.substr(0,12288));a=c;m||google.log(0,"",a);return a};window.onerror=function(a,b,d,m,e){r!==a&amp;&amp;(a=e instan</var>
<kw name="Log To Console" library="BuiltIn">
<arg>${element}</arg>
<doc>Logs the given message to the console.</doc>
<status status="PASS" starttime="20230316 21:37:36.013" endtime="20230316 21:37:36.015"/>
</kw>
<status status="PASS" starttime="20230316 21:37:36.012" endtime="20230316 21:37:36.017"/>
</iter>
<iter>
<var name="${element}">ceof Error?e:Error(a),void 0===d||"lineNumber"in a||(a.lineNumber=d),void 0===b||"fileName"in a||(a.fileName=b),google.ml(a,!1,v</var>
<kw name="Log To Console" library="BuiltIn">
<arg>${element}</arg>
<doc>Logs the given message to the console.</doc>
<status status="PASS" starttime="20230316 21:37:36.018" endtime="20230316 21:37:36.032"/>
</kw>
<status status="PASS" starttime="20230316 21:37:36.017" endtime="20230316 21:37:36.032"/>
</iter>
<iter>
<var name="${element}">oid 0,!1,"SyntaxError"===a.name||"SyntaxError"===a.message.substring(0,11)||-1!==a.message.indexOf("Script error")?3:0));r=null;</var>
<kw name="Log To Console" library="BuiltIn">
<arg>${element}</arg>
<doc>Logs the given message to the console.</doc>
<status status="PASS" starttime="20230316 21:37:36.033" endtime="20230316 21:37:36.037"/>
</kw>
<status status="PASS" starttime="20230316 21:37:36.032" endtime="20230316 21:37:36.038"/>
</iter>
<iter>
<var name="${element}">p&amp;&amp;q&gt;=l&amp;&amp;(window.onerror=null)};})();&lt;/script&gt;&lt;/head&gt;&lt;body bgcolor="#fff"&gt;&lt;script nonce="exHQ3gbqxjjAuDmhDJK7Zw"&gt;(function(){var</var>
<kw name="Log To Console" library="BuiltIn">
<arg>${element}</arg>
<doc>Logs the given message to the console.</doc>
<status status="PASS" starttime="20230316 21:37:36.039" endtime="20230316 21:37:36.044"/>
</kw>
<status status="PASS" starttime="20230316 21:37:36.038" endtime="20230316 21:37:36.045"/>
</iter>
<iter>
<var name="${element}"> src='/images/nav_logo229.png';var iesg=false;document.body.onload = function(){window.n &amp;&amp; window.n();if (document.images){new </var>
<kw name="Log To Console" library="BuiltIn">
<arg>${element}</arg>
<doc>Logs the given message to the console.</doc>
<status status="PASS" starttime="20230316 21:37:36.046" endtime="20230316 21:37:36.051"/>
</kw>
<status status="PASS" starttime="20230316 21:37:36.045" endtime="20230316 21:37:36.052"/>
</iter>
<iter>
<var name="${element}">Image().src=src;}
if (!iesg){document.f&amp;&amp;document.f.q.focus();document.gbqf&amp;&amp;document.gbqf.q.focus();}
}
})();&lt;/script&gt;&lt;div id="</var>
<kw name="Log To Console" library="BuiltIn">
<arg>${element}</arg>
<doc>Logs the given message to the console.</doc>
<status status="PASS" starttime="20230316 21:37:36.054" endtime="20230316 21:37:36.069"/>
</kw>
<status status="PASS" starttime="20230316 21:37:36.053" endtime="20230316 21:37:36.069"/>
</iter>
<iter>
<var name="${element}">mngb"&gt;&lt;div id=gbar&gt;&lt;nobr&gt;&lt;b class=gb1&gt;Search&lt;/b&gt; &lt;a class=gb1 href="https://www.google.co.in/imghp?hl=en&amp;tab=wi"&gt;Images&lt;/a&gt; &lt;a c</var>
<kw name="Log To Console" library="BuiltIn">
<arg>${element}</arg>
<doc>Logs the given message to the console.</doc>
<status status="PASS" starttime="20230316 21:37:36.070" endtime="20230316 21:37:36.075"/>
</kw>
<status status="PASS" starttime="20230316 21:37:36.070" endtime="20230316 21:37:36.076"/>
</iter>
<iter>
<var name="${element}">lass=gb1 href="https://maps.google.co.in/maps?hl=en&amp;tab=wl"&gt;Maps&lt;/a&gt; &lt;a class=gb1 href="https://play.google.com/?hl=en&amp;tab=w8"&gt;P</var>
<kw name="Log To Console" library="BuiltIn">
<arg>${element}</arg>
<doc>Logs the given message to the console.</doc>
<status status="PASS" starttime="20230316 21:37:36.076" endtime="20230316 21:37:36.079"/>
</kw>
<status status="PASS" starttime="20230316 21:37:36.076" endtime="20230316 21:37:36.080"/>
</iter>
<iter>
<var name="${element}">lay&lt;/a&gt; &lt;a class=gb1 href="https://www.youtube.com/?tab=w1"&gt;YouTube&lt;/a&gt; &lt;a class=gb1 href="https://news.google.com/?tab=wn"&gt;News</var>
<kw name="Log To Console" library="BuiltIn">
<arg>${element}</arg>
<doc>Logs the given message to the console.</doc>
<status status="PASS" starttime="20230316 21:37:36.081" endtime="20230316 21:37:36.090"/>
</kw>
<status status="PASS" starttime="20230316 21:37:36.081" endtime="20230316 21:37:36.090"/>
</iter>
<iter>
<var name="${element}">&lt;/a&gt; &lt;a class=gb1 href="https://mail.google.com/mail/?tab=wm"&gt;Gmail&lt;/a&gt; &lt;a class=gb1 href="https://drive.google.com/?tab=wo"&gt;Dri</var>
<kw name="Log To Console" library="BuiltIn">
<arg>${element}</arg>
<doc>Logs the given message to the console.</doc>
<status status="PASS" starttime="20230316 21:37:36.092" endtime="20230316 21:37:36.096"/>
</kw>
<status status="PASS" starttime="20230316 21:37:36.091" endtime="20230316 21:37:36.096"/>
</iter>
<iter>
<var name="${element}">ve&lt;/a&gt; &lt;a class=gb1 style="text-decoration:none" href="https://www.google.co.in/intl/en/about/products?tab=wh"&gt;&lt;u&gt;More&lt;/u&gt; &amp;raqu</var>
<kw name="Log To Console" library="BuiltIn">
<arg>${element}</arg>
<doc>Logs the given message to the console.</doc>
<status status="PASS" starttime="20230316 21:37:36.101" endtime="20230316 21:37:36.114"/>
</kw>
<status status="PASS" starttime="20230316 21:37:36.096" endtime="20230316 21:37:36.114"/>
</iter>
<iter>
<var name="${element}">o;&lt;/a&gt;&lt;/nobr&gt;&lt;/div&gt;&lt;div id=guser width=100%&gt;&lt;nobr&gt;&lt;span id=gbn class=gbi&gt;&lt;/span&gt;&lt;span id=gbf class=gbf&gt;&lt;/span&gt;&lt;span id=gbe&gt;&lt;/spa</var>
<kw name="Log To Console" library="BuiltIn">
<arg>${element}</arg>
<doc>Logs the given message to the console.</doc>
<status status="PASS" starttime="20230316 21:37:36.115" endtime="20230316 21:37:36.123"/>
</kw>
<status status="PASS" starttime="20230316 21:37:36.115" endtime="20230316 21:37:36.124"/>
</iter>
<iter>
<var name="${element}">n&gt;&lt;a href="http://www.google.co.in/history/optout?hl=en" class=gb4&gt;Web History&lt;/a&gt; | &lt;a  href="/preferences?hl=en" class=gb4&gt;Set</var>
<kw name="Log To Console" library="BuiltIn">
<arg>${element}</arg>
<doc>Logs the given message to the console.</doc>
<status status="PASS" starttime="20230316 21:37:36.126" endtime="20230316 21:37:36.129"/>
</kw>
<status status="PASS" starttime="20230316 21:37:36.125" endtime="20230316 21:37:36.129"/>
</iter>
<iter>
<var name="${element}">tings&lt;/a&gt; | &lt;a target=_top id=gb_70 href="https://accounts.google.com/ServiceLogin?hl=en&amp;passive=true&amp;continue=https://www.googl</var>
<kw name="Log To Console" library="BuiltIn">
<arg>${element}</arg>
<doc>Logs the given message to the console.</doc>
<status status="PASS" starttime="20230316 21:37:36.130" endtime="20230316 21:37:36.132"/>
</kw>
<status status="PASS" starttime="20230316 21:37:36.130" endtime="20230316 21:37:36.132"/>
</iter>
<iter>
<var name="${element}">e.com/%3Fjson&amp;ec=GAZAAQ" class=gb4&gt;Sign in&lt;/a&gt;&lt;/nobr&gt;&lt;/div&gt;&lt;div class=gbh style=left:0&gt;&lt;/div&gt;&lt;div class=gbh style=right:0&gt;&lt;/div&gt;</var>
<kw name="Log To Console" library="BuiltIn">
<arg>${element}</arg>
<doc>Logs the given message to the console.</doc>
<status status="PASS" starttime="20230316 21:37:36.133" endtime="20230316 21:37:36.137"/>
</kw>
<status status="PASS" starttime="20230316 21:37:36.133" endtime="20230316 21:37:36.137"/>
</iter>
<iter>
<var name="${element}">&lt;/div&gt;&lt;center&gt;&lt;br clear="all" id="lgpd"&gt;&lt;div id="lga"&gt;&lt;img alt="Google" height="92" src="/images/branding/googlelogo/1x/googlelo</var>
<kw name="Log To Console" library="BuiltIn">
<arg>${element}</arg>
<doc>Logs the given message to the console.</doc>
<status status="PASS" starttime="20230316 21:37:36.140" endtime="20230316 21:37:36.142"/>
</kw>
<status status="PASS" starttime="20230316 21:37:36.139" endtime="20230316 21:37:36.143"/>
</iter>
<iter>
<var name="${element}">go_white_background_color_272x92dp.png" style="padding:28px 0 14px" width="272" id="hplogo"&gt;&lt;br&gt;&lt;br&gt;&lt;/div&gt;&lt;form action="/search"</var>
<kw name="Log To Console" library="BuiltIn">
<arg>${element}</arg>
<doc>Logs the given message to the console.</doc>
<status status="PASS" starttime="20230316 21:37:36.144" endtime="20230316 21:37:36.147"/>
</kw>
<status status="PASS" starttime="20230316 21:37:36.144" endtime="20230316 21:37:36.147"/>
</iter>
<iter>
<var name="${element}"> name="f"&gt;&lt;table cellpadding="0" cellspacing="0"&gt;&lt;tr valign="top"&gt;&lt;td width="25%"&gt;&amp;nbsp;&lt;/td&gt;&lt;td align="center" nowrap=""&gt;&lt;input</var>
<kw name="Log To Console" library="BuiltIn">
<arg>${element}</arg>
<doc>Logs the given message to the console.</doc>
<status status="PASS" starttime="20230316 21:37:36.148" endtime="20230316 21:37:36.151"/>
</kw>
<status status="PASS" starttime="20230316 21:37:36.148" endtime="20230316 21:37:36.151"/>
</iter>
<iter>
<var name="${element}"> name="ie" value="ISO-8859-1" type="hidden"&gt;&lt;input value="en-IN" name="hl" type="hidden"&gt;&lt;input name="source" type="hidden" valu</var>
<kw name="Log To Console" library="BuiltIn">
<arg>${element}</arg>
<doc>Logs the given message to the console.</doc>
<status status="PASS" starttime="20230316 21:37:36.153" endtime="20230316 21:37:36.158"/>
</kw>
<status status="PASS" starttime="20230316 21:37:36.151" endtime="20230316 21:37:36.158"/>
</iter>
<iter>
<var name="${element}">e="hp"&gt;&lt;input name="biw" type="hidden"&gt;&lt;input name="bih" type="hidden"&gt;&lt;div class="ds" style="height:32px;margin:4px 0"&gt;&lt;input c</var>
<kw name="Log To Console" library="BuiltIn">
<arg>${element}</arg>
<doc>Logs the given message to the console.</doc>
<status status="PASS" starttime="20230316 21:37:36.161" endtime="20230316 21:37:36.163"/>
</kw>
<status status="PASS" starttime="20230316 21:37:36.159" endtime="20230316 21:37:36.164"/>
</iter>
<iter>
<var name="${element}">lass="lst" style="margin:0;padding:5px 8px 0 6px;vertical-align:top;color:#000" autocomplete="off" value="" title="Google Search</var>
<kw name="Log To Console" library="BuiltIn">
<arg>${element}</arg>
<doc>Logs the given message to the console.</doc>
<status status="PASS" starttime="20230316 21:37:36.164" endtime="20230316 21:37:36.167"/>
</kw>
<status status="PASS" starttime="20230316 21:37:36.164" endtime="20230316 21:37:36.167"/>
</iter>
<iter>
<var name="${element}">" maxlength="2048" name="q" size="57"&gt;&lt;/div&gt;&lt;br style="line-height:0"&gt;&lt;span class="ds"&gt;&lt;span class="lsbb"&gt;&lt;input class="lsb" val</var>
<kw name="Log To Console" library="BuiltIn">
<arg>${element}</arg>
<doc>Logs the given message to the console.</doc>
<status status="PASS" starttime="20230316 21:37:36.170" endtime="20230316 21:37:36.178"/>
</kw>
<status status="PASS" starttime="20230316 21:37:36.169" endtime="20230316 21:37:36.178"/>
</iter>
<iter>
<var name="${element}">ue="Google Search" name="btnG" type="submit"&gt;&lt;/span&gt;&lt;/span&gt;&lt;span class="ds"&gt;&lt;span class="lsbb"&gt;&lt;input class="lsb" id="tsuid_1" v</var>
<kw name="Log To Console" library="BuiltIn">
<arg>${element}</arg>
<doc>Logs the given message to the console.</doc>
<status status="PASS" starttime="20230316 21:37:36.181" endtime="20230316 21:37:36.183"/>
</kw>
<status status="PASS" starttime="20230316 21:37:36.180" endtime="20230316 21:37:36.183"/>
</iter>
<iter>
<var name="${element}">alue="I'm Feeling Lucky" name="btnI" type="submit"&gt;&lt;script nonce="exHQ3gbqxjjAuDmhDJK7Zw"&gt;(function(){var id='tsuid_1';document.</var>
<kw name="Log To Console" library="BuiltIn">
<arg>${element}</arg>
<doc>Logs the given message to the console.</doc>
<status status="PASS" starttime="20230316 21:37:36.186" endtime="20230316 21:37:36.190"/>
</kw>
<status status="PASS" starttime="20230316 21:37:36.184" endtime="20230316 21:37:36.191"/>
</iter>
<iter>
<var name="${element}">getElementById(id).onclick = function(){if (this.form.q.value){this.checked = 1;if (this.form.iflsig)this.form.iflsig.disabled =</var>
<kw name="Log To Console" library="BuiltIn">
<arg>${element}</arg>
<doc>Logs the given message to the console.</doc>
<status status="PASS" starttime="20230316 21:37:36.193" endtime="20230316 21:37:36.195"/>
</kw>
<status status="PASS" starttime="20230316 21:37:36.192" endtime="20230316 21:37:36.195"/>
</iter>
<iter>
<var name="${element}"> false;}
else top.location='/doodles/';};})();&lt;/script&gt;&lt;input value="AK50M_UAAAAAZBNM1-ValIM-Ux94ZGDo5AIFOw94DA4A" name="iflsig"</var>
<kw name="Log To Console" library="BuiltIn">
<arg>${element}</arg>
<doc>Logs the given message to the console.</doc>
<status status="PASS" starttime="20230316 21:37:36.197" endtime="20230316 21:37:36.200"/>
</kw>
<status status="PASS" starttime="20230316 21:37:36.196" endtime="20230316 21:37:36.202"/>
</iter>
<iter>
<var name="${element}"> type="hidden"&gt;&lt;/span&gt;&lt;/span&gt;&lt;/td&gt;&lt;td class="fl sblc" align="left" nowrap="" width="25%"&gt;&lt;a href="/advanced_search?hl=en-IN&amp;amp;</var>
<kw name="Log To Console" library="BuiltIn">
<arg>${element}</arg>
<doc>Logs the given message to the console.</doc>
<status status="PASS" starttime="20230316 21:37:36.207" endtime="20230316 21:37:36.210"/>
</kw>
<status status="PASS" starttime="20230316 21:37:36.203" endtime="20230316 21:37:36.211"/>
</iter>
<iter>
<var name="${element}">authuser=0"&gt;Advanced search&lt;/a&gt;&lt;/td&gt;&lt;/tr&gt;&lt;/table&gt;&lt;input id="gbv" name="gbv" type="hidden" value="1"&gt;&lt;script nonce="exHQ3gbqxjjAu</var>
<kw name="Log To Console" library="BuiltIn">
<arg>${element}</arg>
<doc>Logs the given message to the console.</doc>
<status status="PASS" starttime="20230316 21:37:36.212" endtime="20230316 21:37:36.213"/>
</kw>
<status status="PASS" starttime="20230316 21:37:36.211" endtime="20230316 21:37:36.213"/>
</iter>
<iter>
<var name="${element}">DmhDJK7Zw"&gt;(function(){var a,b="1";if(document&amp;&amp;document.getElementById)if("undefined"!=typeof XMLHttpRequest)b="2";else if("und</var>
<kw name="Log To Console" library="BuiltIn">
<arg>${element}</arg>
<doc>Logs the given message to the console.</doc>
<status status="PASS" starttime="20230316 21:37:36.215" endtime="20230316 21:37:36.216"/>
</kw>
<status status="PASS" starttime="20230316 21:37:36.214" endtime="20230316 21:37:36.216"/>
</iter>
<iter>
<var name="${element}">efined"!=typeof ActiveXObject){var c,d,e=["MSXML2.XMLHTTP.6.0","MSXML2.XMLHTTP.3.0","MSXML2.XMLHTTP","Microsoft.XMLHTTP"];for(c=</var>
<kw name="Log To Console" library="BuiltIn">
<arg>${element}</arg>
<doc>Logs the given message to the console.</doc>
<status status="PASS" starttime="20230316 21:37:36.218" endtime="20230316 21:37:36.222"/>
</kw>
<status status="PASS" starttime="20230316 21:37:36.217" endtime="20230316 21:37:36.222"/>
</iter>
<iter>
<var name="${element}">0;d=e[c++];)try{new ActiveXObject(d),b="2"}catch(h){}}a=b;if("2"==a&amp;&amp;-1==location.search.indexOf("&amp;gbv=2")){var f=google.gbvu,g=</var>
<kw name="Log To Console" library="BuiltIn">
<arg>${element}</arg>
<doc>Logs the given message to the console.</doc>
<status status="PASS" starttime="20230316 21:37:36.225" endtime="20230316 21:37:36.227"/>
</kw>
<status status="PASS" starttime="20230316 21:37:36.224" endtime="20230316 21:37:36.227"/>
</iter>
<iter>
<var name="${element}">document.getElementById("gbv");g&amp;&amp;(g.value=a);f&amp;&amp;window.setTimeout(function(){location.href=f},0)};}).call(this);&lt;/script&gt;&lt;/form</var>
<kw name="Log To Console" library="BuiltIn">
<arg>${element}</arg>
<doc>Logs the given message to the console.</doc>
<status status="PASS" starttime="20230316 21:37:36.228" endtime="20230316 21:37:36.230"/>
</kw>
<status status="PASS" starttime="20230316 21:37:36.228" endtime="20230316 21:37:36.231"/>
</iter>
<iter>
<var name="${element}">&gt;&lt;div id="gac_scont"&gt;&lt;/div&gt;&lt;div style="font-size:83%;min-height:3.5em"&gt;&lt;br&gt;&lt;div id="gws-output-pages-elements-homepage_additiona</var>
<kw name="Log To Console" library="BuiltIn">
<arg>${element}</arg>
<doc>Logs the given message to the console.</doc>
<status status="PASS" starttime="20230316 21:37:36.232" endtime="20230316 21:37:36.234"/>
</kw>
<status status="PASS" starttime="20230316 21:37:36.232" endtime="20230316 21:37:36.234"/>
</iter>
<iter>
<var name="${element}">l_languages__als"&gt;&lt;style&gt;#gws-output-pages-elements-homepage_additional_languages__als{font-size:small;margin-bottom:24px}#SIvCo</var>
<kw name="Log To Console" library="BuiltIn">
<arg>${element}</arg>
<doc>Logs the given message to the console.</doc>
<status status="PASS" starttime="20230316 21:37:36.239" endtime="20230316 21:37:36.244"/>
</kw>
<status status="PASS" starttime="20230316 21:37:36.237" endtime="20230316 21:37:36.244"/>
</iter>
<iter>
<var name="${element}">b{color:#3c4043;display:inline-block;line-height:28px;}#SIvCob a{padding:0 3px;}.H6sW5{display:inline-block;margin:0 2px;white-s</var>
<kw name="Log To Console" library="BuiltIn">
<arg>${element}</arg>
<doc>Logs the given message to the console.</doc>
<status status="PASS" starttime="20230316 21:37:36.245" endtime="20230316 21:37:36.247"/>
</kw>
<status status="PASS" starttime="20230316 21:37:36.245" endtime="20230316 21:37:36.247"/>
</iter>
<iter>
<var name="${element}">pace:nowrap}.z4hgWe{display:inline-block;margin:0 2px}&lt;/style&gt;&lt;div id="SIvCob"&gt;Google offered in:  &lt;a href="https://www.google.c</var>
<kw name="Log To Console" library="BuiltIn">
<arg>${element}</arg>
<doc>Logs the given message to the console.</doc>
<status status="PASS" starttime="20230316 21:37:36.248" endtime="20230316 21:37:36.254"/>
</kw>
<status status="PASS" starttime="20230316 21:37:36.248" endtime="20230316 21:37:36.254"/>
</iter>
<iter>
<var name="${element}">om/setprefs?sig=0_IVAG3cUxP6JRGqAsf7B-7B4vnlk%3D&amp;amp;hl=hi&amp;amp;source=homepage&amp;amp;sa=X&amp;amp;ved=0ahUKEwjplsDF6uD9AhU7SGwGHXj3Dtk</var>
<kw name="Log To Console" library="BuiltIn">
<arg>${element}</arg>
<doc>Logs the given message to the console.</doc>
<status status="PASS" starttime="20230316 21:37:36.254" endtime="20230316 21:37:36.258"/>
</kw>
<status status="PASS" starttime="20230316 21:37:36.254" endtime="20230316 21:37:36.260"/>
</iter>
<iter>
<var name="${element}">Q2ZgBCAU"&gt;&amp;#2361;&amp;#2367;&amp;#2344;&amp;#2381;&amp;#2342;&amp;#2368;&lt;/a&gt;    &lt;a href="https://www.google.com/setprefs?sig=0_IVAG3cUxP6JRGqAsf7B-7</var>
<kw name="Log To Console" library="BuiltIn">
<arg>${element}</arg>
<doc>Logs the given message to the console.</doc>
<status status="PASS" starttime="20230316 21:37:36.261" endtime="20230316 21:37:36.264"/>
</kw>
<status status="PASS" starttime="20230316 21:37:36.261" endtime="20230316 21:37:36.264"/>
</iter>
<iter>
<var name="${element}">B4vnlk%3D&amp;amp;hl=bn&amp;amp;source=homepage&amp;amp;sa=X&amp;amp;ved=0ahUKEwjplsDF6uD9AhU7SGwGHXj3DtkQ2ZgBCAY"&gt;&amp;#2476;&amp;#2494;&amp;#2434;&amp;#2482;&amp;</var>
<kw name="Log To Console" library="BuiltIn">
<arg>${element}</arg>
<doc>Logs the given message to the console.</doc>
<status status="PASS" starttime="20230316 21:37:36.265" endtime="20230316 21:37:36.278"/>
</kw>
<status status="PASS" starttime="20230316 21:37:36.265" endtime="20230316 21:37:36.278"/>
</iter>
<iter>
<var name="${element}">#2494;&lt;/a&gt;    &lt;a href="https://www.google.com/setprefs?sig=0_IVAG3cUxP6JRGqAsf7B-7B4vnlk%3D&amp;amp;hl=te&amp;amp;source=homepage&amp;amp;sa</var>
<kw name="Log To Console" library="BuiltIn">
<arg>${element}</arg>
<doc>Logs the given message to the console.</doc>
<status status="PASS" starttime="20230316 21:37:36.279" endtime="20230316 21:37:36.283"/>
</kw>
<status status="PASS" starttime="20230316 21:37:36.279" endtime="20230316 21:37:36.283"/>
</iter>
<iter>
<var name="${element}">=X&amp;amp;ved=0ahUKEwjplsDF6uD9AhU7SGwGHXj3DtkQ2ZgBCAc"&gt;&amp;#3108;&amp;#3142;&amp;#3122;&amp;#3137;&amp;#3095;&amp;#3137;&lt;/a&gt;    &lt;a href="https://www.goog</var>
<kw name="Log To Console" library="BuiltIn">
<arg>${element}</arg>
<doc>Logs the given message to the console.</doc>
<status status="PASS" starttime="20230316 21:37:36.287" endtime="20230316 21:37:36.293"/>
</kw>
<status status="PASS" starttime="20230316 21:37:36.287" endtime="20230316 21:37:36.293"/>
</iter>
<iter>
<var name="${element}">le.com/setprefs?sig=0_IVAG3cUxP6JRGqAsf7B-7B4vnlk%3D&amp;amp;hl=mr&amp;amp;source=homepage&amp;amp;sa=X&amp;amp;ved=0ahUKEwjplsDF6uD9AhU7SGwGHXj</var>
<kw name="Log To Console" library="BuiltIn">
<arg>${element}</arg>
<doc>Logs the given message to the console.</doc>
<status status="PASS" starttime="20230316 21:37:36.294" endtime="20230316 21:37:36.311"/>
</kw>
<status status="PASS" starttime="20230316 21:37:36.294" endtime="20230316 21:37:36.311"/>
</iter>
<iter>
<var name="${element}">3DtkQ2ZgBCAg"&gt;&amp;#2350;&amp;#2352;&amp;#2366;&amp;#2336;&amp;#2368;&lt;/a&gt;    &lt;a href="https://www.google.com/setprefs?sig=0_IVAG3cUxP6JRGqAsf7B-7B4v</var>
<kw name="Log To Console" library="BuiltIn">
<arg>${element}</arg>
<doc>Logs the given message to the console.</doc>
<status status="PASS" starttime="20230316 21:37:36.312" endtime="20230316 21:37:36.317"/>
</kw>
<status status="PASS" starttime="20230316 21:37:36.312" endtime="20230316 21:37:36.323"/>
</iter>
<iter>
<var name="${element}">nlk%3D&amp;amp;hl=ta&amp;amp;source=homepage&amp;amp;sa=X&amp;amp;ved=0ahUKEwjplsDF6uD9AhU7SGwGHXj3DtkQ2ZgBCAk"&gt;&amp;#2980;&amp;#2990;&amp;#3007;&amp;#2996;&amp;#30</var>
<kw name="Log To Console" library="BuiltIn">
<arg>${element}</arg>
<doc>Logs the given message to the console.</doc>
<status status="PASS" starttime="20230316 21:37:36.325" endtime="20230316 21:37:36.328"/>
</kw>
<status status="PASS" starttime="20230316 21:37:36.324" endtime="20230316 21:37:36.329"/>
</iter>
<iter>
<var name="${element}">21;&lt;/a&gt;    &lt;a href="https://www.google.com/setprefs?sig=0_IVAG3cUxP6JRGqAsf7B-7B4vnlk%3D&amp;amp;hl=gu&amp;amp;source=homepage&amp;amp;sa=X&amp;</var>
<kw name="Log To Console" library="BuiltIn">
<arg>${element}</arg>
<doc>Logs the given message to the console.</doc>
<status status="PASS" starttime="20230316 21:37:36.330" endtime="20230316 21:37:36.348"/>
</kw>
<status status="PASS" starttime="20230316 21:37:36.329" endtime="20230316 21:37:36.349"/>
</iter>
<iter>
<var name="${element}">amp;ved=0ahUKEwjplsDF6uD9AhU7SGwGHXj3DtkQ2ZgBCAo"&gt;&amp;#2711;&amp;#2753;&amp;#2716;&amp;#2736;&amp;#2750;&amp;#2724;&amp;#2752;&lt;/a&gt;    &lt;a href="https://www.</var>
<kw name="Log To Console" library="BuiltIn">
<arg>${element}</arg>
<doc>Logs the given message to the console.</doc>
<status status="PASS" starttime="20230316 21:37:36.350" endtime="20230316 21:37:36.358"/>
</kw>
<status status="PASS" starttime="20230316 21:37:36.349" endtime="20230316 21:37:36.359"/>
</iter>
<iter>
<var name="${element}">google.com/setprefs?sig=0_IVAG3cUxP6JRGqAsf7B-7B4vnlk%3D&amp;amp;hl=kn&amp;amp;source=homepage&amp;amp;sa=X&amp;amp;ved=0ahUKEwjplsDF6uD9AhU7SGw</var>
<kw name="Log To Console" library="BuiltIn">
<arg>${element}</arg>
<doc>Logs the given message to the console.</doc>
<status status="PASS" starttime="20230316 21:37:36.361" endtime="20230316 21:37:36.372"/>
</kw>
<status status="PASS" starttime="20230316 21:37:36.361" endtime="20230316 21:37:36.373"/>
</iter>
<iter>
<var name="${element}">GHXj3DtkQ2ZgBCAs"&gt;&amp;#3221;&amp;#3240;&amp;#3277;&amp;#3240;&amp;#3233;&lt;/a&gt;    &lt;a href="https://www.google.com/setprefs?sig=0_IVAG3cUxP6JRGqAsf7B-</var>
<kw name="Log To Console" library="BuiltIn">
<arg>${element}</arg>
<doc>Logs the given message to the console.</doc>
<status status="PASS" starttime="20230316 21:37:36.374" endtime="20230316 21:37:36.379"/>
</kw>
<status status="PASS" starttime="20230316 21:37:36.374" endtime="20230316 21:37:36.379"/>
</iter>
<iter>
<var name="${element}">7B4vnlk%3D&amp;amp;hl=ml&amp;amp;source=homepage&amp;amp;sa=X&amp;amp;ved=0ahUKEwjplsDF6uD9AhU7SGwGHXj3DtkQ2ZgBCAw"&gt;&amp;#3374;&amp;#3378;&amp;#3375;&amp;#3390;</var>
<kw name="Log To Console" library="BuiltIn">
<arg>${element}</arg>
<doc>Logs the given message to the console.</doc>
<status status="PASS" starttime="20230316 21:37:36.380" endtime="20230316 21:37:36.384"/>
</kw>
<status status="PASS" starttime="20230316 21:37:36.379" endtime="20230316 21:37:36.384"/>
</iter>
<iter>
<var name="${element}">&amp;#3379;&amp;#3330;&lt;/a&gt;    &lt;a href="https://www.google.com/setprefs?sig=0_IVAG3cUxP6JRGqAsf7B-7B4vnlk%3D&amp;amp;hl=pa&amp;amp;source=homepag</var>
<kw name="Log To Console" library="BuiltIn">
<arg>${element}</arg>
<doc>Logs the given message to the console.</doc>
<status status="PASS" starttime="20230316 21:37:36.388" endtime="20230316 21:37:36.391"/>
</kw>
<status status="PASS" starttime="20230316 21:37:36.386" endtime="20230316 21:37:36.392"/>
</iter>
<iter>
<var name="${element}">e&amp;amp;sa=X&amp;amp;ved=0ahUKEwjplsDF6uD9AhU7SGwGHXj3DtkQ2ZgBCA0"&gt;&amp;#2602;&amp;#2672;&amp;#2588;&amp;#2622;&amp;#2604;&amp;#2624;&lt;/a&gt;  &lt;/div&gt;&lt;/div&gt;&lt;/div&gt;&lt;</var>
<kw name="Log To Console" library="BuiltIn">
<arg>${element}</arg>
<doc>Logs the given message to the console.</doc>
<status status="PASS" starttime="20230316 21:37:36.394" endtime="20230316 21:37:36.404"/>
</kw>
<status status="PASS" starttime="20230316 21:37:36.393" endtime="20230316 21:37:36.405"/>
</iter>
<iter>
<var name="${element}">span id="footer"&gt;&lt;div style="font-size:10pt"&gt;&lt;div style="margin:19px auto;text-align:center" id="WqQANb"&gt;&lt;a href="/intl/en/ads/"</var>
<kw name="Log To Console" library="BuiltIn">
<arg>${element}</arg>
<doc>Logs the given message to the console.</doc>
<status status="PASS" starttime="20230316 21:37:36.406" endtime="20230316 21:37:36.416"/>
</kw>
<status status="PASS" starttime="20230316 21:37:36.405" endtime="20230316 21:37:36.416"/>
</iter>
<iter>
<var name="${element}">&gt;Advertising&lt;/a&gt;&lt;a href="http://www.google.co.in/services/"&gt;Business Solutions&lt;/a&gt;&lt;a href="/intl/en/about.html"&gt;About Google&lt;/a&gt;</var>
<kw name="Log To Console" library="BuiltIn">
<arg>${element}</arg>
<doc>Logs the given message to the console.</doc>
<status status="PASS" starttime="20230316 21:37:36.423" endtime="20230316 21:37:36.426"/>
</kw>
<status status="PASS" starttime="20230316 21:37:36.417" endtime="20230316 21:37:36.427"/>
</iter>
<iter>
<var name="${element}">&lt;a href="https://www.google.com/setprefdomain?prefdom=IN&amp;amp;prev=https://www.google.co.in/&amp;amp;sig=K_eKsF-khY7JKgXTl2JlE24c3pAs</var>
<kw name="Log To Console" library="BuiltIn">
<arg>${element}</arg>
<doc>Logs the given message to the console.</doc>
<status status="PASS" starttime="20230316 21:37:36.428" endtime="20230316 21:37:36.429"/>
</kw>
<status status="PASS" starttime="20230316 21:37:36.427" endtime="20230316 21:37:36.429"/>
</iter>
<iter>
<var name="${element}">8%3D"&gt;Google.co.in&lt;/a&gt;&lt;/div&gt;&lt;/div&gt;&lt;p style="font-size:8pt;color:#70757a"&gt;&amp;copy; 2023 - &lt;a href="/intl/en/policies/privacy/"&gt;Priv</var>
<kw name="Log To Console" library="BuiltIn">
<arg>${element}</arg>
<doc>Logs the given message to the console.</doc>
<status status="PASS" starttime="20230316 21:37:36.430" endtime="20230316 21:37:36.432"/>
</kw>
<status status="PASS" starttime="20230316 21:37:36.429" endtime="20230316 21:37:36.432"/>
</iter>
<iter>
<var name="${element}">acy&lt;/a&gt; - &lt;a href="/intl/en/policies/terms/"&gt;Terms&lt;/a&gt;&lt;/p&gt;&lt;/span&gt;&lt;/center&gt;&lt;script nonce="exHQ3gbqxjjAuDmhDJK7Zw"&gt;(function(){win</var>
<kw name="Log To Console" library="BuiltIn">
<arg>${element}</arg>
<doc>Logs the given message to the console.</doc>
<status status="PASS" starttime="20230316 21:37:36.434" endtime="20230316 21:37:36.439"/>
</kw>
<status status="PASS" starttime="20230316 21:37:36.434" endtime="20230316 21:37:36.440"/>
</iter>
<iter>
<var name="${element}">dow.google.cdo={height:757,width:1440};(function(){var a=window.innerWidth,b=window.innerHeight;if(!a||!b){var c=window.document</var>
<kw name="Log To Console" library="BuiltIn">
<arg>${element}</arg>
<doc>Logs the given message to the console.</doc>
<status status="PASS" starttime="20230316 21:37:36.443" endtime="20230316 21:37:36.444"/>
</kw>
<status status="PASS" starttime="20230316 21:37:36.442" endtime="20230316 21:37:36.446"/>
</iter>
<iter>
<var name="${element}">,d="CSS1Compat"==c.compatMode?c.documentElement:c.body;a=d.clientWidth;b=d.clientHeight}a&amp;&amp;b&amp;&amp;(a!=google.cdo.width||b!=google.cd</var>
<kw name="Log To Console" library="BuiltIn">
<arg>${element}</arg>
<doc>Logs the given message to the console.</doc>
<status status="PASS" starttime="20230316 21:37:36.448" endtime="20230316 21:37:36.450"/>
</kw>
<status status="PASS" starttime="20230316 21:37:36.447" endtime="20230316 21:37:36.450"/>
</iter>
<iter>
<var name="${element}">o.height)&amp;&amp;google.log("","","/client_204?&amp;atyp=i&amp;biw="+a+"&amp;bih="+b+"&amp;ei="+google.kEI);}).call(this);})();&lt;/script&gt; &lt;script nonce</var>
<kw name="Log To Console" library="BuiltIn">
<arg>${element}</arg>
<doc>Logs the given message to the console.</doc>
<status status="PASS" starttime="20230316 21:37:36.452" endtime="20230316 21:37:36.456"/>
</kw>
<status status="PASS" starttime="20230316 21:37:36.450" endtime="20230316 21:37:36.457"/>
</iter>
<iter>
<var name="${element}">="exHQ3gbqxjjAuDmhDJK7Zw"&gt;(function(){google.xjs={ck:'xjs.hp.Y2W3KAJ0Jco.L.X.O',cs:'ACT90oFu9pIux-eMq8tgG7A21CJNKQAegA',excm:[]}</var>
<kw name="Log To Console" library="BuiltIn">
<arg>${element}</arg>
<doc>Logs the given message to the console.</doc>
<status status="PASS" starttime="20230316 21:37:36.459" endtime="20230316 21:37:36.461"/>
</kw>
<status status="PASS" starttime="20230316 21:37:36.458" endtime="20230316 21:37:36.462"/>
</iter>
<iter>
<var name="${element}">;})();&lt;/script&gt;  &lt;script nonce="exHQ3gbqxjjAuDmhDJK7Zw"&gt;(function(){var u='/xjs/_/js/k\x3dxjs.hp.en.WK5tGcJZl_4.O/am\x3dAACgEwBA</var>
<kw name="Log To Console" library="BuiltIn">
<arg>${element}</arg>
<doc>Logs the given message to the console.</doc>
<status status="PASS" starttime="20230316 21:37:36.463" endtime="20230316 21:37:36.465"/>
</kw>
<status status="PASS" starttime="20230316 21:37:36.463" endtime="20230316 21:37:36.466"/>
</iter>
<iter>
<var name="${element}">AYAF/d\x3d1/ed\x3d1/rs\x3dACT90oEIkAnNtLs_xquX5F0TcC40GLWEYQ/m\x3dsb_he,d';var amd=0;
var d=this||self,e=function(a){return a};v</var>
<kw name="Log To Console" library="BuiltIn">
<arg>${element}</arg>
<doc>Logs the given message to the console.</doc>
<status status="PASS" starttime="20230316 21:37:36.466" endtime="20230316 21:37:36.469"/>
</kw>
<status status="PASS" starttime="20230316 21:37:36.466" endtime="20230316 21:37:36.469"/>
</iter>
<iter>
<var name="${element}">ar g;var l=function(a,b){this.g=b===h?a:""};l.prototype.toString=function(){return this.g+""};var h={};
function m(){var a=u;goo</var>
<kw name="Log To Console" library="BuiltIn">
<arg>${element}</arg>
<doc>Logs the given message to the console.</doc>
<status status="PASS" starttime="20230316 21:37:36.470" endtime="20230316 21:37:36.474"/>
</kw>
<status status="PASS" starttime="20230316 21:37:36.469" endtime="20230316 21:37:36.475"/>
</iter>
<iter>
<var name="${element}">gle.lx=function(){p(a);google.lx=function(){}};google.bx||google.lx()}
function p(a){google.timers&amp;&amp;google.timers.load&amp;&amp;google.t</var>
<kw name="Log To Console" library="BuiltIn">
<arg>${element}</arg>
<doc>Logs the given message to the console.</doc>
<status status="PASS" starttime="20230316 21:37:36.476" endtime="20230316 21:37:36.479"/>
</kw>
<status status="PASS" starttime="20230316 21:37:36.476" endtime="20230316 21:37:36.479"/>
</iter>
<iter>
<var name="${element}">ick&amp;&amp;google.tick("load","xjsls");var b=document;var c="SCRIPT";"application/xhtml+xml"===b.contentType&amp;&amp;(c=c.toLowerCase());c=b.</var>
<kw name="Log To Console" library="BuiltIn">
<arg>${element}</arg>
<doc>Logs the given message to the console.</doc>
<status status="PASS" starttime="20230316 21:37:36.481" endtime="20230316 21:37:36.484"/>
</kw>
<status status="PASS" starttime="20230316 21:37:36.480" endtime="20230316 21:37:36.487"/>
</iter>
<iter>
<var name="${element}">createElement(c);c.id="base-js";a=null===a?"null":void 0===a?"undefined":a;if(void 0===g){b=null;var k=d.trustedTypes;if(k&amp;&amp;k.cr</var>
<kw name="Log To Console" library="BuiltIn">
<arg>${element}</arg>
<doc>Logs the given message to the console.</doc>
<status status="PASS" starttime="20230316 21:37:36.489" endtime="20230316 21:37:36.492"/>
</kw>
<status status="PASS" starttime="20230316 21:37:36.488" endtime="20230316 21:37:36.492"/>
</iter>
<iter>
<var name="${element}">eatePolicy){try{b=k.createPolicy("goog#html",{createHTML:e,createScript:e,createScriptURL:e})}catch(q){d.console&amp;&amp;d.console.erro</var>
<kw name="Log To Console" library="BuiltIn">
<arg>${element}</arg>
<doc>Logs the given message to the console.</doc>
<status status="PASS" starttime="20230316 21:37:36.493" endtime="20230316 21:37:36.494"/>
</kw>
<status status="PASS" starttime="20230316 21:37:36.493" endtime="20230316 21:37:36.494"/>
</iter>
<iter>
<var name="${element}">r(q.message)}g=b}else g=b}a=(b=g)?b.createScriptURL(a):a;a=new l(a,h);c.src=a instanceof l&amp;&amp;a.constructor===l?a.g:"type_error:Tr</var>
<kw name="Log To Console" library="BuiltIn">
<arg>${element}</arg>
<doc>Logs the given message to the console.</doc>
<status status="PASS" starttime="20230316 21:37:36.495" endtime="20230316 21:37:36.496"/>
</kw>
<status status="PASS" starttime="20230316 21:37:36.495" endtime="20230316 21:37:36.496"/>
</iter>
<iter>
<var name="${element}">ustedResourceUrl";var f,n;(f=(a=null==(n=(f=(c.ownerDocument&amp;&amp;c.ownerDocument.defaultView||window).document).querySelector)?void</var>
<kw name="Log To Console" library="BuiltIn">
<arg>${element}</arg>
<doc>Logs the given message to the console.</doc>
<status status="PASS" starttime="20230316 21:37:36.497" endtime="20230316 21:37:36.499"/>
</kw>
<status status="PASS" starttime="20230316 21:37:36.496" endtime="20230316 21:37:36.499"/>
</iter>
<iter>
<var name="${element}"> 0:n.call(f,"script[nonce]"))?a.nonce||a.getAttribute("nonce")||"":"")&amp;&amp;c.setAttribute("nonce",f);document.body.appendChild(c);g</var>
<kw name="Log To Console" library="BuiltIn">
<arg>${element}</arg>
<doc>Logs the given message to the console.</doc>
<status status="PASS" starttime="20230316 21:37:36.500" endtime="20230316 21:37:36.501"/>
</kw>
<status status="PASS" starttime="20230316 21:37:36.499" endtime="20230316 21:37:36.503"/>
</iter>
<iter>
<var name="${element}">oogle.psa=!0};google.xjsu=u;setTimeout(function(){0&lt;amd?google.caft(function(){return m()},amd):m()},0);})();window._ = window._</var>
<kw name="Log To Console" library="BuiltIn">
<arg>${element}</arg>
<doc>Logs the given message to the console.</doc>
<status status="PASS" starttime="20230316 21:37:36.504" endtime="20230316 21:37:36.507"/>
</kw>
<status status="PASS" starttime="20230316 21:37:36.504" endtime="20230316 21:37:36.508"/>
</iter>
<iter>
<var name="${element}"> || {};window._DumpException = _._DumpException = function(e){throw e;};window._s = window._s || {};_s._DumpException = _._DumpE</var>
<kw name="Log To Console" library="BuiltIn">
<arg>${element}</arg>
<doc>Logs the given message to the console.</doc>
<status status="PASS" starttime="20230316 21:37:36.509" endtime="20230316 21:37:36.510"/>
</kw>
<status status="PASS" starttime="20230316 21:37:36.509" endtime="20230316 21:37:36.511"/>
</iter>
<iter>
<var name="${element}">xception;window._qs = window._qs || {};_qs._DumpException = _._DumpException;function _F_installCss(c){}
(function(){google.jl={</var>
<kw name="Log To Console" library="BuiltIn">
<arg>${element}</arg>
<doc>Logs the given message to the console.</doc>
<status status="PASS" starttime="20230316 21:37:36.512" endtime="20230316 21:37:36.513"/>
</kw>
<status status="PASS" starttime="20230316 21:37:36.511" endtime="20230316 21:37:36.513"/>
</iter>
<iter>
<var name="${element}">blt:'none',chnk:0,dw:false,dwu:true,emtn:0,end:0,ico:false,ikb:0,ine:false,injs:'none',injt:0,injth:0,injv2:false,lls:'default',</var>
<kw name="Log To Console" library="BuiltIn">
<arg>${element}</arg>
<doc>Logs the given message to the console.</doc>
<status status="PASS" starttime="20230316 21:37:36.514" endtime="20230316 21:37:36.523"/>
</kw>
<status status="PASS" starttime="20230316 21:37:36.514" endtime="20230316 21:37:36.523"/>
</iter>
<iter>
<var name="${element}">pdt:0,rep:0,snet:true,strt:0,ubm:false,uwp:true};})();(function(){var pmc='{\x22d\x22:{},\x22sb_he\x22:{\x22agen\x22:true,\x22cg</var>
<kw name="Log To Console" library="BuiltIn">
<arg>${element}</arg>
<doc>Logs the given message to the console.</doc>
<status status="PASS" starttime="20230316 21:37:36.524" endtime="20230316 21:37:36.535"/>
</kw>
<status status="PASS" starttime="20230316 21:37:36.524" endtime="20230316 21:37:36.535"/>
</iter>
<iter>
<var name="${element}">en\x22:true,\x22client\x22:\x22heirloom-hp\x22,\x22dh\x22:true,\x22ds\x22:\x22\x22,\x22fl\x22:true,\x22host\x22:\x22google.com\x</var>
<kw name="Log To Console" library="BuiltIn">
<arg>${element}</arg>
<doc>Logs the given message to the console.</doc>
<status status="PASS" starttime="20230316 21:37:36.535" endtime="20230316 21:37:36.537"/>
</kw>
<status status="PASS" starttime="20230316 21:37:36.535" endtime="20230316 21:37:36.538"/>
</iter>
<iter>
<var name="${element}">22,\x22jsonp\x22:true,\x22msgs\x22:{\x22cibl\x22:\x22Clear Search\x22,\x22dym\x22:\x22Did you mean:\x22,\x22lcky\x22:\x22I\\u002</var>
<kw name="Log To Console" library="BuiltIn">
<arg>${element}</arg>
<doc>Logs the given message to the console.</doc>
<status status="PASS" starttime="20230316 21:37:36.538" endtime="20230316 21:37:36.541"/>
</kw>
<status status="PASS" starttime="20230316 21:37:36.538" endtime="20230316 21:37:36.541"/>
</iter>
<iter>
<var name="${element}">6#39;m Feeling Lucky\x22,\x22lml\x22:\x22Learn more\x22,\x22psrc\x22:\x22This search was removed from your \\u003Ca href\x3d\\\x</var>
<kw name="Log To Console" library="BuiltIn">
<arg>${element}</arg>
<doc>Logs the given message to the console.</doc>
<status status="PASS" starttime="20230316 21:37:36.542" endtime="20230316 21:37:36.546"/>
</kw>
<status status="PASS" starttime="20230316 21:37:36.542" endtime="20230316 21:37:36.546"/>
</iter>
<iter>
<var name="${element}">22/history\\\x22\\u003EWeb History\\u003C/a\\u003E\x22,\x22psrl\x22:\x22Remove\x22,\x22sbit\x22:\x22Search by image\x22,\x22srch</var>
<kw name="Log To Console" library="BuiltIn">
<arg>${element}</arg>
<doc>Logs the given message to the console.</doc>
<status status="PASS" starttime="20230316 21:37:36.550" endtime="20230316 21:37:36.553"/>
</kw>
<status status="PASS" starttime="20230316 21:37:36.547" endtime="20230316 21:37:36.553"/>
</iter>
<iter>
<var name="${element}">\x22:\x22Google Search\x22},\x22ovr\x22:{},\x22pq\x22:\x22\x22,\x22rfs\x22:[],\x22sbas\x22:\x220 3px 8px 0 rgba(0,0,0,0.2),0 0 0</var>
<kw name="Log To Console" library="BuiltIn">
<arg>${element}</arg>
<doc>Logs the given message to the console.</doc>
<status status="PASS" starttime="20230316 21:37:36.555" endtime="20230316 21:37:36.560"/>
</kw>
<status status="PASS" starttime="20230316 21:37:36.553" endtime="20230316 21:37:36.560"/>
</iter>
<iter>
<var name="${element}"> 1px rgba(0,0,0,0.08)\x22,\x22stok\x22:\x22rafmn8TFSmBubezN-UTJ7ZbkiG8\x22}}';google.pmc=JSON.parse(pmc);})();&lt;/script&gt;       &lt;/</var>
<kw name="Log To Console" library="BuiltIn">
<arg>${element}</arg>
<doc>Logs the given message to the console.</doc>
<status status="PASS" starttime="20230316 21:37:36.560" endtime="20230316 21:37:36.562"/>
</kw>
<status status="PASS" starttime="20230316 21:37:36.560" endtime="20230316 21:37:36.562"/>
</iter>
<iter>
<var name="${element}">body&gt;&lt;/html&gt;</var>
<kw name="Log To Console" library="BuiltIn">
<arg>${element}</arg>
<doc>Logs the given message to the console.</doc>
<status status="PASS" starttime="20230316 21:37:36.563" endtime="20230316 21:37:36.565"/>
</kw>
<status status="PASS" starttime="20230316 21:37:36.563" endtime="20230316 21:37:36.566"/>
</iter>
<status status="PASS" starttime="20230316 21:37:35.670" endtime="20230316 21:37:36.566"/>
</for>
<status status="PASS" starttime="20230316 21:37:34.202" endtime="20230316 21:37:36.567"/>
</test>
<status status="PASS" starttime="20230316 21:37:33.525" endtime="20230316 21:37:36.570"/>
</suite>
<status status="FAIL" starttime="20230316 21:37:30.989" endtime="20230316 21:37:36.574"/>
</suite>
<statistics>
<total>
<stat pass="1" fail="6" skip="0">All Tests</stat>
</total>
<tag>
<stat pass="0" fail="5" skip="0">regression</stat>
<stat pass="0" fail="1" skip="0">smoke</stat>
</tag>
<suite>
<stat pass="1" fail="6" skip="0" id="s1" name="Example">Example</stat>
<stat pass="0" fail="1" skip="0" id="s1-s1" name="TC001 - Tap on 'Privacy policy' and verify user is landing on Privacy policy page">Example.TC001 - Tap on 'Privacy policy' and verify user is landing on Privacy policy page</stat>
<stat pass="0" fail="1" skip="0" id="s1-s2" name="TC002 - Verify that Deep link URL is providing QR code">Example.TC002 - Verify that Deep link URL is providing QR code</stat>
<stat pass="0" fail="1" skip="0" id="s1-s3" name="TC003 - Verify that Google Play button redirecting user to Vision Project on play store">Example.TC003 - Verify that Google Play button redirecting user to Vision Project on play store</stat>
<stat pass="0" fail="1" skip="0" id="s1-s4" name="TC004 - Verify that if social app is not installed on phone then App was not found screen appears">Example.TC004 - Verify that if social app is not installed on phone then App was not found screen appears</stat>
<stat pass="0" fail="2" skip="0" id="s1-s5" name="TC005 - Verify welcome page journey is as excepted">Example.TC005 - Verify welcome page journey is as excepted</stat>
<stat pass="1" fail="0" skip="0" id="s1-s6" name="TC006 - sample">Example.TC006 - sample</stat>
</suite>
</statistics>
<errors>
<msg timestamp="20230316 21:37:31.146" level="ERROR">Error in file 'D:\FusionTestFramework\com.playgroundxyz.vision_project\com.playgroundxyz.vision_project.PageObject\com.playgroundxyz.vision_project.PageObject.keywords\Allow Permission page keywords.resource' on line 3: Importing library 'D:\FusionTestFramework\src\MobileTestLibrary' failed: ModuleNotFoundError: No module named 'src'
Traceback (most recent call last):
  File "D:\FusionTestFramework\src\MobileTestLibrary\__init__.py", line 1, in &lt;module&gt;
    from src.MobileTestLibrary.ExtendedAppiumLibrary import ExtendedAppiumLibrary
PYTHONPATH:
  D:\FusionTestFramework\src
  d:\FusionTestFramework\com.playgroundxyz.vision_project
  C:\ProgramData\robocorp\ht\1d92a2f_b1f3c24_09529949\python39.zip
  c:\ProgramData\robocorp\ht\1d92a2f_b1f3c24_09529949\DLLs
  c:\ProgramData\robocorp\ht\1d92a2f_b1f3c24_09529949\lib
  c:\ProgramData\robocorp\ht\1d92a2f_b1f3c24_09529949
  C:\ProgramData\robocorp\ht
  c:\ProgramData\robocorp\ht\1d92a2f_b1f3c24_09529949\lib\site-packages
  c:\ProgramData\robocorp\ht\1d92a2f_b1f3c24_09529949\lib\site-packages\win32
  c:\ProgramData\robocorp\ht\1d92a2f_b1f3c24_09529949\lib\site-packages\win32\lib
  c:\ProgramData\robocorp\ht\1d92a2f_b1f3c24_09529949\lib\site-packages\Pythonwin</msg>
<msg timestamp="20230316 21:37:31.831" level="ERROR">Error in file 'D:\FusionTestFramework\com.playgroundxyz.vision_project\com.playgroundxyz.vision_project.PageObject\com.playgroundxyz.vision_project.PageObject.keywords\Allow Permission page keywords.resource' on line 5: Processing variable file 'D:\FusionTestFramework\com.playgroundxyz.vision_project\com.playgroundxyz.vision_project.ConfigFiles\configuration.py' failed: Importing variable file 'D:\FusionTestFramework\com.playgroundxyz.vision_project\com.playgroundxyz.vision_project.ConfigFiles\configuration.py' failed: ModuleNotFoundError: No module named 'MobileTestLibrary'
Traceback (most recent call last):
  File "D:\FusionTestFramework\com.playgroundxyz.vision_project\com.playgroundxyz.vision_project.ConfigFiles\configuration.py", line 3, in &lt;module&gt;
    from MobileTestLibrary.JsonFileReader import read_Json_file
PYTHONPATH:
  D:\FusionTestFramework\com.playgroundxyz.vision_project\com.playgroundxyz.vision_project.ConfigFiles
  d:\FusionTestFramework\com.playgroundxyz.vision_project
  C:\ProgramData\robocorp\ht\1d92a2f_b1f3c24_09529949\python39.zip
  c:\ProgramData\robocorp\ht\1d92a2f_b1f3c24_09529949\DLLs
  c:\ProgramData\robocorp\ht\1d92a2f_b1f3c24_09529949\lib
  c:\ProgramData\robocorp\ht\1d92a2f_b1f3c24_09529949
  C:\ProgramData\robocorp\ht
  c:\ProgramData\robocorp\ht\1d92a2f_b1f3c24_09529949\lib\site-packages
  c:\ProgramData\robocorp\ht\1d92a2f_b1f3c24_09529949\lib\site-packages\win32
  c:\ProgramData\robocorp\ht\1d92a2f_b1f3c24_09529949\lib\site-packages\win32\lib
  c:\ProgramData\robocorp\ht\1d92a2f_b1f3c24_09529949\lib\site-packages\Pythonwin</msg>
<msg timestamp="20230316 21:37:31.866" level="ERROR">Error in file 'D:\FusionTestFramework\com.playgroundxyz.vision_project\com.playgroundxyz.vision_project.PageObject\com.playgroundxyz.vision_project.PageObject.keywords\LetsSetupYourEyeTrackingKeywords.resource' on line 4: Importing library 'D:\FusionTestFramework\src\MobileTestLibrary' failed: ModuleNotFoundError: No module named 'src'
Traceback (most recent call last):
  File "D:\FusionTestFramework\src\MobileTestLibrary\__init__.py", line 1, in &lt;module&gt;
    from src.MobileTestLibrary.ExtendedAppiumLibrary import ExtendedAppiumLibrary
PYTHONPATH:
  D:\FusionTestFramework\src
  d:\FusionTestFramework\com.playgroundxyz.vision_project
  C:\ProgramData\robocorp\ht\1d92a2f_b1f3c24_09529949\python39.zip
  c:\ProgramData\robocorp\ht\1d92a2f_b1f3c24_09529949\DLLs
  c:\ProgramData\robocorp\ht\1d92a2f_b1f3c24_09529949\lib
  c:\ProgramData\robocorp\ht\1d92a2f_b1f3c24_09529949
  C:\ProgramData\robocorp\ht
  c:\ProgramData\robocorp\ht\1d92a2f_b1f3c24_09529949\lib\site-packages
  c:\ProgramData\robocorp\ht\1d92a2f_b1f3c24_09529949\lib\site-packages\win32
  c:\ProgramData\robocorp\ht\1d92a2f_b1f3c24_09529949\lib\site-packages\win32\lib
  c:\ProgramData\robocorp\ht\1d92a2f_b1f3c24_09529949\lib\site-packages\Pythonwin</msg>
<msg timestamp="20230316 21:37:31.922" level="ERROR">Error in file 'D:\FusionTestFramework\com.playgroundxyz.vision_project\com.playgroundxyz.vision_project.PageObject\com.playgroundxyz.vision_project.PageObject.keywords\welcome page journey keywords.resource' on line 3: Importing library 'D:\FusionTestFramework\src\MobileTestLibrary' failed: ModuleNotFoundError: No module named 'src'
Traceback (most recent call last):
  File "D:\FusionTestFramework\src\MobileTestLibrary\__init__.py", line 1, in &lt;module&gt;
    from src.MobileTestLibrary.ExtendedAppiumLibrary import ExtendedAppiumLibrary
PYTHONPATH:
  D:\FusionTestFramework\src
  d:\FusionTestFramework\com.playgroundxyz.vision_project
  C:\ProgramData\robocorp\ht\1d92a2f_b1f3c24_09529949\python39.zip
  c:\ProgramData\robocorp\ht\1d92a2f_b1f3c24_09529949\DLLs
  c:\ProgramData\robocorp\ht\1d92a2f_b1f3c24_09529949\lib
  c:\ProgramData\robocorp\ht\1d92a2f_b1f3c24_09529949
  C:\ProgramData\robocorp\ht
  c:\ProgramData\robocorp\ht\1d92a2f_b1f3c24_09529949\lib\site-packages
  c:\ProgramData\robocorp\ht\1d92a2f_b1f3c24_09529949\lib\site-packages\win32
  c:\ProgramData\robocorp\ht\1d92a2f_b1f3c24_09529949\lib\site-packages\win32\lib
  c:\ProgramData\robocorp\ht\1d92a2f_b1f3c24_09529949\lib\site-packages\Pythonwin</msg>
<msg timestamp="20230316 21:37:31.977" level="ERROR">Error in file 'D:\FusionTestFramework\com.playgroundxyz.vision_project\com.playgroundxyz.vision_project.PageObject\com.playgroundxyz.vision_project.PageObject.keywords\launch_flow_keywords.resource' on line 3: Importing library 'D:\FusionTestFramework\src\MobileTestLibrary' failed: ModuleNotFoundError: No module named 'src'
Traceback (most recent call last):
  File "D:\FusionTestFramework\src\MobileTestLibrary\__init__.py", line 1, in &lt;module&gt;
    from src.MobileTestLibrary.ExtendedAppiumLibrary import ExtendedAppiumLibrary
PYTHONPATH:
  D:\FusionTestFramework\src
  d:\FusionTestFramework\com.playgroundxyz.vision_project
  C:\ProgramData\robocorp\ht\1d92a2f_b1f3c24_09529949\python39.zip
  c:\ProgramData\robocorp\ht\1d92a2f_b1f3c24_09529949\DLLs
  c:\ProgramData\robocorp\ht\1d92a2f_b1f3c24_09529949\lib
  c:\ProgramData\robocorp\ht\1d92a2f_b1f3c24_09529949
  C:\ProgramData\robocorp\ht
  c:\ProgramData\robocorp\ht\1d92a2f_b1f3c24_09529949\lib\site-packages
  c:\ProgramData\robocorp\ht\1d92a2f_b1f3c24_09529949\lib\site-packages\win32
  c:\ProgramData\robocorp\ht\1d92a2f_b1f3c24_09529949\lib\site-packages\win32\lib
  c:\ProgramData\robocorp\ht\1d92a2f_b1f3c24_09529949\lib\site-packages\Pythonwin</msg>
<msg timestamp="20230316 21:37:32.018" level="ERROR">Error in file 'D:\FusionTestFramework\com.playgroundxyz.vision_project\com.playgroundxyz.vision_project.PageObject\com.playgroundxyz.vision_project.PageObject.keywords\Setup keywords.resource' on line 3: Importing library 'D:\FusionTestFramework\src\MobileTestLibrary' failed: ModuleNotFoundError: No module named 'src'
Traceback (most recent call last):
  File "D:\FusionTestFramework\src\MobileTestLibrary\__init__.py", line 1, in &lt;module&gt;
    from src.MobileTestLibrary.ExtendedAppiumLibrary import ExtendedAppiumLibrary
PYTHONPATH:
  D:\FusionTestFramework\src
  d:\FusionTestFramework\com.playgroundxyz.vision_project
  C:\ProgramData\robocorp\ht\1d92a2f_b1f3c24_09529949\python39.zip
  c:\ProgramData\robocorp\ht\1d92a2f_b1f3c24_09529949\DLLs
  c:\ProgramData\robocorp\ht\1d92a2f_b1f3c24_09529949\lib
  c:\ProgramData\robocorp\ht\1d92a2f_b1f3c24_09529949
  C:\ProgramData\robocorp\ht
  c:\ProgramData\robocorp\ht\1d92a2f_b1f3c24_09529949\lib\site-packages
  c:\ProgramData\robocorp\ht\1d92a2f_b1f3c24_09529949\lib\site-packages\win32
  c:\ProgramData\robocorp\ht\1d92a2f_b1f3c24_09529949\lib\site-packages\win32\lib
  c:\ProgramData\robocorp\ht\1d92a2f_b1f3c24_09529949\lib\site-packages\Pythonwin</msg>
<msg timestamp="20230316 21:37:32.064" level="ERROR">Error in file 'D:\FusionTestFramework\com.playgroundxyz.vision_project\com.playgroundxyz.vision_project.PageObject\com.playgroundxyz.vision_project.PageObject.keywords\EyeGazeValiidationKeywords.resource' on line 5: Importing library 'D:\FusionTestFramework\src\MobileTestLibrary' failed: ModuleNotFoundError: No module named 'src'
Traceback (most recent call last):
  File "D:\FusionTestFramework\src\MobileTestLibrary\__init__.py", line 1, in &lt;module&gt;
    from src.MobileTestLibrary.ExtendedAppiumLibrary import ExtendedAppiumLibrary
PYTHONPATH:
  D:\FusionTestFramework\src
  d:\FusionTestFramework\com.playgroundxyz.vision_project
  C:\ProgramData\robocorp\ht\1d92a2f_b1f3c24_09529949\python39.zip
  c:\ProgramData\robocorp\ht\1d92a2f_b1f3c24_09529949\DLLs
  c:\ProgramData\robocorp\ht\1d92a2f_b1f3c24_09529949\lib
  c:\ProgramData\robocorp\ht\1d92a2f_b1f3c24_09529949
  C:\ProgramData\robocorp\ht
  c:\ProgramData\robocorp\ht\1d92a2f_b1f3c24_09529949\lib\site-packages
  c:\ProgramData\robocorp\ht\1d92a2f_b1f3c24_09529949\lib\site-packages\win32
  c:\ProgramData\robocorp\ht\1d92a2f_b1f3c24_09529949\lib\site-packages\win32\lib
  c:\ProgramData\robocorp\ht\1d92a2f_b1f3c24_09529949\lib\site-packages\Pythonwin</msg>
<msg timestamp="20230316 21:37:32.164" level="ERROR">Error in file 'D:\FusionTestFramework\com.playgroundxyz.vision_project\com.playgroundxyz.vision_project.PageObject\com.playgroundxyz.vision_project.PageObject.keywords\Allow Permission page keywords.resource' on line 3: Importing library 'D:\FusionTestFramework\src\MobileTestLibrary' failed: ModuleNotFoundError: No module named 'src'
Traceback (most recent call last):
  File "D:\FusionTestFramework\src\MobileTestLibrary\__init__.py", line 1, in &lt;module&gt;
    from src.MobileTestLibrary.ExtendedAppiumLibrary import ExtendedAppiumLibrary
PYTHONPATH:
  D:\FusionTestFramework\src
  d:\FusionTestFramework\com.playgroundxyz.vision_project
  C:\ProgramData\robocorp\ht\1d92a2f_b1f3c24_09529949\python39.zip
  c:\ProgramData\robocorp\ht\1d92a2f_b1f3c24_09529949\DLLs
  c:\ProgramData\robocorp\ht\1d92a2f_b1f3c24_09529949\lib
  c:\ProgramData\robocorp\ht\1d92a2f_b1f3c24_09529949
  C:\ProgramData\robocorp\ht
  c:\ProgramData\robocorp\ht\1d92a2f_b1f3c24_09529949\lib\site-packages
  c:\ProgramData\robocorp\ht\1d92a2f_b1f3c24_09529949\lib\site-packages\win32
  c:\ProgramData\robocorp\ht\1d92a2f_b1f3c24_09529949\lib\site-packages\win32\lib
  c:\ProgramData\robocorp\ht\1d92a2f_b1f3c24_09529949\lib\site-packages\Pythonwin</msg>
<msg timestamp="20230316 21:37:32.193" level="ERROR">Error in file 'D:\FusionTestFramework\com.playgroundxyz.vision_project\com.playgroundxyz.vision_project.PageObject\com.playgroundxyz.vision_project.PageObject.keywords\Allow Permission page keywords.resource' on line 5: Processing variable file 'D:\FusionTestFramework\com.playgroundxyz.vision_project\com.playgroundxyz.vision_project.ConfigFiles\configuration.py' failed: Importing variable file 'D:\FusionTestFramework\com.playgroundxyz.vision_project\com.playgroundxyz.vision_project.ConfigFiles\configuration.py' failed: ModuleNotFoundError: No module named 'MobileTestLibrary'
Traceback (most recent call last):
  File "D:\FusionTestFramework\com.playgroundxyz.vision_project\com.playgroundxyz.vision_project.ConfigFiles\configuration.py", line 3, in &lt;module&gt;
    from MobileTestLibrary.JsonFileReader import read_Json_file
PYTHONPATH:
  D:\FusionTestFramework\com.playgroundxyz.vision_project\com.playgroundxyz.vision_project.ConfigFiles
  d:\FusionTestFramework\com.playgroundxyz.vision_project
  C:\ProgramData\robocorp\ht\1d92a2f_b1f3c24_09529949\python39.zip
  c:\ProgramData\robocorp\ht\1d92a2f_b1f3c24_09529949\DLLs
  c:\ProgramData\robocorp\ht\1d92a2f_b1f3c24_09529949\lib
  c:\ProgramData\robocorp\ht\1d92a2f_b1f3c24_09529949
  C:\ProgramData\robocorp\ht
  c:\ProgramData\robocorp\ht\1d92a2f_b1f3c24_09529949\lib\site-packages
  c:\ProgramData\robocorp\ht\1d92a2f_b1f3c24_09529949\lib\site-packages\win32
  c:\ProgramData\robocorp\ht\1d92a2f_b1f3c24_09529949\lib\site-packages\win32\lib
  c:\ProgramData\robocorp\ht\1d92a2f_b1f3c24_09529949\lib\site-packages\Pythonwin</msg>
<msg timestamp="20230316 21:37:32.221" level="ERROR">Error in file 'D:\FusionTestFramework\com.playgroundxyz.vision_project\com.playgroundxyz.vision_project.PageObject\com.playgroundxyz.vision_project.PageObject.keywords\LetsSetupYourEyeTrackingKeywords.resource' on line 4: Importing library 'D:\FusionTestFramework\src\MobileTestLibrary' failed: ModuleNotFoundError: No module named 'src'
Traceback (most recent call last):
  File "D:\FusionTestFramework\src\MobileTestLibrary\__init__.py", line 1, in &lt;module&gt;
    from src.MobileTestLibrary.ExtendedAppiumLibrary import ExtendedAppiumLibrary
PYTHONPATH:
  D:\FusionTestFramework\src
  d:\FusionTestFramework\com.playgroundxyz.vision_project
  C:\ProgramData\robocorp\ht\1d92a2f_b1f3c24_09529949\python39.zip
  c:\ProgramData\robocorp\ht\1d92a2f_b1f3c24_09529949\DLLs
  c:\ProgramData\robocorp\ht\1d92a2f_b1f3c24_09529949\lib
  c:\ProgramData\robocorp\ht\1d92a2f_b1f3c24_09529949
  C:\ProgramData\robocorp\ht
  c:\ProgramData\robocorp\ht\1d92a2f_b1f3c24_09529949\lib\site-packages
  c:\ProgramData\robocorp\ht\1d92a2f_b1f3c24_09529949\lib\site-packages\win32
  c:\ProgramData\robocorp\ht\1d92a2f_b1f3c24_09529949\lib\site-packages\win32\lib
  c:\ProgramData\robocorp\ht\1d92a2f_b1f3c24_09529949\lib\site-packages\Pythonwin</msg>
<msg timestamp="20230316 21:37:32.247" level="ERROR">Error in file 'D:\FusionTestFramework\com.playgroundxyz.vision_project\com.playgroundxyz.vision_project.PageObject\com.playgroundxyz.vision_project.PageObject.keywords\welcome page journey keywords.resource' on line 3: Importing library 'D:\FusionTestFramework\src\MobileTestLibrary' failed: ModuleNotFoundError: No module named 'src'
Traceback (most recent call last):
  File "D:\FusionTestFramework\src\MobileTestLibrary\__init__.py", line 1, in &lt;module&gt;
    from src.MobileTestLibrary.ExtendedAppiumLibrary import ExtendedAppiumLibrary
PYTHONPATH:
  D:\FusionTestFramework\src
  d:\FusionTestFramework\com.playgroundxyz.vision_project
  C:\ProgramData\robocorp\ht\1d92a2f_b1f3c24_09529949\python39.zip
  c:\ProgramData\robocorp\ht\1d92a2f_b1f3c24_09529949\DLLs
  c:\ProgramData\robocorp\ht\1d92a2f_b1f3c24_09529949\lib
  c:\ProgramData\robocorp\ht\1d92a2f_b1f3c24_09529949
  C:\ProgramData\robocorp\ht
  c:\ProgramData\robocorp\ht\1d92a2f_b1f3c24_09529949\lib\site-packages
  c:\ProgramData\robocorp\ht\1d92a2f_b1f3c24_09529949\lib\site-packages\win32
  c:\ProgramData\robocorp\ht\1d92a2f_b1f3c24_09529949\lib\site-packages\win32\lib
  c:\ProgramData\robocorp\ht\1d92a2f_b1f3c24_09529949\lib\site-packages\Pythonwin</msg>
<msg timestamp="20230316 21:37:32.282" level="ERROR">Error in file 'D:\FusionTestFramework\com.playgroundxyz.vision_project\com.playgroundxyz.vision_project.PageObject\com.playgroundxyz.vision_project.PageObject.keywords\launch_flow_keywords.resource' on line 3: Importing library 'D:\FusionTestFramework\src\MobileTestLibrary' failed: ModuleNotFoundError: No module named 'src'
Traceback (most recent call last):
  File "D:\FusionTestFramework\src\MobileTestLibrary\__init__.py", line 1, in &lt;module&gt;
    from src.MobileTestLibrary.ExtendedAppiumLibrary import ExtendedAppiumLibrary
PYTHONPATH:
  D:\FusionTestFramework\src
  d:\FusionTestFramework\com.playgroundxyz.vision_project
  C:\ProgramData\robocorp\ht\1d92a2f_b1f3c24_09529949\python39.zip
  c:\ProgramData\robocorp\ht\1d92a2f_b1f3c24_09529949\DLLs
  c:\ProgramData\robocorp\ht\1d92a2f_b1f3c24_09529949\lib
  c:\ProgramData\robocorp\ht\1d92a2f_b1f3c24_09529949
  C:\ProgramData\robocorp\ht
  c:\ProgramData\robocorp\ht\1d92a2f_b1f3c24_09529949\lib\site-packages
  c:\ProgramData\robocorp\ht\1d92a2f_b1f3c24_09529949\lib\site-packages\win32
  c:\ProgramData\robocorp\ht\1d92a2f_b1f3c24_09529949\lib\site-packages\win32\lib
  c:\ProgramData\robocorp\ht\1d92a2f_b1f3c24_09529949\lib\site-packages\Pythonwin</msg>
<msg timestamp="20230316 21:37:32.311" level="ERROR">Error in file 'D:\FusionTestFramework\com.playgroundxyz.vision_project\com.playgroundxyz.vision_project.PageObject\com.playgroundxyz.vision_project.PageObject.keywords\Setup keywords.resource' on line 3: Importing library 'D:\FusionTestFramework\src\MobileTestLibrary' failed: ModuleNotFoundError: No module named 'src'
Traceback (most recent call last):
  File "D:\FusionTestFramework\src\MobileTestLibrary\__init__.py", line 1, in &lt;module&gt;
    from src.MobileTestLibrary.ExtendedAppiumLibrary import ExtendedAppiumLibrary
PYTHONPATH:
  D:\FusionTestFramework\src
  d:\FusionTestFramework\com.playgroundxyz.vision_project
  C:\ProgramData\robocorp\ht\1d92a2f_b1f3c24_09529949\python39.zip
  c:\ProgramData\robocorp\ht\1d92a2f_b1f3c24_09529949\DLLs
  c:\ProgramData\robocorp\ht\1d92a2f_b1f3c24_09529949\lib
  c:\ProgramData\robocorp\ht\1d92a2f_b1f3c24_09529949
  C:\ProgramData\robocorp\ht
  c:\ProgramData\robocorp\ht\1d92a2f_b1f3c24_09529949\lib\site-packages
  c:\ProgramData\robocorp\ht\1d92a2f_b1f3c24_09529949\lib\site-packages\win32
  c:\ProgramData\robocorp\ht\1d92a2f_b1f3c24_09529949\lib\site-packages\win32\lib
  c:\ProgramData\robocorp\ht\1d92a2f_b1f3c24_09529949\lib\site-packages\Pythonwin</msg>
<msg timestamp="20230316 21:37:32.342" level="ERROR">Error in file 'D:\FusionTestFramework\com.playgroundxyz.vision_project\com.playgroundxyz.vision_project.PageObject\com.playgroundxyz.vision_project.PageObject.keywords\EyeGazeValiidationKeywords.resource' on line 5: Importing library 'D:\FusionTestFramework\src\MobileTestLibrary' failed: ModuleNotFoundError: No module named 'src'
Traceback (most recent call last):
  File "D:\FusionTestFramework\src\MobileTestLibrary\__init__.py", line 1, in &lt;module&gt;
    from src.MobileTestLibrary.ExtendedAppiumLibrary import ExtendedAppiumLibrary
PYTHONPATH:
  D:\FusionTestFramework\src
  d:\FusionTestFramework\com.playgroundxyz.vision_project
  C:\ProgramData\robocorp\ht\1d92a2f_b1f3c24_09529949\python39.zip
  c:\ProgramData\robocorp\ht\1d92a2f_b1f3c24_09529949\DLLs
  c:\ProgramData\robocorp\ht\1d92a2f_b1f3c24_09529949\lib
  c:\ProgramData\robocorp\ht\1d92a2f_b1f3c24_09529949
  C:\ProgramData\robocorp\ht
  c:\ProgramData\robocorp\ht\1d92a2f_b1f3c24_09529949\lib\site-packages
  c:\ProgramData\robocorp\ht\1d92a2f_b1f3c24_09529949\lib\site-packages\win32
  c:\ProgramData\robocorp\ht\1d92a2f_b1f3c24_09529949\lib\site-packages\win32\lib
  c:\ProgramData\robocorp\ht\1d92a2f_b1f3c24_09529949\lib\site-packages\Pythonwin</msg>
<msg timestamp="20230316 21:37:32.415" level="ERROR">Error in file 'D:\FusionTestFramework\com.playgroundxyz.vision_project\com.playgroundxyz.vision_project.PageObject\com.playgroundxyz.vision_project.PageObject.keywords\Allow Permission page keywords.resource' on line 3: Importing library 'D:\FusionTestFramework\src\MobileTestLibrary' failed: ModuleNotFoundError: No module named 'src'
Traceback (most recent call last):
  File "D:\FusionTestFramework\src\MobileTestLibrary\__init__.py", line 1, in &lt;module&gt;
    from src.MobileTestLibrary.ExtendedAppiumLibrary import ExtendedAppiumLibrary
PYTHONPATH:
  D:\FusionTestFramework\src
  d:\FusionTestFramework\com.playgroundxyz.vision_project
  C:\ProgramData\robocorp\ht\1d92a2f_b1f3c24_09529949\python39.zip
  c:\ProgramData\robocorp\ht\1d92a2f_b1f3c24_09529949\DLLs
  c:\ProgramData\robocorp\ht\1d92a2f_b1f3c24_09529949\lib
  c:\ProgramData\robocorp\ht\1d92a2f_b1f3c24_09529949
  C:\ProgramData\robocorp\ht
  c:\ProgramData\robocorp\ht\1d92a2f_b1f3c24_09529949\lib\site-packages
  c:\ProgramData\robocorp\ht\1d92a2f_b1f3c24_09529949\lib\site-packages\win32
  c:\ProgramData\robocorp\ht\1d92a2f_b1f3c24_09529949\lib\site-packages\win32\lib
  c:\ProgramData\robocorp\ht\1d92a2f_b1f3c24_09529949\lib\site-packages\Pythonwin</msg>
<msg timestamp="20230316 21:37:32.437" level="ERROR">Error in file 'D:\FusionTestFramework\com.playgroundxyz.vision_project\com.playgroundxyz.vision_project.PageObject\com.playgroundxyz.vision_project.PageObject.keywords\Allow Permission page keywords.resource' on line 5: Processing variable file 'D:\FusionTestFramework\com.playgroundxyz.vision_project\com.playgroundxyz.vision_project.ConfigFiles\configuration.py' failed: Importing variable file 'D:\FusionTestFramework\com.playgroundxyz.vision_project\com.playgroundxyz.vision_project.ConfigFiles\configuration.py' failed: ModuleNotFoundError: No module named 'MobileTestLibrary'
Traceback (most recent call last):
  File "D:\FusionTestFramework\com.playgroundxyz.vision_project\com.playgroundxyz.vision_project.ConfigFiles\configuration.py", line 3, in &lt;module&gt;
    from MobileTestLibrary.JsonFileReader import read_Json_file
PYTHONPATH:
  D:\FusionTestFramework\com.playgroundxyz.vision_project\com.playgroundxyz.vision_project.ConfigFiles
  d:\FusionTestFramework\com.playgroundxyz.vision_project
  C:\ProgramData\robocorp\ht\1d92a2f_b1f3c24_09529949\python39.zip
  c:\ProgramData\robocorp\ht\1d92a2f_b1f3c24_09529949\DLLs
  c:\ProgramData\robocorp\ht\1d92a2f_b1f3c24_09529949\lib
  c:\ProgramData\robocorp\ht\1d92a2f_b1f3c24_09529949
  C:\ProgramData\robocorp\ht
  c:\ProgramData\robocorp\ht\1d92a2f_b1f3c24_09529949\lib\site-packages
  c:\ProgramData\robocorp\ht\1d92a2f_b1f3c24_09529949\lib\site-packages\win32
  c:\ProgramData\robocorp\ht\1d92a2f_b1f3c24_09529949\lib\site-packages\win32\lib
  c:\ProgramData\robocorp\ht\1d92a2f_b1f3c24_09529949\lib\site-packages\Pythonwin</msg>
<msg timestamp="20230316 21:37:32.466" level="ERROR">Error in file 'D:\FusionTestFramework\com.playgroundxyz.vision_project\com.playgroundxyz.vision_project.PageObject\com.playgroundxyz.vision_project.PageObject.keywords\LetsSetupYourEyeTrackingKeywords.resource' on line 4: Importing library 'D:\FusionTestFramework\src\MobileTestLibrary' failed: ModuleNotFoundError: No module named 'src'
Traceback (most recent call last):
  File "D:\FusionTestFramework\src\MobileTestLibrary\__init__.py", line 1, in &lt;module&gt;
    from src.MobileTestLibrary.ExtendedAppiumLibrary import ExtendedAppiumLibrary
PYTHONPATH:
  D:\FusionTestFramework\src
  d:\FusionTestFramework\com.playgroundxyz.vision_project
  C:\ProgramData\robocorp\ht\1d92a2f_b1f3c24_09529949\python39.zip
  c:\ProgramData\robocorp\ht\1d92a2f_b1f3c24_09529949\DLLs
  c:\ProgramData\robocorp\ht\1d92a2f_b1f3c24_09529949\lib
  c:\ProgramData\robocorp\ht\1d92a2f_b1f3c24_09529949
  C:\ProgramData\robocorp\ht
  c:\ProgramData\robocorp\ht\1d92a2f_b1f3c24_09529949\lib\site-packages
  c:\ProgramData\robocorp\ht\1d92a2f_b1f3c24_09529949\lib\site-packages\win32
  c:\ProgramData\robocorp\ht\1d92a2f_b1f3c24_09529949\lib\site-packages\win32\lib
  c:\ProgramData\robocorp\ht\1d92a2f_b1f3c24_09529949\lib\site-packages\Pythonwin</msg>
<msg timestamp="20230316 21:37:32.496" level="ERROR">Error in file 'D:\FusionTestFramework\com.playgroundxyz.vision_project\com.playgroundxyz.vision_project.PageObject\com.playgroundxyz.vision_project.PageObject.keywords\welcome page journey keywords.resource' on line 3: Importing library 'D:\FusionTestFramework\src\MobileTestLibrary' failed: ModuleNotFoundError: No module named 'src'
Traceback (most recent call last):
  File "D:\FusionTestFramework\src\MobileTestLibrary\__init__.py", line 1, in &lt;module&gt;
    from src.MobileTestLibrary.ExtendedAppiumLibrary import ExtendedAppiumLibrary
PYTHONPATH:
  D:\FusionTestFramework\src
  d:\FusionTestFramework\com.playgroundxyz.vision_project
  C:\ProgramData\robocorp\ht\1d92a2f_b1f3c24_09529949\python39.zip
  c:\ProgramData\robocorp\ht\1d92a2f_b1f3c24_09529949\DLLs
  c:\ProgramData\robocorp\ht\1d92a2f_b1f3c24_09529949\lib
  c:\ProgramData\robocorp\ht\1d92a2f_b1f3c24_09529949
  C:\ProgramData\robocorp\ht
  c:\ProgramData\robocorp\ht\1d92a2f_b1f3c24_09529949\lib\site-packages
  c:\ProgramData\robocorp\ht\1d92a2f_b1f3c24_09529949\lib\site-packages\win32
  c:\ProgramData\robocorp\ht\1d92a2f_b1f3c24_09529949\lib\site-packages\win32\lib
  c:\ProgramData\robocorp\ht\1d92a2f_b1f3c24_09529949\lib\site-packages\Pythonwin</msg>
<msg timestamp="20230316 21:37:32.531" level="ERROR">Error in file 'D:\FusionTestFramework\com.playgroundxyz.vision_project\com.playgroundxyz.vision_project.PageObject\com.playgroundxyz.vision_project.PageObject.keywords\launch_flow_keywords.resource' on line 3: Importing library 'D:\FusionTestFramework\src\MobileTestLibrary' failed: ModuleNotFoundError: No module named 'src'
Traceback (most recent call last):
  File "D:\FusionTestFramework\src\MobileTestLibrary\__init__.py", line 1, in &lt;module&gt;
    from src.MobileTestLibrary.ExtendedAppiumLibrary import ExtendedAppiumLibrary
PYTHONPATH:
  D:\FusionTestFramework\src
  d:\FusionTestFramework\com.playgroundxyz.vision_project
  C:\ProgramData\robocorp\ht\1d92a2f_b1f3c24_09529949\python39.zip
  c:\ProgramData\robocorp\ht\1d92a2f_b1f3c24_09529949\DLLs
  c:\ProgramData\robocorp\ht\1d92a2f_b1f3c24_09529949\lib
  c:\ProgramData\robocorp\ht\1d92a2f_b1f3c24_09529949
  C:\ProgramData\robocorp\ht
  c:\ProgramData\robocorp\ht\1d92a2f_b1f3c24_09529949\lib\site-packages
  c:\ProgramData\robocorp\ht\1d92a2f_b1f3c24_09529949\lib\site-packages\win32
  c:\ProgramData\robocorp\ht\1d92a2f_b1f3c24_09529949\lib\site-packages\win32\lib
  c:\ProgramData\robocorp\ht\1d92a2f_b1f3c24_09529949\lib\site-packages\Pythonwin</msg>
<msg timestamp="20230316 21:37:32.565" level="ERROR">Error in file 'D:\FusionTestFramework\com.playgroundxyz.vision_project\com.playgroundxyz.vision_project.PageObject\com.playgroundxyz.vision_project.PageObject.keywords\Setup keywords.resource' on line 3: Importing library 'D:\FusionTestFramework\src\MobileTestLibrary' failed: ModuleNotFoundError: No module named 'src'
Traceback (most recent call last):
  File "D:\FusionTestFramework\src\MobileTestLibrary\__init__.py", line 1, in &lt;module&gt;
    from src.MobileTestLibrary.ExtendedAppiumLibrary import ExtendedAppiumLibrary
PYTHONPATH:
  D:\FusionTestFramework\src
  d:\FusionTestFramework\com.playgroundxyz.vision_project
  C:\ProgramData\robocorp\ht\1d92a2f_b1f3c24_09529949\python39.zip
  c:\ProgramData\robocorp\ht\1d92a2f_b1f3c24_09529949\DLLs
  c:\ProgramData\robocorp\ht\1d92a2f_b1f3c24_09529949\lib
  c:\ProgramData\robocorp\ht\1d92a2f_b1f3c24_09529949
  C:\ProgramData\robocorp\ht
  c:\ProgramData\robocorp\ht\1d92a2f_b1f3c24_09529949\lib\site-packages
  c:\ProgramData\robocorp\ht\1d92a2f_b1f3c24_09529949\lib\site-packages\win32
  c:\ProgramData\robocorp\ht\1d92a2f_b1f3c24_09529949\lib\site-packages\win32\lib
  c:\ProgramData\robocorp\ht\1d92a2f_b1f3c24_09529949\lib\site-packages\Pythonwin</msg>
<msg timestamp="20230316 21:37:32.653" level="ERROR">Error in file 'D:\FusionTestFramework\com.playgroundxyz.vision_project\com.playgroundxyz.vision_project.PageObject\com.playgroundxyz.vision_project.PageObject.keywords\EyeGazeValiidationKeywords.resource' on line 5: Importing library 'D:\FusionTestFramework\src\MobileTestLibrary' failed: ModuleNotFoundError: No module named 'src'
Traceback (most recent call last):
  File "D:\FusionTestFramework\src\MobileTestLibrary\__init__.py", line 1, in &lt;module&gt;
    from src.MobileTestLibrary.ExtendedAppiumLibrary import ExtendedAppiumLibrary
PYTHONPATH:
  D:\FusionTestFramework\src
  d:\FusionTestFramework\com.playgroundxyz.vision_project
  C:\ProgramData\robocorp\ht\1d92a2f_b1f3c24_09529949\python39.zip
  c:\ProgramData\robocorp\ht\1d92a2f_b1f3c24_09529949\DLLs
  c:\ProgramData\robocorp\ht\1d92a2f_b1f3c24_09529949\lib
  c:\ProgramData\robocorp\ht\1d92a2f_b1f3c24_09529949
  C:\ProgramData\robocorp\ht
  c:\ProgramData\robocorp\ht\1d92a2f_b1f3c24_09529949\lib\site-packages
  c:\ProgramData\robocorp\ht\1d92a2f_b1f3c24_09529949\lib\site-packages\win32
  c:\ProgramData\robocorp\ht\1d92a2f_b1f3c24_09529949\lib\site-packages\win32\lib
  c:\ProgramData\robocorp\ht\1d92a2f_b1f3c24_09529949\lib\site-packages\Pythonwin</msg>
<msg timestamp="20230316 21:37:32.808" level="ERROR">Error in file 'D:\FusionTestFramework\com.playgroundxyz.vision_project\com.playgroundxyz.vision_project.PageObject\com.playgroundxyz.vision_project.PageObject.keywords\Allow Permission page keywords.resource' on line 3: Importing library 'D:\FusionTestFramework\src\MobileTestLibrary' failed: ModuleNotFoundError: No module named 'src'
Traceback (most recent call last):
  File "D:\FusionTestFramework\src\MobileTestLibrary\__init__.py", line 1, in &lt;module&gt;
    from src.MobileTestLibrary.ExtendedAppiumLibrary import ExtendedAppiumLibrary
PYTHONPATH:
  D:\FusionTestFramework\src
  d:\FusionTestFramework\com.playgroundxyz.vision_project
  C:\ProgramData\robocorp\ht\1d92a2f_b1f3c24_09529949\python39.zip
  c:\ProgramData\robocorp\ht\1d92a2f_b1f3c24_09529949\DLLs
  c:\ProgramData\robocorp\ht\1d92a2f_b1f3c24_09529949\lib
  c:\ProgramData\robocorp\ht\1d92a2f_b1f3c24_09529949
  C:\ProgramData\robocorp\ht
  c:\ProgramData\robocorp\ht\1d92a2f_b1f3c24_09529949\lib\site-packages
  c:\ProgramData\robocorp\ht\1d92a2f_b1f3c24_09529949\lib\site-packages\win32
  c:\ProgramData\robocorp\ht\1d92a2f_b1f3c24_09529949\lib\site-packages\win32\lib
  c:\ProgramData\robocorp\ht\1d92a2f_b1f3c24_09529949\lib\site-packages\Pythonwin</msg>
<msg timestamp="20230316 21:37:32.845" level="ERROR">Error in file 'D:\FusionTestFramework\com.playgroundxyz.vision_project\com.playgroundxyz.vision_project.PageObject\com.playgroundxyz.vision_project.PageObject.keywords\Allow Permission page keywords.resource' on line 5: Processing variable file 'D:\FusionTestFramework\com.playgroundxyz.vision_project\com.playgroundxyz.vision_project.ConfigFiles\configuration.py' failed: Importing variable file 'D:\FusionTestFramework\com.playgroundxyz.vision_project\com.playgroundxyz.vision_project.ConfigFiles\configuration.py' failed: ModuleNotFoundError: No module named 'MobileTestLibrary'
Traceback (most recent call last):
  File "D:\FusionTestFramework\com.playgroundxyz.vision_project\com.playgroundxyz.vision_project.ConfigFiles\configuration.py", line 3, in &lt;module&gt;
    from MobileTestLibrary.JsonFileReader import read_Json_file
PYTHONPATH:
  D:\FusionTestFramework\com.playgroundxyz.vision_project\com.playgroundxyz.vision_project.ConfigFiles
  d:\FusionTestFramework\com.playgroundxyz.vision_project
  C:\ProgramData\robocorp\ht\1d92a2f_b1f3c24_09529949\python39.zip
  c:\ProgramData\robocorp\ht\1d92a2f_b1f3c24_09529949\DLLs
  c:\ProgramData\robocorp\ht\1d92a2f_b1f3c24_09529949\lib
  c:\ProgramData\robocorp\ht\1d92a2f_b1f3c24_09529949
  C:\ProgramData\robocorp\ht
  c:\ProgramData\robocorp\ht\1d92a2f_b1f3c24_09529949\lib\site-packages
  c:\ProgramData\robocorp\ht\1d92a2f_b1f3c24_09529949\lib\site-packages\win32
  c:\ProgramData\robocorp\ht\1d92a2f_b1f3c24_09529949\lib\site-packages\win32\lib
  c:\ProgramData\robocorp\ht\1d92a2f_b1f3c24_09529949\lib\site-packages\Pythonwin</msg>
<msg timestamp="20230316 21:37:32.875" level="ERROR">Error in file 'D:\FusionTestFramework\com.playgroundxyz.vision_project\com.playgroundxyz.vision_project.PageObject\com.playgroundxyz.vision_project.PageObject.keywords\LetsSetupYourEyeTrackingKeywords.resource' on line 4: Importing library 'D:\FusionTestFramework\src\MobileTestLibrary' failed: ModuleNotFoundError: No module named 'src'
Traceback (most recent call last):
  File "D:\FusionTestFramework\src\MobileTestLibrary\__init__.py", line 1, in &lt;module&gt;
    from src.MobileTestLibrary.ExtendedAppiumLibrary import ExtendedAppiumLibrary
PYTHONPATH:
  D:\FusionTestFramework\src
  d:\FusionTestFramework\com.playgroundxyz.vision_project
  C:\ProgramData\robocorp\ht\1d92a2f_b1f3c24_09529949\python39.zip
  c:\ProgramData\robocorp\ht\1d92a2f_b1f3c24_09529949\DLLs
  c:\ProgramData\robocorp\ht\1d92a2f_b1f3c24_09529949\lib
  c:\ProgramData\robocorp\ht\1d92a2f_b1f3c24_09529949
  C:\ProgramData\robocorp\ht
  c:\ProgramData\robocorp\ht\1d92a2f_b1f3c24_09529949\lib\site-packages
  c:\ProgramData\robocorp\ht\1d92a2f_b1f3c24_09529949\lib\site-packages\win32
  c:\ProgramData\robocorp\ht\1d92a2f_b1f3c24_09529949\lib\site-packages\win32\lib
  c:\ProgramData\robocorp\ht\1d92a2f_b1f3c24_09529949\lib\site-packages\Pythonwin</msg>
<msg timestamp="20230316 21:37:32.899" level="ERROR">Error in file 'D:\FusionTestFramework\com.playgroundxyz.vision_project\com.playgroundxyz.vision_project.PageObject\com.playgroundxyz.vision_project.PageObject.keywords\welcome page journey keywords.resource' on line 3: Importing library 'D:\FusionTestFramework\src\MobileTestLibrary' failed: ModuleNotFoundError: No module named 'src'
Traceback (most recent call last):
  File "D:\FusionTestFramework\src\MobileTestLibrary\__init__.py", line 1, in &lt;module&gt;
    from src.MobileTestLibrary.ExtendedAppiumLibrary import ExtendedAppiumLibrary
PYTHONPATH:
  D:\FusionTestFramework\src
  d:\FusionTestFramework\com.playgroundxyz.vision_project
  C:\ProgramData\robocorp\ht\1d92a2f_b1f3c24_09529949\python39.zip
  c:\ProgramData\robocorp\ht\1d92a2f_b1f3c24_09529949\DLLs
  c:\ProgramData\robocorp\ht\1d92a2f_b1f3c24_09529949\lib
  c:\ProgramData\robocorp\ht\1d92a2f_b1f3c24_09529949
  C:\ProgramData\robocorp\ht
  c:\ProgramData\robocorp\ht\1d92a2f_b1f3c24_09529949\lib\site-packages
  c:\ProgramData\robocorp\ht\1d92a2f_b1f3c24_09529949\lib\site-packages\win32
  c:\ProgramData\robocorp\ht\1d92a2f_b1f3c24_09529949\lib\site-packages\win32\lib
  c:\ProgramData\robocorp\ht\1d92a2f_b1f3c24_09529949\lib\site-packages\Pythonwin</msg>
<msg timestamp="20230316 21:37:32.956" level="ERROR">Error in file 'D:\FusionTestFramework\com.playgroundxyz.vision_project\com.playgroundxyz.vision_project.PageObject\com.playgroundxyz.vision_project.PageObject.keywords\launch_flow_keywords.resource' on line 3: Importing library 'D:\FusionTestFramework\src\MobileTestLibrary' failed: ModuleNotFoundError: No module named 'src'
Traceback (most recent call last):
  File "D:\FusionTestFramework\src\MobileTestLibrary\__init__.py", line 1, in &lt;module&gt;
    from src.MobileTestLibrary.ExtendedAppiumLibrary import ExtendedAppiumLibrary
PYTHONPATH:
  D:\FusionTestFramework\src
  d:\FusionTestFramework\com.playgroundxyz.vision_project
  C:\ProgramData\robocorp\ht\1d92a2f_b1f3c24_09529949\python39.zip
  c:\ProgramData\robocorp\ht\1d92a2f_b1f3c24_09529949\DLLs
  c:\ProgramData\robocorp\ht\1d92a2f_b1f3c24_09529949\lib
  c:\ProgramData\robocorp\ht\1d92a2f_b1f3c24_09529949
  C:\ProgramData\robocorp\ht
  c:\ProgramData\robocorp\ht\1d92a2f_b1f3c24_09529949\lib\site-packages
  c:\ProgramData\robocorp\ht\1d92a2f_b1f3c24_09529949\lib\site-packages\win32
  c:\ProgramData\robocorp\ht\1d92a2f_b1f3c24_09529949\lib\site-packages\win32\lib
  c:\ProgramData\robocorp\ht\1d92a2f_b1f3c24_09529949\lib\site-packages\Pythonwin</msg>
<msg timestamp="20230316 21:37:33.009" level="ERROR">Error in file 'D:\FusionTestFramework\com.playgroundxyz.vision_project\com.playgroundxyz.vision_project.PageObject\com.playgroundxyz.vision_project.PageObject.keywords\Setup keywords.resource' on line 3: Importing library 'D:\FusionTestFramework\src\MobileTestLibrary' failed: ModuleNotFoundError: No module named 'src'
Traceback (most recent call last):
  File "D:\FusionTestFramework\src\MobileTestLibrary\__init__.py", line 1, in &lt;module&gt;
    from src.MobileTestLibrary.ExtendedAppiumLibrary import ExtendedAppiumLibrary
PYTHONPATH:
  D:\FusionTestFramework\src
  d:\FusionTestFramework\com.playgroundxyz.vision_project
  C:\ProgramData\robocorp\ht\1d92a2f_b1f3c24_09529949\python39.zip
  c:\ProgramData\robocorp\ht\1d92a2f_b1f3c24_09529949\DLLs
  c:\ProgramData\robocorp\ht\1d92a2f_b1f3c24_09529949\lib
  c:\ProgramData\robocorp\ht\1d92a2f_b1f3c24_09529949
  C:\ProgramData\robocorp\ht
  c:\ProgramData\robocorp\ht\1d92a2f_b1f3c24_09529949\lib\site-packages
  c:\ProgramData\robocorp\ht\1d92a2f_b1f3c24_09529949\lib\site-packages\win32
  c:\ProgramData\robocorp\ht\1d92a2f_b1f3c24_09529949\lib\site-packages\win32\lib
  c:\ProgramData\robocorp\ht\1d92a2f_b1f3c24_09529949\lib\site-packages\Pythonwin</msg>
<msg timestamp="20230316 21:37:33.048" level="ERROR">Error in file 'D:\FusionTestFramework\com.playgroundxyz.vision_project\com.playgroundxyz.vision_project.PageObject\com.playgroundxyz.vision_project.PageObject.keywords\EyeGazeValiidationKeywords.resource' on line 5: Importing library 'D:\FusionTestFramework\src\MobileTestLibrary' failed: ModuleNotFoundError: No module named 'src'
Traceback (most recent call last):
  File "D:\FusionTestFramework\src\MobileTestLibrary\__init__.py", line 1, in &lt;module&gt;
    from src.MobileTestLibrary.ExtendedAppiumLibrary import ExtendedAppiumLibrary
PYTHONPATH:
  D:\FusionTestFramework\src
  d:\FusionTestFramework\com.playgroundxyz.vision_project
  C:\ProgramData\robocorp\ht\1d92a2f_b1f3c24_09529949\python39.zip
  c:\ProgramData\robocorp\ht\1d92a2f_b1f3c24_09529949\DLLs
  c:\ProgramData\robocorp\ht\1d92a2f_b1f3c24_09529949\lib
  c:\ProgramData\robocorp\ht\1d92a2f_b1f3c24_09529949
  C:\ProgramData\robocorp\ht
  c:\ProgramData\robocorp\ht\1d92a2f_b1f3c24_09529949\lib\site-packages
  c:\ProgramData\robocorp\ht\1d92a2f_b1f3c24_09529949\lib\site-packages\win32
  c:\ProgramData\robocorp\ht\1d92a2f_b1f3c24_09529949\lib\site-packages\win32\lib
  c:\ProgramData\robocorp\ht\1d92a2f_b1f3c24_09529949\lib\site-packages\Pythonwin</msg>
<msg timestamp="20230316 21:37:33.223" level="ERROR">Error in file 'D:\FusionTestFramework\com.playgroundxyz.vision_project\com.playgroundxyz.vision_project.PageObject\com.playgroundxyz.vision_project.PageObject.keywords\Allow Permission page keywords.resource' on line 3: Importing library 'D:\FusionTestFramework\src\MobileTestLibrary' failed: ModuleNotFoundError: No module named 'src'
Traceback (most recent call last):
  File "D:\FusionTestFramework\src\MobileTestLibrary\__init__.py", line 1, in &lt;module&gt;
    from src.MobileTestLibrary.ExtendedAppiumLibrary import ExtendedAppiumLibrary
PYTHONPATH:
  D:\FusionTestFramework\src
  d:\FusionTestFramework\com.playgroundxyz.vision_project
  C:\ProgramData\robocorp\ht\1d92a2f_b1f3c24_09529949\python39.zip
  c:\ProgramData\robocorp\ht\1d92a2f_b1f3c24_09529949\DLLs
  c:\ProgramData\robocorp\ht\1d92a2f_b1f3c24_09529949\lib
  c:\ProgramData\robocorp\ht\1d92a2f_b1f3c24_09529949
  C:\ProgramData\robocorp\ht
  c:\ProgramData\robocorp\ht\1d92a2f_b1f3c24_09529949\lib\site-packages
  c:\ProgramData\robocorp\ht\1d92a2f_b1f3c24_09529949\lib\site-packages\win32
  c:\ProgramData\robocorp\ht\1d92a2f_b1f3c24_09529949\lib\site-packages\win32\lib
  c:\ProgramData\robocorp\ht\1d92a2f_b1f3c24_09529949\lib\site-packages\Pythonwin</msg>
<msg timestamp="20230316 21:37:33.245" level="ERROR">Error in file 'D:\FusionTestFramework\com.playgroundxyz.vision_project\com.playgroundxyz.vision_project.PageObject\com.playgroundxyz.vision_project.PageObject.keywords\Allow Permission page keywords.resource' on line 5: Processing variable file 'D:\FusionTestFramework\com.playgroundxyz.vision_project\com.playgroundxyz.vision_project.ConfigFiles\configuration.py' failed: Importing variable file 'D:\FusionTestFramework\com.playgroundxyz.vision_project\com.playgroundxyz.vision_project.ConfigFiles\configuration.py' failed: ModuleNotFoundError: No module named 'MobileTestLibrary'
Traceback (most recent call last):
  File "D:\FusionTestFramework\com.playgroundxyz.vision_project\com.playgroundxyz.vision_project.ConfigFiles\configuration.py", line 3, in &lt;module&gt;
    from MobileTestLibrary.JsonFileReader import read_Json_file
PYTHONPATH:
  D:\FusionTestFramework\com.playgroundxyz.vision_project\com.playgroundxyz.vision_project.ConfigFiles
  d:\FusionTestFramework\com.playgroundxyz.vision_project
  C:\ProgramData\robocorp\ht\1d92a2f_b1f3c24_09529949\python39.zip
  c:\ProgramData\robocorp\ht\1d92a2f_b1f3c24_09529949\DLLs
  c:\ProgramData\robocorp\ht\1d92a2f_b1f3c24_09529949\lib
  c:\ProgramData\robocorp\ht\1d92a2f_b1f3c24_09529949
  C:\ProgramData\robocorp\ht
  c:\ProgramData\robocorp\ht\1d92a2f_b1f3c24_09529949\lib\site-packages
  c:\ProgramData\robocorp\ht\1d92a2f_b1f3c24_09529949\lib\site-packages\win32
  c:\ProgramData\robocorp\ht\1d92a2f_b1f3c24_09529949\lib\site-packages\win32\lib
  c:\ProgramData\robocorp\ht\1d92a2f_b1f3c24_09529949\lib\site-packages\Pythonwin</msg>
<msg timestamp="20230316 21:37:33.269" level="ERROR">Error in file 'D:\FusionTestFramework\com.playgroundxyz.vision_project\com.playgroundxyz.vision_project.PageObject\com.playgroundxyz.vision_project.PageObject.keywords\LetsSetupYourEyeTrackingKeywords.resource' on line 4: Importing library 'D:\FusionTestFramework\src\MobileTestLibrary' failed: ModuleNotFoundError: No module named 'src'
Traceback (most recent call last):
  File "D:\FusionTestFramework\src\MobileTestLibrary\__init__.py", line 1, in &lt;module&gt;
    from src.MobileTestLibrary.ExtendedAppiumLibrary import ExtendedAppiumLibrary
PYTHONPATH:
  D:\FusionTestFramework\src
  d:\FusionTestFramework\com.playgroundxyz.vision_project
  C:\ProgramData\robocorp\ht\1d92a2f_b1f3c24_09529949\python39.zip
  c:\ProgramData\robocorp\ht\1d92a2f_b1f3c24_09529949\DLLs
  c:\ProgramData\robocorp\ht\1d92a2f_b1f3c24_09529949\lib
  c:\ProgramData\robocorp\ht\1d92a2f_b1f3c24_09529949
  C:\ProgramData\robocorp\ht
  c:\ProgramData\robocorp\ht\1d92a2f_b1f3c24_09529949\lib\site-packages
  c:\ProgramData\robocorp\ht\1d92a2f_b1f3c24_09529949\lib\site-packages\win32
  c:\ProgramData\robocorp\ht\1d92a2f_b1f3c24_09529949\lib\site-packages\win32\lib
  c:\ProgramData\robocorp\ht\1d92a2f_b1f3c24_09529949\lib\site-packages\Pythonwin</msg>
<msg timestamp="20230316 21:37:33.294" level="ERROR">Error in file 'D:\FusionTestFramework\com.playgroundxyz.vision_project\com.playgroundxyz.vision_project.PageObject\com.playgroundxyz.vision_project.PageObject.keywords\welcome page journey keywords.resource' on line 3: Importing library 'D:\FusionTestFramework\src\MobileTestLibrary' failed: ModuleNotFoundError: No module named 'src'
Traceback (most recent call last):
  File "D:\FusionTestFramework\src\MobileTestLibrary\__init__.py", line 1, in &lt;module&gt;
    from src.MobileTestLibrary.ExtendedAppiumLibrary import ExtendedAppiumLibrary
PYTHONPATH:
  D:\FusionTestFramework\src
  d:\FusionTestFramework\com.playgroundxyz.vision_project
  C:\ProgramData\robocorp\ht\1d92a2f_b1f3c24_09529949\python39.zip
  c:\ProgramData\robocorp\ht\1d92a2f_b1f3c24_09529949\DLLs
  c:\ProgramData\robocorp\ht\1d92a2f_b1f3c24_09529949\lib
  c:\ProgramData\robocorp\ht\1d92a2f_b1f3c24_09529949
  C:\ProgramData\robocorp\ht
  c:\ProgramData\robocorp\ht\1d92a2f_b1f3c24_09529949\lib\site-packages
  c:\ProgramData\robocorp\ht\1d92a2f_b1f3c24_09529949\lib\site-packages\win32
  c:\ProgramData\robocorp\ht\1d92a2f_b1f3c24_09529949\lib\site-packages\win32\lib
  c:\ProgramData\robocorp\ht\1d92a2f_b1f3c24_09529949\lib\site-packages\Pythonwin</msg>
<msg timestamp="20230316 21:37:33.328" level="ERROR">Error in file 'D:\FusionTestFramework\com.playgroundxyz.vision_project\com.playgroundxyz.vision_project.PageObject\com.playgroundxyz.vision_project.PageObject.keywords\launch_flow_keywords.resource' on line 3: Importing library 'D:\FusionTestFramework\src\MobileTestLibrary' failed: ModuleNotFoundError: No module named 'src'
Traceback (most recent call last):
  File "D:\FusionTestFramework\src\MobileTestLibrary\__init__.py", line 1, in &lt;module&gt;
    from src.MobileTestLibrary.ExtendedAppiumLibrary import ExtendedAppiumLibrary
PYTHONPATH:
  D:\FusionTestFramework\src
  d:\FusionTestFramework\com.playgroundxyz.vision_project
  C:\ProgramData\robocorp\ht\1d92a2f_b1f3c24_09529949\python39.zip
  c:\ProgramData\robocorp\ht\1d92a2f_b1f3c24_09529949\DLLs
  c:\ProgramData\robocorp\ht\1d92a2f_b1f3c24_09529949\lib
  c:\ProgramData\robocorp\ht\1d92a2f_b1f3c24_09529949
  C:\ProgramData\robocorp\ht
  c:\ProgramData\robocorp\ht\1d92a2f_b1f3c24_09529949\lib\site-packages
  c:\ProgramData\robocorp\ht\1d92a2f_b1f3c24_09529949\lib\site-packages\win32
  c:\ProgramData\robocorp\ht\1d92a2f_b1f3c24_09529949\lib\site-packages\win32\lib
  c:\ProgramData\robocorp\ht\1d92a2f_b1f3c24_09529949\lib\site-packages\Pythonwin</msg>
<msg timestamp="20230316 21:37:33.373" level="ERROR">Error in file 'D:\FusionTestFramework\com.playgroundxyz.vision_project\com.playgroundxyz.vision_project.PageObject\com.playgroundxyz.vision_project.PageObject.keywords\Setup keywords.resource' on line 3: Importing library 'D:\FusionTestFramework\src\MobileTestLibrary' failed: ModuleNotFoundError: No module named 'src'
Traceback (most recent call last):
  File "D:\FusionTestFramework\src\MobileTestLibrary\__init__.py", line 1, in &lt;module&gt;
    from src.MobileTestLibrary.ExtendedAppiumLibrary import ExtendedAppiumLibrary
PYTHONPATH:
  D:\FusionTestFramework\src
  d:\FusionTestFramework\com.playgroundxyz.vision_project
  C:\ProgramData\robocorp\ht\1d92a2f_b1f3c24_09529949\python39.zip
  c:\ProgramData\robocorp\ht\1d92a2f_b1f3c24_09529949\DLLs
  c:\ProgramData\robocorp\ht\1d92a2f_b1f3c24_09529949\lib
  c:\ProgramData\robocorp\ht\1d92a2f_b1f3c24_09529949
  C:\ProgramData\robocorp\ht
  c:\ProgramData\robocorp\ht\1d92a2f_b1f3c24_09529949\lib\site-packages
  c:\ProgramData\robocorp\ht\1d92a2f_b1f3c24_09529949\lib\site-packages\win32
  c:\ProgramData\robocorp\ht\1d92a2f_b1f3c24_09529949\lib\site-packages\win32\lib
  c:\ProgramData\robocorp\ht\1d92a2f_b1f3c24_09529949\lib\site-packages\Pythonwin</msg>
<msg timestamp="20230316 21:37:33.406" level="ERROR">Error in file 'D:\FusionTestFramework\com.playgroundxyz.vision_project\com.playgroundxyz.vision_project.PageObject\com.playgroundxyz.vision_project.PageObject.keywords\EyeGazeValiidationKeywords.resource' on line 5: Importing library 'D:\FusionTestFramework\src\MobileTestLibrary' failed: ModuleNotFoundError: No module named 'src'
Traceback (most recent call last):
  File "D:\FusionTestFramework\src\MobileTestLibrary\__init__.py", line 1, in &lt;module&gt;
    from src.MobileTestLibrary.ExtendedAppiumLibrary import ExtendedAppiumLibrary
PYTHONPATH:
  D:\FusionTestFramework\src
  d:\FusionTestFramework\com.playgroundxyz.vision_project
  C:\ProgramData\robocorp\ht\1d92a2f_b1f3c24_09529949\python39.zip
  c:\ProgramData\robocorp\ht\1d92a2f_b1f3c24_09529949\DLLs
  c:\ProgramData\robocorp\ht\1d92a2f_b1f3c24_09529949\lib
  c:\ProgramData\robocorp\ht\1d92a2f_b1f3c24_09529949
  C:\ProgramData\robocorp\ht
  c:\ProgramData\robocorp\ht\1d92a2f_b1f3c24_09529949\lib\site-packages
  c:\ProgramData\robocorp\ht\1d92a2f_b1f3c24_09529949\lib\site-packages\win32
  c:\ProgramData\robocorp\ht\1d92a2f_b1f3c24_09529949\lib\site-packages\win32\lib
  c:\ProgramData\robocorp\ht\1d92a2f_b1f3c24_09529949\lib\site-packages\Pythonwin</msg>
</errors>
</robot>
