<?xml version="1.0" encoding="UTF-8"?>
<robot generator="Robot 5.0.1 (Python 3.9.13 on win32)" generated="20230316 21:20:34.469" rpa="false" schemaversion="3">
<suite id="s1" name="com.playgroundxyz.vision project.TestcaseSuite" source="D:\FusionTestFramework\com.playgroundxyz.vision_project\com.playgroundxyz.vision_project.TestcaseSuite">
<suite id="s1-s1" name="TC001 - Tap on 'Privacy policy' and verify user is landing on Privacy policy page" source="D:\FusionTestFramework\com.playgroundxyz.vision_project\com.playgroundxyz.vision_project.TestcaseSuite\TC001 - Tap on 'Privacy policy' and verify user is landing on Privacy policy page.robot">
<kw name="Setup before suit start" library="Setup keywords" type="SETUP">
<kw name="MobileTestLibrary.Start Appium Service">
<msg timestamp="20230316 21:20:35.322" level="FAIL">No keyword with name 'MobileTestLibrary.Start Appium Service' found.</msg>
<status status="FAIL" starttime="20230316 21:20:35.322" endtime="20230316 21:20:35.322"/>
</kw>
<kw name="Set Log Level" library="BuiltIn">
<arg>DEBUG</arg>
<doc>Sets the log threshold to the specified level and returns the old level.</doc>
<status status="NOT RUN" starttime="20230316 21:20:35.323" endtime="20230316 21:20:35.323"/>
</kw>
<kw name="Log To Console" library="BuiltIn">
<arg>Appium server started .....</arg>
<doc>Logs the given message to the console.</doc>
<status status="NOT RUN" starttime="20230316 21:20:35.323" endtime="20230316 21:20:35.323"/>
</kw>
<status status="FAIL" starttime="20230316 21:20:35.306" endtime="20230316 21:20:35.323"/>
</kw>
<test id="s1-s1-t1" name="Tap on 'Privacy policy' and verify user is landing on Privacy policy page" line="11">
<doc>Verification that Google Play button redirecting user to Vision Project on play store</doc>
<tag>regression</tag>
<status status="FAIL" starttime="20230316 21:20:35.323" endtime="20230316 21:20:35.331">Parent suite setup failed:
No keyword with name 'MobileTestLibrary.Start Appium Service' found.</status>
</test>
<kw name="tearDown" library="Setup keywords" type="TEARDOWN">
<kw name="MobileTestLibrary.Stop Appium Service">
<msg timestamp="20230316 21:20:35.347" level="FAIL">No keyword with name 'MobileTestLibrary.Stop Appium Service' found.</msg>
<status status="FAIL" starttime="20230316 21:20:35.347" endtime="20230316 21:20:35.347"/>
</kw>
<status status="FAIL" starttime="20230316 21:20:35.335" endtime="20230316 21:20:35.347">No keyword with name 'MobileTestLibrary.Stop Appium Service' found.</status>
</kw>
<status status="FAIL" starttime="20230316 21:20:34.530" endtime="20230316 21:20:35.347">Suite setup failed:
No keyword with name 'MobileTestLibrary.Start Appium Service' found.

Also suite teardown failed:
No keyword with name 'MobileTestLibrary.Stop Appium Service' found.</status>
</suite>
<suite id="s1-s2" name="TC002 - Verify that Deep link URL is providing QR code" source="D:\FusionTestFramework\com.playgroundxyz.vision_project\com.playgroundxyz.vision_project.TestcaseSuite\TC002 - Verify that Deep link URL is providing QR code.robot">
<test id="s1-s2-t1" name="Verify that Deep link URL is providing QR code" line="9">
<kw name="Launch browser and input url" library="Setup keywords" type="SETUP">
<kw name="Open Browser" library="WebApplicationTestLibrary">
<arg>${url}</arg>
<arg>${Browser}</arg>
<arg>executable_path=drivers/chromedriver.exe</arg>
<doc>Opens a new browser instance to the optional ``url``.</doc>
<msg timestamp="20230316 21:20:35.772" level="FAIL">Variable '${url}' not found.</msg>
<status status="FAIL" starttime="20230316 21:20:35.764" endtime="20230316 21:20:35.772"/>
</kw>
<kw name="Maximize Browser Window" library="WebApplicationTestLibrary">
<doc>Maximizes current browser window.</doc>
<status status="NOT RUN" starttime="20230316 21:20:35.772" endtime="20230316 21:20:35.772"/>
</kw>
<status status="FAIL" starttime="20230316 21:20:35.764" endtime="20230316 21:20:35.772"/>
</kw>
<kw name="Close Browser" library="WebApplicationTestLibrary" type="TEARDOWN">
<doc>Closes the current browser.</doc>
<status status="PASS" starttime="20230316 21:20:35.780" endtime="20230316 21:20:35.780"/>
</kw>
<doc>verification of barcode generation of specified link</doc>
<tag>regression</tag>
<status status="FAIL" starttime="20230316 21:20:35.764" endtime="20230316 21:20:35.798">Setup failed:
Variable '${url}' not found.</status>
</test>
<status status="FAIL" starttime="20230316 21:20:35.358" endtime="20230316 21:20:35.820"/>
</suite>
<suite id="s1-s3" name="TC003 - Verify that Google Play button redirecting user to Vision Project on play store" source="D:\FusionTestFramework\com.playgroundxyz.vision_project\com.playgroundxyz.vision_project.TestcaseSuite\TC003 - Verify that Google Play button redirecting user to Vision Project on play store.robot">
<kw name="Setup before suit start" library="Setup keywords" type="SETUP">
<kw name="MobileTestLibrary.Start Appium Service">
<msg timestamp="20230316 21:20:36.195" level="FAIL">No keyword with name 'MobileTestLibrary.Start Appium Service' found.</msg>
<status status="FAIL" starttime="20230316 21:20:36.193" endtime="20230316 21:20:36.195"/>
</kw>
<kw name="Set Log Level" library="BuiltIn">
<arg>DEBUG</arg>
<doc>Sets the log threshold to the specified level and returns the old level.</doc>
<status status="NOT RUN" starttime="20230316 21:20:36.195" endtime="20230316 21:20:36.195"/>
</kw>
<kw name="Log To Console" library="BuiltIn">
<arg>Appium server started .....</arg>
<doc>Logs the given message to the console.</doc>
<status status="NOT RUN" starttime="20230316 21:20:36.195" endtime="20230316 21:20:36.195"/>
</kw>
<status status="FAIL" starttime="20230316 21:20:36.170" endtime="20230316 21:20:36.203"/>
</kw>
<test id="s1-s3-t1" name="Verify that Google Play button redirecting user to Vision Project on play store" line="11">
<doc>Verification that Google Play button redirecting user to Vision Project on play store</doc>
<tag>regression</tag>
<status status="FAIL" starttime="20230316 21:20:36.203" endtime="20230316 21:20:36.203">Parent suite setup failed:
No keyword with name 'MobileTestLibrary.Start Appium Service' found.</status>
</test>
<kw name="tearDown" library="Setup keywords" type="TEARDOWN">
<kw name="MobileTestLibrary.Stop Appium Service">
<msg timestamp="20230316 21:20:36.227" level="FAIL">No keyword with name 'MobileTestLibrary.Stop Appium Service' found.</msg>
<status status="FAIL" starttime="20230316 21:20:36.227" endtime="20230316 21:20:36.227"/>
</kw>
<status status="FAIL" starttime="20230316 21:20:36.210" endtime="20230316 21:20:36.231">No keyword with name 'MobileTestLibrary.Stop Appium Service' found.</status>
</kw>
<status status="FAIL" starttime="20230316 21:20:35.845" endtime="20230316 21:20:36.231">Suite setup failed:
No keyword with name 'MobileTestLibrary.Start Appium Service' found.

Also suite teardown failed:
No keyword with name 'MobileTestLibrary.Stop Appium Service' found.</status>
</suite>
<suite id="s1-s4" name="TC004 - Verify that if social app is not installed on phone then App was not found screen appears" source="D:\FusionTestFramework\com.playgroundxyz.vision_project\com.playgroundxyz.vision_project.TestcaseSuite\TC004 - Verify that if social app is not installed on phone then App was not found screen appears.robot">
<kw name="Setup before suit start" library="Setup keywords" type="SETUP">
<kw name="MobileTestLibrary.Start Appium Service">
<msg timestamp="20230316 21:20:36.450" level="FAIL">No keyword with name 'MobileTestLibrary.Start Appium Service' found.</msg>
<status status="FAIL" starttime="20230316 21:20:36.450" endtime="20230316 21:20:36.450"/>
</kw>
<kw name="Set Log Level" library="BuiltIn">
<arg>DEBUG</arg>
<doc>Sets the log threshold to the specified level and returns the old level.</doc>
<status status="NOT RUN" starttime="20230316 21:20:36.450" endtime="20230316 21:20:36.450"/>
</kw>
<kw name="Log To Console" library="BuiltIn">
<arg>Appium server started .....</arg>
<doc>Logs the given message to the console.</doc>
<status status="NOT RUN" starttime="20230316 21:20:36.450" endtime="20230316 21:20:36.450"/>
</kw>
<status status="FAIL" starttime="20230316 21:20:36.436" endtime="20230316 21:20:36.450"/>
</kw>
<test id="s1-s4-t1" name="Verify that if social app is not installed on phone then App was not found screen appears" line="11">
<doc>Verification that if social app is not installed on phone then App was not found screen appears</doc>
<tag>smoke</tag>
<status status="FAIL" starttime="20230316 21:20:36.450" endtime="20230316 21:20:36.450">Parent suite setup failed:
No keyword with name 'MobileTestLibrary.Start Appium Service' found.</status>
</test>
<kw name="tearDown" library="Setup keywords" type="TEARDOWN">
<kw name="MobileTestLibrary.Stop Appium Service">
<msg timestamp="20230316 21:20:36.476" level="FAIL">No keyword with name 'MobileTestLibrary.Stop Appium Service' found.</msg>
<status status="FAIL" starttime="20230316 21:20:36.476" endtime="20230316 21:20:36.478"/>
</kw>
<status status="FAIL" starttime="20230316 21:20:36.458" endtime="20230316 21:20:36.479">No keyword with name 'MobileTestLibrary.Stop Appium Service' found.</status>
</kw>
<status status="FAIL" starttime="20230316 21:20:36.240" endtime="20230316 21:20:36.479">Suite setup failed:
No keyword with name 'MobileTestLibrary.Start Appium Service' found.

Also suite teardown failed:
No keyword with name 'MobileTestLibrary.Stop Appium Service' found.</status>
</suite>
<suite id="s1-s5" name="TC005 - Verify welcome page journey is as excepted" source="D:\FusionTestFramework\com.playgroundxyz.vision_project\com.playgroundxyz.vision_project.TestcaseSuite\TC005 - Verify welcome page journey is as excepted.robot">
<kw name="Setup before suit start" library="Setup keywords" type="SETUP">
<kw name="MobileTestLibrary.Start Appium Service">
<msg timestamp="20230316 21:20:36.688" level="FAIL">No keyword with name 'MobileTestLibrary.Start Appium Service' found.</msg>
<status status="FAIL" starttime="20230316 21:20:36.688" endtime="20230316 21:20:36.688"/>
</kw>
<kw name="Set Log Level" library="BuiltIn">
<arg>DEBUG</arg>
<doc>Sets the log threshold to the specified level and returns the old level.</doc>
<status status="NOT RUN" starttime="20230316 21:20:36.688" endtime="20230316 21:20:36.688"/>
</kw>
<kw name="Log To Console" library="BuiltIn">
<arg>Appium server started .....</arg>
<doc>Logs the given message to the console.</doc>
<status status="NOT RUN" starttime="20230316 21:20:36.688" endtime="20230316 21:20:36.688"/>
</kw>
<status status="FAIL" starttime="20230316 21:20:36.681" endtime="20230316 21:20:36.688"/>
</kw>
<test id="s1-s5-t1" name="Verify that user is able to paste study link using Paste study link" line="11">
<doc>Verification that user is able to paste study link using Paste study link</doc>
<tag>regression</tag>
<status status="FAIL" starttime="20230316 21:20:36.696" endtime="20230316 21:20:36.700">Parent suite setup failed:
No keyword with name 'MobileTestLibrary.Start Appium Service' found.</status>
</test>
<test id="s1-s5-t2" name="Verify that Help page open up when user taps on help icon&quot;?&quot;" line="21">
<doc>Verification that Help page open up when user taps on help icon"?"</doc>
<tag>regression</tag>
<status status="FAIL" starttime="20230316 21:20:36.702" endtime="20230316 21:20:36.704">Parent suite setup failed:
No keyword with name 'MobileTestLibrary.Start Appium Service' found.</status>
</test>
<kw name="tearDown" library="Setup keywords" type="TEARDOWN">
<kw name="MobileTestLibrary.Stop Appium Service">
<msg timestamp="20230316 21:20:36.751" level="FAIL">No keyword with name 'MobileTestLibrary.Stop Appium Service' found.</msg>
<status status="FAIL" starttime="20230316 21:20:36.751" endtime="20230316 21:20:36.751"/>
</kw>
<status status="FAIL" starttime="20230316 21:20:36.706" endtime="20230316 21:20:36.751">No keyword with name 'MobileTestLibrary.Stop Appium Service' found.</status>
</kw>
<status status="FAIL" starttime="20230316 21:20:36.485" endtime="20230316 21:20:36.751">Suite setup failed:
No keyword with name 'MobileTestLibrary.Start Appium Service' found.

Also suite teardown failed:
No keyword with name 'MobileTestLibrary.Stop Appium Service' found.</status>
</suite>
<suite id="s1-s6" name="TC006 - sample" source="D:\FusionTestFramework\com.playgroundxyz.vision_project\com.playgroundxyz.vision_project.TestcaseSuite\TC006 - sample.robot">
<test id="s1-s6-t1" name="Testcase001" line="7">
<kw name="GET" library="APITestExtendedLibrary">
<var>@{get}</var>
<arg>https://www.google.com/</arg>
<arg>json</arg>
<doc>Sends a GET request.</doc>
<msg timestamp="20230316 21:20:38.141" level="INFO">GET Request : url=https://www.google.com/?json 
 path_url=/?json 
 headers={'User-Agent': 'python-requests/2.28.2', 'Accept-Encoding': 'gzip, deflate', 'Accept': '*/*', 'Connection': 'keep-alive'} 
 body=None 
 </msg>
<msg timestamp="20230316 21:20:38.141" level="INFO">GET Response : url=https://www.google.com/?json 
 status=200, reason=OK 
 headers={'Date': 'Thu, 16 Mar 2023 15:50:38 GMT', 'Expires': '-1', 'Cache-Control': 'private, max-age=0', 'Content-Type': 'text/html; charset=ISO-8859-1', 'P3P': 'CP="This is not a P3P policy! See g.co/p3phelp for more info."', 'Content-Encoding': 'gzip', 'Server': 'gws', 'X-XSS-Protection': '0', 'X-Frame-Options': 'SAMEORIGIN', 'Set-Cookie': '1P_JAR=2023-03-16-15; expires=Sat, 15-Apr-2023 15:50:38 GMT; path=/; domain=.google.com; Secure, AEC=ARSKqsJrWlQrwSQm565ksVnmQxM9U7mG1Fw_Ukatr8ijkFwMgUGx1kN_CG4; expires=Tue, 12-Sep-2023 15:50:38 GMT; path=/; domain=.google.com; Secure; HttpOnly; SameSite=lax, NID=511=k4JQIgaqySYLAEcA5OTaBJ0wYnMT0Qg3gsH6uaU43qzPbW3HzjjuKEDqDQqFsFpj270rf55AaWwMpiXlQt7ehBYrnW5_flCz0zuWpVwhL_O1rnZBhqeLRmTW50UADkVAG-0fiASiVY2nwRuQfTX0KZ4aL4a_SDgJvQd5pF5cJAQ; expires=Fri, 15-Sep-2023 15:50:38 GMT; path=/; domain=.google.com; HttpOnly', 'Alt-Svc': 'h3=":443"; ma=2592000,h3-29=":443"; ma=2592000', 'Transfer-Encoding': 'chunked'} 
 body=&lt;!doctype html&gt;&lt;html itemscope="" itemtype="http://schema.org/WebPage" lang="en-IN"&gt;&lt;head&gt;&lt;meta content="text/html; charset=UTF-8" http-equiv="Content-Type"&gt;&lt;meta content="/images/branding/googleg/1x/googleg_standard_color_128dp.png" itemprop="image"&gt;&lt;title&gt;Google&lt;/title&gt;&lt;script nonce="VQ8WFsQYjQPwTN-MC7gsCQ"&gt;(function(){window.google={kEI:'zjoTZKCRApKPseMPtLSioAg',kEXPI:'0,701057,658352,1709,4350,206,4804,2316,383,246,5,1129120,1197777,624,171,379919,16114,28684,22430,1362,12312,17587,4998,13227,517,3331,38444,885,1987,2891,8349,3405,606,30668,30022,6397,9355,3,580,1014,1,5444,11472,2652,4,1528,2304,29062,9871,3192,13660,4437,9358,7428,5800,2557,4094,7596,1,42154,2,14022,2715,21266,1758,5679,1020,31123,4567,6253,23422,1254,5835,14968,4332,8,5008,2468,445,2,2,1,24626,2006,8155,7381,2,15968,873,19633,8,1921,5784,3995,5864,8016,7510,14764,6305,2007,14736,3455,928,19209,14,82,13332,6874,1622,1749,30,669,2496,1,713,1097,3787,154,1970,8980,4097,4384,991,3030,427,5683,1411,890,2246,439,516,4204,1303,501,7553,181,495,2243,1649,108,96,1032,449,12107,921,431,5455,2,375,536,1927,2,1271,2043,670,1,1170,1580,94,605,244,619,196,2365,270,1552,475,146,149,1312,227,6113,225,590,67,4,759,3221,682,563,190,734,416,578,1,2962,554,420,5,678,291,984,16,4,4,434,280,74,152,169,5,57,3,15,128,2,25,3,276,102,139,26,947,46,337,222,220,3,880,256,3,861,87,4,412,281,2,1211,25,748,741,133,510,1127,264,29,53,290,2,342,129,42,429,624,3,187,184,1447,108,541,6,319,304,1,708,88,1366,5225177,352,396,5995165,2803282,3311,141,795,19735,1,1,346,4578,26,20725860,3220020,397,2769771,1271975,1964,16672,2894,512,5738,12560,1541,530,73,846,150,1415096',kBL:'mLrg'};google.sn='webhp';google.kHL='en-IN';})();(function(){
var f=this||self;var h,k=[];function l(a){for(var b;a&amp;&amp;(!a.getAttribute||!(b=a.getAttribute("eid")));)a=a.parentNode;return b||h}function m(a){for(var b=null;a&amp;&amp;(!a.getAttribute||!(b=a.getAttribute("leid")));)a=a.parentNode;return b}
function n(a,b,c,d,g){var e="";c||-1!==b.search("&amp;ei=")||(e="&amp;ei="+l(d),-1===b.search("&amp;lei=")&amp;&amp;(d=m(d))&amp;&amp;(e+="&amp;lei="+d));d="";!c&amp;&amp;f._cshid&amp;&amp;-1===b.search("&amp;cshid=")&amp;&amp;"slh"!==a&amp;&amp;(d="&amp;cshid="+f._cshid);c=c||"/"+(g||"gen_204")+"?atyp=i&amp;ct="+a+"&amp;cad="+b+e+"&amp;zx="+Date.now()+d;/^http:/i.test(c)&amp;&amp;"https:"===window.location.protocol&amp;&amp;(google.ml&amp;&amp;google.ml(Error("a"),!1,{src:c,glmm:1}),c="");return c};h=google.kEI;google.getEI=l;google.getLEI=m;google.ml=function(){return null};google.log=function(a,b,c,d,g){if(c=n(a,b,c,d,g)){a=new Image;var e=k.length;k[e]=a;a.onerror=a.onload=a.onabort=function(){delete k[e]};a.src=c}};google.logUrl=n;}).call(this);(function(){google.y={};google.sy=[];google.x=function(a,b){if(a)var c=a.id;else{do c=Math.random();while(google.y[c])}google.y[c]=[a,b];return!1};google.sx=function(a){google.sy.push(a)};google.lm=[];google.plm=function(a){google.lm.push.apply(google.lm,a)};google.lq=[];google.load=function(a,b,c){google.lq.push([[a],b,c])};google.loadAll=function(a,b){google.lq.push([a,b])};google.bx=!1;google.lx=function(){};}).call(this);google.f={};(function(){
document.documentElement.addEventListener("submit",function(b){var a;if(a=b.target){var c=a.getAttribute("data-submitfalse");a="1"===c||"q"===c&amp;&amp;!a.elements.q.value?!0:!1}else a=!1;a&amp;&amp;(b.preventDefault(),b.stopPropagation())},!0);document.documentElement.addEventListener("click",function(b){var a;a:{for(a=b.target;a&amp;&amp;a!==document.documentElement;a=a.parentElement)if("A"===a.tagName){a="1"===a.getAttribute("data-nohref");break a}a=!1}a&amp;&amp;b.preventDefault()},!0);}).call(this);&lt;/script&gt;&lt;style&gt;#gbar,#guser{font-size:13px;padding-top:1px !important;}#gbar{height:22px}#guser{padding-bottom:7px !important;text-align:right}.gbh,.gbd{border-top:1px solid #c9d7f1;font-size:1px}.gbh{height:0;position:absolute;top:24px;width:100%}@media all{.gb1{height:22px;margin-right:.5em;vertical-align:top}#gbar{float:left}}a.gb1,a.gb4{text-decoration:underline !important}a.gb1,a.gb4{color:#00c !important}.gbi .gb4{color:#dd8e27 !important}.gbf .gb4{color:#900 !important}
&lt;/style&gt;&lt;style&gt;body,td,a,p,.h{font-family:arial,sans-serif}body{margin:0;overflow-y:scroll}#gog{padding:3px 8px 0}td{line-height:.8em}.gac_m td{line-height:17px}form{margin-bottom:20px}.h{color:#1558d6}em{font-weight:bold;font-style:normal}.lst{height:25px;width:496px}.gsfi,.lst{font:18px arial,sans-serif}.gsfs{font:17px arial,sans-serif}.ds{display:inline-box;display:inline-block;margin:3px 0 4px;margin-left:4px}input{font-family:inherit}body{background:#fff;color:#000}a{color:#4b11a8;text-decoration:none}a:hover,a:active{text-decoration:underline}.fl a{color:#1558d6}a:visited{color:#4b11a8}.sblc{padding-top:5px}.sblc a{display:block;margin:2px 0;margin-left:13px;font-size:11px}.lsbb{background:#f8f9fa;border:solid 1px;border-color:#dadce0 #70757a #70757a #dadce0;height:30px}.lsbb{display:block}#WqQANb a{display:inline-block;margin:0 12px}.lsb{background:url(/images/nav_logo229.png) 0 -261px repeat-x;border:none;color:#000;cursor:pointer;height:30px;margin:0;outline:0;font:15px arial,sans-serif;vertical-align:top}.lsb:active{background:#dadce0}.lst:focus{outline:none}&lt;/style&gt;&lt;script nonce="VQ8WFsQYjQPwTN-MC7gsCQ"&gt;(function(){window.google.erd={jsr:1,bv:1760,de:true};
var h=this||self;var k,l=null!=(k=h.mei)?k:1,n,p=null!=(n=h.sdo)?n:!0,q=0,r,t=google.erd,v=t.jsr;google.ml=function(a,b,d,m,e){e=void 0===e?2:e;b&amp;&amp;(r=a&amp;&amp;a.message);if(google.dl)return google.dl(a,e,d),null;if(0&gt;v){window.console&amp;&amp;console.error(a,d);if(-2===v)throw a;b=!1}else b=!a||!a.message||"Error loading script"===a.message||q&gt;=l&amp;&amp;!m?!1:!0;if(!b)return null;q++;d=d||{};b=encodeURIComponent;var c="/gen_204?atyp=i&amp;ei="+b(google.kEI);google.kEXPI&amp;&amp;(c+="&amp;jexpid="+b(google.kEXPI));c+="&amp;srcpg="+b(google.sn)+"&amp;jsr="+b(t.jsr)+"&amp;bver="+b(t.bv);var f=a.lineNumber;void 0!==f&amp;&amp;(c+="&amp;line="+f);var g=
a.fileName;g&amp;&amp;(0&lt;g.indexOf("-extension:/")&amp;&amp;(e=3),c+="&amp;script="+b(g),f&amp;&amp;g===window.location.href&amp;&amp;(f=document.documentElement.outerHTML.split("\n")[f],c+="&amp;cad="+b(f?f.substring(0,300):"No script found.")));c+="&amp;jsel="+e;for(var u in d)c+="&amp;",c+=b(u),c+="=",c+=b(d[u]);c=c+"&amp;emsg="+b(a.name+": "+a.message);c=c+"&amp;jsst="+b(a.stack||"N/A");12288&lt;=c.length&amp;&amp;(c=c.substr(0,12288));a=c;m||google.log(0,"",a);return a};window.onerror=function(a,b,d,m,e){r!==a&amp;&amp;(a=e instanceof Error?e:Error(a),void 0===d||"lineNumber"in a||(a.lineNumber=d),void 0===b||"fileName"in a||(a.fileName=b),google.ml(a,!1,void 0,!1,"SyntaxError"===a.name||"SyntaxError"===a.message.substring(0,11)||-1!==a.message.indexOf("Script error")?3:0));r=null;p&amp;&amp;q&gt;=l&amp;&amp;(window.onerror=null)};})();&lt;/script&gt;&lt;/head&gt;&lt;body bgcolor="#fff"&gt;&lt;script nonce="VQ8WFsQYjQPwTN-MC7gsCQ"&gt;(function(){var src='/images/nav_logo229.png';var iesg=false;document.body.onload = function(){window.n &amp;&amp; window.n();if (document.images){new Image().src=src;}
if (!iesg){document.f&amp;&amp;document.f.q.focus();document.gbqf&amp;&amp;document.gbqf.q.focus();}
}
})();&lt;/script&gt;&lt;div id="mngb"&gt;&lt;div id=gbar&gt;&lt;nobr&gt;&lt;b class=gb1&gt;Search&lt;/b&gt; &lt;a class=gb1 href="https://www.google.co.in/imghp?hl=en&amp;tab=wi"&gt;Images&lt;/a&gt; &lt;a class=gb1 href="https://maps.google.co.in/maps?hl=en&amp;tab=wl"&gt;Maps&lt;/a&gt; &lt;a class=gb1 href="https://play.google.com/?hl=en&amp;tab=w8"&gt;Play&lt;/a&gt; &lt;a class=gb1 href="https://www.youtube.com/?tab=w1"&gt;YouTube&lt;/a&gt; &lt;a class=gb1 href="https://news.google.com/?tab=wn"&gt;News&lt;/a&gt; &lt;a class=gb1 href="https://mail.google.com/mail/?tab=wm"&gt;Gmail&lt;/a&gt; &lt;a class=gb1 href="https://drive.google.com/?tab=wo"&gt;Drive&lt;/a&gt; &lt;a class=gb1 style="text-decoration:none" href="https://www.google.co.in/intl/en/about/products?tab=wh"&gt;&lt;u&gt;More&lt;/u&gt; &amp;raquo;&lt;/a&gt;&lt;/nobr&gt;&lt;/div&gt;&lt;div id=guser width=100%&gt;&lt;nobr&gt;&lt;span id=gbn class=gbi&gt;&lt;/span&gt;&lt;span id=gbf class=gbf&gt;&lt;/span&gt;&lt;span id=gbe&gt;&lt;/span&gt;&lt;a href="http://www.google.co.in/history/optout?hl=en" class=gb4&gt;Web History&lt;/a&gt; | &lt;a  href="/preferences?hl=en" class=gb4&gt;Settings&lt;/a&gt; | &lt;a target=_top id=gb_70 href="https://accounts.google.com/ServiceLogin?hl=en&amp;passive=true&amp;continue=https://www.google.com/%3Fjson&amp;ec=GAZAAQ" class=gb4&gt;Sign in&lt;/a&gt;&lt;/nobr&gt;&lt;/div&gt;&lt;div class=gbh style=left:0&gt;&lt;/div&gt;&lt;div class=gbh style=right:0&gt;&lt;/div&gt;&lt;/div&gt;&lt;center&gt;&lt;br clear="all" id="lgpd"&gt;&lt;div id="lga"&gt;&lt;img alt="Google" height="92" src="/images/branding/googlelogo/1x/googlelogo_white_background_color_272x92dp.png" style="padding:28px 0 14px" width="272" id="hplogo"&gt;&lt;br&gt;&lt;br&gt;&lt;/div&gt;&lt;form action="/search" name="f"&gt;&lt;table cellpadding="0" cellspacing="0"&gt;&lt;tr valign="top"&gt;&lt;td width="25%"&gt;&amp;nbsp;&lt;/td&gt;&lt;td align="center" nowrap=""&gt;&lt;input name="ie" value="ISO-8859-1" type="hidden"&gt;&lt;input value="en-IN" name="hl" type="hidden"&gt;&lt;input name="source" type="hidden" value="hp"&gt;&lt;input name="biw" type="hidden"&gt;&lt;input name="bih" type="hidden"&gt;&lt;div class="ds" style="height:32px;margin:4px 0"&gt;&lt;input class="lst" style="margin:0;padding:5px 8px 0 6px;vertical-align:top;color:#000" autocomplete="off" value="" title="Google Search" maxlength="2048" name="q" size="57"&gt;&lt;/div&gt;&lt;br style="line-height:0"&gt;&lt;span class="ds"&gt;&lt;span class="lsbb"&gt;&lt;input class="lsb" value="Google Search" name="btnG" type="submit"&gt;&lt;/span&gt;&lt;/span&gt;&lt;span class="ds"&gt;&lt;span class="lsbb"&gt;&lt;input class="lsb" id="tsuid_1" value="I'm Feeling Lucky" name="btnI" type="submit"&gt;&lt;script nonce="VQ8WFsQYjQPwTN-MC7gsCQ"&gt;(function(){var id='tsuid_1';document.getElementById(id).onclick = function(){if (this.form.q.value){this.checked = 1;if (this.form.iflsig)this.form.iflsig.disabled = false;}
else top.location='/doodles/';};})();&lt;/script&gt;&lt;input value="AK50M_UAAAAAZBNI3v9B9_DZYPEu2LuTWx-LB6y1oyKl" name="iflsig" type="hidden"&gt;&lt;/span&gt;&lt;/span&gt;&lt;/td&gt;&lt;td class="fl sblc" align="left" nowrap="" width="25%"&gt;&lt;a href="/advanced_search?hl=en-IN&amp;amp;authuser=0"&gt;Advanced search&lt;/a&gt;&lt;/td&gt;&lt;/tr&gt;&lt;/table&gt;&lt;input id="gbv" name="gbv" type="hidden" value="1"&gt;&lt;script nonce="VQ8WFsQYjQPwTN-MC7gsCQ"&gt;(function(){var a,b="1";if(document&amp;&amp;document.getElementById)if("undefined"!=typeof XMLHttpRequest)b="2";else if("undefined"!=typeof ActiveXObject){var c,d,e=["MSXML2.XMLHTTP.6.0","MSXML2.XMLHTTP.3.0","MSXML2.XMLHTTP","Microsoft.XMLHTTP"];for(c=0;d=e[c++];)try{new ActiveXObject... (set the log level to DEBUG or TRACE to see the full content) 
 </msg>
<msg timestamp="20230316 21:20:38.146" level="INFO">@{get} = [ &lt;!doctype html&gt;&lt;html itemscope="" itemtype="http://schema.org/WebPage" lang="en-IN"&gt;&lt;head&gt;&lt;meta content="text/html; charset=UTF- | 8" http-equiv="Content-Type"&gt;&lt;meta content="/images/branding/google...</msg>
<status status="PASS" starttime="20230316 21:20:37.167" endtime="20230316 21:20:38.147"/>
</kw>
<for flavor="IN">
<var>${element}</var>
<value>@{get}</value>
<iter>
<var name="${element}">&lt;!doctype html&gt;&lt;html itemscope="" itemtype="http://schema.org/WebPage" lang="en-IN"&gt;&lt;head&gt;&lt;meta content="text/html; charset=UTF-</var>
<kw name="Log To Console" library="BuiltIn">
<arg>${element}</arg>
<doc>Logs the given message to the console.</doc>
<status status="PASS" starttime="20230316 21:20:38.148" endtime="20230316 21:20:38.149"/>
</kw>
<status status="PASS" starttime="20230316 21:20:38.147" endtime="20230316 21:20:38.150"/>
</iter>
<iter>
<var name="${element}">8" http-equiv="Content-Type"&gt;&lt;meta content="/images/branding/googleg/1x/googleg_standard_color_128dp.png" itemprop="image"&gt;&lt;titl</var>
<kw name="Log To Console" library="BuiltIn">
<arg>${element}</arg>
<doc>Logs the given message to the console.</doc>
<status status="PASS" starttime="20230316 21:20:38.150" endtime="20230316 21:20:38.150"/>
</kw>
<status status="PASS" starttime="20230316 21:20:38.150" endtime="20230316 21:20:38.150"/>
</iter>
<iter>
<var name="${element}">e&gt;Google&lt;/title&gt;&lt;script nonce="VQ8WFsQYjQPwTN-MC7gsCQ"&gt;(function(){window.google={kEI:'zjoTZKCRApKPseMPtLSioAg',kEXPI:'0,701057,</var>
<kw name="Log To Console" library="BuiltIn">
<arg>${element}</arg>
<doc>Logs the given message to the console.</doc>
<status status="PASS" starttime="20230316 21:20:38.150" endtime="20230316 21:20:38.150"/>
</kw>
<status status="PASS" starttime="20230316 21:20:38.150" endtime="20230316 21:20:38.150"/>
</iter>
<iter>
<var name="${element}">658352,1709,4350,206,4804,2316,383,246,5,1129120,1197777,624,171,379919,16114,28684,22430,1362,12312,17587,4998,13227,517,3331,3</var>
<kw name="Log To Console" library="BuiltIn">
<arg>${element}</arg>
<doc>Logs the given message to the console.</doc>
<status status="PASS" starttime="20230316 21:20:38.150" endtime="20230316 21:20:38.150"/>
</kw>
<status status="PASS" starttime="20230316 21:20:38.150" endtime="20230316 21:20:38.150"/>
</iter>
<iter>
<var name="${element}">8444,885,1987,2891,8349,3405,606,30668,30022,6397,9355,3,580,1014,1,5444,11472,2652,4,1528,2304,29062,9871,3192,13660,4437,9358,</var>
<kw name="Log To Console" library="BuiltIn">
<arg>${element}</arg>
<doc>Logs the given message to the console.</doc>
<status status="PASS" starttime="20230316 21:20:38.157" endtime="20230316 21:20:38.158"/>
</kw>
<status status="PASS" starttime="20230316 21:20:38.157" endtime="20230316 21:20:38.158"/>
</iter>
<iter>
<var name="${element}">7428,5800,2557,4094,7596,1,42154,2,14022,2715,21266,1758,5679,1020,31123,4567,6253,23422,1254,5835,14968,4332,8,5008,2468,445,2,</var>
<kw name="Log To Console" library="BuiltIn">
<arg>${element}</arg>
<doc>Logs the given message to the console.</doc>
<status status="PASS" starttime="20230316 21:20:38.158" endtime="20230316 21:20:38.158"/>
</kw>
<status status="PASS" starttime="20230316 21:20:38.158" endtime="20230316 21:20:38.158"/>
</iter>
<iter>
<var name="${element}">2,1,24626,2006,8155,7381,2,15968,873,19633,8,1921,5784,3995,5864,8016,7510,14764,6305,2007,14736,3455,928,19209,14,82,13332,6874</var>
<kw name="Log To Console" library="BuiltIn">
<arg>${element}</arg>
<doc>Logs the given message to the console.</doc>
<status status="PASS" starttime="20230316 21:20:38.158" endtime="20230316 21:20:38.158"/>
</kw>
<status status="PASS" starttime="20230316 21:20:38.158" endtime="20230316 21:20:38.158"/>
</iter>
<iter>
<var name="${element}">,1622,1749,30,669,2496,1,713,1097,3787,154,1970,8980,4097,4384,991,3030,427,5683,1411,890,2246,439,516,4204,1303,501,7553,181,49</var>
<kw name="Log To Console" library="BuiltIn">
<arg>${element}</arg>
<doc>Logs the given message to the console.</doc>
<status status="PASS" starttime="20230316 21:20:38.158" endtime="20230316 21:20:38.158"/>
</kw>
<status status="PASS" starttime="20230316 21:20:38.158" endtime="20230316 21:20:38.158"/>
</iter>
<iter>
<var name="${element}">5,2243,1649,108,96,1032,449,12107,921,431,5455,2,375,536,1927,2,1271,2043,670,1,1170,1580,94,605,244,619,196,2365,270,1552,475,1</var>
<kw name="Log To Console" library="BuiltIn">
<arg>${element}</arg>
<doc>Logs the given message to the console.</doc>
<status status="PASS" starttime="20230316 21:20:38.166" endtime="20230316 21:20:38.168"/>
</kw>
<status status="PASS" starttime="20230316 21:20:38.166" endtime="20230316 21:20:38.168"/>
</iter>
<iter>
<var name="${element}">46,149,1312,227,6113,225,590,67,4,759,3221,682,563,190,734,416,578,1,2962,554,420,5,678,291,984,16,4,4,434,280,74,152,169,5,57,3</var>
<kw name="Log To Console" library="BuiltIn">
<arg>${element}</arg>
<doc>Logs the given message to the console.</doc>
<status status="PASS" starttime="20230316 21:20:38.168" endtime="20230316 21:20:38.168"/>
</kw>
<status status="PASS" starttime="20230316 21:20:38.168" endtime="20230316 21:20:38.168"/>
</iter>
<iter>
<var name="${element}">,15,128,2,25,3,276,102,139,26,947,46,337,222,220,3,880,256,3,861,87,4,412,281,2,1211,25,748,741,133,510,1127,264,29,53,290,2,342</var>
<kw name="Log To Console" library="BuiltIn">
<arg>${element}</arg>
<doc>Logs the given message to the console.</doc>
<status status="PASS" starttime="20230316 21:20:38.168" endtime="20230316 21:20:38.172"/>
</kw>
<status status="PASS" starttime="20230316 21:20:38.168" endtime="20230316 21:20:38.172"/>
</iter>
<iter>
<var name="${element}">,129,42,429,624,3,187,184,1447,108,541,6,319,304,1,708,88,1366,5225177,352,396,5995165,2803282,3311,141,795,19735,1,1,346,4578,2</var>
<kw name="Log To Console" library="BuiltIn">
<arg>${element}</arg>
<doc>Logs the given message to the console.</doc>
<status status="PASS" starttime="20230316 21:20:38.173" endtime="20230316 21:20:38.174"/>
</kw>
<status status="PASS" starttime="20230316 21:20:38.172" endtime="20230316 21:20:38.174"/>
</iter>
<iter>
<var name="${element}">6,20725860,3220020,397,2769771,1271975,1964,16672,2894,512,5738,12560,1541,530,73,846,150,1415096',kBL:'mLrg'};google.sn='webhp'</var>
<kw name="Log To Console" library="BuiltIn">
<arg>${element}</arg>
<doc>Logs the given message to the console.</doc>
<status status="PASS" starttime="20230316 21:20:38.175" endtime="20230316 21:20:38.176"/>
</kw>
<status status="PASS" starttime="20230316 21:20:38.174" endtime="20230316 21:20:38.176"/>
</iter>
<iter>
<var name="${element}">;google.kHL='en-IN';})();(function(){
var f=this||self;var h,k=[];function l(a){for(var b;a&amp;&amp;(!a.getAttribute||!(b=a.getAttribut</var>
<kw name="Log To Console" library="BuiltIn">
<arg>${element}</arg>
<doc>Logs the given message to the console.</doc>
<status status="PASS" starttime="20230316 21:20:38.177" endtime="20230316 21:20:38.179"/>
</kw>
<status status="PASS" starttime="20230316 21:20:38.177" endtime="20230316 21:20:38.179"/>
</iter>
<iter>
<var name="${element}">e("eid")));)a=a.parentNode;return b||h}function m(a){for(var b=null;a&amp;&amp;(!a.getAttribute||!(b=a.getAttribute("leid")));)a=a.paren</var>
<kw name="Log To Console" library="BuiltIn">
<arg>${element}</arg>
<doc>Logs the given message to the console.</doc>
<status status="PASS" starttime="20230316 21:20:38.179" endtime="20230316 21:20:38.183"/>
</kw>
<status status="PASS" starttime="20230316 21:20:38.179" endtime="20230316 21:20:38.183"/>
</iter>
<iter>
<var name="${element}">tNode;return b}
function n(a,b,c,d,g){var e="";c||-1!==b.search("&amp;ei=")||(e="&amp;ei="+l(d),-1===b.search("&amp;lei=")&amp;&amp;(d=m(d))&amp;&amp;(e+="&amp;</var>
<kw name="Log To Console" library="BuiltIn">
<arg>${element}</arg>
<doc>Logs the given message to the console.</doc>
<status status="PASS" starttime="20230316 21:20:38.183" endtime="20230316 21:20:38.185"/>
</kw>
<status status="PASS" starttime="20230316 21:20:38.183" endtime="20230316 21:20:38.185"/>
</iter>
<iter>
<var name="${element}">lei="+d));d="";!c&amp;&amp;f._cshid&amp;&amp;-1===b.search("&amp;cshid=")&amp;&amp;"slh"!==a&amp;&amp;(d="&amp;cshid="+f._cshid);c=c||"/"+(g||"gen_204")+"?atyp=i&amp;ct="+a</var>
<kw name="Log To Console" library="BuiltIn">
<arg>${element}</arg>
<doc>Logs the given message to the console.</doc>
<status status="PASS" starttime="20230316 21:20:38.186" endtime="20230316 21:20:38.186"/>
</kw>
<status status="PASS" starttime="20230316 21:20:38.185" endtime="20230316 21:20:38.186"/>
</iter>
<iter>
<var name="${element}">+"&amp;cad="+b+e+"&amp;zx="+Date.now()+d;/^http:/i.test(c)&amp;&amp;"https:"===window.location.protocol&amp;&amp;(google.ml&amp;&amp;google.ml(Error("a"),!1,{sr</var>
<kw name="Log To Console" library="BuiltIn">
<arg>${element}</arg>
<doc>Logs the given message to the console.</doc>
<status status="PASS" starttime="20230316 21:20:38.187" endtime="20230316 21:20:38.189"/>
</kw>
<status status="PASS" starttime="20230316 21:20:38.187" endtime="20230316 21:20:38.189"/>
</iter>
<iter>
<var name="${element}">c:c,glmm:1}),c="");return c};h=google.kEI;google.getEI=l;google.getLEI=m;google.ml=function(){return null};google.log=function(a</var>
<kw name="Log To Console" library="BuiltIn">
<arg>${element}</arg>
<doc>Logs the given message to the console.</doc>
<status status="PASS" starttime="20230316 21:20:38.190" endtime="20230316 21:20:38.191"/>
</kw>
<status status="PASS" starttime="20230316 21:20:38.189" endtime="20230316 21:20:38.192"/>
</iter>
<iter>
<var name="${element}">,b,c,d,g){if(c=n(a,b,c,d,g)){a=new Image;var e=k.length;k[e]=a;a.onerror=a.onload=a.onabort=function(){delete k[e]};a.src=c}};go</var>
<kw name="Log To Console" library="BuiltIn">
<arg>${element}</arg>
<doc>Logs the given message to the console.</doc>
<status status="PASS" starttime="20230316 21:20:38.193" endtime="20230316 21:20:38.193"/>
</kw>
<status status="PASS" starttime="20230316 21:20:38.192" endtime="20230316 21:20:38.195"/>
</iter>
<iter>
<var name="${element}">ogle.logUrl=n;}).call(this);(function(){google.y={};google.sy=[];google.x=function(a,b){if(a)var c=a.id;else{do c=Math.random();</var>
<kw name="Log To Console" library="BuiltIn">
<arg>${element}</arg>
<doc>Logs the given message to the console.</doc>
<status status="PASS" starttime="20230316 21:20:38.195" endtime="20230316 21:20:38.199"/>
</kw>
<status status="PASS" starttime="20230316 21:20:38.195" endtime="20230316 21:20:38.199"/>
</iter>
<iter>
<var name="${element}">while(google.y[c])}google.y[c]=[a,b];return!1};google.sx=function(a){google.sy.push(a)};google.lm=[];google.plm=function(a){goog</var>
<kw name="Log To Console" library="BuiltIn">
<arg>${element}</arg>
<doc>Logs the given message to the console.</doc>
<status status="PASS" starttime="20230316 21:20:38.199" endtime="20230316 21:20:38.199"/>
</kw>
<status status="PASS" starttime="20230316 21:20:38.199" endtime="20230316 21:20:38.199"/>
</iter>
<iter>
<var name="${element}">le.lm.push.apply(google.lm,a)};google.lq=[];google.load=function(a,b,c){google.lq.push([[a],b,c])};google.loadAll=function(a,b){</var>
<kw name="Log To Console" library="BuiltIn">
<arg>${element}</arg>
<doc>Logs the given message to the console.</doc>
<status status="PASS" starttime="20230316 21:20:38.199" endtime="20230316 21:20:38.205"/>
</kw>
<status status="PASS" starttime="20230316 21:20:38.199" endtime="20230316 21:20:38.205"/>
</iter>
<iter>
<var name="${element}">google.lq.push([a,b])};google.bx=!1;google.lx=function(){};}).call(this);google.f={};(function(){
document.documentElement.addEv</var>
<kw name="Log To Console" library="BuiltIn">
<arg>${element}</arg>
<doc>Logs the given message to the console.</doc>
<status status="PASS" starttime="20230316 21:20:38.206" endtime="20230316 21:20:38.207"/>
</kw>
<status status="PASS" starttime="20230316 21:20:38.205" endtime="20230316 21:20:38.207"/>
</iter>
<iter>
<var name="${element}">entListener("submit",function(b){var a;if(a=b.target){var c=a.getAttribute("data-submitfalse");a="1"===c||"q"===c&amp;&amp;!a.elements.q</var>
<kw name="Log To Console" library="BuiltIn">
<arg>${element}</arg>
<doc>Logs the given message to the console.</doc>
<status status="PASS" starttime="20230316 21:20:38.208" endtime="20230316 21:20:38.209"/>
</kw>
<status status="PASS" starttime="20230316 21:20:38.207" endtime="20230316 21:20:38.209"/>
</iter>
<iter>
<var name="${element}">.value?!0:!1}else a=!1;a&amp;&amp;(b.preventDefault(),b.stopPropagation())},!0);document.documentElement.addEventListener("click",functi</var>
<kw name="Log To Console" library="BuiltIn">
<arg>${element}</arg>
<doc>Logs the given message to the console.</doc>
<status status="PASS" starttime="20230316 21:20:38.210" endtime="20230316 21:20:38.213"/>
</kw>
<status status="PASS" starttime="20230316 21:20:38.210" endtime="20230316 21:20:38.213"/>
</iter>
<iter>
<var name="${element}">on(b){var a;a:{for(a=b.target;a&amp;&amp;a!==document.documentElement;a=a.parentElement)if("A"===a.tagName){a="1"===a.getAttribute("data</var>
<kw name="Log To Console" library="BuiltIn">
<arg>${element}</arg>
<doc>Logs the given message to the console.</doc>
<status status="PASS" starttime="20230316 21:20:38.213" endtime="20230316 21:20:38.215"/>
</kw>
<status status="PASS" starttime="20230316 21:20:38.213" endtime="20230316 21:20:38.215"/>
</iter>
<iter>
<var name="${element}">-nohref");break a}a=!1}a&amp;&amp;b.preventDefault()},!0);}).call(this);&lt;/script&gt;&lt;style&gt;#gbar,#guser{font-size:13px;padding-top:1px !imp</var>
<kw name="Log To Console" library="BuiltIn">
<arg>${element}</arg>
<doc>Logs the given message to the console.</doc>
<status status="PASS" starttime="20230316 21:20:38.215" endtime="20230316 21:20:38.215"/>
</kw>
<status status="PASS" starttime="20230316 21:20:38.215" endtime="20230316 21:20:38.215"/>
</iter>
<iter>
<var name="${element}">ortant;}#gbar{height:22px}#guser{padding-bottom:7px !important;text-align:right}.gbh,.gbd{border-top:1px solid #c9d7f1;font-size</var>
<kw name="Log To Console" library="BuiltIn">
<arg>${element}</arg>
<doc>Logs the given message to the console.</doc>
<status status="PASS" starttime="20230316 21:20:38.220" endtime="20230316 21:20:38.221"/>
</kw>
<status status="PASS" starttime="20230316 21:20:38.215" endtime="20230316 21:20:38.221"/>
</iter>
<iter>
<var name="${element}">:1px}.gbh{height:0;position:absolute;top:24px;width:100%}@media all{.gb1{height:22px;margin-right:.5em;vertical-align:top}#gbar{</var>
<kw name="Log To Console" library="BuiltIn">
<arg>${element}</arg>
<doc>Logs the given message to the console.</doc>
<status status="PASS" starttime="20230316 21:20:38.222" endtime="20230316 21:20:38.223"/>
</kw>
<status status="PASS" starttime="20230316 21:20:38.221" endtime="20230316 21:20:38.223"/>
</iter>
<iter>
<var name="${element}">float:left}}a.gb1,a.gb4{text-decoration:underline !important}a.gb1,a.gb4{color:#00c !important}.gbi .gb4{color:#dd8e27 !importan</var>
<kw name="Log To Console" library="BuiltIn">
<arg>${element}</arg>
<doc>Logs the given message to the console.</doc>
<status status="PASS" starttime="20230316 21:20:38.224" endtime="20230316 21:20:38.225"/>
</kw>
<status status="PASS" starttime="20230316 21:20:38.223" endtime="20230316 21:20:38.225"/>
</iter>
<iter>
<var name="${element}">t}.gbf .gb4{color:#900 !important}
&lt;/style&gt;&lt;style&gt;body,td,a,p,.h{font-family:arial,sans-serif}body{margin:0;overflow-y:scroll}#g</var>
<kw name="Log To Console" library="BuiltIn">
<arg>${element}</arg>
<doc>Logs the given message to the console.</doc>
<status status="PASS" starttime="20230316 21:20:38.226" endtime="20230316 21:20:38.226"/>
</kw>
<status status="PASS" starttime="20230316 21:20:38.225" endtime="20230316 21:20:38.226"/>
</iter>
<iter>
<var name="${element}">og{padding:3px 8px 0}td{line-height:.8em}.gac_m td{line-height:17px}form{margin-bottom:20px}.h{color:#1558d6}em{font-weight:bold</var>
<kw name="Log To Console" library="BuiltIn">
<arg>${element}</arg>
<doc>Logs the given message to the console.</doc>
<status status="PASS" starttime="20230316 21:20:38.231" endtime="20230316 21:20:38.234"/>
</kw>
<status status="PASS" starttime="20230316 21:20:38.229" endtime="20230316 21:20:38.234"/>
</iter>
<iter>
<var name="${element}">;font-style:normal}.lst{height:25px;width:496px}.gsfi,.lst{font:18px arial,sans-serif}.gsfs{font:17px arial,sans-serif}.ds{displ</var>
<kw name="Log To Console" library="BuiltIn">
<arg>${element}</arg>
<doc>Logs the given message to the console.</doc>
<status status="PASS" starttime="20230316 21:20:38.235" endtime="20230316 21:20:38.236"/>
</kw>
<status status="PASS" starttime="20230316 21:20:38.234" endtime="20230316 21:20:38.236"/>
</iter>
<iter>
<var name="${element}">ay:inline-box;display:inline-block;margin:3px 0 4px;margin-left:4px}input{font-family:inherit}body{background:#fff;color:#000}a{</var>
<kw name="Log To Console" library="BuiltIn">
<arg>${element}</arg>
<doc>Logs the given message to the console.</doc>
<status status="PASS" starttime="20230316 21:20:38.237" endtime="20230316 21:20:38.237"/>
</kw>
<status status="PASS" starttime="20230316 21:20:38.236" endtime="20230316 21:20:38.237"/>
</iter>
<iter>
<var name="${element}">color:#4b11a8;text-decoration:none}a:hover,a:active{text-decoration:underline}.fl a{color:#1558d6}a:visited{color:#4b11a8}.sblc{</var>
<kw name="Log To Console" library="BuiltIn">
<arg>${element}</arg>
<doc>Logs the given message to the console.</doc>
<status status="PASS" starttime="20230316 21:20:38.238" endtime="20230316 21:20:38.239"/>
</kw>
<status status="PASS" starttime="20230316 21:20:38.237" endtime="20230316 21:20:38.239"/>
</iter>
<iter>
<var name="${element}">padding-top:5px}.sblc a{display:block;margin:2px 0;margin-left:13px;font-size:11px}.lsbb{background:#f8f9fa;border:solid 1px;bor</var>
<kw name="Log To Console" library="BuiltIn">
<arg>${element}</arg>
<doc>Logs the given message to the console.</doc>
<status status="PASS" starttime="20230316 21:20:38.239" endtime="20230316 21:20:38.241"/>
</kw>
<status status="PASS" starttime="20230316 21:20:38.239" endtime="20230316 21:20:38.241"/>
</iter>
<iter>
<var name="${element}">der-color:#dadce0 #70757a #70757a #dadce0;height:30px}.lsbb{display:block}#WqQANb a{display:inline-block;margin:0 12px}.lsb{back</var>
<kw name="Log To Console" library="BuiltIn">
<arg>${element}</arg>
<doc>Logs the given message to the console.</doc>
<status status="PASS" starttime="20230316 21:20:38.242" endtime="20230316 21:20:38.243"/>
</kw>
<status status="PASS" starttime="20230316 21:20:38.241" endtime="20230316 21:20:38.244"/>
</iter>
<iter>
<var name="${element}">ground:url(/images/nav_logo229.png) 0 -261px repeat-x;border:none;color:#000;cursor:pointer;height:30px;margin:0;outline:0;font:</var>
<kw name="Log To Console" library="BuiltIn">
<arg>${element}</arg>
<doc>Logs the given message to the console.</doc>
<status status="PASS" starttime="20230316 21:20:38.245" endtime="20230316 21:20:38.246"/>
</kw>
<status status="PASS" starttime="20230316 21:20:38.244" endtime="20230316 21:20:38.247"/>
</iter>
<iter>
<var name="${element}">15px arial,sans-serif;vertical-align:top}.lsb:active{background:#dadce0}.lst:focus{outline:none}&lt;/style&gt;&lt;script nonce="VQ8WFsQYj</var>
<kw name="Log To Console" library="BuiltIn">
<arg>${element}</arg>
<doc>Logs the given message to the console.</doc>
<status status="PASS" starttime="20230316 21:20:38.248" endtime="20230316 21:20:38.250"/>
</kw>
<status status="PASS" starttime="20230316 21:20:38.248" endtime="20230316 21:20:38.250"/>
</iter>
<iter>
<var name="${element}">QPwTN-MC7gsCQ"&gt;(function(){window.google.erd={jsr:1,bv:1760,de:true};
var h=this||self;var k,l=null!=(k=h.mei)?k:1,n,p=null!=(n=</var>
<kw name="Log To Console" library="BuiltIn">
<arg>${element}</arg>
<doc>Logs the given message to the console.</doc>
<status status="PASS" starttime="20230316 21:20:38.251" endtime="20230316 21:20:38.252"/>
</kw>
<status status="PASS" starttime="20230316 21:20:38.250" endtime="20230316 21:20:38.252"/>
</iter>
<iter>
<var name="${element}">h.sdo)?n:!0,q=0,r,t=google.erd,v=t.jsr;google.ml=function(a,b,d,m,e){e=void 0===e?2:e;b&amp;&amp;(r=a&amp;&amp;a.message);if(google.dl)return go</var>
<kw name="Log To Console" library="BuiltIn">
<arg>${element}</arg>
<doc>Logs the given message to the console.</doc>
<status status="PASS" starttime="20230316 21:20:38.253" endtime="20230316 21:20:38.254"/>
</kw>
<status status="PASS" starttime="20230316 21:20:38.252" endtime="20230316 21:20:38.255"/>
</iter>
<iter>
<var name="${element}">ogle.dl(a,e,d),null;if(0&gt;v){window.console&amp;&amp;console.error(a,d);if(-2===v)throw a;b=!1}else b=!a||!a.message||"Error loading scri</var>
<kw name="Log To Console" library="BuiltIn">
<arg>${element}</arg>
<doc>Logs the given message to the console.</doc>
<status status="PASS" starttime="20230316 21:20:38.255" endtime="20230316 21:20:38.256"/>
</kw>
<status status="PASS" starttime="20230316 21:20:38.255" endtime="20230316 21:20:38.256"/>
</iter>
<iter>
<var name="${element}">pt"===a.message||q&gt;=l&amp;&amp;!m?!1:!0;if(!b)return null;q++;d=d||{};b=encodeURIComponent;var c="/gen_204?atyp=i&amp;ei="+b(google.kEI);goo</var>
<kw name="Log To Console" library="BuiltIn">
<arg>${element}</arg>
<doc>Logs the given message to the console.</doc>
<status status="PASS" starttime="20230316 21:20:38.257" endtime="20230316 21:20:38.258"/>
</kw>
<status status="PASS" starttime="20230316 21:20:38.256" endtime="20230316 21:20:38.258"/>
</iter>
<iter>
<var name="${element}">gle.kEXPI&amp;&amp;(c+="&amp;jexpid="+b(google.kEXPI));c+="&amp;srcpg="+b(google.sn)+"&amp;jsr="+b(t.jsr)+"&amp;bver="+b(t.bv);var f=a.lineNumber;void 0</var>
<kw name="Log To Console" library="BuiltIn">
<arg>${element}</arg>
<doc>Logs the given message to the console.</doc>
<status status="PASS" starttime="20230316 21:20:38.259" endtime="20230316 21:20:38.259"/>
</kw>
<status status="PASS" starttime="20230316 21:20:38.258" endtime="20230316 21:20:38.259"/>
</iter>
<iter>
<var name="${element}">!==f&amp;&amp;(c+="&amp;line="+f);var g=
a.fileName;g&amp;&amp;(0&lt;g.indexOf("-extension:/")&amp;&amp;(e=3),c+="&amp;script="+b(g),f&amp;&amp;g===window.location.href&amp;&amp;(</var>
<kw name="Log To Console" library="BuiltIn">
<arg>${element}</arg>
<doc>Logs the given message to the console.</doc>
<status status="PASS" starttime="20230316 21:20:38.259" endtime="20230316 21:20:38.267"/>
</kw>
<status status="PASS" starttime="20230316 21:20:38.259" endtime="20230316 21:20:38.267"/>
</iter>
<iter>
<var name="${element}">f=document.documentElement.outerHTML.split("\n")[f],c+="&amp;cad="+b(f?f.substring(0,300):"No script found.")));c+="&amp;jsel="+e;for(va</var>
<kw name="Log To Console" library="BuiltIn">
<arg>${element}</arg>
<doc>Logs the given message to the console.</doc>
<status status="PASS" starttime="20230316 21:20:38.268" endtime="20230316 21:20:38.271"/>
</kw>
<status status="PASS" starttime="20230316 21:20:38.268" endtime="20230316 21:20:38.271"/>
</iter>
<iter>
<var name="${element}">r u in d)c+="&amp;",c+=b(u),c+="=",c+=b(d[u]);c=c+"&amp;emsg="+b(a.name+": "+a.message);c=c+"&amp;jsst="+b(a.stack||"N/A");12288&lt;=c.length&amp;&amp;</var>
<kw name="Log To Console" library="BuiltIn">
<arg>${element}</arg>
<doc>Logs the given message to the console.</doc>
<status status="PASS" starttime="20230316 21:20:38.272" endtime="20230316 21:20:38.273"/>
</kw>
<status status="PASS" starttime="20230316 21:20:38.271" endtime="20230316 21:20:38.273"/>
</iter>
<iter>
<var name="${element}">(c=c.substr(0,12288));a=c;m||google.log(0,"",a);return a};window.onerror=function(a,b,d,m,e){r!==a&amp;&amp;(a=e instanceof Error?e:Erro</var>
<kw name="Log To Console" library="BuiltIn">
<arg>${element}</arg>
<doc>Logs the given message to the console.</doc>
<status status="PASS" starttime="20230316 21:20:38.274" endtime="20230316 21:20:38.274"/>
</kw>
<status status="PASS" starttime="20230316 21:20:38.273" endtime="20230316 21:20:38.275"/>
</iter>
<iter>
<var name="${element}">r(a),void 0===d||"lineNumber"in a||(a.lineNumber=d),void 0===b||"fileName"in a||(a.fileName=b),google.ml(a,!1,void 0,!1,"SyntaxE</var>
<kw name="Log To Console" library="BuiltIn">
<arg>${element}</arg>
<doc>Logs the given message to the console.</doc>
<status status="PASS" starttime="20230316 21:20:38.276" endtime="20230316 21:20:38.279"/>
</kw>
<status status="PASS" starttime="20230316 21:20:38.275" endtime="20230316 21:20:38.281"/>
</iter>
<iter>
<var name="${element}">rror"===a.name||"SyntaxError"===a.message.substring(0,11)||-1!==a.message.indexOf("Script error")?3:0));r=null;p&amp;&amp;q&gt;=l&amp;&amp;(window.</var>
<kw name="Log To Console" library="BuiltIn">
<arg>${element}</arg>
<doc>Logs the given message to the console.</doc>
<status status="PASS" starttime="20230316 21:20:38.281" endtime="20230316 21:20:38.282"/>
</kw>
<status status="PASS" starttime="20230316 21:20:38.281" endtime="20230316 21:20:38.282"/>
</iter>
<iter>
<var name="${element}">onerror=null)};})();&lt;/script&gt;&lt;/head&gt;&lt;body bgcolor="#fff"&gt;&lt;script nonce="VQ8WFsQYjQPwTN-MC7gsCQ"&gt;(function(){var src='/images/nav</var>
<kw name="Log To Console" library="BuiltIn">
<arg>${element}</arg>
<doc>Logs the given message to the console.</doc>
<status status="PASS" starttime="20230316 21:20:38.283" endtime="20230316 21:20:38.285"/>
</kw>
<status status="PASS" starttime="20230316 21:20:38.282" endtime="20230316 21:20:38.285"/>
</iter>
<iter>
<var name="${element}">_logo229.png';var iesg=false;document.body.onload = function(){window.n &amp;&amp; window.n();if (document.images){new Image().src=src;}</var>
<kw name="Log To Console" library="BuiltIn">
<arg>${element}</arg>
<doc>Logs the given message to the console.</doc>
<status status="PASS" starttime="20230316 21:20:38.286" endtime="20230316 21:20:38.288"/>
</kw>
<status status="PASS" starttime="20230316 21:20:38.286" endtime="20230316 21:20:38.288"/>
</iter>
<iter>
<var name="${element}">
if (!iesg){document.f&amp;&amp;document.f.q.focus();document.gbqf&amp;&amp;document.gbqf.q.focus();}
}
})();&lt;/script&gt;&lt;div id="mngb"&gt;&lt;div id=gba</var>
<kw name="Log To Console" library="BuiltIn">
<arg>${element}</arg>
<doc>Logs the given message to the console.</doc>
<status status="PASS" starttime="20230316 21:20:38.289" endtime="20230316 21:20:38.290"/>
</kw>
<status status="PASS" starttime="20230316 21:20:38.289" endtime="20230316 21:20:38.290"/>
</iter>
<iter>
<var name="${element}">r&gt;&lt;nobr&gt;&lt;b class=gb1&gt;Search&lt;/b&gt; &lt;a class=gb1 href="https://www.google.co.in/imghp?hl=en&amp;tab=wi"&gt;Images&lt;/a&gt; &lt;a class=gb1 href="ht</var>
<kw name="Log To Console" library="BuiltIn">
<arg>${element}</arg>
<doc>Logs the given message to the console.</doc>
<status status="PASS" starttime="20230316 21:20:38.291" endtime="20230316 21:20:38.292"/>
</kw>
<status status="PASS" starttime="20230316 21:20:38.291" endtime="20230316 21:20:38.292"/>
</iter>
<iter>
<var name="${element}">tps://maps.google.co.in/maps?hl=en&amp;tab=wl"&gt;Maps&lt;/a&gt; &lt;a class=gb1 href="https://play.google.com/?hl=en&amp;tab=w8"&gt;Play&lt;/a&gt; &lt;a class=</var>
<kw name="Log To Console" library="BuiltIn">
<arg>${element}</arg>
<doc>Logs the given message to the console.</doc>
<status status="PASS" starttime="20230316 21:20:38.293" endtime="20230316 21:20:38.297"/>
</kw>
<status status="PASS" starttime="20230316 21:20:38.293" endtime="20230316 21:20:38.297"/>
</iter>
<iter>
<var name="${element}">gb1 href="https://www.youtube.com/?tab=w1"&gt;YouTube&lt;/a&gt; &lt;a class=gb1 href="https://news.google.com/?tab=wn"&gt;News&lt;/a&gt; &lt;a class=gb1</var>
<kw name="Log To Console" library="BuiltIn">
<arg>${element}</arg>
<doc>Logs the given message to the console.</doc>
<status status="PASS" starttime="20230316 21:20:38.298" endtime="20230316 21:20:38.300"/>
</kw>
<status status="PASS" starttime="20230316 21:20:38.298" endtime="20230316 21:20:38.301"/>
</iter>
<iter>
<var name="${element}"> href="https://mail.google.com/mail/?tab=wm"&gt;Gmail&lt;/a&gt; &lt;a class=gb1 href="https://drive.google.com/?tab=wo"&gt;Drive&lt;/a&gt; &lt;a class=g</var>
<kw name="Log To Console" library="BuiltIn">
<arg>${element}</arg>
<doc>Logs the given message to the console.</doc>
<status status="PASS" starttime="20230316 21:20:38.302" endtime="20230316 21:20:38.303"/>
</kw>
<status status="PASS" starttime="20230316 21:20:38.301" endtime="20230316 21:20:38.303"/>
</iter>
<iter>
<var name="${element}">b1 style="text-decoration:none" href="https://www.google.co.in/intl/en/about/products?tab=wh"&gt;&lt;u&gt;More&lt;/u&gt; &amp;raquo;&lt;/a&gt;&lt;/nobr&gt;&lt;/di</var>
<kw name="Log To Console" library="BuiltIn">
<arg>${element}</arg>
<doc>Logs the given message to the console.</doc>
<status status="PASS" starttime="20230316 21:20:38.304" endtime="20230316 21:20:38.305"/>
</kw>
<status status="PASS" starttime="20230316 21:20:38.303" endtime="20230316 21:20:38.305"/>
</iter>
<iter>
<var name="${element}">v&gt;&lt;div id=guser width=100%&gt;&lt;nobr&gt;&lt;span id=gbn class=gbi&gt;&lt;/span&gt;&lt;span id=gbf class=gbf&gt;&lt;/span&gt;&lt;span id=gbe&gt;&lt;/span&gt;&lt;a href="http:/</var>
<kw name="Log To Console" library="BuiltIn">
<arg>${element}</arg>
<doc>Logs the given message to the console.</doc>
<status status="PASS" starttime="20230316 21:20:38.306" endtime="20230316 21:20:38.307"/>
</kw>
<status status="PASS" starttime="20230316 21:20:38.306" endtime="20230316 21:20:38.307"/>
</iter>
<iter>
<var name="${element}">/www.google.co.in/history/optout?hl=en" class=gb4&gt;Web History&lt;/a&gt; | &lt;a  href="/preferences?hl=en" class=gb4&gt;Settings&lt;/a&gt; | &lt;a ta</var>
<kw name="Log To Console" library="BuiltIn">
<arg>${element}</arg>
<doc>Logs the given message to the console.</doc>
<status status="PASS" starttime="20230316 21:20:38.308" endtime="20230316 21:20:38.310"/>
</kw>
<status status="PASS" starttime="20230316 21:20:38.307" endtime="20230316 21:20:38.310"/>
</iter>
<iter>
<var name="${element}">rget=_top id=gb_70 href="https://accounts.google.com/ServiceLogin?hl=en&amp;passive=true&amp;continue=https://www.google.com/%3Fjson&amp;ec=</var>
<kw name="Log To Console" library="BuiltIn">
<arg>${element}</arg>
<doc>Logs the given message to the console.</doc>
<status status="PASS" starttime="20230316 21:20:38.313" endtime="20230316 21:20:38.316"/>
</kw>
<status status="PASS" starttime="20230316 21:20:38.312" endtime="20230316 21:20:38.316"/>
</iter>
<iter>
<var name="${element}">GAZAAQ" class=gb4&gt;Sign in&lt;/a&gt;&lt;/nobr&gt;&lt;/div&gt;&lt;div class=gbh style=left:0&gt;&lt;/div&gt;&lt;div class=gbh style=right:0&gt;&lt;/div&gt;&lt;/div&gt;&lt;center&gt;&lt;br</var>
<kw name="Log To Console" library="BuiltIn">
<arg>${element}</arg>
<doc>Logs the given message to the console.</doc>
<status status="PASS" starttime="20230316 21:20:38.317" endtime="20230316 21:20:38.318"/>
</kw>
<status status="PASS" starttime="20230316 21:20:38.316" endtime="20230316 21:20:38.318"/>
</iter>
<iter>
<var name="${element}"> clear="all" id="lgpd"&gt;&lt;div id="lga"&gt;&lt;img alt="Google" height="92" src="/images/branding/googlelogo/1x/googlelogo_white_backgrou</var>
<kw name="Log To Console" library="BuiltIn">
<arg>${element}</arg>
<doc>Logs the given message to the console.</doc>
<status status="PASS" starttime="20230316 21:20:38.319" endtime="20230316 21:20:38.320"/>
</kw>
<status status="PASS" starttime="20230316 21:20:38.319" endtime="20230316 21:20:38.320"/>
</iter>
<iter>
<var name="${element}">nd_color_272x92dp.png" style="padding:28px 0 14px" width="272" id="hplogo"&gt;&lt;br&gt;&lt;br&gt;&lt;/div&gt;&lt;form action="/search" name="f"&gt;&lt;table </var>
<kw name="Log To Console" library="BuiltIn">
<arg>${element}</arg>
<doc>Logs the given message to the console.</doc>
<status status="PASS" starttime="20230316 21:20:38.321" endtime="20230316 21:20:38.323"/>
</kw>
<status status="PASS" starttime="20230316 21:20:38.321" endtime="20230316 21:20:38.323"/>
</iter>
<iter>
<var name="${element}">cellpadding="0" cellspacing="0"&gt;&lt;tr valign="top"&gt;&lt;td width="25%"&gt;&amp;nbsp;&lt;/td&gt;&lt;td align="center" nowrap=""&gt;&lt;input name="ie" value=</var>
<kw name="Log To Console" library="BuiltIn">
<arg>${element}</arg>
<doc>Logs the given message to the console.</doc>
<status status="PASS" starttime="20230316 21:20:38.324" endtime="20230316 21:20:38.325"/>
</kw>
<status status="PASS" starttime="20230316 21:20:38.324" endtime="20230316 21:20:38.326"/>
</iter>
<iter>
<var name="${element}">"ISO-8859-1" type="hidden"&gt;&lt;input value="en-IN" name="hl" type="hidden"&gt;&lt;input name="source" type="hidden" value="hp"&gt;&lt;input nam</var>
<kw name="Log To Console" library="BuiltIn">
<arg>${element}</arg>
<doc>Logs the given message to the console.</doc>
<status status="PASS" starttime="20230316 21:20:38.327" endtime="20230316 21:20:38.330"/>
</kw>
<status status="PASS" starttime="20230316 21:20:38.327" endtime="20230316 21:20:38.332"/>
</iter>
<iter>
<var name="${element}">e="biw" type="hidden"&gt;&lt;input name="bih" type="hidden"&gt;&lt;div class="ds" style="height:32px;margin:4px 0"&gt;&lt;input class="lst" style=</var>
<kw name="Log To Console" library="BuiltIn">
<arg>${element}</arg>
<doc>Logs the given message to the console.</doc>
<status status="PASS" starttime="20230316 21:20:38.333" endtime="20230316 21:20:38.334"/>
</kw>
<status status="PASS" starttime="20230316 21:20:38.332" endtime="20230316 21:20:38.334"/>
</iter>
<iter>
<var name="${element}">"margin:0;padding:5px 8px 0 6px;vertical-align:top;color:#000" autocomplete="off" value="" title="Google Search" maxlength="2048</var>
<kw name="Log To Console" library="BuiltIn">
<arg>${element}</arg>
<doc>Logs the given message to the console.</doc>
<status status="PASS" starttime="20230316 21:20:38.335" endtime="20230316 21:20:38.335"/>
</kw>
<status status="PASS" starttime="20230316 21:20:38.335" endtime="20230316 21:20:38.336"/>
</iter>
<iter>
<var name="${element}">" name="q" size="57"&gt;&lt;/div&gt;&lt;br style="line-height:0"&gt;&lt;span class="ds"&gt;&lt;span class="lsbb"&gt;&lt;input class="lsb" value="Google Search</var>
<kw name="Log To Console" library="BuiltIn">
<arg>${element}</arg>
<doc>Logs the given message to the console.</doc>
<status status="PASS" starttime="20230316 21:20:38.337" endtime="20230316 21:20:38.337"/>
</kw>
<status status="PASS" starttime="20230316 21:20:38.336" endtime="20230316 21:20:38.338"/>
</iter>
<iter>
<var name="${element}">" name="btnG" type="submit"&gt;&lt;/span&gt;&lt;/span&gt;&lt;span class="ds"&gt;&lt;span class="lsbb"&gt;&lt;input class="lsb" id="tsuid_1" value="I'm Feeling</var>
<kw name="Log To Console" library="BuiltIn">
<arg>${element}</arg>
<doc>Logs the given message to the console.</doc>
<status status="PASS" starttime="20230316 21:20:38.338" endtime="20230316 21:20:38.344"/>
</kw>
<status status="PASS" starttime="20230316 21:20:38.338" endtime="20230316 21:20:38.344"/>
</iter>
<iter>
<var name="${element}"> Lucky" name="btnI" type="submit"&gt;&lt;script nonce="VQ8WFsQYjQPwTN-MC7gsCQ"&gt;(function(){var id='tsuid_1';document.getElementById(id</var>
<kw name="Log To Console" library="BuiltIn">
<arg>${element}</arg>
<doc>Logs the given message to the console.</doc>
<status status="PASS" starttime="20230316 21:20:38.344" endtime="20230316 21:20:38.355"/>
</kw>
<status status="PASS" starttime="20230316 21:20:38.344" endtime="20230316 21:20:38.355"/>
</iter>
<iter>
<var name="${element}">).onclick = function(){if (this.form.q.value){this.checked = 1;if (this.form.iflsig)this.form.iflsig.disabled = false;}
else top</var>
<kw name="Log To Console" library="BuiltIn">
<arg>${element}</arg>
<doc>Logs the given message to the console.</doc>
<status status="PASS" starttime="20230316 21:20:38.356" endtime="20230316 21:20:38.357"/>
</kw>
<status status="PASS" starttime="20230316 21:20:38.355" endtime="20230316 21:20:38.357"/>
</iter>
<iter>
<var name="${element}">.location='/doodles/';};})();&lt;/script&gt;&lt;input value="AK50M_UAAAAAZBNI3v9B9_DZYPEu2LuTWx-LB6y1oyKl" name="iflsig" type="hidden"&gt;&lt;/</var>
<kw name="Log To Console" library="BuiltIn">
<arg>${element}</arg>
<doc>Logs the given message to the console.</doc>
<status status="PASS" starttime="20230316 21:20:38.357" endtime="20230316 21:20:38.365"/>
</kw>
<status status="PASS" starttime="20230316 21:20:38.357" endtime="20230316 21:20:38.365"/>
</iter>
<iter>
<var name="${element}">span&gt;&lt;/span&gt;&lt;/td&gt;&lt;td class="fl sblc" align="left" nowrap="" width="25%"&gt;&lt;a href="/advanced_search?hl=en-IN&amp;amp;authuser=0"&gt;Advan</var>
<kw name="Log To Console" library="BuiltIn">
<arg>${element}</arg>
<doc>Logs the given message to the console.</doc>
<status status="PASS" starttime="20230316 21:20:38.368" endtime="20230316 21:20:38.369"/>
</kw>
<status status="PASS" starttime="20230316 21:20:38.368" endtime="20230316 21:20:38.369"/>
</iter>
<iter>
<var name="${element}">ced search&lt;/a&gt;&lt;/td&gt;&lt;/tr&gt;&lt;/table&gt;&lt;input id="gbv" name="gbv" type="hidden" value="1"&gt;&lt;script nonce="VQ8WFsQYjQPwTN-MC7gsCQ"&gt;(funct</var>
<kw name="Log To Console" library="BuiltIn">
<arg>${element}</arg>
<doc>Logs the given message to the console.</doc>
<status status="PASS" starttime="20230316 21:20:38.370" endtime="20230316 21:20:38.371"/>
</kw>
<status status="PASS" starttime="20230316 21:20:38.370" endtime="20230316 21:20:38.371"/>
</iter>
<iter>
<var name="${element}">ion(){var a,b="1";if(document&amp;&amp;document.getElementById)if("undefined"!=typeof XMLHttpRequest)b="2";else if("undefined"!=typeof A</var>
<kw name="Log To Console" library="BuiltIn">
<arg>${element}</arg>
<doc>Logs the given message to the console.</doc>
<status status="PASS" starttime="20230316 21:20:38.373" endtime="20230316 21:20:38.374"/>
</kw>
<status status="PASS" starttime="20230316 21:20:38.373" endtime="20230316 21:20:38.374"/>
</iter>
<iter>
<var name="${element}">ctiveXObject){var c,d,e=["MSXML2.XMLHTTP.6.0","MSXML2.XMLHTTP.3.0","MSXML2.XMLHTTP","Microsoft.XMLHTTP"];for(c=0;d=e[c++];)try{n</var>
<kw name="Log To Console" library="BuiltIn">
<arg>${element}</arg>
<doc>Logs the given message to the console.</doc>
<status status="PASS" starttime="20230316 21:20:38.375" endtime="20230316 21:20:38.376"/>
</kw>
<status status="PASS" starttime="20230316 21:20:38.374" endtime="20230316 21:20:38.376"/>
</iter>
<iter>
<var name="${element}">ew ActiveXObject(d),b="2"}catch(h){}}a=b;if("2"==a&amp;&amp;-1==location.search.indexOf("&amp;gbv=2")){var f=google.gbvu,g=document.getEleme</var>
<kw name="Log To Console" library="BuiltIn">
<arg>${element}</arg>
<doc>Logs the given message to the console.</doc>
<status status="PASS" starttime="20230316 21:20:38.377" endtime="20230316 21:20:38.379"/>
</kw>
<status status="PASS" starttime="20230316 21:20:38.377" endtime="20230316 21:20:38.379"/>
</iter>
<iter>
<var name="${element}">ntById("gbv");g&amp;&amp;(g.value=a);f&amp;&amp;window.setTimeout(function(){location.href=f},0)};}).call(this);&lt;/script&gt;&lt;/form&gt;&lt;div id="gac_sco</var>
<kw name="Log To Console" library="BuiltIn">
<arg>${element}</arg>
<doc>Logs the given message to the console.</doc>
<status status="PASS" starttime="20230316 21:20:38.379" endtime="20230316 21:20:38.384"/>
</kw>
<status status="PASS" starttime="20230316 21:20:38.379" endtime="20230316 21:20:38.384"/>
</iter>
<iter>
<var name="${element}">nt"&gt;&lt;/div&gt;&lt;div style="font-size:83%;min-height:3.5em"&gt;&lt;br&gt;&lt;div id="gws-output-pages-elements-homepage_additional_languages__als"</var>
<kw name="Log To Console" library="BuiltIn">
<arg>${element}</arg>
<doc>Logs the given message to the console.</doc>
<status status="PASS" starttime="20230316 21:20:38.385" endtime="20230316 21:20:38.386"/>
</kw>
<status status="PASS" starttime="20230316 21:20:38.385" endtime="20230316 21:20:38.386"/>
</iter>
<iter>
<var name="${element}">&gt;&lt;style&gt;#gws-output-pages-elements-homepage_additional_languages__als{font-size:small;margin-bottom:24px}#SIvCob{color:#3c4043;d</var>
<kw name="Log To Console" library="BuiltIn">
<arg>${element}</arg>
<doc>Logs the given message to the console.</doc>
<status status="PASS" starttime="20230316 21:20:38.387" endtime="20230316 21:20:38.388"/>
</kw>
<status status="PASS" starttime="20230316 21:20:38.387" endtime="20230316 21:20:38.388"/>
</iter>
<iter>
<var name="${element}">isplay:inline-block;line-height:28px;}#SIvCob a{padding:0 3px;}.H6sW5{display:inline-block;margin:0 2px;white-space:nowrap}.z4hg</var>
<kw name="Log To Console" library="BuiltIn">
<arg>${element}</arg>
<doc>Logs the given message to the console.</doc>
<status status="PASS" starttime="20230316 21:20:38.389" endtime="20230316 21:20:38.390"/>
</kw>
<status status="PASS" starttime="20230316 21:20:38.388" endtime="20230316 21:20:38.390"/>
</iter>
<iter>
<var name="${element}">We{display:inline-block;margin:0 2px}&lt;/style&gt;&lt;div id="SIvCob"&gt;Google offered in:  &lt;a href="https://www.google.com/setprefs?sig=0</var>
<kw name="Log To Console" library="BuiltIn">
<arg>${element}</arg>
<doc>Logs the given message to the console.</doc>
<status status="PASS" starttime="20230316 21:20:38.392" endtime="20230316 21:20:38.392"/>
</kw>
<status status="PASS" starttime="20230316 21:20:38.390" endtime="20230316 21:20:38.392"/>
</iter>
<iter>
<var name="${element}">_fSNPaLkc7cGu3p4etYPHe3Osnr8%3D&amp;amp;hl=hi&amp;amp;source=homepage&amp;amp;sa=X&amp;amp;ved=0ahUKEwigsKng5uD9AhWSR2wGHTSaCIQQ2ZgBCAU"&gt;&amp;#2361;</var>
<kw name="Log To Console" library="BuiltIn">
<arg>${element}</arg>
<doc>Logs the given message to the console.</doc>
<status status="PASS" starttime="20230316 21:20:38.393" endtime="20230316 21:20:38.396"/>
</kw>
<status status="PASS" starttime="20230316 21:20:38.393" endtime="20230316 21:20:38.396"/>
</iter>
<iter>
<var name="${element}">&amp;#2367;&amp;#2344;&amp;#2381;&amp;#2342;&amp;#2368;&lt;/a&gt;    &lt;a href="https://www.google.com/setprefs?sig=0_fSNPaLkc7cGu3p4etYPHe3Osnr8%3D&amp;amp;hl=</var>
<kw name="Log To Console" library="BuiltIn">
<arg>${element}</arg>
<doc>Logs the given message to the console.</doc>
<status status="PASS" starttime="20230316 21:20:38.396" endtime="20230316 21:20:38.401"/>
</kw>
<status status="PASS" starttime="20230316 21:20:38.396" endtime="20230316 21:20:38.402"/>
</iter>
<iter>
<var name="${element}">bn&amp;amp;source=homepage&amp;amp;sa=X&amp;amp;ved=0ahUKEwigsKng5uD9AhWSR2wGHTSaCIQQ2ZgBCAY"&gt;&amp;#2476;&amp;#2494;&amp;#2434;&amp;#2482;&amp;#2494;&lt;/a&gt;    &lt;a </var>
<kw name="Log To Console" library="BuiltIn">
<arg>${element}</arg>
<doc>Logs the given message to the console.</doc>
<status status="PASS" starttime="20230316 21:20:38.402" endtime="20230316 21:20:38.404"/>
</kw>
<status status="PASS" starttime="20230316 21:20:38.402" endtime="20230316 21:20:38.404"/>
</iter>
<iter>
<var name="${element}">href="https://www.google.com/setprefs?sig=0_fSNPaLkc7cGu3p4etYPHe3Osnr8%3D&amp;amp;hl=te&amp;amp;source=homepage&amp;amp;sa=X&amp;amp;ved=0ahUKE</var>
<kw name="Log To Console" library="BuiltIn">
<arg>${element}</arg>
<doc>Logs the given message to the console.</doc>
<status status="PASS" starttime="20230316 21:20:38.405" endtime="20230316 21:20:38.407"/>
</kw>
<status status="PASS" starttime="20230316 21:20:38.405" endtime="20230316 21:20:38.407"/>
</iter>
<iter>
<var name="${element}">wigsKng5uD9AhWSR2wGHTSaCIQQ2ZgBCAc"&gt;&amp;#3108;&amp;#3142;&amp;#3122;&amp;#3137;&amp;#3095;&amp;#3137;&lt;/a&gt;    &lt;a href="https://www.google.com/setprefs?s</var>
<kw name="Log To Console" library="BuiltIn">
<arg>${element}</arg>
<doc>Logs the given message to the console.</doc>
<status status="PASS" starttime="20230316 21:20:38.408" endtime="20230316 21:20:38.409"/>
</kw>
<status status="PASS" starttime="20230316 21:20:38.408" endtime="20230316 21:20:38.409"/>
</iter>
<iter>
<var name="${element}">ig=0_fSNPaLkc7cGu3p4etYPHe3Osnr8%3D&amp;amp;hl=mr&amp;amp;source=homepage&amp;amp;sa=X&amp;amp;ved=0ahUKEwigsKng5uD9AhWSR2wGHTSaCIQQ2ZgBCAg"&gt;&amp;#2</var>
<kw name="Log To Console" library="BuiltIn">
<arg>${element}</arg>
<doc>Logs the given message to the console.</doc>
<status status="PASS" starttime="20230316 21:20:38.411" endtime="20230316 21:20:38.413"/>
</kw>
<status status="PASS" starttime="20230316 21:20:38.411" endtime="20230316 21:20:38.414"/>
</iter>
<iter>
<var name="${element}">350;&amp;#2352;&amp;#2366;&amp;#2336;&amp;#2368;&lt;/a&gt;    &lt;a href="https://www.google.com/setprefs?sig=0_fSNPaLkc7cGu3p4etYPHe3Osnr8%3D&amp;amp;hl=ta&amp;</var>
<kw name="Log To Console" library="BuiltIn">
<arg>${element}</arg>
<doc>Logs the given message to the console.</doc>
<status status="PASS" starttime="20230316 21:20:38.414" endtime="20230316 21:20:38.417"/>
</kw>
<status status="PASS" starttime="20230316 21:20:38.414" endtime="20230316 21:20:38.417"/>
</iter>
<iter>
<var name="${element}">amp;source=homepage&amp;amp;sa=X&amp;amp;ved=0ahUKEwigsKng5uD9AhWSR2wGHTSaCIQQ2ZgBCAk"&gt;&amp;#2980;&amp;#2990;&amp;#3007;&amp;#2996;&amp;#3021;&lt;/a&gt;    &lt;a hre</var>
<kw name="Log To Console" library="BuiltIn">
<arg>${element}</arg>
<doc>Logs the given message to the console.</doc>
<status status="PASS" starttime="20230316 21:20:38.418" endtime="20230316 21:20:38.419"/>
</kw>
<status status="PASS" starttime="20230316 21:20:38.418" endtime="20230316 21:20:38.419"/>
</iter>
<iter>
<var name="${element}">f="https://www.google.com/setprefs?sig=0_fSNPaLkc7cGu3p4etYPHe3Osnr8%3D&amp;amp;hl=gu&amp;amp;source=homepage&amp;amp;sa=X&amp;amp;ved=0ahUKEwig</var>
<kw name="Log To Console" library="BuiltIn">
<arg>${element}</arg>
<doc>Logs the given message to the console.</doc>
<status status="PASS" starttime="20230316 21:20:38.420" endtime="20230316 21:20:38.421"/>
</kw>
<status status="PASS" starttime="20230316 21:20:38.419" endtime="20230316 21:20:38.421"/>
</iter>
<iter>
<var name="${element}">sKng5uD9AhWSR2wGHTSaCIQQ2ZgBCAo"&gt;&amp;#2711;&amp;#2753;&amp;#2716;&amp;#2736;&amp;#2750;&amp;#2724;&amp;#2752;&lt;/a&gt;    &lt;a href="https://www.google.com/setpre</var>
<kw name="Log To Console" library="BuiltIn">
<arg>${element}</arg>
<doc>Logs the given message to the console.</doc>
<status status="PASS" starttime="20230316 21:20:38.422" endtime="20230316 21:20:38.424"/>
</kw>
<status status="PASS" starttime="20230316 21:20:38.421" endtime="20230316 21:20:38.424"/>
</iter>
<iter>
<var name="${element}">fs?sig=0_fSNPaLkc7cGu3p4etYPHe3Osnr8%3D&amp;amp;hl=kn&amp;amp;source=homepage&amp;amp;sa=X&amp;amp;ved=0ahUKEwigsKng5uD9AhWSR2wGHTSaCIQQ2ZgBCAs"</var>
<kw name="Log To Console" library="BuiltIn">
<arg>${element}</arg>
<doc>Logs the given message to the console.</doc>
<status status="PASS" starttime="20230316 21:20:38.425" endtime="20230316 21:20:38.426"/>
</kw>
<status status="PASS" starttime="20230316 21:20:38.424" endtime="20230316 21:20:38.426"/>
</iter>
<iter>
<var name="${element}">&gt;&amp;#3221;&amp;#3240;&amp;#3277;&amp;#3240;&amp;#3233;&lt;/a&gt;    &lt;a href="https://www.google.com/setprefs?sig=0_fSNPaLkc7cGu3p4etYPHe3Osnr8%3D&amp;amp;hl</var>
<kw name="Log To Console" library="BuiltIn">
<arg>${element}</arg>
<doc>Logs the given message to the console.</doc>
<status status="PASS" starttime="20230316 21:20:38.429" endtime="20230316 21:20:38.431"/>
</kw>
<status status="PASS" starttime="20230316 21:20:38.426" endtime="20230316 21:20:38.431"/>
</iter>
<iter>
<var name="${element}">=ml&amp;amp;source=homepage&amp;amp;sa=X&amp;amp;ved=0ahUKEwigsKng5uD9AhWSR2wGHTSaCIQQ2ZgBCAw"&gt;&amp;#3374;&amp;#3378;&amp;#3375;&amp;#3390;&amp;#3379;&amp;#3330;&lt;/a</var>
<kw name="Log To Console" library="BuiltIn">
<arg>${element}</arg>
<doc>Logs the given message to the console.</doc>
<status status="PASS" starttime="20230316 21:20:38.433" endtime="20230316 21:20:38.434"/>
</kw>
<status status="PASS" starttime="20230316 21:20:38.433" endtime="20230316 21:20:38.434"/>
</iter>
<iter>
<var name="${element}">&gt;    &lt;a href="https://www.google.com/setprefs?sig=0_fSNPaLkc7cGu3p4etYPHe3Osnr8%3D&amp;amp;hl=pa&amp;amp;source=homepage&amp;amp;sa=X&amp;amp;ve</var>
<kw name="Log To Console" library="BuiltIn">
<arg>${element}</arg>
<doc>Logs the given message to the console.</doc>
<status status="PASS" starttime="20230316 21:20:38.435" endtime="20230316 21:20:38.436"/>
</kw>
<status status="PASS" starttime="20230316 21:20:38.435" endtime="20230316 21:20:38.436"/>
</iter>
<iter>
<var name="${element}">d=0ahUKEwigsKng5uD9AhWSR2wGHTSaCIQQ2ZgBCA0"&gt;&amp;#2602;&amp;#2672;&amp;#2588;&amp;#2622;&amp;#2604;&amp;#2624;&lt;/a&gt;  &lt;/div&gt;&lt;/div&gt;&lt;/div&gt;&lt;span id="footer"&gt;</var>
<kw name="Log To Console" library="BuiltIn">
<arg>${element}</arg>
<doc>Logs the given message to the console.</doc>
<status status="PASS" starttime="20230316 21:20:38.437" endtime="20230316 21:20:38.439"/>
</kw>
<status status="PASS" starttime="20230316 21:20:38.436" endtime="20230316 21:20:38.439"/>
</iter>
<iter>
<var name="${element}">&lt;div style="font-size:10pt"&gt;&lt;div style="margin:19px auto;text-align:center" id="WqQANb"&gt;&lt;a href="/intl/en/ads/"&gt;Advertising&lt;/a&gt;&lt;</var>
<kw name="Log To Console" library="BuiltIn">
<arg>${element}</arg>
<doc>Logs the given message to the console.</doc>
<status status="PASS" starttime="20230316 21:20:38.440" endtime="20230316 21:20:38.440"/>
</kw>
<status status="PASS" starttime="20230316 21:20:38.439" endtime="20230316 21:20:38.441"/>
</iter>
<iter>
<var name="${element}">a href="http://www.google.co.in/services/"&gt;Business Solutions&lt;/a&gt;&lt;a href="/intl/en/about.html"&gt;About Google&lt;/a&gt;&lt;a href="https://</var>
<kw name="Log To Console" library="BuiltIn">
<arg>${element}</arg>
<doc>Logs the given message to the console.</doc>
<status status="PASS" starttime="20230316 21:20:38.441" endtime="20230316 21:20:38.445"/>
</kw>
<status status="PASS" starttime="20230316 21:20:38.441" endtime="20230316 21:20:38.445"/>
</iter>
<iter>
<var name="${element}">www.google.com/setprefdomain?prefdom=IN&amp;amp;prev=https://www.google.co.in/&amp;amp;sig=K__7ubcmdT7yvLN347myU7iAYWdR8%3D"&gt;Google.co.i</var>
<kw name="Log To Console" library="BuiltIn">
<arg>${element}</arg>
<doc>Logs the given message to the console.</doc>
<status status="PASS" starttime="20230316 21:20:38.447" endtime="20230316 21:20:38.449"/>
</kw>
<status status="PASS" starttime="20230316 21:20:38.446" endtime="20230316 21:20:38.449"/>
</iter>
<iter>
<var name="${element}">n&lt;/a&gt;&lt;/div&gt;&lt;/div&gt;&lt;p style="font-size:8pt;color:#70757a"&gt;&amp;copy; 2023 - &lt;a href="/intl/en/policies/privacy/"&gt;Privacy&lt;/a&gt; - &lt;a href</var>
<kw name="Log To Console" library="BuiltIn">
<arg>${element}</arg>
<doc>Logs the given message to the console.</doc>
<status status="PASS" starttime="20230316 21:20:38.449" endtime="20230316 21:20:38.452"/>
</kw>
<status status="PASS" starttime="20230316 21:20:38.449" endtime="20230316 21:20:38.452"/>
</iter>
<iter>
<var name="${element}">="/intl/en/policies/terms/"&gt;Terms&lt;/a&gt;&lt;/p&gt;&lt;/span&gt;&lt;/center&gt;&lt;script nonce="VQ8WFsQYjQPwTN-MC7gsCQ"&gt;(function(){window.google.cdo={h</var>
<kw name="Log To Console" library="BuiltIn">
<arg>${element}</arg>
<doc>Logs the given message to the console.</doc>
<status status="PASS" starttime="20230316 21:20:38.453" endtime="20230316 21:20:38.454"/>
</kw>
<status status="PASS" starttime="20230316 21:20:38.453" endtime="20230316 21:20:38.454"/>
</iter>
<iter>
<var name="${element}">eight:757,width:1440};(function(){var a=window.innerWidth,b=window.innerHeight;if(!a||!b){var c=window.document,d="CSS1Compat"==</var>
<kw name="Log To Console" library="BuiltIn">
<arg>${element}</arg>
<doc>Logs the given message to the console.</doc>
<status status="PASS" starttime="20230316 21:20:38.455" endtime="20230316 21:20:38.456"/>
</kw>
<status status="PASS" starttime="20230316 21:20:38.455" endtime="20230316 21:20:38.456"/>
</iter>
<iter>
<var name="${element}">c.compatMode?c.documentElement:c.body;a=d.clientWidth;b=d.clientHeight}a&amp;&amp;b&amp;&amp;(a!=google.cdo.width||b!=google.cdo.height)&amp;&amp;google</var>
<kw name="Log To Console" library="BuiltIn">
<arg>${element}</arg>
<doc>Logs the given message to the console.</doc>
<status status="PASS" starttime="20230316 21:20:38.457" endtime="20230316 21:20:38.459"/>
</kw>
<status status="PASS" starttime="20230316 21:20:38.457" endtime="20230316 21:20:38.459"/>
</iter>
<iter>
<var name="${element}">.log("","","/client_204?&amp;atyp=i&amp;biw="+a+"&amp;bih="+b+"&amp;ei="+google.kEI);}).call(this);})();&lt;/script&gt; &lt;script nonce="VQ8WFsQYjQPwTN-</var>
<kw name="Log To Console" library="BuiltIn">
<arg>${element}</arg>
<doc>Logs the given message to the console.</doc>
<status status="PASS" starttime="20230316 21:20:38.460" endtime="20230316 21:20:38.462"/>
</kw>
<status status="PASS" starttime="20230316 21:20:38.459" endtime="20230316 21:20:38.463"/>
</iter>
<iter>
<var name="${element}">MC7gsCQ"&gt;(function(){google.xjs={ck:'xjs.hp.Y2W3KAJ0Jco.L.X.O',cs:'ACT90oFu9pIux-eMq8tgG7A21CJNKQAegA',excm:[]};})();&lt;/script&gt;  </var>
<kw name="Log To Console" library="BuiltIn">
<arg>${element}</arg>
<doc>Logs the given message to the console.</doc>
<status status="PASS" starttime="20230316 21:20:38.463" endtime="20230316 21:20:38.466"/>
</kw>
<status status="PASS" starttime="20230316 21:20:38.463" endtime="20230316 21:20:38.467"/>
</iter>
<iter>
<var name="${element}">&lt;script nonce="VQ8WFsQYjQPwTN-MC7gsCQ"&gt;(function(){var u='/xjs/_/js/k\x3dxjs.hp.en.WK5tGcJZl_4.O/am\x3dAACgEwBAAYAF/d\x3d1/ed\x3</var>
<kw name="Log To Console" library="BuiltIn">
<arg>${element}</arg>
<doc>Logs the given message to the console.</doc>
<status status="PASS" starttime="20230316 21:20:38.467" endtime="20230316 21:20:38.469"/>
</kw>
<status status="PASS" starttime="20230316 21:20:38.467" endtime="20230316 21:20:38.470"/>
</iter>
<iter>
<var name="${element}">d1/rs\x3dACT90oEIkAnNtLs_xquX5F0TcC40GLWEYQ/m\x3dsb_he,d';var amd=0;
var d=this||self,e=function(a){return a};var g;var l=functi</var>
<kw name="Log To Console" library="BuiltIn">
<arg>${element}</arg>
<doc>Logs the given message to the console.</doc>
<status status="PASS" starttime="20230316 21:20:38.471" endtime="20230316 21:20:38.473"/>
</kw>
<status status="PASS" starttime="20230316 21:20:38.470" endtime="20230316 21:20:38.473"/>
</iter>
<iter>
<var name="${element}">on(a,b){this.g=b===h?a:""};l.prototype.toString=function(){return this.g+""};var h={};
function m(){var a=u;google.lx=function()</var>
<kw name="Log To Console" library="BuiltIn">
<arg>${element}</arg>
<doc>Logs the given message to the console.</doc>
<status status="PASS" starttime="20230316 21:20:38.473" endtime="20230316 21:20:38.475"/>
</kw>
<status status="PASS" starttime="20230316 21:20:38.473" endtime="20230316 21:20:38.475"/>
</iter>
<iter>
<var name="${element}">{p(a);google.lx=function(){}};google.bx||google.lx()}
function p(a){google.timers&amp;&amp;google.timers.load&amp;&amp;google.tick&amp;&amp;google.tick(</var>
<kw name="Log To Console" library="BuiltIn">
<arg>${element}</arg>
<doc>Logs the given message to the console.</doc>
<status status="PASS" starttime="20230316 21:20:38.476" endtime="20230316 21:20:38.479"/>
</kw>
<status status="PASS" starttime="20230316 21:20:38.476" endtime="20230316 21:20:38.480"/>
</iter>
<iter>
<var name="${element}">"load","xjsls");var b=document;var c="SCRIPT";"application/xhtml+xml"===b.contentType&amp;&amp;(c=c.toLowerCase());c=b.createElement(c);</var>
<kw name="Log To Console" library="BuiltIn">
<arg>${element}</arg>
<doc>Logs the given message to the console.</doc>
<status status="PASS" starttime="20230316 21:20:38.482" endtime="20230316 21:20:38.484"/>
</kw>
<status status="PASS" starttime="20230316 21:20:38.482" endtime="20230316 21:20:38.484"/>
</iter>
<iter>
<var name="${element}">c.id="base-js";a=null===a?"null":void 0===a?"undefined":a;if(void 0===g){b=null;var k=d.trustedTypes;if(k&amp;&amp;k.createPolicy){try{b</var>
<kw name="Log To Console" library="BuiltIn">
<arg>${element}</arg>
<doc>Logs the given message to the console.</doc>
<status status="PASS" starttime="20230316 21:20:38.485" endtime="20230316 21:20:38.486"/>
</kw>
<status status="PASS" starttime="20230316 21:20:38.484" endtime="20230316 21:20:38.486"/>
</iter>
<iter>
<var name="${element}">=k.createPolicy("goog#html",{createHTML:e,createScript:e,createScriptURL:e})}catch(q){d.console&amp;&amp;d.console.error(q.message)}g=b}</var>
<kw name="Log To Console" library="BuiltIn">
<arg>${element}</arg>
<doc>Logs the given message to the console.</doc>
<status status="PASS" starttime="20230316 21:20:38.487" endtime="20230316 21:20:38.488"/>
</kw>
<status status="PASS" starttime="20230316 21:20:38.487" endtime="20230316 21:20:38.489"/>
</iter>
<iter>
<var name="${element}">else g=b}a=(b=g)?b.createScriptURL(a):a;a=new l(a,h);c.src=a instanceof l&amp;&amp;a.constructor===l?a.g:"type_error:TrustedResourceUrl"</var>
<kw name="Log To Console" library="BuiltIn">
<arg>${element}</arg>
<doc>Logs the given message to the console.</doc>
<status status="PASS" starttime="20230316 21:20:38.489" endtime="20230316 21:20:38.491"/>
</kw>
<status status="PASS" starttime="20230316 21:20:38.489" endtime="20230316 21:20:38.491"/>
</iter>
<iter>
<var name="${element}">;var f,n;(f=(a=null==(n=(f=(c.ownerDocument&amp;&amp;c.ownerDocument.defaultView||window).document).querySelector)?void 0:n.call(f,"scri</var>
<kw name="Log To Console" library="BuiltIn">
<arg>${element}</arg>
<doc>Logs the given message to the console.</doc>
<status status="PASS" starttime="20230316 21:20:38.492" endtime="20230316 21:20:38.493"/>
</kw>
<status status="PASS" starttime="20230316 21:20:38.491" endtime="20230316 21:20:38.493"/>
</iter>
<iter>
<var name="${element}">pt[nonce]"))?a.nonce||a.getAttribute("nonce")||"":"")&amp;&amp;c.setAttribute("nonce",f);document.body.appendChild(c);google.psa=!0};goo</var>
<kw name="Log To Console" library="BuiltIn">
<arg>${element}</arg>
<doc>Logs the given message to the console.</doc>
<status status="PASS" starttime="20230316 21:20:38.495" endtime="20230316 21:20:38.496"/>
</kw>
<status status="PASS" starttime="20230316 21:20:38.494" endtime="20230316 21:20:38.496"/>
</iter>
<iter>
<var name="${element}">gle.xjsu=u;setTimeout(function(){0&lt;amd?google.caft(function(){return m()},amd):m()},0);})();window._ = window._ || {};window._Du</var>
<kw name="Log To Console" library="BuiltIn">
<arg>${element}</arg>
<doc>Logs the given message to the console.</doc>
<status status="PASS" starttime="20230316 21:20:38.496" endtime="20230316 21:20:38.501"/>
</kw>
<status status="PASS" starttime="20230316 21:20:38.496" endtime="20230316 21:20:38.501"/>
</iter>
<iter>
<var name="${element}">mpException = _._DumpException = function(e){throw e;};window._s = window._s || {};_s._DumpException = _._DumpException;window._</var>
<kw name="Log To Console" library="BuiltIn">
<arg>${element}</arg>
<doc>Logs the given message to the console.</doc>
<status status="PASS" starttime="20230316 21:20:38.502" endtime="20230316 21:20:38.503"/>
</kw>
<status status="PASS" starttime="20230316 21:20:38.502" endtime="20230316 21:20:38.503"/>
</iter>
<iter>
<var name="${element}">qs = window._qs || {};_qs._DumpException = _._DumpException;function _F_installCss(c){}
(function(){google.jl={blt:'none',chnk:0</var>
<kw name="Log To Console" library="BuiltIn">
<arg>${element}</arg>
<doc>Logs the given message to the console.</doc>
<status status="PASS" starttime="20230316 21:20:38.504" endtime="20230316 21:20:38.505"/>
</kw>
<status status="PASS" starttime="20230316 21:20:38.503" endtime="20230316 21:20:38.505"/>
</iter>
<iter>
<var name="${element}">,dw:false,dwu:true,emtn:0,end:0,ico:false,ikb:0,ine:false,injs:'none',injt:0,injth:0,injv2:false,lls:'default',pdt:0,rep:0,snet:</var>
<kw name="Log To Console" library="BuiltIn">
<arg>${element}</arg>
<doc>Logs the given message to the console.</doc>
<status status="PASS" starttime="20230316 21:20:38.506" endtime="20230316 21:20:38.507"/>
</kw>
<status status="PASS" starttime="20230316 21:20:38.505" endtime="20230316 21:20:38.507"/>
</iter>
<iter>
<var name="${element}">true,strt:0,ubm:false,uwp:true};})();(function(){var pmc='{\x22d\x22:{},\x22sb_he\x22:{\x22agen\x22:true,\x22cgen\x22:true,\x22c</var>
<kw name="Log To Console" library="BuiltIn">
<arg>${element}</arg>
<doc>Logs the given message to the console.</doc>
<status status="PASS" starttime="20230316 21:20:38.508" endtime="20230316 21:20:38.510"/>
</kw>
<status status="PASS" starttime="20230316 21:20:38.507" endtime="20230316 21:20:38.510"/>
</iter>
<iter>
<var name="${element}">lient\x22:\x22heirloom-hp\x22,\x22dh\x22:true,\x22ds\x22:\x22\x22,\x22fl\x22:true,\x22host\x22:\x22google.com\x22,\x22jsonp\x22:</var>
<kw name="Log To Console" library="BuiltIn">
<arg>${element}</arg>
<doc>Logs the given message to the console.</doc>
<status status="PASS" starttime="20230316 21:20:38.510" endtime="20230316 21:20:38.516"/>
</kw>
<status status="PASS" starttime="20230316 21:20:38.510" endtime="20230316 21:20:38.516"/>
</iter>
<iter>
<var name="${element}">true,\x22msgs\x22:{\x22cibl\x22:\x22Clear Search\x22,\x22dym\x22:\x22Did you mean:\x22,\x22lcky\x22:\x22I\\u0026#39;m Feeling Lu</var>
<kw name="Log To Console" library="BuiltIn">
<arg>${element}</arg>
<doc>Logs the given message to the console.</doc>
<status status="PASS" starttime="20230316 21:20:38.517" endtime="20230316 21:20:38.518"/>
</kw>
<status status="PASS" starttime="20230316 21:20:38.517" endtime="20230316 21:20:38.518"/>
</iter>
<iter>
<var name="${element}">cky\x22,\x22lml\x22:\x22Learn more\x22,\x22psrc\x22:\x22This search was removed from your \\u003Ca href\x3d\\\x22/history\\\x22\</var>
<kw name="Log To Console" library="BuiltIn">
<arg>${element}</arg>
<doc>Logs the given message to the console.</doc>
<status status="PASS" starttime="20230316 21:20:38.519" endtime="20230316 21:20:38.521"/>
</kw>
<status status="PASS" starttime="20230316 21:20:38.519" endtime="20230316 21:20:38.521"/>
</iter>
<iter>
<var name="${element}">\u003EWeb History\\u003C/a\\u003E\x22,\x22psrl\x22:\x22Remove\x22,\x22sbit\x22:\x22Search by image\x22,\x22srch\x22:\x22Google S</var>
<kw name="Log To Console" library="BuiltIn">
<arg>${element}</arg>
<doc>Logs the given message to the console.</doc>
<status status="PASS" starttime="20230316 21:20:38.522" endtime="20230316 21:20:38.523"/>
</kw>
<status status="PASS" starttime="20230316 21:20:38.522" endtime="20230316 21:20:38.523"/>
</iter>
<iter>
<var name="${element}">earch\x22},\x22ovr\x22:{},\x22pq\x22:\x22\x22,\x22rfs\x22:[],\x22sbas\x22:\x220 3px 8px 0 rgba(0,0,0,0.2),0 0 0 1px rgba(0,0,0,0</var>
<kw name="Log To Console" library="BuiltIn">
<arg>${element}</arg>
<doc>Logs the given message to the console.</doc>
<status status="PASS" starttime="20230316 21:20:38.524" endtime="20230316 21:20:38.525"/>
</kw>
<status status="PASS" starttime="20230316 21:20:38.524" endtime="20230316 21:20:38.525"/>
</iter>
<iter>
<var name="${element}">.08)\x22,\x22stok\x22:\x22mp678l1Fi5vHKqeGLpkwiuScIu8\x22}}';google.pmc=JSON.parse(pmc);})();(function(){
var b=function(a){var </var>
<kw name="Log To Console" library="BuiltIn">
<arg>${element}</arg>
<doc>Logs the given message to the console.</doc>
<status status="PASS" starttime="20230316 21:20:38.526" endtime="20230316 21:20:38.527"/>
</kw>
<status status="PASS" starttime="20230316 21:20:38.526" endtime="20230316 21:20:38.527"/>
</iter>
<iter>
<var name="${element}">c=0;return function(){return c&lt;a.length?{done:!1,value:a[c++]}:{done:!0}}},e=this||self;var g,h;a:{for(var k=["CLOSURE_FLAGS"],l</var>
<kw name="Log To Console" library="BuiltIn">
<arg>${element}</arg>
<doc>Logs the given message to the console.</doc>
<status status="PASS" starttime="20230316 21:20:38.527" endtime="20230316 21:20:38.532"/>
</kw>
<status status="PASS" starttime="20230316 21:20:38.527" endtime="20230316 21:20:38.533"/>
</iter>
<iter>
<var name="${element}">=e,n=0;n&lt;k.length;n++)if(l=l[k[n]],null==l){h=null;break a}h=l}var p=h&amp;&amp;h[610401301];g=null!=p?p:!1;var q,r=e.navigator;q=r?r.us</var>
<kw name="Log To Console" library="BuiltIn">
<arg>${element}</arg>
<doc>Logs the given message to the console.</doc>
<status status="PASS" starttime="20230316 21:20:38.533" endtime="20230316 21:20:38.533"/>
</kw>
<status status="PASS" starttime="20230316 21:20:38.533" endtime="20230316 21:20:38.533"/>
</iter>
<iter>
<var name="${element}">erAgentData||null:null;function t(a){return g?q?q.brands.some(function(c){return(c=c.brand)&amp;&amp;-1!=c.indexOf(a)}):!1:!1}function u</var>
<kw name="Log To Console" library="BuiltIn">
<arg>${element}</arg>
<doc>Logs the given message to the console.</doc>
<status status="PASS" starttime="20230316 21:20:38.533" endtime="20230316 21:20:38.540"/>
</kw>
<status status="PASS" starttime="20230316 21:20:38.533" endtime="20230316 21:20:38.541"/>
</iter>
<iter>
<var name="${element}">(a){var c;a:{if(c=e.navigator)if(c=c.userAgent)break a;c=""}return-1!=c.indexOf(a)};function v(){return g?!!q&amp;&amp;0&lt;q.brands.length</var>
<kw name="Log To Console" library="BuiltIn">
<arg>${element}</arg>
<doc>Logs the given message to the console.</doc>
<status status="PASS" starttime="20230316 21:20:38.542" endtime="20230316 21:20:38.543"/>
</kw>
<status status="PASS" starttime="20230316 21:20:38.541" endtime="20230316 21:20:38.544"/>
</iter>
<iter>
<var name="${element}">:!1}function w(){return u("Safari")&amp;&amp;!(x()||(v()?0:u("Coast"))||(v()?0:u("Opera"))||(v()?0:u("Edge"))||(v()?t("Microsoft Edge"):</var>
<kw name="Log To Console" library="BuiltIn">
<arg>${element}</arg>
<doc>Logs the given message to the console.</doc>
<status status="PASS" starttime="20230316 21:20:38.546" endtime="20230316 21:20:38.547"/>
</kw>
<status status="PASS" starttime="20230316 21:20:38.545" endtime="20230316 21:20:38.547"/>
</iter>
<iter>
<var name="${element}">u("Edg/"))||(v()?t("Opera"):u("OPR"))||u("Firefox")||u("FxiOS")||u("Silk")||u("Android"))}function x(){return v()?t("Chromium"):</var>
<kw name="Log To Console" library="BuiltIn">
<arg>${element}</arg>
<doc>Logs the given message to the console.</doc>
<status status="PASS" starttime="20230316 21:20:38.547" endtime="20230316 21:20:38.551"/>
</kw>
<status status="PASS" starttime="20230316 21:20:38.547" endtime="20230316 21:20:38.551"/>
</iter>
<iter>
<var name="${element}">(u("Chrome")||u("CriOS"))&amp;&amp;!(v()?0:u("Edge"))||u("Silk")}function y(){return u("Android")&amp;&amp;!(x()||u("Firefox")||u("FxiOS")||(v()</var>
<kw name="Log To Console" library="BuiltIn">
<arg>${element}</arg>
<doc>Logs the given message to the console.</doc>
<status status="PASS" starttime="20230316 21:20:38.552" endtime="20230316 21:20:38.554"/>
</kw>
<status status="PASS" starttime="20230316 21:20:38.551" endtime="20230316 21:20:38.555"/>
</iter>
<iter>
<var name="${element}">?0:u("Opera"))||u("Silk"))};var z=v()?!1:u("Trident")||u("MSIE");y();x();w();var A=!z&amp;&amp;!w(),D=function(a){if(/-[a-z]/.test("ved"</var>
<kw name="Log To Console" library="BuiltIn">
<arg>${element}</arg>
<doc>Logs the given message to the console.</doc>
<status status="PASS" starttime="20230316 21:20:38.556" endtime="20230316 21:20:38.557"/>
</kw>
<status status="PASS" starttime="20230316 21:20:38.555" endtime="20230316 21:20:38.557"/>
</iter>
<iter>
<var name="${element}">))return null;if(A&amp;&amp;a.dataset){if(y()&amp;&amp;!("ved"in a.dataset))return null;a=a.dataset.ved;return void 0===a?null:a}return a.getAtt</var>
<kw name="Log To Console" library="BuiltIn">
<arg>${element}</arg>
<doc>Logs the given message to the console.</doc>
<status status="PASS" starttime="20230316 21:20:38.558" endtime="20230316 21:20:38.559"/>
</kw>
<status status="PASS" starttime="20230316 21:20:38.558" endtime="20230316 21:20:38.560"/>
</iter>
<iter>
<var name="${element}">ribute("data-"+"ved".replace(/([A-Z])/g,"-$1").toLowerCase())};var E=[],F=null;function G(a){a=a.target;var c=performance.now(),</var>
<kw name="Log To Console" library="BuiltIn">
<arg>${element}</arg>
<doc>Logs the given message to the console.</doc>
<status status="PASS" starttime="20230316 21:20:38.562" endtime="20230316 21:20:38.564"/>
</kw>
<status status="PASS" starttime="20230316 21:20:38.561" endtime="20230316 21:20:38.564"/>
</iter>
<iter>
<var name="${element}">f=[],H=f.concat,d=E;if(!(d instanceof Array)){var m="undefined"!=typeof Symbol&amp;&amp;Symbol.iterator&amp;&amp;d[Symbol.iterator];if(m)d=m.cal</var>
<kw name="Log To Console" library="BuiltIn">
<arg>${element}</arg>
<doc>Logs the given message to the console.</doc>
<status status="PASS" starttime="20230316 21:20:38.564" endtime="20230316 21:20:38.568"/>
</kw>
<status status="PASS" starttime="20230316 21:20:38.564" endtime="20230316 21:20:38.568"/>
</iter>
<iter>
<var name="${element}">l(d);else if("number"==typeof d.length)d={next:b(d)};else throw Error("a`"+String(d));for(var B=[];!(m=d.next()).done;)B.push(m.</var>
<kw name="Log To Console" library="BuiltIn">
<arg>${element}</arg>
<doc>Logs the given message to the console.</doc>
<status status="PASS" starttime="20230316 21:20:38.569" endtime="20230316 21:20:38.570"/>
</kw>
<status status="PASS" starttime="20230316 21:20:38.569" endtime="20230316 21:20:38.571"/>
</iter>
<iter>
<var name="${element}">value);d=B}E=H.call(f,d,[c]);if(a&amp;&amp;a instanceof HTMLElement)if(a===F){if(c=4&lt;=E.length)c=5&gt;(E[E.length-1]-E[E.length-4])/1E3;if(</var>
<kw name="Log To Console" library="BuiltIn">
<arg>${element}</arg>
<doc>Logs the given message to the console.</doc>
<status status="PASS" starttime="20230316 21:20:38.571" endtime="20230316 21:20:38.574"/>
</kw>
<status status="PASS" starttime="20230316 21:20:38.571" endtime="20230316 21:20:38.575"/>
</iter>
<iter>
<var name="${element}">c){c=google.getEI(a);a.hasAttribute("data-ved")?f=a?D(a)||"":"":f=(f=
a.closest("[data-ved]"))?D(f)||"":"";f=f||"";if(a.hasAttri</var>
<kw name="Log To Console" library="BuiltIn">
<arg>${element}</arg>
<doc>Logs the given message to the console.</doc>
<status status="PASS" starttime="20230316 21:20:38.576" endtime="20230316 21:20:38.581"/>
</kw>
<status status="PASS" starttime="20230316 21:20:38.575" endtime="20230316 21:20:38.581"/>
</iter>
<iter>
<var name="${element}">bute("jsname"))a=a.getAttribute("jsname");else{var C;a=null==(C=a.closest("[jsname]"))?void 0:C.getAttribute("jsname")}google.lo</var>
<kw name="Log To Console" library="BuiltIn">
<arg>${element}</arg>
<doc>Logs the given message to the console.</doc>
<status status="PASS" starttime="20230316 21:20:38.582" endtime="20230316 21:20:38.583"/>
</kw>
<status status="PASS" starttime="20230316 21:20:38.582" endtime="20230316 21:20:38.583"/>
</iter>
<iter>
<var name="${element}">g("rcm","&amp;ei="+c+"&amp;ved="+f+"&amp;jsname="+(a||""))}}else F=a,E=[c]}window.document.addEventListener("DOMContentLoaded",function(){do</var>
<kw name="Log To Console" library="BuiltIn">
<arg>${element}</arg>
<doc>Logs the given message to the console.</doc>
<status status="PASS" starttime="20230316 21:20:38.584" endtime="20230316 21:20:38.585"/>
</kw>
<status status="PASS" starttime="20230316 21:20:38.583" endtime="20230316 21:20:38.585"/>
</iter>
<iter>
<var name="${element}">cument.body.addEventListener("click",G)});}).call(this);&lt;/script&gt;&lt;/body&gt;&lt;/html&gt;</var>
<kw name="Log To Console" library="BuiltIn">
<arg>${element}</arg>
<doc>Logs the given message to the console.</doc>
<status status="PASS" starttime="20230316 21:20:38.586" endtime="20230316 21:20:38.588"/>
</kw>
<status status="PASS" starttime="20230316 21:20:38.586" endtime="20230316 21:20:38.588"/>
</iter>
<status status="PASS" starttime="20230316 21:20:38.147" endtime="20230316 21:20:38.588"/>
</for>
<status status="PASS" starttime="20230316 21:20:37.166" endtime="20230316 21:20:38.589"/>
</test>
<status status="PASS" starttime="20230316 21:20:36.815" endtime="20230316 21:20:38.591"/>
</suite>
<status status="FAIL" starttime="20230316 21:20:34.476" endtime="20230316 21:20:38.596"/>
</suite>
<statistics>
<total>
<stat pass="1" fail="6" skip="0">All Tests</stat>
</total>
<tag>
<stat pass="0" fail="5" skip="0">regression</stat>
<stat pass="0" fail="1" skip="0">smoke</stat>
</tag>
<suite>
<stat pass="1" fail="6" skip="0" id="s1" name="com.playgroundxyz.vision project.TestcaseSuite">com.playgroundxyz.vision project.TestcaseSuite</stat>
<stat pass="0" fail="1" skip="0" id="s1-s1" name="TC001 - Tap on 'Privacy policy' and verify user is landing on Privacy policy page">com.playgroundxyz.vision project.TestcaseSuite.TC001 - Tap on 'Privacy policy' and verify user is landing on Privacy policy page</stat>
<stat pass="0" fail="1" skip="0" id="s1-s2" name="TC002 - Verify that Deep link URL is providing QR code">com.playgroundxyz.vision project.TestcaseSuite.TC002 - Verify that Deep link URL is providing QR code</stat>
<stat pass="0" fail="1" skip="0" id="s1-s3" name="TC003 - Verify that Google Play button redirecting user to Vision Project on play store">com.playgroundxyz.vision project.TestcaseSuite.TC003 - Verify that Google Play button redirecting user to Vision Project on play store</stat>
<stat pass="0" fail="1" skip="0" id="s1-s4" name="TC004 - Verify that if social app is not installed on phone then App was not found screen appears">com.playgroundxyz.vision project.TestcaseSuite.TC004 - Verify that if social app is not installed on phone then App was not found screen appears</stat>
<stat pass="0" fail="2" skip="0" id="s1-s5" name="TC005 - Verify welcome page journey is as excepted">com.playgroundxyz.vision project.TestcaseSuite.TC005 - Verify welcome page journey is as excepted</stat>
<stat pass="1" fail="0" skip="0" id="s1-s6" name="TC006 - sample">com.playgroundxyz.vision project.TestcaseSuite.TC006 - sample</stat>
</suite>
</statistics>
<errors>
<msg timestamp="20230316 21:20:34.591" level="ERROR">Error in file 'D:\FusionTestFramework\com.playgroundxyz.vision_project\com.playgroundxyz.vision_project.PageObject\com.playgroundxyz.vision_project.PageObject.keywords\Allow Permission page keywords.resource' on line 3: Importing library 'D:\FusionTestFramework\src\MobileTestLibrary' failed: ModuleNotFoundError: No module named 'src'
Traceback (most recent call last):
  File "D:\FusionTestFramework\src\MobileTestLibrary\__init__.py", line 1, in &lt;module&gt;
    from src.MobileTestLibrary.ExtendedAppiumLibrary import ExtendedAppiumLibrary
PYTHONPATH:
  D:\FusionTestFramework\src
  d:\FusionTestFramework\com.playgroundxyz.vision_project
  C:\ProgramData\robocorp\ht\1d92a2f_b1f3c24_09529949\python39.zip
  c:\ProgramData\robocorp\ht\1d92a2f_b1f3c24_09529949\DLLs
  c:\ProgramData\robocorp\ht\1d92a2f_b1f3c24_09529949\lib
  c:\ProgramData\robocorp\ht\1d92a2f_b1f3c24_09529949
  C:\ProgramData\robocorp\ht
  c:\ProgramData\robocorp\ht\1d92a2f_b1f3c24_09529949\lib\site-packages
  c:\ProgramData\robocorp\ht\1d92a2f_b1f3c24_09529949\lib\site-packages\win32
  c:\ProgramData\robocorp\ht\1d92a2f_b1f3c24_09529949\lib\site-packages\win32\lib
  c:\ProgramData\robocorp\ht\1d92a2f_b1f3c24_09529949\lib\site-packages\Pythonwin</msg>
<msg timestamp="20230316 21:20:35.105" level="ERROR">Error in file 'D:\FusionTestFramework\com.playgroundxyz.vision_project\com.playgroundxyz.vision_project.PageObject\com.playgroundxyz.vision_project.PageObject.keywords\Allow Permission page keywords.resource' on line 5: Processing variable file 'D:\FusionTestFramework\com.playgroundxyz.vision_project\com.playgroundxyz.vision_project.ConfigFiles\configuration.py' failed: Importing variable file 'D:\FusionTestFramework\com.playgroundxyz.vision_project\com.playgroundxyz.vision_project.ConfigFiles\configuration.py' failed: ModuleNotFoundError: No module named 'MobileTestLibrary'
Traceback (most recent call last):
  File "D:\FusionTestFramework\com.playgroundxyz.vision_project\com.playgroundxyz.vision_project.ConfigFiles\configuration.py", line 3, in &lt;module&gt;
    from MobileTestLibrary.JsonFileReader import read_Json_file
PYTHONPATH:
  D:\FusionTestFramework\com.playgroundxyz.vision_project\com.playgroundxyz.vision_project.ConfigFiles
  d:\FusionTestFramework\com.playgroundxyz.vision_project
  C:\ProgramData\robocorp\ht\1d92a2f_b1f3c24_09529949\python39.zip
  c:\ProgramData\robocorp\ht\1d92a2f_b1f3c24_09529949\DLLs
  c:\ProgramData\robocorp\ht\1d92a2f_b1f3c24_09529949\lib
  c:\ProgramData\robocorp\ht\1d92a2f_b1f3c24_09529949
  C:\ProgramData\robocorp\ht
  c:\ProgramData\robocorp\ht\1d92a2f_b1f3c24_09529949\lib\site-packages
  c:\ProgramData\robocorp\ht\1d92a2f_b1f3c24_09529949\lib\site-packages\win32
  c:\ProgramData\robocorp\ht\1d92a2f_b1f3c24_09529949\lib\site-packages\win32\lib
  c:\ProgramData\robocorp\ht\1d92a2f_b1f3c24_09529949\lib\site-packages\Pythonwin</msg>
<msg timestamp="20230316 21:20:35.128" level="ERROR">Error in file 'D:\FusionTestFramework\com.playgroundxyz.vision_project\com.playgroundxyz.vision_project.PageObject\com.playgroundxyz.vision_project.PageObject.keywords\LetsSetupYourEyeTrackingKeywords.resource' on line 4: Importing library 'D:\FusionTestFramework\src\MobileTestLibrary' failed: ModuleNotFoundError: No module named 'src'
Traceback (most recent call last):
  File "D:\FusionTestFramework\src\MobileTestLibrary\__init__.py", line 1, in &lt;module&gt;
    from src.MobileTestLibrary.ExtendedAppiumLibrary import ExtendedAppiumLibrary
PYTHONPATH:
  D:\FusionTestFramework\src
  d:\FusionTestFramework\com.playgroundxyz.vision_project
  C:\ProgramData\robocorp\ht\1d92a2f_b1f3c24_09529949\python39.zip
  c:\ProgramData\robocorp\ht\1d92a2f_b1f3c24_09529949\DLLs
  c:\ProgramData\robocorp\ht\1d92a2f_b1f3c24_09529949\lib
  c:\ProgramData\robocorp\ht\1d92a2f_b1f3c24_09529949
  C:\ProgramData\robocorp\ht
  c:\ProgramData\robocorp\ht\1d92a2f_b1f3c24_09529949\lib\site-packages
  c:\ProgramData\robocorp\ht\1d92a2f_b1f3c24_09529949\lib\site-packages\win32
  c:\ProgramData\robocorp\ht\1d92a2f_b1f3c24_09529949\lib\site-packages\win32\lib
  c:\ProgramData\robocorp\ht\1d92a2f_b1f3c24_09529949\lib\site-packages\Pythonwin</msg>
<msg timestamp="20230316 21:20:35.165" level="ERROR">Error in file 'D:\FusionTestFramework\com.playgroundxyz.vision_project\com.playgroundxyz.vision_project.PageObject\com.playgroundxyz.vision_project.PageObject.keywords\welcome page journey keywords.resource' on line 3: Importing library 'D:\FusionTestFramework\src\MobileTestLibrary' failed: ModuleNotFoundError: No module named 'src'
Traceback (most recent call last):
  File "D:\FusionTestFramework\src\MobileTestLibrary\__init__.py", line 1, in &lt;module&gt;
    from src.MobileTestLibrary.ExtendedAppiumLibrary import ExtendedAppiumLibrary
PYTHONPATH:
  D:\FusionTestFramework\src
  d:\FusionTestFramework\com.playgroundxyz.vision_project
  C:\ProgramData\robocorp\ht\1d92a2f_b1f3c24_09529949\python39.zip
  c:\ProgramData\robocorp\ht\1d92a2f_b1f3c24_09529949\DLLs
  c:\ProgramData\robocorp\ht\1d92a2f_b1f3c24_09529949\lib
  c:\ProgramData\robocorp\ht\1d92a2f_b1f3c24_09529949
  C:\ProgramData\robocorp\ht
  c:\ProgramData\robocorp\ht\1d92a2f_b1f3c24_09529949\lib\site-packages
  c:\ProgramData\robocorp\ht\1d92a2f_b1f3c24_09529949\lib\site-packages\win32
  c:\ProgramData\robocorp\ht\1d92a2f_b1f3c24_09529949\lib\site-packages\win32\lib
  c:\ProgramData\robocorp\ht\1d92a2f_b1f3c24_09529949\lib\site-packages\Pythonwin</msg>
<msg timestamp="20230316 21:20:35.214" level="ERROR">Error in file 'D:\FusionTestFramework\com.playgroundxyz.vision_project\com.playgroundxyz.vision_project.PageObject\com.playgroundxyz.vision_project.PageObject.keywords\launch_flow_keywords.resource' on line 3: Importing library 'D:\FusionTestFramework\src\MobileTestLibrary' failed: ModuleNotFoundError: No module named 'src'
Traceback (most recent call last):
  File "D:\FusionTestFramework\src\MobileTestLibrary\__init__.py", line 1, in &lt;module&gt;
    from src.MobileTestLibrary.ExtendedAppiumLibrary import ExtendedAppiumLibrary
PYTHONPATH:
  D:\FusionTestFramework\src
  d:\FusionTestFramework\com.playgroundxyz.vision_project
  C:\ProgramData\robocorp\ht\1d92a2f_b1f3c24_09529949\python39.zip
  c:\ProgramData\robocorp\ht\1d92a2f_b1f3c24_09529949\DLLs
  c:\ProgramData\robocorp\ht\1d92a2f_b1f3c24_09529949\lib
  c:\ProgramData\robocorp\ht\1d92a2f_b1f3c24_09529949
  C:\ProgramData\robocorp\ht
  c:\ProgramData\robocorp\ht\1d92a2f_b1f3c24_09529949\lib\site-packages
  c:\ProgramData\robocorp\ht\1d92a2f_b1f3c24_09529949\lib\site-packages\win32
  c:\ProgramData\robocorp\ht\1d92a2f_b1f3c24_09529949\lib\site-packages\win32\lib
  c:\ProgramData\robocorp\ht\1d92a2f_b1f3c24_09529949\lib\site-packages\Pythonwin</msg>
<msg timestamp="20230316 21:20:35.244" level="ERROR">Error in file 'D:\FusionTestFramework\com.playgroundxyz.vision_project\com.playgroundxyz.vision_project.PageObject\com.playgroundxyz.vision_project.PageObject.keywords\Setup keywords.resource' on line 3: Importing library 'D:\FusionTestFramework\src\MobileTestLibrary' failed: ModuleNotFoundError: No module named 'src'
Traceback (most recent call last):
  File "D:\FusionTestFramework\src\MobileTestLibrary\__init__.py", line 1, in &lt;module&gt;
    from src.MobileTestLibrary.ExtendedAppiumLibrary import ExtendedAppiumLibrary
PYTHONPATH:
  D:\FusionTestFramework\src
  d:\FusionTestFramework\com.playgroundxyz.vision_project
  C:\ProgramData\robocorp\ht\1d92a2f_b1f3c24_09529949\python39.zip
  c:\ProgramData\robocorp\ht\1d92a2f_b1f3c24_09529949\DLLs
  c:\ProgramData\robocorp\ht\1d92a2f_b1f3c24_09529949\lib
  c:\ProgramData\robocorp\ht\1d92a2f_b1f3c24_09529949
  C:\ProgramData\robocorp\ht
  c:\ProgramData\robocorp\ht\1d92a2f_b1f3c24_09529949\lib\site-packages
  c:\ProgramData\robocorp\ht\1d92a2f_b1f3c24_09529949\lib\site-packages\win32
  c:\ProgramData\robocorp\ht\1d92a2f_b1f3c24_09529949\lib\site-packages\win32\lib
  c:\ProgramData\robocorp\ht\1d92a2f_b1f3c24_09529949\lib\site-packages\Pythonwin</msg>
<msg timestamp="20230316 21:20:35.287" level="ERROR">Error in file 'D:\FusionTestFramework\com.playgroundxyz.vision_project\com.playgroundxyz.vision_project.PageObject\com.playgroundxyz.vision_project.PageObject.keywords\EyeGazeValiidationKeywords.resource' on line 5: Importing library 'D:\FusionTestFramework\src\MobileTestLibrary' failed: ModuleNotFoundError: No module named 'src'
Traceback (most recent call last):
  File "D:\FusionTestFramework\src\MobileTestLibrary\__init__.py", line 1, in &lt;module&gt;
    from src.MobileTestLibrary.ExtendedAppiumLibrary import ExtendedAppiumLibrary
PYTHONPATH:
  D:\FusionTestFramework\src
  d:\FusionTestFramework\com.playgroundxyz.vision_project
  C:\ProgramData\robocorp\ht\1d92a2f_b1f3c24_09529949\python39.zip
  c:\ProgramData\robocorp\ht\1d92a2f_b1f3c24_09529949\DLLs
  c:\ProgramData\robocorp\ht\1d92a2f_b1f3c24_09529949\lib
  c:\ProgramData\robocorp\ht\1d92a2f_b1f3c24_09529949
  C:\ProgramData\robocorp\ht
  c:\ProgramData\robocorp\ht\1d92a2f_b1f3c24_09529949\lib\site-packages
  c:\ProgramData\robocorp\ht\1d92a2f_b1f3c24_09529949\lib\site-packages\win32
  c:\ProgramData\robocorp\ht\1d92a2f_b1f3c24_09529949\lib\site-packages\win32\lib
  c:\ProgramData\robocorp\ht\1d92a2f_b1f3c24_09529949\lib\site-packages\Pythonwin</msg>
<msg timestamp="20230316 21:20:35.393" level="ERROR">Error in file 'D:\FusionTestFramework\com.playgroundxyz.vision_project\com.playgroundxyz.vision_project.PageObject\com.playgroundxyz.vision_project.PageObject.keywords\Allow Permission page keywords.resource' on line 3: Importing library 'D:\FusionTestFramework\src\MobileTestLibrary' failed: ModuleNotFoundError: No module named 'src'
Traceback (most recent call last):
  File "D:\FusionTestFramework\src\MobileTestLibrary\__init__.py", line 1, in &lt;module&gt;
    from src.MobileTestLibrary.ExtendedAppiumLibrary import ExtendedAppiumLibrary
PYTHONPATH:
  D:\FusionTestFramework\src
  d:\FusionTestFramework\com.playgroundxyz.vision_project
  C:\ProgramData\robocorp\ht\1d92a2f_b1f3c24_09529949\python39.zip
  c:\ProgramData\robocorp\ht\1d92a2f_b1f3c24_09529949\DLLs
  c:\ProgramData\robocorp\ht\1d92a2f_b1f3c24_09529949\lib
  c:\ProgramData\robocorp\ht\1d92a2f_b1f3c24_09529949
  C:\ProgramData\robocorp\ht
  c:\ProgramData\robocorp\ht\1d92a2f_b1f3c24_09529949\lib\site-packages
  c:\ProgramData\robocorp\ht\1d92a2f_b1f3c24_09529949\lib\site-packages\win32
  c:\ProgramData\robocorp\ht\1d92a2f_b1f3c24_09529949\lib\site-packages\win32\lib
  c:\ProgramData\robocorp\ht\1d92a2f_b1f3c24_09529949\lib\site-packages\Pythonwin</msg>
<msg timestamp="20230316 21:20:35.423" level="ERROR">Error in file 'D:\FusionTestFramework\com.playgroundxyz.vision_project\com.playgroundxyz.vision_project.PageObject\com.playgroundxyz.vision_project.PageObject.keywords\Allow Permission page keywords.resource' on line 5: Processing variable file 'D:\FusionTestFramework\com.playgroundxyz.vision_project\com.playgroundxyz.vision_project.ConfigFiles\configuration.py' failed: Importing variable file 'D:\FusionTestFramework\com.playgroundxyz.vision_project\com.playgroundxyz.vision_project.ConfigFiles\configuration.py' failed: ModuleNotFoundError: No module named 'MobileTestLibrary'
Traceback (most recent call last):
  File "D:\FusionTestFramework\com.playgroundxyz.vision_project\com.playgroundxyz.vision_project.ConfigFiles\configuration.py", line 3, in &lt;module&gt;
    from MobileTestLibrary.JsonFileReader import read_Json_file
PYTHONPATH:
  D:\FusionTestFramework\com.playgroundxyz.vision_project\com.playgroundxyz.vision_project.ConfigFiles
  d:\FusionTestFramework\com.playgroundxyz.vision_project
  C:\ProgramData\robocorp\ht\1d92a2f_b1f3c24_09529949\python39.zip
  c:\ProgramData\robocorp\ht\1d92a2f_b1f3c24_09529949\DLLs
  c:\ProgramData\robocorp\ht\1d92a2f_b1f3c24_09529949\lib
  c:\ProgramData\robocorp\ht\1d92a2f_b1f3c24_09529949
  C:\ProgramData\robocorp\ht
  c:\ProgramData\robocorp\ht\1d92a2f_b1f3c24_09529949\lib\site-packages
  c:\ProgramData\robocorp\ht\1d92a2f_b1f3c24_09529949\lib\site-packages\win32
  c:\ProgramData\robocorp\ht\1d92a2f_b1f3c24_09529949\lib\site-packages\win32\lib
  c:\ProgramData\robocorp\ht\1d92a2f_b1f3c24_09529949\lib\site-packages\Pythonwin</msg>
<msg timestamp="20230316 21:20:35.448" level="ERROR">Error in file 'D:\FusionTestFramework\com.playgroundxyz.vision_project\com.playgroundxyz.vision_project.PageObject\com.playgroundxyz.vision_project.PageObject.keywords\LetsSetupYourEyeTrackingKeywords.resource' on line 4: Importing library 'D:\FusionTestFramework\src\MobileTestLibrary' failed: ModuleNotFoundError: No module named 'src'
Traceback (most recent call last):
  File "D:\FusionTestFramework\src\MobileTestLibrary\__init__.py", line 1, in &lt;module&gt;
    from src.MobileTestLibrary.ExtendedAppiumLibrary import ExtendedAppiumLibrary
PYTHONPATH:
  D:\FusionTestFramework\src
  d:\FusionTestFramework\com.playgroundxyz.vision_project
  C:\ProgramData\robocorp\ht\1d92a2f_b1f3c24_09529949\python39.zip
  c:\ProgramData\robocorp\ht\1d92a2f_b1f3c24_09529949\DLLs
  c:\ProgramData\robocorp\ht\1d92a2f_b1f3c24_09529949\lib
  c:\ProgramData\robocorp\ht\1d92a2f_b1f3c24_09529949
  C:\ProgramData\robocorp\ht
  c:\ProgramData\robocorp\ht\1d92a2f_b1f3c24_09529949\lib\site-packages
  c:\ProgramData\robocorp\ht\1d92a2f_b1f3c24_09529949\lib\site-packages\win32
  c:\ProgramData\robocorp\ht\1d92a2f_b1f3c24_09529949\lib\site-packages\win32\lib
  c:\ProgramData\robocorp\ht\1d92a2f_b1f3c24_09529949\lib\site-packages\Pythonwin</msg>
<msg timestamp="20230316 21:20:35.473" level="ERROR">Error in file 'D:\FusionTestFramework\com.playgroundxyz.vision_project\com.playgroundxyz.vision_project.PageObject\com.playgroundxyz.vision_project.PageObject.keywords\welcome page journey keywords.resource' on line 3: Importing library 'D:\FusionTestFramework\src\MobileTestLibrary' failed: ModuleNotFoundError: No module named 'src'
Traceback (most recent call last):
  File "D:\FusionTestFramework\src\MobileTestLibrary\__init__.py", line 1, in &lt;module&gt;
    from src.MobileTestLibrary.ExtendedAppiumLibrary import ExtendedAppiumLibrary
PYTHONPATH:
  D:\FusionTestFramework\src
  d:\FusionTestFramework\com.playgroundxyz.vision_project
  C:\ProgramData\robocorp\ht\1d92a2f_b1f3c24_09529949\python39.zip
  c:\ProgramData\robocorp\ht\1d92a2f_b1f3c24_09529949\DLLs
  c:\ProgramData\robocorp\ht\1d92a2f_b1f3c24_09529949\lib
  c:\ProgramData\robocorp\ht\1d92a2f_b1f3c24_09529949
  C:\ProgramData\robocorp\ht
  c:\ProgramData\robocorp\ht\1d92a2f_b1f3c24_09529949\lib\site-packages
  c:\ProgramData\robocorp\ht\1d92a2f_b1f3c24_09529949\lib\site-packages\win32
  c:\ProgramData\robocorp\ht\1d92a2f_b1f3c24_09529949\lib\site-packages\win32\lib
  c:\ProgramData\robocorp\ht\1d92a2f_b1f3c24_09529949\lib\site-packages\Pythonwin</msg>
<msg timestamp="20230316 21:20:35.546" level="ERROR">Error in file 'D:\FusionTestFramework\com.playgroundxyz.vision_project\com.playgroundxyz.vision_project.PageObject\com.playgroundxyz.vision_project.PageObject.keywords\launch_flow_keywords.resource' on line 3: Importing library 'D:\FusionTestFramework\src\MobileTestLibrary' failed: ModuleNotFoundError: No module named 'src'
Traceback (most recent call last):
  File "D:\FusionTestFramework\src\MobileTestLibrary\__init__.py", line 1, in &lt;module&gt;
    from src.MobileTestLibrary.ExtendedAppiumLibrary import ExtendedAppiumLibrary
PYTHONPATH:
  D:\FusionTestFramework\src
  d:\FusionTestFramework\com.playgroundxyz.vision_project
  C:\ProgramData\robocorp\ht\1d92a2f_b1f3c24_09529949\python39.zip
  c:\ProgramData\robocorp\ht\1d92a2f_b1f3c24_09529949\DLLs
  c:\ProgramData\robocorp\ht\1d92a2f_b1f3c24_09529949\lib
  c:\ProgramData\robocorp\ht\1d92a2f_b1f3c24_09529949
  C:\ProgramData\robocorp\ht
  c:\ProgramData\robocorp\ht\1d92a2f_b1f3c24_09529949\lib\site-packages
  c:\ProgramData\robocorp\ht\1d92a2f_b1f3c24_09529949\lib\site-packages\win32
  c:\ProgramData\robocorp\ht\1d92a2f_b1f3c24_09529949\lib\site-packages\win32\lib
  c:\ProgramData\robocorp\ht\1d92a2f_b1f3c24_09529949\lib\site-packages\Pythonwin</msg>
<msg timestamp="20230316 21:20:35.641" level="ERROR">Error in file 'D:\FusionTestFramework\com.playgroundxyz.vision_project\com.playgroundxyz.vision_project.PageObject\com.playgroundxyz.vision_project.PageObject.keywords\Setup keywords.resource' on line 3: Importing library 'D:\FusionTestFramework\src\MobileTestLibrary' failed: ModuleNotFoundError: No module named 'src'
Traceback (most recent call last):
  File "D:\FusionTestFramework\src\MobileTestLibrary\__init__.py", line 1, in &lt;module&gt;
    from src.MobileTestLibrary.ExtendedAppiumLibrary import ExtendedAppiumLibrary
PYTHONPATH:
  D:\FusionTestFramework\src
  d:\FusionTestFramework\com.playgroundxyz.vision_project
  C:\ProgramData\robocorp\ht\1d92a2f_b1f3c24_09529949\python39.zip
  c:\ProgramData\robocorp\ht\1d92a2f_b1f3c24_09529949\DLLs
  c:\ProgramData\robocorp\ht\1d92a2f_b1f3c24_09529949\lib
  c:\ProgramData\robocorp\ht\1d92a2f_b1f3c24_09529949
  C:\ProgramData\robocorp\ht
  c:\ProgramData\robocorp\ht\1d92a2f_b1f3c24_09529949\lib\site-packages
  c:\ProgramData\robocorp\ht\1d92a2f_b1f3c24_09529949\lib\site-packages\win32
  c:\ProgramData\robocorp\ht\1d92a2f_b1f3c24_09529949\lib\site-packages\win32\lib
  c:\ProgramData\robocorp\ht\1d92a2f_b1f3c24_09529949\lib\site-packages\Pythonwin</msg>
<msg timestamp="20230316 21:20:35.693" level="ERROR">Error in file 'D:\FusionTestFramework\com.playgroundxyz.vision_project\com.playgroundxyz.vision_project.PageObject\com.playgroundxyz.vision_project.PageObject.keywords\EyeGazeValiidationKeywords.resource' on line 5: Importing library 'D:\FusionTestFramework\src\MobileTestLibrary' failed: ModuleNotFoundError: No module named 'src'
Traceback (most recent call last):
  File "D:\FusionTestFramework\src\MobileTestLibrary\__init__.py", line 1, in &lt;module&gt;
    from src.MobileTestLibrary.ExtendedAppiumLibrary import ExtendedAppiumLibrary
PYTHONPATH:
  D:\FusionTestFramework\src
  d:\FusionTestFramework\com.playgroundxyz.vision_project
  C:\ProgramData\robocorp\ht\1d92a2f_b1f3c24_09529949\python39.zip
  c:\ProgramData\robocorp\ht\1d92a2f_b1f3c24_09529949\DLLs
  c:\ProgramData\robocorp\ht\1d92a2f_b1f3c24_09529949\lib
  c:\ProgramData\robocorp\ht\1d92a2f_b1f3c24_09529949
  C:\ProgramData\robocorp\ht
  c:\ProgramData\robocorp\ht\1d92a2f_b1f3c24_09529949\lib\site-packages
  c:\ProgramData\robocorp\ht\1d92a2f_b1f3c24_09529949\lib\site-packages\win32
  c:\ProgramData\robocorp\ht\1d92a2f_b1f3c24_09529949\lib\site-packages\win32\lib
  c:\ProgramData\robocorp\ht\1d92a2f_b1f3c24_09529949\lib\site-packages\Pythonwin</msg>
<msg timestamp="20230316 21:20:35.891" level="ERROR">Error in file 'D:\FusionTestFramework\com.playgroundxyz.vision_project\com.playgroundxyz.vision_project.PageObject\com.playgroundxyz.vision_project.PageObject.keywords\Allow Permission page keywords.resource' on line 3: Importing library 'D:\FusionTestFramework\src\MobileTestLibrary' failed: ModuleNotFoundError: No module named 'src'
Traceback (most recent call last):
  File "D:\FusionTestFramework\src\MobileTestLibrary\__init__.py", line 1, in &lt;module&gt;
    from src.MobileTestLibrary.ExtendedAppiumLibrary import ExtendedAppiumLibrary
PYTHONPATH:
  D:\FusionTestFramework\src
  d:\FusionTestFramework\com.playgroundxyz.vision_project
  C:\ProgramData\robocorp\ht\1d92a2f_b1f3c24_09529949\python39.zip
  c:\ProgramData\robocorp\ht\1d92a2f_b1f3c24_09529949\DLLs
  c:\ProgramData\robocorp\ht\1d92a2f_b1f3c24_09529949\lib
  c:\ProgramData\robocorp\ht\1d92a2f_b1f3c24_09529949
  C:\ProgramData\robocorp\ht
  c:\ProgramData\robocorp\ht\1d92a2f_b1f3c24_09529949\lib\site-packages
  c:\ProgramData\robocorp\ht\1d92a2f_b1f3c24_09529949\lib\site-packages\win32
  c:\ProgramData\robocorp\ht\1d92a2f_b1f3c24_09529949\lib\site-packages\win32\lib
  c:\ProgramData\robocorp\ht\1d92a2f_b1f3c24_09529949\lib\site-packages\Pythonwin</msg>
<msg timestamp="20230316 21:20:35.926" level="ERROR">Error in file 'D:\FusionTestFramework\com.playgroundxyz.vision_project\com.playgroundxyz.vision_project.PageObject\com.playgroundxyz.vision_project.PageObject.keywords\Allow Permission page keywords.resource' on line 5: Processing variable file 'D:\FusionTestFramework\com.playgroundxyz.vision_project\com.playgroundxyz.vision_project.ConfigFiles\configuration.py' failed: Importing variable file 'D:\FusionTestFramework\com.playgroundxyz.vision_project\com.playgroundxyz.vision_project.ConfigFiles\configuration.py' failed: ModuleNotFoundError: No module named 'MobileTestLibrary'
Traceback (most recent call last):
  File "D:\FusionTestFramework\com.playgroundxyz.vision_project\com.playgroundxyz.vision_project.ConfigFiles\configuration.py", line 3, in &lt;module&gt;
    from MobileTestLibrary.JsonFileReader import read_Json_file
PYTHONPATH:
  D:\FusionTestFramework\com.playgroundxyz.vision_project\com.playgroundxyz.vision_project.ConfigFiles
  d:\FusionTestFramework\com.playgroundxyz.vision_project
  C:\ProgramData\robocorp\ht\1d92a2f_b1f3c24_09529949\python39.zip
  c:\ProgramData\robocorp\ht\1d92a2f_b1f3c24_09529949\DLLs
  c:\ProgramData\robocorp\ht\1d92a2f_b1f3c24_09529949\lib
  c:\ProgramData\robocorp\ht\1d92a2f_b1f3c24_09529949
  C:\ProgramData\robocorp\ht
  c:\ProgramData\robocorp\ht\1d92a2f_b1f3c24_09529949\lib\site-packages
  c:\ProgramData\robocorp\ht\1d92a2f_b1f3c24_09529949\lib\site-packages\win32
  c:\ProgramData\robocorp\ht\1d92a2f_b1f3c24_09529949\lib\site-packages\win32\lib
  c:\ProgramData\robocorp\ht\1d92a2f_b1f3c24_09529949\lib\site-packages\Pythonwin</msg>
<msg timestamp="20230316 21:20:35.958" level="ERROR">Error in file 'D:\FusionTestFramework\com.playgroundxyz.vision_project\com.playgroundxyz.vision_project.PageObject\com.playgroundxyz.vision_project.PageObject.keywords\LetsSetupYourEyeTrackingKeywords.resource' on line 4: Importing library 'D:\FusionTestFramework\src\MobileTestLibrary' failed: ModuleNotFoundError: No module named 'src'
Traceback (most recent call last):
  File "D:\FusionTestFramework\src\MobileTestLibrary\__init__.py", line 1, in &lt;module&gt;
    from src.MobileTestLibrary.ExtendedAppiumLibrary import ExtendedAppiumLibrary
PYTHONPATH:
  D:\FusionTestFramework\src
  d:\FusionTestFramework\com.playgroundxyz.vision_project
  C:\ProgramData\robocorp\ht\1d92a2f_b1f3c24_09529949\python39.zip
  c:\ProgramData\robocorp\ht\1d92a2f_b1f3c24_09529949\DLLs
  c:\ProgramData\robocorp\ht\1d92a2f_b1f3c24_09529949\lib
  c:\ProgramData\robocorp\ht\1d92a2f_b1f3c24_09529949
  C:\ProgramData\robocorp\ht
  c:\ProgramData\robocorp\ht\1d92a2f_b1f3c24_09529949\lib\site-packages
  c:\ProgramData\robocorp\ht\1d92a2f_b1f3c24_09529949\lib\site-packages\win32
  c:\ProgramData\robocorp\ht\1d92a2f_b1f3c24_09529949\lib\site-packages\win32\lib
  c:\ProgramData\robocorp\ht\1d92a2f_b1f3c24_09529949\lib\site-packages\Pythonwin</msg>
<msg timestamp="20230316 21:20:36.000" level="ERROR">Error in file 'D:\FusionTestFramework\com.playgroundxyz.vision_project\com.playgroundxyz.vision_project.PageObject\com.playgroundxyz.vision_project.PageObject.keywords\welcome page journey keywords.resource' on line 3: Importing library 'D:\FusionTestFramework\src\MobileTestLibrary' failed: ModuleNotFoundError: No module named 'src'
Traceback (most recent call last):
  File "D:\FusionTestFramework\src\MobileTestLibrary\__init__.py", line 1, in &lt;module&gt;
    from src.MobileTestLibrary.ExtendedAppiumLibrary import ExtendedAppiumLibrary
PYTHONPATH:
  D:\FusionTestFramework\src
  d:\FusionTestFramework\com.playgroundxyz.vision_project
  C:\ProgramData\robocorp\ht\1d92a2f_b1f3c24_09529949\python39.zip
  c:\ProgramData\robocorp\ht\1d92a2f_b1f3c24_09529949\DLLs
  c:\ProgramData\robocorp\ht\1d92a2f_b1f3c24_09529949\lib
  c:\ProgramData\robocorp\ht\1d92a2f_b1f3c24_09529949
  C:\ProgramData\robocorp\ht
  c:\ProgramData\robocorp\ht\1d92a2f_b1f3c24_09529949\lib\site-packages
  c:\ProgramData\robocorp\ht\1d92a2f_b1f3c24_09529949\lib\site-packages\win32
  c:\ProgramData\robocorp\ht\1d92a2f_b1f3c24_09529949\lib\site-packages\win32\lib
  c:\ProgramData\robocorp\ht\1d92a2f_b1f3c24_09529949\lib\site-packages\Pythonwin</msg>
<msg timestamp="20230316 21:20:36.029" level="ERROR">Error in file 'D:\FusionTestFramework\com.playgroundxyz.vision_project\com.playgroundxyz.vision_project.PageObject\com.playgroundxyz.vision_project.PageObject.keywords\launch_flow_keywords.resource' on line 3: Importing library 'D:\FusionTestFramework\src\MobileTestLibrary' failed: ModuleNotFoundError: No module named 'src'
Traceback (most recent call last):
  File "D:\FusionTestFramework\src\MobileTestLibrary\__init__.py", line 1, in &lt;module&gt;
    from src.MobileTestLibrary.ExtendedAppiumLibrary import ExtendedAppiumLibrary
PYTHONPATH:
  D:\FusionTestFramework\src
  d:\FusionTestFramework\com.playgroundxyz.vision_project
  C:\ProgramData\robocorp\ht\1d92a2f_b1f3c24_09529949\python39.zip
  c:\ProgramData\robocorp\ht\1d92a2f_b1f3c24_09529949\DLLs
  c:\ProgramData\robocorp\ht\1d92a2f_b1f3c24_09529949\lib
  c:\ProgramData\robocorp\ht\1d92a2f_b1f3c24_09529949
  C:\ProgramData\robocorp\ht
  c:\ProgramData\robocorp\ht\1d92a2f_b1f3c24_09529949\lib\site-packages
  c:\ProgramData\robocorp\ht\1d92a2f_b1f3c24_09529949\lib\site-packages\win32
  c:\ProgramData\robocorp\ht\1d92a2f_b1f3c24_09529949\lib\site-packages\win32\lib
  c:\ProgramData\robocorp\ht\1d92a2f_b1f3c24_09529949\lib\site-packages\Pythonwin</msg>
<msg timestamp="20230316 21:20:36.069" level="ERROR">Error in file 'D:\FusionTestFramework\com.playgroundxyz.vision_project\com.playgroundxyz.vision_project.PageObject\com.playgroundxyz.vision_project.PageObject.keywords\Setup keywords.resource' on line 3: Importing library 'D:\FusionTestFramework\src\MobileTestLibrary' failed: ModuleNotFoundError: No module named 'src'
Traceback (most recent call last):
  File "D:\FusionTestFramework\src\MobileTestLibrary\__init__.py", line 1, in &lt;module&gt;
    from src.MobileTestLibrary.ExtendedAppiumLibrary import ExtendedAppiumLibrary
PYTHONPATH:
  D:\FusionTestFramework\src
  d:\FusionTestFramework\com.playgroundxyz.vision_project
  C:\ProgramData\robocorp\ht\1d92a2f_b1f3c24_09529949\python39.zip
  c:\ProgramData\robocorp\ht\1d92a2f_b1f3c24_09529949\DLLs
  c:\ProgramData\robocorp\ht\1d92a2f_b1f3c24_09529949\lib
  c:\ProgramData\robocorp\ht\1d92a2f_b1f3c24_09529949
  C:\ProgramData\robocorp\ht
  c:\ProgramData\robocorp\ht\1d92a2f_b1f3c24_09529949\lib\site-packages
  c:\ProgramData\robocorp\ht\1d92a2f_b1f3c24_09529949\lib\site-packages\win32
  c:\ProgramData\robocorp\ht\1d92a2f_b1f3c24_09529949\lib\site-packages\win32\lib
  c:\ProgramData\robocorp\ht\1d92a2f_b1f3c24_09529949\lib\site-packages\Pythonwin</msg>
<msg timestamp="20230316 21:20:36.123" level="ERROR">Error in file 'D:\FusionTestFramework\com.playgroundxyz.vision_project\com.playgroundxyz.vision_project.PageObject\com.playgroundxyz.vision_project.PageObject.keywords\EyeGazeValiidationKeywords.resource' on line 5: Importing library 'D:\FusionTestFramework\src\MobileTestLibrary' failed: ModuleNotFoundError: No module named 'src'
Traceback (most recent call last):
  File "D:\FusionTestFramework\src\MobileTestLibrary\__init__.py", line 1, in &lt;module&gt;
    from src.MobileTestLibrary.ExtendedAppiumLibrary import ExtendedAppiumLibrary
PYTHONPATH:
  D:\FusionTestFramework\src
  d:\FusionTestFramework\com.playgroundxyz.vision_project
  C:\ProgramData\robocorp\ht\1d92a2f_b1f3c24_09529949\python39.zip
  c:\ProgramData\robocorp\ht\1d92a2f_b1f3c24_09529949\DLLs
  c:\ProgramData\robocorp\ht\1d92a2f_b1f3c24_09529949\lib
  c:\ProgramData\robocorp\ht\1d92a2f_b1f3c24_09529949
  C:\ProgramData\robocorp\ht
  c:\ProgramData\robocorp\ht\1d92a2f_b1f3c24_09529949\lib\site-packages
  c:\ProgramData\robocorp\ht\1d92a2f_b1f3c24_09529949\lib\site-packages\win32
  c:\ProgramData\robocorp\ht\1d92a2f_b1f3c24_09529949\lib\site-packages\win32\lib
  c:\ProgramData\robocorp\ht\1d92a2f_b1f3c24_09529949\lib\site-packages\Pythonwin</msg>
<msg timestamp="20230316 21:20:36.273" level="ERROR">Error in file 'D:\FusionTestFramework\com.playgroundxyz.vision_project\com.playgroundxyz.vision_project.PageObject\com.playgroundxyz.vision_project.PageObject.keywords\Allow Permission page keywords.resource' on line 3: Importing library 'D:\FusionTestFramework\src\MobileTestLibrary' failed: ModuleNotFoundError: No module named 'src'
Traceback (most recent call last):
  File "D:\FusionTestFramework\src\MobileTestLibrary\__init__.py", line 1, in &lt;module&gt;
    from src.MobileTestLibrary.ExtendedAppiumLibrary import ExtendedAppiumLibrary
PYTHONPATH:
  D:\FusionTestFramework\src
  d:\FusionTestFramework\com.playgroundxyz.vision_project
  C:\ProgramData\robocorp\ht\1d92a2f_b1f3c24_09529949\python39.zip
  c:\ProgramData\robocorp\ht\1d92a2f_b1f3c24_09529949\DLLs
  c:\ProgramData\robocorp\ht\1d92a2f_b1f3c24_09529949\lib
  c:\ProgramData\robocorp\ht\1d92a2f_b1f3c24_09529949
  C:\ProgramData\robocorp\ht
  c:\ProgramData\robocorp\ht\1d92a2f_b1f3c24_09529949\lib\site-packages
  c:\ProgramData\robocorp\ht\1d92a2f_b1f3c24_09529949\lib\site-packages\win32
  c:\ProgramData\robocorp\ht\1d92a2f_b1f3c24_09529949\lib\site-packages\win32\lib
  c:\ProgramData\robocorp\ht\1d92a2f_b1f3c24_09529949\lib\site-packages\Pythonwin</msg>
<msg timestamp="20230316 21:20:36.296" level="ERROR">Error in file 'D:\FusionTestFramework\com.playgroundxyz.vision_project\com.playgroundxyz.vision_project.PageObject\com.playgroundxyz.vision_project.PageObject.keywords\Allow Permission page keywords.resource' on line 5: Processing variable file 'D:\FusionTestFramework\com.playgroundxyz.vision_project\com.playgroundxyz.vision_project.ConfigFiles\configuration.py' failed: Importing variable file 'D:\FusionTestFramework\com.playgroundxyz.vision_project\com.playgroundxyz.vision_project.ConfigFiles\configuration.py' failed: ModuleNotFoundError: No module named 'MobileTestLibrary'
Traceback (most recent call last):
  File "D:\FusionTestFramework\com.playgroundxyz.vision_project\com.playgroundxyz.vision_project.ConfigFiles\configuration.py", line 3, in &lt;module&gt;
    from MobileTestLibrary.JsonFileReader import read_Json_file
PYTHONPATH:
  D:\FusionTestFramework\com.playgroundxyz.vision_project\com.playgroundxyz.vision_project.ConfigFiles
  d:\FusionTestFramework\com.playgroundxyz.vision_project
  C:\ProgramData\robocorp\ht\1d92a2f_b1f3c24_09529949\python39.zip
  c:\ProgramData\robocorp\ht\1d92a2f_b1f3c24_09529949\DLLs
  c:\ProgramData\robocorp\ht\1d92a2f_b1f3c24_09529949\lib
  c:\ProgramData\robocorp\ht\1d92a2f_b1f3c24_09529949
  C:\ProgramData\robocorp\ht
  c:\ProgramData\robocorp\ht\1d92a2f_b1f3c24_09529949\lib\site-packages
  c:\ProgramData\robocorp\ht\1d92a2f_b1f3c24_09529949\lib\site-packages\win32
  c:\ProgramData\robocorp\ht\1d92a2f_b1f3c24_09529949\lib\site-packages\win32\lib
  c:\ProgramData\robocorp\ht\1d92a2f_b1f3c24_09529949\lib\site-packages\Pythonwin</msg>
<msg timestamp="20230316 21:20:36.319" level="ERROR">Error in file 'D:\FusionTestFramework\com.playgroundxyz.vision_project\com.playgroundxyz.vision_project.PageObject\com.playgroundxyz.vision_project.PageObject.keywords\LetsSetupYourEyeTrackingKeywords.resource' on line 4: Importing library 'D:\FusionTestFramework\src\MobileTestLibrary' failed: ModuleNotFoundError: No module named 'src'
Traceback (most recent call last):
  File "D:\FusionTestFramework\src\MobileTestLibrary\__init__.py", line 1, in &lt;module&gt;
    from src.MobileTestLibrary.ExtendedAppiumLibrary import ExtendedAppiumLibrary
PYTHONPATH:
  D:\FusionTestFramework\src
  d:\FusionTestFramework\com.playgroundxyz.vision_project
  C:\ProgramData\robocorp\ht\1d92a2f_b1f3c24_09529949\python39.zip
  c:\ProgramData\robocorp\ht\1d92a2f_b1f3c24_09529949\DLLs
  c:\ProgramData\robocorp\ht\1d92a2f_b1f3c24_09529949\lib
  c:\ProgramData\robocorp\ht\1d92a2f_b1f3c24_09529949
  C:\ProgramData\robocorp\ht
  c:\ProgramData\robocorp\ht\1d92a2f_b1f3c24_09529949\lib\site-packages
  c:\ProgramData\robocorp\ht\1d92a2f_b1f3c24_09529949\lib\site-packages\win32
  c:\ProgramData\robocorp\ht\1d92a2f_b1f3c24_09529949\lib\site-packages\win32\lib
  c:\ProgramData\robocorp\ht\1d92a2f_b1f3c24_09529949\lib\site-packages\Pythonwin</msg>
<msg timestamp="20230316 21:20:36.342" level="ERROR">Error in file 'D:\FusionTestFramework\com.playgroundxyz.vision_project\com.playgroundxyz.vision_project.PageObject\com.playgroundxyz.vision_project.PageObject.keywords\welcome page journey keywords.resource' on line 3: Importing library 'D:\FusionTestFramework\src\MobileTestLibrary' failed: ModuleNotFoundError: No module named 'src'
Traceback (most recent call last):
  File "D:\FusionTestFramework\src\MobileTestLibrary\__init__.py", line 1, in &lt;module&gt;
    from src.MobileTestLibrary.ExtendedAppiumLibrary import ExtendedAppiumLibrary
PYTHONPATH:
  D:\FusionTestFramework\src
  d:\FusionTestFramework\com.playgroundxyz.vision_project
  C:\ProgramData\robocorp\ht\1d92a2f_b1f3c24_09529949\python39.zip
  c:\ProgramData\robocorp\ht\1d92a2f_b1f3c24_09529949\DLLs
  c:\ProgramData\robocorp\ht\1d92a2f_b1f3c24_09529949\lib
  c:\ProgramData\robocorp\ht\1d92a2f_b1f3c24_09529949
  C:\ProgramData\robocorp\ht
  c:\ProgramData\robocorp\ht\1d92a2f_b1f3c24_09529949\lib\site-packages
  c:\ProgramData\robocorp\ht\1d92a2f_b1f3c24_09529949\lib\site-packages\win32
  c:\ProgramData\robocorp\ht\1d92a2f_b1f3c24_09529949\lib\site-packages\win32\lib
  c:\ProgramData\robocorp\ht\1d92a2f_b1f3c24_09529949\lib\site-packages\Pythonwin</msg>
<msg timestamp="20230316 21:20:36.367" level="ERROR">Error in file 'D:\FusionTestFramework\com.playgroundxyz.vision_project\com.playgroundxyz.vision_project.PageObject\com.playgroundxyz.vision_project.PageObject.keywords\launch_flow_keywords.resource' on line 3: Importing library 'D:\FusionTestFramework\src\MobileTestLibrary' failed: ModuleNotFoundError: No module named 'src'
Traceback (most recent call last):
  File "D:\FusionTestFramework\src\MobileTestLibrary\__init__.py", line 1, in &lt;module&gt;
    from src.MobileTestLibrary.ExtendedAppiumLibrary import ExtendedAppiumLibrary
PYTHONPATH:
  D:\FusionTestFramework\src
  d:\FusionTestFramework\com.playgroundxyz.vision_project
  C:\ProgramData\robocorp\ht\1d92a2f_b1f3c24_09529949\python39.zip
  c:\ProgramData\robocorp\ht\1d92a2f_b1f3c24_09529949\DLLs
  c:\ProgramData\robocorp\ht\1d92a2f_b1f3c24_09529949\lib
  c:\ProgramData\robocorp\ht\1d92a2f_b1f3c24_09529949
  C:\ProgramData\robocorp\ht
  c:\ProgramData\robocorp\ht\1d92a2f_b1f3c24_09529949\lib\site-packages
  c:\ProgramData\robocorp\ht\1d92a2f_b1f3c24_09529949\lib\site-packages\win32
  c:\ProgramData\robocorp\ht\1d92a2f_b1f3c24_09529949\lib\site-packages\win32\lib
  c:\ProgramData\robocorp\ht\1d92a2f_b1f3c24_09529949\lib\site-packages\Pythonwin</msg>
<msg timestamp="20230316 21:20:36.391" level="ERROR">Error in file 'D:\FusionTestFramework\com.playgroundxyz.vision_project\com.playgroundxyz.vision_project.PageObject\com.playgroundxyz.vision_project.PageObject.keywords\Setup keywords.resource' on line 3: Importing library 'D:\FusionTestFramework\src\MobileTestLibrary' failed: ModuleNotFoundError: No module named 'src'
Traceback (most recent call last):
  File "D:\FusionTestFramework\src\MobileTestLibrary\__init__.py", line 1, in &lt;module&gt;
    from src.MobileTestLibrary.ExtendedAppiumLibrary import ExtendedAppiumLibrary
PYTHONPATH:
  D:\FusionTestFramework\src
  d:\FusionTestFramework\com.playgroundxyz.vision_project
  C:\ProgramData\robocorp\ht\1d92a2f_b1f3c24_09529949\python39.zip
  c:\ProgramData\robocorp\ht\1d92a2f_b1f3c24_09529949\DLLs
  c:\ProgramData\robocorp\ht\1d92a2f_b1f3c24_09529949\lib
  c:\ProgramData\robocorp\ht\1d92a2f_b1f3c24_09529949
  C:\ProgramData\robocorp\ht
  c:\ProgramData\robocorp\ht\1d92a2f_b1f3c24_09529949\lib\site-packages
  c:\ProgramData\robocorp\ht\1d92a2f_b1f3c24_09529949\lib\site-packages\win32
  c:\ProgramData\robocorp\ht\1d92a2f_b1f3c24_09529949\lib\site-packages\win32\lib
  c:\ProgramData\robocorp\ht\1d92a2f_b1f3c24_09529949\lib\site-packages\Pythonwin</msg>
<msg timestamp="20230316 21:20:36.421" level="ERROR">Error in file 'D:\FusionTestFramework\com.playgroundxyz.vision_project\com.playgroundxyz.vision_project.PageObject\com.playgroundxyz.vision_project.PageObject.keywords\EyeGazeValiidationKeywords.resource' on line 5: Importing library 'D:\FusionTestFramework\src\MobileTestLibrary' failed: ModuleNotFoundError: No module named 'src'
Traceback (most recent call last):
  File "D:\FusionTestFramework\src\MobileTestLibrary\__init__.py", line 1, in &lt;module&gt;
    from src.MobileTestLibrary.ExtendedAppiumLibrary import ExtendedAppiumLibrary
PYTHONPATH:
  D:\FusionTestFramework\src
  d:\FusionTestFramework\com.playgroundxyz.vision_project
  C:\ProgramData\robocorp\ht\1d92a2f_b1f3c24_09529949\python39.zip
  c:\ProgramData\robocorp\ht\1d92a2f_b1f3c24_09529949\DLLs
  c:\ProgramData\robocorp\ht\1d92a2f_b1f3c24_09529949\lib
  c:\ProgramData\robocorp\ht\1d92a2f_b1f3c24_09529949
  C:\ProgramData\robocorp\ht
  c:\ProgramData\robocorp\ht\1d92a2f_b1f3c24_09529949\lib\site-packages
  c:\ProgramData\robocorp\ht\1d92a2f_b1f3c24_09529949\lib\site-packages\win32
  c:\ProgramData\robocorp\ht\1d92a2f_b1f3c24_09529949\lib\site-packages\win32\lib
  c:\ProgramData\robocorp\ht\1d92a2f_b1f3c24_09529949\lib\site-packages\Pythonwin</msg>
<msg timestamp="20230316 21:20:36.519" level="ERROR">Error in file 'D:\FusionTestFramework\com.playgroundxyz.vision_project\com.playgroundxyz.vision_project.PageObject\com.playgroundxyz.vision_project.PageObject.keywords\Allow Permission page keywords.resource' on line 3: Importing library 'D:\FusionTestFramework\src\MobileTestLibrary' failed: ModuleNotFoundError: No module named 'src'
Traceback (most recent call last):
  File "D:\FusionTestFramework\src\MobileTestLibrary\__init__.py", line 1, in &lt;module&gt;
    from src.MobileTestLibrary.ExtendedAppiumLibrary import ExtendedAppiumLibrary
PYTHONPATH:
  D:\FusionTestFramework\src
  d:\FusionTestFramework\com.playgroundxyz.vision_project
  C:\ProgramData\robocorp\ht\1d92a2f_b1f3c24_09529949\python39.zip
  c:\ProgramData\robocorp\ht\1d92a2f_b1f3c24_09529949\DLLs
  c:\ProgramData\robocorp\ht\1d92a2f_b1f3c24_09529949\lib
  c:\ProgramData\robocorp\ht\1d92a2f_b1f3c24_09529949
  C:\ProgramData\robocorp\ht
  c:\ProgramData\robocorp\ht\1d92a2f_b1f3c24_09529949\lib\site-packages
  c:\ProgramData\robocorp\ht\1d92a2f_b1f3c24_09529949\lib\site-packages\win32
  c:\ProgramData\robocorp\ht\1d92a2f_b1f3c24_09529949\lib\site-packages\win32\lib
  c:\ProgramData\robocorp\ht\1d92a2f_b1f3c24_09529949\lib\site-packages\Pythonwin</msg>
<msg timestamp="20230316 21:20:36.540" level="ERROR">Error in file 'D:\FusionTestFramework\com.playgroundxyz.vision_project\com.playgroundxyz.vision_project.PageObject\com.playgroundxyz.vision_project.PageObject.keywords\Allow Permission page keywords.resource' on line 5: Processing variable file 'D:\FusionTestFramework\com.playgroundxyz.vision_project\com.playgroundxyz.vision_project.ConfigFiles\configuration.py' failed: Importing variable file 'D:\FusionTestFramework\com.playgroundxyz.vision_project\com.playgroundxyz.vision_project.ConfigFiles\configuration.py' failed: ModuleNotFoundError: No module named 'MobileTestLibrary'
Traceback (most recent call last):
  File "D:\FusionTestFramework\com.playgroundxyz.vision_project\com.playgroundxyz.vision_project.ConfigFiles\configuration.py", line 3, in &lt;module&gt;
    from MobileTestLibrary.JsonFileReader import read_Json_file
PYTHONPATH:
  D:\FusionTestFramework\com.playgroundxyz.vision_project\com.playgroundxyz.vision_project.ConfigFiles
  d:\FusionTestFramework\com.playgroundxyz.vision_project
  C:\ProgramData\robocorp\ht\1d92a2f_b1f3c24_09529949\python39.zip
  c:\ProgramData\robocorp\ht\1d92a2f_b1f3c24_09529949\DLLs
  c:\ProgramData\robocorp\ht\1d92a2f_b1f3c24_09529949\lib
  c:\ProgramData\robocorp\ht\1d92a2f_b1f3c24_09529949
  C:\ProgramData\robocorp\ht
  c:\ProgramData\robocorp\ht\1d92a2f_b1f3c24_09529949\lib\site-packages
  c:\ProgramData\robocorp\ht\1d92a2f_b1f3c24_09529949\lib\site-packages\win32
  c:\ProgramData\robocorp\ht\1d92a2f_b1f3c24_09529949\lib\site-packages\win32\lib
  c:\ProgramData\robocorp\ht\1d92a2f_b1f3c24_09529949\lib\site-packages\Pythonwin</msg>
<msg timestamp="20230316 21:20:36.568" level="ERROR">Error in file 'D:\FusionTestFramework\com.playgroundxyz.vision_project\com.playgroundxyz.vision_project.PageObject\com.playgroundxyz.vision_project.PageObject.keywords\LetsSetupYourEyeTrackingKeywords.resource' on line 4: Importing library 'D:\FusionTestFramework\src\MobileTestLibrary' failed: ModuleNotFoundError: No module named 'src'
Traceback (most recent call last):
  File "D:\FusionTestFramework\src\MobileTestLibrary\__init__.py", line 1, in &lt;module&gt;
    from src.MobileTestLibrary.ExtendedAppiumLibrary import ExtendedAppiumLibrary
PYTHONPATH:
  D:\FusionTestFramework\src
  d:\FusionTestFramework\com.playgroundxyz.vision_project
  C:\ProgramData\robocorp\ht\1d92a2f_b1f3c24_09529949\python39.zip
  c:\ProgramData\robocorp\ht\1d92a2f_b1f3c24_09529949\DLLs
  c:\ProgramData\robocorp\ht\1d92a2f_b1f3c24_09529949\lib
  c:\ProgramData\robocorp\ht\1d92a2f_b1f3c24_09529949
  C:\ProgramData\robocorp\ht
  c:\ProgramData\robocorp\ht\1d92a2f_b1f3c24_09529949\lib\site-packages
  c:\ProgramData\robocorp\ht\1d92a2f_b1f3c24_09529949\lib\site-packages\win32
  c:\ProgramData\robocorp\ht\1d92a2f_b1f3c24_09529949\lib\site-packages\win32\lib
  c:\ProgramData\robocorp\ht\1d92a2f_b1f3c24_09529949\lib\site-packages\Pythonwin</msg>
<msg timestamp="20230316 21:20:36.596" level="ERROR">Error in file 'D:\FusionTestFramework\com.playgroundxyz.vision_project\com.playgroundxyz.vision_project.PageObject\com.playgroundxyz.vision_project.PageObject.keywords\welcome page journey keywords.resource' on line 3: Importing library 'D:\FusionTestFramework\src\MobileTestLibrary' failed: ModuleNotFoundError: No module named 'src'
Traceback (most recent call last):
  File "D:\FusionTestFramework\src\MobileTestLibrary\__init__.py", line 1, in &lt;module&gt;
    from src.MobileTestLibrary.ExtendedAppiumLibrary import ExtendedAppiumLibrary
PYTHONPATH:
  D:\FusionTestFramework\src
  d:\FusionTestFramework\com.playgroundxyz.vision_project
  C:\ProgramData\robocorp\ht\1d92a2f_b1f3c24_09529949\python39.zip
  c:\ProgramData\robocorp\ht\1d92a2f_b1f3c24_09529949\DLLs
  c:\ProgramData\robocorp\ht\1d92a2f_b1f3c24_09529949\lib
  c:\ProgramData\robocorp\ht\1d92a2f_b1f3c24_09529949
  C:\ProgramData\robocorp\ht
  c:\ProgramData\robocorp\ht\1d92a2f_b1f3c24_09529949\lib\site-packages
  c:\ProgramData\robocorp\ht\1d92a2f_b1f3c24_09529949\lib\site-packages\win32
  c:\ProgramData\robocorp\ht\1d92a2f_b1f3c24_09529949\lib\site-packages\win32\lib
  c:\ProgramData\robocorp\ht\1d92a2f_b1f3c24_09529949\lib\site-packages\Pythonwin</msg>
<msg timestamp="20230316 21:20:36.619" level="ERROR">Error in file 'D:\FusionTestFramework\com.playgroundxyz.vision_project\com.playgroundxyz.vision_project.PageObject\com.playgroundxyz.vision_project.PageObject.keywords\launch_flow_keywords.resource' on line 3: Importing library 'D:\FusionTestFramework\src\MobileTestLibrary' failed: ModuleNotFoundError: No module named 'src'
Traceback (most recent call last):
  File "D:\FusionTestFramework\src\MobileTestLibrary\__init__.py", line 1, in &lt;module&gt;
    from src.MobileTestLibrary.ExtendedAppiumLibrary import ExtendedAppiumLibrary
PYTHONPATH:
  D:\FusionTestFramework\src
  d:\FusionTestFramework\com.playgroundxyz.vision_project
  C:\ProgramData\robocorp\ht\1d92a2f_b1f3c24_09529949\python39.zip
  c:\ProgramData\robocorp\ht\1d92a2f_b1f3c24_09529949\DLLs
  c:\ProgramData\robocorp\ht\1d92a2f_b1f3c24_09529949\lib
  c:\ProgramData\robocorp\ht\1d92a2f_b1f3c24_09529949
  C:\ProgramData\robocorp\ht
  c:\ProgramData\robocorp\ht\1d92a2f_b1f3c24_09529949\lib\site-packages
  c:\ProgramData\robocorp\ht\1d92a2f_b1f3c24_09529949\lib\site-packages\win32
  c:\ProgramData\robocorp\ht\1d92a2f_b1f3c24_09529949\lib\site-packages\win32\lib
  c:\ProgramData\robocorp\ht\1d92a2f_b1f3c24_09529949\lib\site-packages\Pythonwin</msg>
<msg timestamp="20230316 21:20:36.641" level="ERROR">Error in file 'D:\FusionTestFramework\com.playgroundxyz.vision_project\com.playgroundxyz.vision_project.PageObject\com.playgroundxyz.vision_project.PageObject.keywords\Setup keywords.resource' on line 3: Importing library 'D:\FusionTestFramework\src\MobileTestLibrary' failed: ModuleNotFoundError: No module named 'src'
Traceback (most recent call last):
  File "D:\FusionTestFramework\src\MobileTestLibrary\__init__.py", line 1, in &lt;module&gt;
    from src.MobileTestLibrary.ExtendedAppiumLibrary import ExtendedAppiumLibrary
PYTHONPATH:
  D:\FusionTestFramework\src
  d:\FusionTestFramework\com.playgroundxyz.vision_project
  C:\ProgramData\robocorp\ht\1d92a2f_b1f3c24_09529949\python39.zip
  c:\ProgramData\robocorp\ht\1d92a2f_b1f3c24_09529949\DLLs
  c:\ProgramData\robocorp\ht\1d92a2f_b1f3c24_09529949\lib
  c:\ProgramData\robocorp\ht\1d92a2f_b1f3c24_09529949
  C:\ProgramData\robocorp\ht
  c:\ProgramData\robocorp\ht\1d92a2f_b1f3c24_09529949\lib\site-packages
  c:\ProgramData\robocorp\ht\1d92a2f_b1f3c24_09529949\lib\site-packages\win32
  c:\ProgramData\robocorp\ht\1d92a2f_b1f3c24_09529949\lib\site-packages\win32\lib
  c:\ProgramData\robocorp\ht\1d92a2f_b1f3c24_09529949\lib\site-packages\Pythonwin</msg>
<msg timestamp="20230316 21:20:36.669" level="ERROR">Error in file 'D:\FusionTestFramework\com.playgroundxyz.vision_project\com.playgroundxyz.vision_project.PageObject\com.playgroundxyz.vision_project.PageObject.keywords\EyeGazeValiidationKeywords.resource' on line 5: Importing library 'D:\FusionTestFramework\src\MobileTestLibrary' failed: ModuleNotFoundError: No module named 'src'
Traceback (most recent call last):
  File "D:\FusionTestFramework\src\MobileTestLibrary\__init__.py", line 1, in &lt;module&gt;
    from src.MobileTestLibrary.ExtendedAppiumLibrary import ExtendedAppiumLibrary
PYTHONPATH:
  D:\FusionTestFramework\src
  d:\FusionTestFramework\com.playgroundxyz.vision_project
  C:\ProgramData\robocorp\ht\1d92a2f_b1f3c24_09529949\python39.zip
  c:\ProgramData\robocorp\ht\1d92a2f_b1f3c24_09529949\DLLs
  c:\ProgramData\robocorp\ht\1d92a2f_b1f3c24_09529949\lib
  c:\ProgramData\robocorp\ht\1d92a2f_b1f3c24_09529949
  C:\ProgramData\robocorp\ht
  c:\ProgramData\robocorp\ht\1d92a2f_b1f3c24_09529949\lib\site-packages
  c:\ProgramData\robocorp\ht\1d92a2f_b1f3c24_09529949\lib\site-packages\win32
  c:\ProgramData\robocorp\ht\1d92a2f_b1f3c24_09529949\lib\site-packages\win32\lib
  c:\ProgramData\robocorp\ht\1d92a2f_b1f3c24_09529949\lib\site-packages\Pythonwin</msg>
</errors>
</robot>
