<?xml version="1.0" encoding="UTF-8"?>
<robot generator="Robot 5.0.1 (Python 3.9.13 on win32)" generated="20230316 21:38:09.773" rpa="false" schemaversion="3">
<suite id="s1" name="Example" source="D:\FusionTestFramework\com.playgroundxyz.vision_project\com.playgroundxyz.vision_project.TestcaseSuite">
<suite id="s1-s1" name="TC001 - Tap on 'Privacy policy' and verify user is landing on Privacy policy page" source="D:\FusionTestFramework\com.playgroundxyz.vision_project\com.playgroundxyz.vision_project.TestcaseSuite\TC001 - Tap on 'Privacy policy' and verify user is landing on Privacy policy page.robot">
<kw name="Setup before suit start" library="Setup keywords" type="SETUP">
<kw name="MobileTestLibrary.Start Appium Service">
<msg timestamp="20230316 21:38:10.748" level="FAIL">No keyword with name 'MobileTestLibrary.Start Appium Service' found.</msg>
<status status="FAIL" starttime="20230316 21:38:10.748" endtime="20230316 21:38:10.748"/>
</kw>
<kw name="Set Log Level" library="BuiltIn">
<arg>DEBUG</arg>
<doc>Sets the log threshold to the specified level and returns the old level.</doc>
<status status="NOT RUN" starttime="20230316 21:38:10.752" endtime="20230316 21:38:10.753"/>
</kw>
<kw name="Log To Console" library="BuiltIn">
<arg>Appium server started .....</arg>
<doc>Logs the given message to the console.</doc>
<status status="NOT RUN" starttime="20230316 21:38:10.754" endtime="20230316 21:38:10.754"/>
</kw>
<status status="FAIL" starttime="20230316 21:38:10.730" endtime="20230316 21:38:10.755"/>
</kw>
<test id="s1-s1-t1" name="Tap on 'Privacy policy' and verify user is landing on Privacy policy page" line="11">
<doc>Verification that Google Play button redirecting user to Vision Project on play store</doc>
<tag>regression</tag>
<status status="FAIL" starttime="20230316 21:38:10.755" endtime="20230316 21:38:10.759">Parent suite setup failed:
No keyword with name 'MobileTestLibrary.Start Appium Service' found.</status>
</test>
<kw name="tearDown" library="Setup keywords" type="TEARDOWN">
<kw name="MobileTestLibrary.Stop Appium Service">
<msg timestamp="20230316 21:38:10.776" level="FAIL">No keyword with name 'MobileTestLibrary.Stop Appium Service' found.</msg>
<status status="FAIL" starttime="20230316 21:38:10.776" endtime="20230316 21:38:10.776"/>
</kw>
<status status="FAIL" starttime="20230316 21:38:10.762" endtime="20230316 21:38:10.777">No keyword with name 'MobileTestLibrary.Stop Appium Service' found.</status>
</kw>
<status status="FAIL" starttime="20230316 21:38:09.824" endtime="20230316 21:38:10.777">Suite setup failed:
No keyword with name 'MobileTestLibrary.Start Appium Service' found.

Also suite teardown failed:
No keyword with name 'MobileTestLibrary.Stop Appium Service' found.</status>
</suite>
<suite id="s1-s2" name="TC002 - Verify that Deep link URL is providing QR code" source="D:\FusionTestFramework\com.playgroundxyz.vision_project\com.playgroundxyz.vision_project.TestcaseSuite\TC002 - Verify that Deep link URL is providing QR code.robot">
<test id="s1-s2-t1" name="Verify that Deep link URL is providing QR code" line="9">
<kw name="Launch browser and input url" library="Setup keywords" type="SETUP">
<kw name="Open Browser" library="WebApplicationTestLibrary">
<arg>${url}</arg>
<arg>${Browser}</arg>
<arg>executable_path=drivers/chromedriver.exe</arg>
<doc>Opens a new browser instance to the optional ``url``.</doc>
<msg timestamp="20230316 21:38:10.946" level="FAIL">Variable '${url}' not found.</msg>
<status status="FAIL" starttime="20230316 21:38:10.943" endtime="20230316 21:38:10.946"/>
</kw>
<kw name="Maximize Browser Window" library="WebApplicationTestLibrary">
<doc>Maximizes current browser window.</doc>
<status status="NOT RUN" starttime="20230316 21:38:10.947" endtime="20230316 21:38:10.947"/>
</kw>
<status status="FAIL" starttime="20230316 21:38:10.943" endtime="20230316 21:38:10.948"/>
</kw>
<kw name="Close Browser" library="WebApplicationTestLibrary" type="TEARDOWN">
<doc>Closes the current browser.</doc>
<status status="PASS" starttime="20230316 21:38:10.948" endtime="20230316 21:38:10.949"/>
</kw>
<doc>verification of barcode generation of specified link</doc>
<tag>regression</tag>
<status status="FAIL" starttime="20230316 21:38:10.941" endtime="20230316 21:38:10.949">Setup failed:
Variable '${url}' not found.</status>
</test>
<status status="FAIL" starttime="20230316 21:38:10.780" endtime="20230316 21:38:10.950"/>
</suite>
<suite id="s1-s3" name="TC003 - Verify that Google Play button redirecting user to Vision Project on play store" source="D:\FusionTestFramework\com.playgroundxyz.vision_project\com.playgroundxyz.vision_project.TestcaseSuite\TC003 - Verify that Google Play button redirecting user to Vision Project on play store.robot">
<kw name="Setup before suit start" library="Setup keywords" type="SETUP">
<kw name="MobileTestLibrary.Start Appium Service">
<msg timestamp="20230316 21:38:11.135" level="FAIL">No keyword with name 'MobileTestLibrary.Start Appium Service' found.</msg>
<status status="FAIL" starttime="20230316 21:38:11.135" endtime="20230316 21:38:11.135"/>
</kw>
<kw name="Set Log Level" library="BuiltIn">
<arg>DEBUG</arg>
<doc>Sets the log threshold to the specified level and returns the old level.</doc>
<status status="NOT RUN" starttime="20230316 21:38:11.136" endtime="20230316 21:38:11.136"/>
</kw>
<kw name="Log To Console" library="BuiltIn">
<arg>Appium server started .....</arg>
<doc>Logs the given message to the console.</doc>
<status status="NOT RUN" starttime="20230316 21:38:11.136" endtime="20230316 21:38:11.136"/>
</kw>
<status status="FAIL" starttime="20230316 21:38:11.122" endtime="20230316 21:38:11.138"/>
</kw>
<test id="s1-s3-t1" name="Verify that Google Play button redirecting user to Vision Project on play store" line="11">
<doc>Verification that Google Play button redirecting user to Vision Project on play store</doc>
<tag>regression</tag>
<status status="FAIL" starttime="20230316 21:38:11.138" endtime="20230316 21:38:11.139">Parent suite setup failed:
No keyword with name 'MobileTestLibrary.Start Appium Service' found.</status>
</test>
<kw name="tearDown" library="Setup keywords" type="TEARDOWN">
<kw name="MobileTestLibrary.Stop Appium Service">
<msg timestamp="20230316 21:38:11.153" level="FAIL">No keyword with name 'MobileTestLibrary.Stop Appium Service' found.</msg>
<status status="FAIL" starttime="20230316 21:38:11.153" endtime="20230316 21:38:11.153"/>
</kw>
<status status="FAIL" starttime="20230316 21:38:11.140" endtime="20230316 21:38:11.154">No keyword with name 'MobileTestLibrary.Stop Appium Service' found.</status>
</kw>
<status status="FAIL" starttime="20230316 21:38:10.953" endtime="20230316 21:38:11.154">Suite setup failed:
No keyword with name 'MobileTestLibrary.Start Appium Service' found.

Also suite teardown failed:
No keyword with name 'MobileTestLibrary.Stop Appium Service' found.</status>
</suite>
<suite id="s1-s4" name="TC004 - Verify that if social app is not installed on phone then App was not found screen appears" source="D:\FusionTestFramework\com.playgroundxyz.vision_project\com.playgroundxyz.vision_project.TestcaseSuite\TC004 - Verify that if social app is not installed on phone then App was not found screen appears.robot">
<kw name="Setup before suit start" library="Setup keywords" type="SETUP">
<kw name="MobileTestLibrary.Start Appium Service">
<msg timestamp="20230316 21:38:11.321" level="FAIL">No keyword with name 'MobileTestLibrary.Start Appium Service' found.</msg>
<status status="FAIL" starttime="20230316 21:38:11.321" endtime="20230316 21:38:11.322"/>
</kw>
<kw name="Set Log Level" library="BuiltIn">
<arg>DEBUG</arg>
<doc>Sets the log threshold to the specified level and returns the old level.</doc>
<status status="NOT RUN" starttime="20230316 21:38:11.322" endtime="20230316 21:38:11.322"/>
</kw>
<kw name="Log To Console" library="BuiltIn">
<arg>Appium server started .....</arg>
<doc>Logs the given message to the console.</doc>
<status status="NOT RUN" starttime="20230316 21:38:11.322" endtime="20230316 21:38:11.322"/>
</kw>
<status status="FAIL" starttime="20230316 21:38:11.309" endtime="20230316 21:38:11.323"/>
</kw>
<test id="s1-s4-t1" name="Verify that if social app is not installed on phone then App was not found screen appears" line="11">
<doc>Verification that if social app is not installed on phone then App was not found screen appears</doc>
<tag>smoke</tag>
<status status="FAIL" starttime="20230316 21:38:11.323" endtime="20230316 21:38:11.324">Parent suite setup failed:
No keyword with name 'MobileTestLibrary.Start Appium Service' found.</status>
</test>
<kw name="tearDown" library="Setup keywords" type="TEARDOWN">
<kw name="MobileTestLibrary.Stop Appium Service">
<msg timestamp="20230316 21:38:11.335" level="FAIL">No keyword with name 'MobileTestLibrary.Stop Appium Service' found.</msg>
<status status="FAIL" starttime="20230316 21:38:11.334" endtime="20230316 21:38:11.335"/>
</kw>
<status status="FAIL" starttime="20230316 21:38:11.325" endtime="20230316 21:38:11.335">No keyword with name 'MobileTestLibrary.Stop Appium Service' found.</status>
</kw>
<status status="FAIL" starttime="20230316 21:38:11.156" endtime="20230316 21:38:11.335">Suite setup failed:
No keyword with name 'MobileTestLibrary.Start Appium Service' found.

Also suite teardown failed:
No keyword with name 'MobileTestLibrary.Stop Appium Service' found.</status>
</suite>
<suite id="s1-s5" name="TC005 - Verify welcome page journey is as excepted" source="D:\FusionTestFramework\com.playgroundxyz.vision_project\com.playgroundxyz.vision_project.TestcaseSuite\TC005 - Verify welcome page journey is as excepted.robot">
<kw name="Setup before suit start" library="Setup keywords" type="SETUP">
<kw name="MobileTestLibrary.Start Appium Service">
<msg timestamp="20230316 21:38:11.608" level="FAIL">No keyword with name 'MobileTestLibrary.Start Appium Service' found.</msg>
<status status="FAIL" starttime="20230316 21:38:11.608" endtime="20230316 21:38:11.608"/>
</kw>
<kw name="Set Log Level" library="BuiltIn">
<arg>DEBUG</arg>
<doc>Sets the log threshold to the specified level and returns the old level.</doc>
<status status="NOT RUN" starttime="20230316 21:38:11.608" endtime="20230316 21:38:11.608"/>
</kw>
<kw name="Log To Console" library="BuiltIn">
<arg>Appium server started .....</arg>
<doc>Logs the given message to the console.</doc>
<status status="NOT RUN" starttime="20230316 21:38:11.609" endtime="20230316 21:38:11.609"/>
</kw>
<status status="FAIL" starttime="20230316 21:38:11.595" endtime="20230316 21:38:11.609"/>
</kw>
<test id="s1-s5-t1" name="Verify that user is able to paste study link using Paste study link" line="11">
<doc>Verification that user is able to paste study link using Paste study link</doc>
<tag>regression</tag>
<status status="FAIL" starttime="20230316 21:38:11.609" endtime="20230316 21:38:11.611">Parent suite setup failed:
No keyword with name 'MobileTestLibrary.Start Appium Service' found.</status>
</test>
<test id="s1-s5-t2" name="Verify that Help page open up when user taps on help icon&quot;?&quot;" line="21">
<doc>Verification that Help page open up when user taps on help icon"?"</doc>
<tag>regression</tag>
<status status="FAIL" starttime="20230316 21:38:11.611" endtime="20230316 21:38:11.612">Parent suite setup failed:
No keyword with name 'MobileTestLibrary.Start Appium Service' found.</status>
</test>
<kw name="tearDown" library="Setup keywords" type="TEARDOWN">
<kw name="MobileTestLibrary.Stop Appium Service">
<msg timestamp="20230316 21:38:11.624" level="FAIL">No keyword with name 'MobileTestLibrary.Stop Appium Service' found.</msg>
<status status="FAIL" starttime="20230316 21:38:11.624" endtime="20230316 21:38:11.624"/>
</kw>
<status status="FAIL" starttime="20230316 21:38:11.613" endtime="20230316 21:38:11.625">No keyword with name 'MobileTestLibrary.Stop Appium Service' found.</status>
</kw>
<status status="FAIL" starttime="20230316 21:38:11.338" endtime="20230316 21:38:11.625">Suite setup failed:
No keyword with name 'MobileTestLibrary.Start Appium Service' found.

Also suite teardown failed:
No keyword with name 'MobileTestLibrary.Stop Appium Service' found.</status>
</suite>
<suite id="s1-s6" name="TC006 - sample" source="D:\FusionTestFramework\com.playgroundxyz.vision_project\com.playgroundxyz.vision_project.TestcaseSuite\TC006 - sample.robot">
<test id="s1-s6-t1" name="Testcase001" line="7">
<kw name="GET" library="APITestExtendedLibrary">
<var>@{get}</var>
<arg>https://www.google.com/</arg>
<arg>json</arg>
<doc>Sends a GET request.</doc>
<msg timestamp="20230316 21:38:14.123" level="INFO">GET Request : url=https://www.google.com/?json 
 path_url=/?json 
 headers={'User-Agent': 'python-requests/2.28.2', 'Accept-Encoding': 'gzip, deflate', 'Accept': '*/*', 'Connection': 'keep-alive'} 
 body=None 
 </msg>
<msg timestamp="20230316 21:38:14.124" level="INFO">GET Response : url=https://www.google.com/?json 
 status=200, reason=OK 
 headers={'Date': 'Thu, 16 Mar 2023 16:08:14 GMT', 'Expires': '-1', 'Cache-Control': 'private, max-age=0', 'Content-Type': 'text/html; charset=ISO-8859-1', 'P3P': 'CP="This is not a P3P policy! See g.co/p3phelp for more info."', 'Content-Encoding': 'gzip', 'Server': 'gws', 'X-XSS-Protection': '0', 'X-Frame-Options': 'SAMEORIGIN', 'Set-Cookie': '1P_JAR=2023-03-16-16; expires=Sat, 15-Apr-2023 16:08:14 GMT; path=/; domain=.google.com; Secure, AEC=ARSKqsIKSJj-embFmwSr3Uip2u-Y9gBxf7MRVDdScX-m2H_ZV795fKVhlQ; expires=Tue, 12-Sep-2023 16:08:14 GMT; path=/; domain=.google.com; Secure; HttpOnly; SameSite=lax, NID=511=N2F8SaLmEqwVQ1mIbgc1r1XVZqt_9HPcV-h33IPN8ZETutR0jblkc0K9Ral-lQ4S8At2-a6FWdQ9kK-d4tVvToBOHi1bndTmt-XJBoVfQoD2B-8ZuTPFul3jYzs19U6hE7SQ0d5qk2lOBAz_omVhrT5oYcvat-EJYHzcB8aX0vY; expires=Fri, 15-Sep-2023 16:08:13 GMT; path=/; domain=.google.com; HttpOnly', 'Alt-Svc': 'h3=":443"; ma=2592000,h3-29=":443"; ma=2592000', 'Transfer-Encoding': 'chunked'} 
 body=&lt;!doctype html&gt;&lt;html itemscope="" itemtype="http://schema.org/WebPage" lang="en-IN"&gt;&lt;head&gt;&lt;meta content="text/html; charset=UTF-8" http-equiv="Content-Type"&gt;&lt;meta content="/images/branding/googleg/1x/googleg_standard_color_128dp.png" itemprop="image"&gt;&lt;title&gt;Google&lt;/title&gt;&lt;script nonce="fItkkgQKDIHXw5IUPKus-g"&gt;(function(){window.google={kEI:'7T4TZNjvO4mbseMPhYCJcA',kEXPI:'0,1359409,6059,206,4804,2316,383,246,5,1129120,1197733,838,379920,16114,19398,9286,22431,1361,12319,4745,12835,4998,13228,3847,38444,885,1987,2891,4139,7615,606,60690,15756,3,346,230,1014,1,5444,11472,2652,4,1528,2304,29062,13064,13659,4437,9358,7428,5782,2575,4094,7596,1,42157,2,14019,2715,3533,19491,5679,1021,31122,4568,6258,23418,1249,5838,14968,4332,8,7476,445,2,2,1,10956,13670,2006,8155,7381,2,15968,873,19635,5,1922,5784,3995,19130,2260,14764,6305,2007,18191,20137,14,82,13333,6873,1622,1779,3165,1,1810,3787,154,2321,1786,329,6514,8481,991,3030,427,2607,3076,1411,890,2246,439,4720,1295,509,6249,1304,181,404,91,442,708,1093,1648,109,96,1032,2455,7025,447,3550,5520,154,212,2,375,537,2595,2647,670,1,1170,1068,512,694,269,38,561,196,813,1552,1913,182,87,102,13,762,844,5174,1167,150,3,71,591,67,4,756,1177,1649,37,361,682,192,561,1160,3327,203,975,5,674,293,983,19,4,4,433,280,401,208,3,42,358,166,486,4,459,43,335,224,220,2,181,2,301,653,3,449,33,255,2,121,89,3,693,3,1210,791,232,84,2,537,354,3,1281,265,81,804,116,306,195,2,550,76,277,419,483,19,433,95,12,866,310,614,89,261,5226370,351,138,8798706,3311,141,795,19735,1,1,346,4569,16,23945899,4042143,1964,16673,2893,512,5738,12560,1541,530,919,150,1415096,172543',kBL:'mLrg'};google.sn='webhp';google.kHL='en-IN';})();(function(){
var f=this||self;var h,k=[];function l(a){for(var b;a&amp;&amp;(!a.getAttribute||!(b=a.getAttribute("eid")));)a=a.parentNode;return b||h}function m(a){for(var b=null;a&amp;&amp;(!a.getAttribute||!(b=a.getAttribute("leid")));)a=a.parentNode;return b}
function n(a,b,c,d,g){var e="";c||-1!==b.search("&amp;ei=")||(e="&amp;ei="+l(d),-1===b.search("&amp;lei=")&amp;&amp;(d=m(d))&amp;&amp;(e+="&amp;lei="+d));d="";!c&amp;&amp;f._cshid&amp;&amp;-1===b.search("&amp;cshid=")&amp;&amp;"slh"!==a&amp;&amp;(d="&amp;cshid="+f._cshid);c=c||"/"+(g||"gen_204")+"?atyp=i&amp;ct="+a+"&amp;cad="+b+e+"&amp;zx="+Date.now()+d;/^http:/i.test(c)&amp;&amp;"https:"===window.location.protocol&amp;&amp;(google.ml&amp;&amp;google.ml(Error("a"),!1,{src:c,glmm:1}),c="");return c};h=google.kEI;google.getEI=l;google.getLEI=m;google.ml=function(){return null};google.log=function(a,b,c,d,g){if(c=n(a,b,c,d,g)){a=new Image;var e=k.length;k[e]=a;a.onerror=a.onload=a.onabort=function(){delete k[e]};a.src=c}};google.logUrl=n;}).call(this);(function(){google.y={};google.sy=[];google.x=function(a,b){if(a)var c=a.id;else{do c=Math.random();while(google.y[c])}google.y[c]=[a,b];return!1};google.sx=function(a){google.sy.push(a)};google.lm=[];google.plm=function(a){google.lm.push.apply(google.lm,a)};google.lq=[];google.load=function(a,b,c){google.lq.push([[a],b,c])};google.loadAll=function(a,b){google.lq.push([a,b])};google.bx=!1;google.lx=function(){};}).call(this);google.f={};(function(){
document.documentElement.addEventListener("submit",function(b){var a;if(a=b.target){var c=a.getAttribute("data-submitfalse");a="1"===c||"q"===c&amp;&amp;!a.elements.q.value?!0:!1}else a=!1;a&amp;&amp;(b.preventDefault(),b.stopPropagation())},!0);document.documentElement.addEventListener("click",function(b){var a;a:{for(a=b.target;a&amp;&amp;a!==document.documentElement;a=a.parentElement)if("A"===a.tagName){a="1"===a.getAttribute("data-nohref");break a}a=!1}a&amp;&amp;b.preventDefault()},!0);}).call(this);&lt;/script&gt;&lt;style&gt;#gbar,#guser{font-size:13px;padding-top:1px !important;}#gbar{height:22px}#guser{padding-bottom:7px !important;text-align:right}.gbh,.gbd{border-top:1px solid #c9d7f1;font-size:1px}.gbh{height:0;position:absolute;top:24px;width:100%}@media all{.gb1{height:22px;margin-right:.5em;vertical-align:top}#gbar{float:left}}a.gb1,a.gb4{text-decoration:underline !important}a.gb1,a.gb4{color:#00c !important}.gbi .gb4{color:#dd8e27 !important}.gbf .gb4{color:#900 !important}
&lt;/style&gt;&lt;style&gt;body,td,a,p,.h{font-family:arial,sans-serif}body{margin:0;overflow-y:scroll}#gog{padding:3px 8px 0}td{line-height:.8em}.gac_m td{line-height:17px}form{margin-bottom:20px}.h{color:#1558d6}em{font-weight:bold;font-style:normal}.lst{height:25px;width:496px}.gsfi,.lst{font:18px arial,sans-serif}.gsfs{font:17px arial,sans-serif}.ds{display:inline-box;display:inline-block;margin:3px 0 4px;margin-left:4px}input{font-family:inherit}body{background:#fff;color:#000}a{color:#4b11a8;text-decoration:none}a:hover,a:active{text-decoration:underline}.fl a{color:#1558d6}a:visited{color:#4b11a8}.sblc{padding-top:5px}.sblc a{display:block;margin:2px 0;margin-left:13px;font-size:11px}.lsbb{background:#f8f9fa;border:solid 1px;border-color:#dadce0 #70757a #70757a #dadce0;height:30px}.lsbb{display:block}#WqQANb a{display:inline-block;margin:0 12px}.lsb{background:url(/images/nav_logo229.png) 0 -261px repeat-x;border:none;color:#000;cursor:pointer;height:30px;margin:0;outline:0;font:15px arial,sans-serif;vertical-align:top}.lsb:active{background:#dadce0}.lst:focus{outline:none}&lt;/style&gt;&lt;script nonce="fItkkgQKDIHXw5IUPKus-g"&gt;(function(){window.google.erd={jsr:1,bv:1760,de:true};
var h=this||self;var k,l=null!=(k=h.mei)?k:1,n,p=null!=(n=h.sdo)?n:!0,q=0,r,t=google.erd,v=t.jsr;google.ml=function(a,b,d,m,e){e=void 0===e?2:e;b&amp;&amp;(r=a&amp;&amp;a.message);if(google.dl)return google.dl(a,e,d),null;if(0&gt;v){window.console&amp;&amp;console.error(a,d);if(-2===v)throw a;b=!1}else b=!a||!a.message||"Error loading script"===a.message||q&gt;=l&amp;&amp;!m?!1:!0;if(!b)return null;q++;d=d||{};b=encodeURIComponent;var c="/gen_204?atyp=i&amp;ei="+b(google.kEI);google.kEXPI&amp;&amp;(c+="&amp;jexpid="+b(google.kEXPI));c+="&amp;srcpg="+b(google.sn)+"&amp;jsr="+b(t.jsr)+"&amp;bver="+b(t.bv);var f=a.lineNumber;void 0!==f&amp;&amp;(c+="&amp;line="+f);var g=
a.fileName;g&amp;&amp;(0&lt;g.indexOf("-extension:/")&amp;&amp;(e=3),c+="&amp;script="+b(g),f&amp;&amp;g===window.location.href&amp;&amp;(f=document.documentElement.outerHTML.split("\n")[f],c+="&amp;cad="+b(f?f.substring(0,300):"No script found.")));c+="&amp;jsel="+e;for(var u in d)c+="&amp;",c+=b(u),c+="=",c+=b(d[u]);c=c+"&amp;emsg="+b(a.name+": "+a.message);c=c+"&amp;jsst="+b(a.stack||"N/A");12288&lt;=c.length&amp;&amp;(c=c.substr(0,12288));a=c;m||google.log(0,"",a);return a};window.onerror=function(a,b,d,m,e){r!==a&amp;&amp;(a=e instanceof Error?e:Error(a),void 0===d||"lineNumber"in a||(a.lineNumber=d),void 0===b||"fileName"in a||(a.fileName=b),google.ml(a,!1,void 0,!1,"SyntaxError"===a.name||"SyntaxError"===a.message.substring(0,11)||-1!==a.message.indexOf("Script error")?3:0));r=null;p&amp;&amp;q&gt;=l&amp;&amp;(window.onerror=null)};})();&lt;/script&gt;&lt;/head&gt;&lt;body bgcolor="#fff"&gt;&lt;script nonce="fItkkgQKDIHXw5IUPKus-g"&gt;(function(){var src='/images/nav_logo229.png';var iesg=false;document.body.onload = function(){window.n &amp;&amp; window.n();if (document.images){new Image().src=src;}
if (!iesg){document.f&amp;&amp;document.f.q.focus();document.gbqf&amp;&amp;document.gbqf.q.focus();}
}
})();&lt;/script&gt;&lt;div id="mngb"&gt;&lt;div id=gbar&gt;&lt;nobr&gt;&lt;b class=gb1&gt;Search&lt;/b&gt; &lt;a class=gb1 href="https://www.google.co.in/imghp?hl=en&amp;tab=wi"&gt;Images&lt;/a&gt; &lt;a class=gb1 href="https://maps.google.co.in/maps?hl=en&amp;tab=wl"&gt;Maps&lt;/a&gt; &lt;a class=gb1 href="https://play.google.com/?hl=en&amp;tab=w8"&gt;Play&lt;/a&gt; &lt;a class=gb1 href="https://www.youtube.com/?tab=w1"&gt;YouTube&lt;/a&gt; &lt;a class=gb1 href="https://news.google.com/?tab=wn"&gt;News&lt;/a&gt; &lt;a class=gb1 href="https://mail.google.com/mail/?tab=wm"&gt;Gmail&lt;/a&gt; &lt;a class=gb1 href="https://drive.google.com/?tab=wo"&gt;Drive&lt;/a&gt; &lt;a class=gb1 style="text-decoration:none" href="https://www.google.co.in/intl/en/about/products?tab=wh"&gt;&lt;u&gt;More&lt;/u&gt; &amp;raquo;&lt;/a&gt;&lt;/nobr&gt;&lt;/div&gt;&lt;div id=guser width=100%&gt;&lt;nobr&gt;&lt;span id=gbn class=gbi&gt;&lt;/span&gt;&lt;span id=gbf class=gbf&gt;&lt;/span&gt;&lt;span id=gbe&gt;&lt;/span&gt;&lt;a href="http://www.google.co.in/history/optout?hl=en" class=gb4&gt;Web History&lt;/a&gt; | &lt;a  href="/preferences?hl=en" class=gb4&gt;Settings&lt;/a&gt; | &lt;a target=_top id=gb_70 href="https://accounts.google.com/ServiceLogin?hl=en&amp;passive=true&amp;continue=https://www.google.com/%3Fjson&amp;ec=GAZAAQ" class=gb4&gt;Sign in&lt;/a&gt;&lt;/nobr&gt;&lt;/div&gt;&lt;div class=gbh style=left:0&gt;&lt;/div&gt;&lt;div class=gbh style=right:0&gt;&lt;/div&gt;&lt;/div&gt;&lt;center&gt;&lt;br clear="all" id="lgpd"&gt;&lt;div id="lga"&gt;&lt;img alt="Google" height="92" src="/images/branding/googlelogo/1x/googlelogo_white_background_color_272x92dp.png" style="padding:28px 0 14px" width="272" id="hplogo"&gt;&lt;br&gt;&lt;br&gt;&lt;/div&gt;&lt;form action="/search" name="f"&gt;&lt;table cellpadding="0" cellspacing="0"&gt;&lt;tr valign="top"&gt;&lt;td width="25%"&gt;&amp;nbsp;&lt;/td&gt;&lt;td align="center" nowrap=""&gt;&lt;input name="ie" value="ISO-8859-1" type="hidden"&gt;&lt;input value="en-IN" name="hl" type="hidden"&gt;&lt;input name="source" type="hidden" value="hp"&gt;&lt;input name="biw" type="hidden"&gt;&lt;input name="bih" type="hidden"&gt;&lt;div class="ds" style="height:32px;margin:4px 0"&gt;&lt;input class="lst" style="margin:0;padding:5px 8px 0 6px;vertical-align:top;color:#000" autocomplete="off" value="" title="Google Search" maxlength="2048" name="q" size="57"&gt;&lt;/div&gt;&lt;br style="line-height:0"&gt;&lt;span class="ds"&gt;&lt;span class="lsbb"&gt;&lt;input class="lsb" value="Google Search" name="btnG" type="submit"&gt;&lt;/span&gt;&lt;/span&gt;&lt;span class="ds"&gt;&lt;span class="lsbb"&gt;&lt;input class="lsb" id="tsuid_1" value="I'm Feeling Lucky" name="btnI" type="submit"&gt;&lt;script nonce="fItkkgQKDIHXw5IUPKus-g"&gt;(function(){var id='tsuid_1';document.getElementById(id).onclick = function(){if (this.form.q.value){this.checked = 1;if (this.form.iflsig)this.form.iflsig.disabled = false;}
else top.location='/doodles/';};})();&lt;/script&gt;&lt;input value="AK50M_UAAAAAZBNM_urA3rNmLTQ7nlQRVYftUalWK4DP" name="iflsig" type="hidden"&gt;&lt;/span&gt;&lt;/span&gt;&lt;/td&gt;&lt;td class="fl sblc" align="left" nowrap="" width="25%"&gt;&lt;a href="/advanced_search?hl=en-IN&amp;amp;authuser=0"&gt;Advanced search&lt;/a&gt;&lt;/td&gt;&lt;/tr&gt;&lt;/table&gt;&lt;input id="gbv" name="gbv" type="hidden" value="1"&gt;&lt;script nonce="fItkkgQKDIHXw5IUPKus-g"&gt;(function(){var a,b="1";if(document&amp;&amp;document.getElementById)if("undefined"!=typeof XMLHttpRequest)b="2";else if("undefined"!=typeof ActiveXObject){var c,d,e=["MSXML2.XMLHTTP.6.0","MSXML2.XMLHTTP.3.0","MSXML2.XMLHTTP","Microsoft.XMLHTTP"];for(c=0;d=e[c++];)try{new ActiveXObject(d),b="2"}catch(h){}}a=b;if("2"==... (set the log level to DEBUG or TRACE to see the full content) 
 </msg>
<msg timestamp="20230316 21:38:14.130" level="INFO">@{get} = [ &lt;!doctype html&gt;&lt;html itemscope="" itemtype="http://schema.org/WebPage" lang="en-IN"&gt;&lt;head&gt;&lt;meta content="text/html; charset=UTF- | 8" http-equiv="Content-Type"&gt;&lt;meta content="/images/branding/google...</msg>
<status status="PASS" starttime="20230316 21:38:11.987" endtime="20230316 21:38:14.130"/>
</kw>
<for flavor="IN">
<var>${element}</var>
<value>@{get}</value>
<iter>
<var name="${element}">&lt;!doctype html&gt;&lt;html itemscope="" itemtype="http://schema.org/WebPage" lang="en-IN"&gt;&lt;head&gt;&lt;meta content="text/html; charset=UTF-</var>
<kw name="Log To Console" library="BuiltIn">
<arg>${element}</arg>
<doc>Logs the given message to the console.</doc>
<status status="PASS" starttime="20230316 21:38:14.133" endtime="20230316 21:38:14.135"/>
</kw>
<status status="PASS" starttime="20230316 21:38:14.132" endtime="20230316 21:38:14.136"/>
</iter>
<iter>
<var name="${element}">8" http-equiv="Content-Type"&gt;&lt;meta content="/images/branding/googleg/1x/googleg_standard_color_128dp.png" itemprop="image"&gt;&lt;titl</var>
<kw name="Log To Console" library="BuiltIn">
<arg>${element}</arg>
<doc>Logs the given message to the console.</doc>
<status status="PASS" starttime="20230316 21:38:14.138" endtime="20230316 21:38:14.140"/>
</kw>
<status status="PASS" starttime="20230316 21:38:14.137" endtime="20230316 21:38:14.141"/>
</iter>
<iter>
<var name="${element}">e&gt;Google&lt;/title&gt;&lt;script nonce="fItkkgQKDIHXw5IUPKus-g"&gt;(function(){window.google={kEI:'7T4TZNjvO4mbseMPhYCJcA',kEXPI:'0,1359409,</var>
<kw name="Log To Console" library="BuiltIn">
<arg>${element}</arg>
<doc>Logs the given message to the console.</doc>
<status status="PASS" starttime="20230316 21:38:14.143" endtime="20230316 21:38:14.146"/>
</kw>
<status status="PASS" starttime="20230316 21:38:14.142" endtime="20230316 21:38:14.147"/>
</iter>
<iter>
<var name="${element}">6059,206,4804,2316,383,246,5,1129120,1197733,838,379920,16114,19398,9286,22431,1361,12319,4745,12835,4998,13228,3847,38444,885,1</var>
<kw name="Log To Console" library="BuiltIn">
<arg>${element}</arg>
<doc>Logs the given message to the console.</doc>
<status status="PASS" starttime="20230316 21:38:14.150" endtime="20230316 21:38:14.152"/>
</kw>
<status status="PASS" starttime="20230316 21:38:14.149" endtime="20230316 21:38:14.153"/>
</iter>
<iter>
<var name="${element}">987,2891,4139,7615,606,60690,15756,3,346,230,1014,1,5444,11472,2652,4,1528,2304,29062,13064,13659,4437,9358,7428,5782,2575,4094,</var>
<kw name="Log To Console" library="BuiltIn">
<arg>${element}</arg>
<doc>Logs the given message to the console.</doc>
<status status="PASS" starttime="20230316 21:38:14.156" endtime="20230316 21:38:14.159"/>
</kw>
<status status="PASS" starttime="20230316 21:38:14.155" endtime="20230316 21:38:14.159"/>
</iter>
<iter>
<var name="${element}">7596,1,42157,2,14019,2715,3533,19491,5679,1021,31122,4568,6258,23418,1249,5838,14968,4332,8,7476,445,2,2,1,10956,13670,2006,8155</var>
<kw name="Log To Console" library="BuiltIn">
<arg>${element}</arg>
<doc>Logs the given message to the console.</doc>
<status status="PASS" starttime="20230316 21:38:14.161" endtime="20230316 21:38:14.163"/>
</kw>
<status status="PASS" starttime="20230316 21:38:14.160" endtime="20230316 21:38:14.164"/>
</iter>
<iter>
<var name="${element}">,7381,2,15968,873,19635,5,1922,5784,3995,19130,2260,14764,6305,2007,18191,20137,14,82,13333,6873,1622,1779,3165,1,1810,3787,154,</var>
<kw name="Log To Console" library="BuiltIn">
<arg>${element}</arg>
<doc>Logs the given message to the console.</doc>
<status status="PASS" starttime="20230316 21:38:14.166" endtime="20230316 21:38:14.169"/>
</kw>
<status status="PASS" starttime="20230316 21:38:14.165" endtime="20230316 21:38:14.170"/>
</iter>
<iter>
<var name="${element}">2321,1786,329,6514,8481,991,3030,427,2607,3076,1411,890,2246,439,4720,1295,509,6249,1304,181,404,91,442,708,1093,1648,109,96,103</var>
<kw name="Log To Console" library="BuiltIn">
<arg>${element}</arg>
<doc>Logs the given message to the console.</doc>
<status status="PASS" starttime="20230316 21:38:14.174" endtime="20230316 21:38:14.177"/>
</kw>
<status status="PASS" starttime="20230316 21:38:14.171" endtime="20230316 21:38:14.178"/>
</iter>
<iter>
<var name="${element}">2,2455,7025,447,3550,5520,154,212,2,375,537,2595,2647,670,1,1170,1068,512,694,269,38,561,196,813,1552,1913,182,87,102,13,762,844</var>
<kw name="Log To Console" library="BuiltIn">
<arg>${element}</arg>
<doc>Logs the given message to the console.</doc>
<status status="PASS" starttime="20230316 21:38:14.179" endtime="20230316 21:38:14.182"/>
</kw>
<status status="PASS" starttime="20230316 21:38:14.179" endtime="20230316 21:38:14.184"/>
</iter>
<iter>
<var name="${element}">,5174,1167,150,3,71,591,67,4,756,1177,1649,37,361,682,192,561,1160,3327,203,975,5,674,293,983,19,4,4,433,280,401,208,3,42,358,16</var>
<kw name="Log To Console" library="BuiltIn">
<arg>${element}</arg>
<doc>Logs the given message to the console.</doc>
<status status="PASS" starttime="20230316 21:38:14.187" endtime="20230316 21:38:14.192"/>
</kw>
<status status="PASS" starttime="20230316 21:38:14.185" endtime="20230316 21:38:14.193"/>
</iter>
<iter>
<var name="${element}">6,486,4,459,43,335,224,220,2,181,2,301,653,3,449,33,255,2,121,89,3,693,3,1210,791,232,84,2,537,354,3,1281,265,81,804,116,306,195</var>
<kw name="Log To Console" library="BuiltIn">
<arg>${element}</arg>
<doc>Logs the given message to the console.</doc>
<status status="PASS" starttime="20230316 21:38:14.197" endtime="20230316 21:38:14.202"/>
</kw>
<status status="PASS" starttime="20230316 21:38:14.196" endtime="20230316 21:38:14.203"/>
</iter>
<iter>
<var name="${element}">,2,550,76,277,419,483,19,433,95,12,866,310,614,89,261,5226370,351,138,8798706,3311,141,795,19735,1,1,346,4569,16,23945899,404214</var>
<kw name="Log To Console" library="BuiltIn">
<arg>${element}</arg>
<doc>Logs the given message to the console.</doc>
<status status="PASS" starttime="20230316 21:38:14.205" endtime="20230316 21:38:14.211"/>
</kw>
<status status="PASS" starttime="20230316 21:38:14.204" endtime="20230316 21:38:14.212"/>
</iter>
<iter>
<var name="${element}">3,1964,16673,2893,512,5738,12560,1541,530,919,150,1415096,172543',kBL:'mLrg'};google.sn='webhp';google.kHL='en-IN';})();(functio</var>
<kw name="Log To Console" library="BuiltIn">
<arg>${element}</arg>
<doc>Logs the given message to the console.</doc>
<status status="PASS" starttime="20230316 21:38:14.214" endtime="20230316 21:38:14.219"/>
</kw>
<status status="PASS" starttime="20230316 21:38:14.213" endtime="20230316 21:38:14.220"/>
</iter>
<iter>
<var name="${element}">n(){
var f=this||self;var h,k=[];function l(a){for(var b;a&amp;&amp;(!a.getAttribute||!(b=a.getAttribute("eid")));)a=a.parentNode;return</var>
<kw name="Log To Console" library="BuiltIn">
<arg>${element}</arg>
<doc>Logs the given message to the console.</doc>
<status status="PASS" starttime="20230316 21:38:14.223" endtime="20230316 21:38:14.228"/>
</kw>
<status status="PASS" starttime="20230316 21:38:14.220" endtime="20230316 21:38:14.229"/>
</iter>
<iter>
<var name="${element}"> b||h}function m(a){for(var b=null;a&amp;&amp;(!a.getAttribute||!(b=a.getAttribute("leid")));)a=a.parentNode;return b}
function n(a,b,c,</var>
<kw name="Log To Console" library="BuiltIn">
<arg>${element}</arg>
<doc>Logs the given message to the console.</doc>
<status status="PASS" starttime="20230316 21:38:14.231" endtime="20230316 21:38:14.235"/>
</kw>
<status status="PASS" starttime="20230316 21:38:14.230" endtime="20230316 21:38:14.237"/>
</iter>
<iter>
<var name="${element}">d,g){var e="";c||-1!==b.search("&amp;ei=")||(e="&amp;ei="+l(d),-1===b.search("&amp;lei=")&amp;&amp;(d=m(d))&amp;&amp;(e+="&amp;lei="+d));d="";!c&amp;&amp;f._cshid&amp;&amp;-1==</var>
<kw name="Log To Console" library="BuiltIn">
<arg>${element}</arg>
<doc>Logs the given message to the console.</doc>
<status status="PASS" starttime="20230316 21:38:14.239" endtime="20230316 21:38:14.243"/>
</kw>
<status status="PASS" starttime="20230316 21:38:14.237" endtime="20230316 21:38:14.245"/>
</iter>
<iter>
<var name="${element}">=b.search("&amp;cshid=")&amp;&amp;"slh"!==a&amp;&amp;(d="&amp;cshid="+f._cshid);c=c||"/"+(g||"gen_204")+"?atyp=i&amp;ct="+a+"&amp;cad="+b+e+"&amp;zx="+Date.now()+d;</var>
<kw name="Log To Console" library="BuiltIn">
<arg>${element}</arg>
<doc>Logs the given message to the console.</doc>
<status status="PASS" starttime="20230316 21:38:14.247" endtime="20230316 21:38:14.253"/>
</kw>
<status status="PASS" starttime="20230316 21:38:14.245" endtime="20230316 21:38:14.255"/>
</iter>
<iter>
<var name="${element}">/^http:/i.test(c)&amp;&amp;"https:"===window.location.protocol&amp;&amp;(google.ml&amp;&amp;google.ml(Error("a"),!1,{src:c,glmm:1}),c="");return c};h=go</var>
<kw name="Log To Console" library="BuiltIn">
<arg>${element}</arg>
<doc>Logs the given message to the console.</doc>
<status status="PASS" starttime="20230316 21:38:14.258" endtime="20230316 21:38:14.262"/>
</kw>
<status status="PASS" starttime="20230316 21:38:14.256" endtime="20230316 21:38:14.262"/>
</iter>
<iter>
<var name="${element}">ogle.kEI;google.getEI=l;google.getLEI=m;google.ml=function(){return null};google.log=function(a,b,c,d,g){if(c=n(a,b,c,d,g)){a=ne</var>
<kw name="Log To Console" library="BuiltIn">
<arg>${element}</arg>
<doc>Logs the given message to the console.</doc>
<status status="PASS" starttime="20230316 21:38:14.264" endtime="20230316 21:38:14.269"/>
</kw>
<status status="PASS" starttime="20230316 21:38:14.263" endtime="20230316 21:38:14.270"/>
</iter>
<iter>
<var name="${element}">w Image;var e=k.length;k[e]=a;a.onerror=a.onload=a.onabort=function(){delete k[e]};a.src=c}};google.logUrl=n;}).call(this);(func</var>
<kw name="Log To Console" library="BuiltIn">
<arg>${element}</arg>
<doc>Logs the given message to the console.</doc>
<status status="PASS" starttime="20230316 21:38:14.272" endtime="20230316 21:38:14.276"/>
</kw>
<status status="PASS" starttime="20230316 21:38:14.271" endtime="20230316 21:38:14.276"/>
</iter>
<iter>
<var name="${element}">tion(){google.y={};google.sy=[];google.x=function(a,b){if(a)var c=a.id;else{do c=Math.random();while(google.y[c])}google.y[c]=[a</var>
<kw name="Log To Console" library="BuiltIn">
<arg>${element}</arg>
<doc>Logs the given message to the console.</doc>
<status status="PASS" starttime="20230316 21:38:14.279" endtime="20230316 21:38:14.281"/>
</kw>
<status status="PASS" starttime="20230316 21:38:14.277" endtime="20230316 21:38:14.281"/>
</iter>
<iter>
<var name="${element}">,b];return!1};google.sx=function(a){google.sy.push(a)};google.lm=[];google.plm=function(a){google.lm.push.apply(google.lm,a)};go</var>
<kw name="Log To Console" library="BuiltIn">
<arg>${element}</arg>
<doc>Logs the given message to the console.</doc>
<status status="PASS" starttime="20230316 21:38:14.286" endtime="20230316 21:38:14.288"/>
</kw>
<status status="PASS" starttime="20230316 21:38:14.284" endtime="20230316 21:38:14.291"/>
</iter>
<iter>
<var name="${element}">ogle.lq=[];google.load=function(a,b,c){google.lq.push([[a],b,c])};google.loadAll=function(a,b){google.lq.push([a,b])};google.bx=</var>
<kw name="Log To Console" library="BuiltIn">
<arg>${element}</arg>
<doc>Logs the given message to the console.</doc>
<status status="PASS" starttime="20230316 21:38:14.293" endtime="20230316 21:38:14.296"/>
</kw>
<status status="PASS" starttime="20230316 21:38:14.292" endtime="20230316 21:38:14.296"/>
</iter>
<iter>
<var name="${element}">!1;google.lx=function(){};}).call(this);google.f={};(function(){
document.documentElement.addEventListener("submit",function(b){</var>
<kw name="Log To Console" library="BuiltIn">
<arg>${element}</arg>
<doc>Logs the given message to the console.</doc>
<status status="PASS" starttime="20230316 21:38:14.300" endtime="20230316 21:38:14.303"/>
</kw>
<status status="PASS" starttime="20230316 21:38:14.298" endtime="20230316 21:38:14.304"/>
</iter>
<iter>
<var name="${element}">var a;if(a=b.target){var c=a.getAttribute("data-submitfalse");a="1"===c||"q"===c&amp;&amp;!a.elements.q.value?!0:!1}else a=!1;a&amp;&amp;(b.prev</var>
<kw name="Log To Console" library="BuiltIn">
<arg>${element}</arg>
<doc>Logs the given message to the console.</doc>
<status status="PASS" starttime="20230316 21:38:14.308" endtime="20230316 21:38:14.311"/>
</kw>
<status status="PASS" starttime="20230316 21:38:14.306" endtime="20230316 21:38:14.311"/>
</iter>
<iter>
<var name="${element}">entDefault(),b.stopPropagation())},!0);document.documentElement.addEventListener("click",function(b){var a;a:{for(a=b.target;a&amp;&amp;</var>
<kw name="Log To Console" library="BuiltIn">
<arg>${element}</arg>
<doc>Logs the given message to the console.</doc>
<status status="PASS" starttime="20230316 21:38:14.314" endtime="20230316 21:38:14.318"/>
</kw>
<status status="PASS" starttime="20230316 21:38:14.312" endtime="20230316 21:38:14.319"/>
</iter>
<iter>
<var name="${element}">a!==document.documentElement;a=a.parentElement)if("A"===a.tagName){a="1"===a.getAttribute("data-nohref");break a}a=!1}a&amp;&amp;b.preve</var>
<kw name="Log To Console" library="BuiltIn">
<arg>${element}</arg>
<doc>Logs the given message to the console.</doc>
<status status="PASS" starttime="20230316 21:38:14.322" endtime="20230316 21:38:14.326"/>
</kw>
<status status="PASS" starttime="20230316 21:38:14.321" endtime="20230316 21:38:14.327"/>
</iter>
<iter>
<var name="${element}">ntDefault()},!0);}).call(this);&lt;/script&gt;&lt;style&gt;#gbar,#guser{font-size:13px;padding-top:1px !important;}#gbar{height:22px}#guser{</var>
<kw name="Log To Console" library="BuiltIn">
<arg>${element}</arg>
<doc>Logs the given message to the console.</doc>
<status status="PASS" starttime="20230316 21:38:14.329" endtime="20230316 21:38:14.331"/>
</kw>
<status status="PASS" starttime="20230316 21:38:14.328" endtime="20230316 21:38:14.332"/>
</iter>
<iter>
<var name="${element}">padding-bottom:7px !important;text-align:right}.gbh,.gbd{border-top:1px solid #c9d7f1;font-size:1px}.gbh{height:0;position:absol</var>
<kw name="Log To Console" library="BuiltIn">
<arg>${element}</arg>
<doc>Logs the given message to the console.</doc>
<status status="PASS" starttime="20230316 21:38:14.335" endtime="20230316 21:38:14.338"/>
</kw>
<status status="PASS" starttime="20230316 21:38:14.334" endtime="20230316 21:38:14.340"/>
</iter>
<iter>
<var name="${element}">ute;top:24px;width:100%}@media all{.gb1{height:22px;margin-right:.5em;vertical-align:top}#gbar{float:left}}a.gb1,a.gb4{text-deco</var>
<kw name="Log To Console" library="BuiltIn">
<arg>${element}</arg>
<doc>Logs the given message to the console.</doc>
<status status="PASS" starttime="20230316 21:38:14.345" endtime="20230316 21:38:14.347"/>
</kw>
<status status="PASS" starttime="20230316 21:38:14.342" endtime="20230316 21:38:14.348"/>
</iter>
<iter>
<var name="${element}">ration:underline !important}a.gb1,a.gb4{color:#00c !important}.gbi .gb4{color:#dd8e27 !important}.gbf .gb4{color:#900 !important</var>
<kw name="Log To Console" library="BuiltIn">
<arg>${element}</arg>
<doc>Logs the given message to the console.</doc>
<status status="PASS" starttime="20230316 21:38:14.354" endtime="20230316 21:38:14.361"/>
</kw>
<status status="PASS" starttime="20230316 21:38:14.353" endtime="20230316 21:38:14.362"/>
</iter>
<iter>
<var name="${element}">}
&lt;/style&gt;&lt;style&gt;body,td,a,p,.h{font-family:arial,sans-serif}body{margin:0;overflow-y:scroll}#gog{padding:3px 8px 0}td{line-heig</var>
<kw name="Log To Console" library="BuiltIn">
<arg>${element}</arg>
<doc>Logs the given message to the console.</doc>
<status status="PASS" starttime="20230316 21:38:14.365" endtime="20230316 21:38:14.370"/>
</kw>
<status status="PASS" starttime="20230316 21:38:14.364" endtime="20230316 21:38:14.371"/>
</iter>
<iter>
<var name="${element}">ht:.8em}.gac_m td{line-height:17px}form{margin-bottom:20px}.h{color:#1558d6}em{font-weight:bold;font-style:normal}.lst{height:25</var>
<kw name="Log To Console" library="BuiltIn">
<arg>${element}</arg>
<doc>Logs the given message to the console.</doc>
<status status="PASS" starttime="20230316 21:38:14.373" endtime="20230316 21:38:14.377"/>
</kw>
<status status="PASS" starttime="20230316 21:38:14.371" endtime="20230316 21:38:14.377"/>
</iter>
<iter>
<var name="${element}">px;width:496px}.gsfi,.lst{font:18px arial,sans-serif}.gsfs{font:17px arial,sans-serif}.ds{display:inline-box;display:inline-bloc</var>
<kw name="Log To Console" library="BuiltIn">
<arg>${element}</arg>
<doc>Logs the given message to the console.</doc>
<status status="PASS" starttime="20230316 21:38:14.378" endtime="20230316 21:38:14.380"/>
</kw>
<status status="PASS" starttime="20230316 21:38:14.378" endtime="20230316 21:38:14.380"/>
</iter>
<iter>
<var name="${element}">k;margin:3px 0 4px;margin-left:4px}input{font-family:inherit}body{background:#fff;color:#000}a{color:#4b11a8;text-decoration:non</var>
<kw name="Log To Console" library="BuiltIn">
<arg>${element}</arg>
<doc>Logs the given message to the console.</doc>
<status status="PASS" starttime="20230316 21:38:14.381" endtime="20230316 21:38:14.384"/>
</kw>
<status status="PASS" starttime="20230316 21:38:14.381" endtime="20230316 21:38:14.385"/>
</iter>
<iter>
<var name="${element}">e}a:hover,a:active{text-decoration:underline}.fl a{color:#1558d6}a:visited{color:#4b11a8}.sblc{padding-top:5px}.sblc a{display:b</var>
<kw name="Log To Console" library="BuiltIn">
<arg>${element}</arg>
<doc>Logs the given message to the console.</doc>
<status status="PASS" starttime="20230316 21:38:14.387" endtime="20230316 21:38:14.389"/>
</kw>
<status status="PASS" starttime="20230316 21:38:14.386" endtime="20230316 21:38:14.390"/>
</iter>
<iter>
<var name="${element}">lock;margin:2px 0;margin-left:13px;font-size:11px}.lsbb{background:#f8f9fa;border:solid 1px;border-color:#dadce0 #70757a #70757a</var>
<kw name="Log To Console" library="BuiltIn">
<arg>${element}</arg>
<doc>Logs the given message to the console.</doc>
<status status="PASS" starttime="20230316 21:38:14.393" endtime="20230316 21:38:14.395"/>
</kw>
<status status="PASS" starttime="20230316 21:38:14.392" endtime="20230316 21:38:14.396"/>
</iter>
<iter>
<var name="${element}"> #dadce0;height:30px}.lsbb{display:block}#WqQANb a{display:inline-block;margin:0 12px}.lsb{background:url(/images/nav_logo229.pn</var>
<kw name="Log To Console" library="BuiltIn">
<arg>${element}</arg>
<doc>Logs the given message to the console.</doc>
<status status="PASS" starttime="20230316 21:38:14.397" endtime="20230316 21:38:14.400"/>
</kw>
<status status="PASS" starttime="20230316 21:38:14.397" endtime="20230316 21:38:14.401"/>
</iter>
<iter>
<var name="${element}">g) 0 -261px repeat-x;border:none;color:#000;cursor:pointer;height:30px;margin:0;outline:0;font:15px arial,sans-serif;vertical-al</var>
<kw name="Log To Console" library="BuiltIn">
<arg>${element}</arg>
<doc>Logs the given message to the console.</doc>
<status status="PASS" starttime="20230316 21:38:14.402" endtime="20230316 21:38:14.404"/>
</kw>
<status status="PASS" starttime="20230316 21:38:14.401" endtime="20230316 21:38:14.406"/>
</iter>
<iter>
<var name="${element}">ign:top}.lsb:active{background:#dadce0}.lst:focus{outline:none}&lt;/style&gt;&lt;script nonce="fItkkgQKDIHXw5IUPKus-g"&gt;(function(){window</var>
<kw name="Log To Console" library="BuiltIn">
<arg>${element}</arg>
<doc>Logs the given message to the console.</doc>
<status status="PASS" starttime="20230316 21:38:14.408" endtime="20230316 21:38:14.410"/>
</kw>
<status status="PASS" starttime="20230316 21:38:14.407" endtime="20230316 21:38:14.410"/>
</iter>
<iter>
<var name="${element}">.google.erd={jsr:1,bv:1760,de:true};
var h=this||self;var k,l=null!=(k=h.mei)?k:1,n,p=null!=(n=h.sdo)?n:!0,q=0,r,t=google.erd,v=</var>
<kw name="Log To Console" library="BuiltIn">
<arg>${element}</arg>
<doc>Logs the given message to the console.</doc>
<status status="PASS" starttime="20230316 21:38:14.412" endtime="20230316 21:38:14.413"/>
</kw>
<status status="PASS" starttime="20230316 21:38:14.411" endtime="20230316 21:38:14.413"/>
</iter>
<iter>
<var name="${element}">t.jsr;google.ml=function(a,b,d,m,e){e=void 0===e?2:e;b&amp;&amp;(r=a&amp;&amp;a.message);if(google.dl)return google.dl(a,e,d),null;if(0&gt;v){windo</var>
<kw name="Log To Console" library="BuiltIn">
<arg>${element}</arg>
<doc>Logs the given message to the console.</doc>
<status status="PASS" starttime="20230316 21:38:14.414" endtime="20230316 21:38:14.416"/>
</kw>
<status status="PASS" starttime="20230316 21:38:14.414" endtime="20230316 21:38:14.419"/>
</iter>
<iter>
<var name="${element}">w.console&amp;&amp;console.error(a,d);if(-2===v)throw a;b=!1}else b=!a||!a.message||"Error loading script"===a.message||q&gt;=l&amp;&amp;!m?!1:!0;i</var>
<kw name="Log To Console" library="BuiltIn">
<arg>${element}</arg>
<doc>Logs the given message to the console.</doc>
<status status="PASS" starttime="20230316 21:38:14.420" endtime="20230316 21:38:14.423"/>
</kw>
<status status="PASS" starttime="20230316 21:38:14.419" endtime="20230316 21:38:14.423"/>
</iter>
<iter>
<var name="${element}">f(!b)return null;q++;d=d||{};b=encodeURIComponent;var c="/gen_204?atyp=i&amp;ei="+b(google.kEI);google.kEXPI&amp;&amp;(c+="&amp;jexpid="+b(googl</var>
<kw name="Log To Console" library="BuiltIn">
<arg>${element}</arg>
<doc>Logs the given message to the console.</doc>
<status status="PASS" starttime="20230316 21:38:14.425" endtime="20230316 21:38:14.426"/>
</kw>
<status status="PASS" starttime="20230316 21:38:14.424" endtime="20230316 21:38:14.427"/>
</iter>
<iter>
<var name="${element}">e.kEXPI));c+="&amp;srcpg="+b(google.sn)+"&amp;jsr="+b(t.jsr)+"&amp;bver="+b(t.bv);var f=a.lineNumber;void 0!==f&amp;&amp;(c+="&amp;line="+f);var g=
a.fi</var>
<kw name="Log To Console" library="BuiltIn">
<arg>${element}</arg>
<doc>Logs the given message to the console.</doc>
<status status="PASS" starttime="20230316 21:38:14.428" endtime="20230316 21:38:14.429"/>
</kw>
<status status="PASS" starttime="20230316 21:38:14.427" endtime="20230316 21:38:14.430"/>
</iter>
<iter>
<var name="${element}">leName;g&amp;&amp;(0&lt;g.indexOf("-extension:/")&amp;&amp;(e=3),c+="&amp;script="+b(g),f&amp;&amp;g===window.location.href&amp;&amp;(f=document.documentElement.outerH</var>
<kw name="Log To Console" library="BuiltIn">
<arg>${element}</arg>
<doc>Logs the given message to the console.</doc>
<status status="PASS" starttime="20230316 21:38:14.431" endtime="20230316 21:38:14.433"/>
</kw>
<status status="PASS" starttime="20230316 21:38:14.430" endtime="20230316 21:38:14.434"/>
</iter>
<iter>
<var name="${element}">TML.split("\n")[f],c+="&amp;cad="+b(f?f.substring(0,300):"No script found.")));c+="&amp;jsel="+e;for(var u in d)c+="&amp;",c+=b(u),c+="=",c+</var>
<kw name="Log To Console" library="BuiltIn">
<arg>${element}</arg>
<doc>Logs the given message to the console.</doc>
<status status="PASS" starttime="20230316 21:38:14.435" endtime="20230316 21:38:14.440"/>
</kw>
<status status="PASS" starttime="20230316 21:38:14.435" endtime="20230316 21:38:14.441"/>
</iter>
<iter>
<var name="${element}">=b(d[u]);c=c+"&amp;emsg="+b(a.name+": "+a.message);c=c+"&amp;jsst="+b(a.stack||"N/A");12288&lt;=c.length&amp;&amp;(c=c.substr(0,12288));a=c;m||goog</var>
<kw name="Log To Console" library="BuiltIn">
<arg>${element}</arg>
<doc>Logs the given message to the console.</doc>
<status status="PASS" starttime="20230316 21:38:14.442" endtime="20230316 21:38:14.444"/>
</kw>
<status status="PASS" starttime="20230316 21:38:14.441" endtime="20230316 21:38:14.444"/>
</iter>
<iter>
<var name="${element}">le.log(0,"",a);return a};window.onerror=function(a,b,d,m,e){r!==a&amp;&amp;(a=e instanceof Error?e:Error(a),void 0===d||"lineNumber"in a</var>
<kw name="Log To Console" library="BuiltIn">
<arg>${element}</arg>
<doc>Logs the given message to the console.</doc>
<status status="PASS" starttime="20230316 21:38:14.445" endtime="20230316 21:38:14.446"/>
</kw>
<status status="PASS" starttime="20230316 21:38:14.444" endtime="20230316 21:38:14.446"/>
</iter>
<iter>
<var name="${element}">||(a.lineNumber=d),void 0===b||"fileName"in a||(a.fileName=b),google.ml(a,!1,void 0,!1,"SyntaxError"===a.name||"SyntaxError"===a</var>
<kw name="Log To Console" library="BuiltIn">
<arg>${element}</arg>
<doc>Logs the given message to the console.</doc>
<status status="PASS" starttime="20230316 21:38:14.448" endtime="20230316 21:38:14.451"/>
</kw>
<status status="PASS" starttime="20230316 21:38:14.447" endtime="20230316 21:38:14.452"/>
</iter>
<iter>
<var name="${element}">.message.substring(0,11)||-1!==a.message.indexOf("Script error")?3:0));r=null;p&amp;&amp;q&gt;=l&amp;&amp;(window.onerror=null)};})();&lt;/script&gt;&lt;/he</var>
<kw name="Log To Console" library="BuiltIn">
<arg>${element}</arg>
<doc>Logs the given message to the console.</doc>
<status status="PASS" starttime="20230316 21:38:14.454" endtime="20230316 21:38:14.456"/>
</kw>
<status status="PASS" starttime="20230316 21:38:14.453" endtime="20230316 21:38:14.456"/>
</iter>
<iter>
<var name="${element}">ad&gt;&lt;body bgcolor="#fff"&gt;&lt;script nonce="fItkkgQKDIHXw5IUPKus-g"&gt;(function(){var src='/images/nav_logo229.png';var iesg=false;docu</var>
<kw name="Log To Console" library="BuiltIn">
<arg>${element}</arg>
<doc>Logs the given message to the console.</doc>
<status status="PASS" starttime="20230316 21:38:14.458" endtime="20230316 21:38:14.460"/>
</kw>
<status status="PASS" starttime="20230316 21:38:14.457" endtime="20230316 21:38:14.460"/>
</iter>
<iter>
<var name="${element}">ment.body.onload = function(){window.n &amp;&amp; window.n();if (document.images){new Image().src=src;}
if (!iesg){document.f&amp;&amp;document.</var>
<kw name="Log To Console" library="BuiltIn">
<arg>${element}</arg>
<doc>Logs the given message to the console.</doc>
<status status="PASS" starttime="20230316 21:38:14.462" endtime="20230316 21:38:14.464"/>
</kw>
<status status="PASS" starttime="20230316 21:38:14.461" endtime="20230316 21:38:14.465"/>
</iter>
<iter>
<var name="${element}">f.q.focus();document.gbqf&amp;&amp;document.gbqf.q.focus();}
}
})();&lt;/script&gt;&lt;div id="mngb"&gt;&lt;div id=gbar&gt;&lt;nobr&gt;&lt;b class=gb1&gt;Search&lt;/b&gt; &lt;</var>
<kw name="Log To Console" library="BuiltIn">
<arg>${element}</arg>
<doc>Logs the given message to the console.</doc>
<status status="PASS" starttime="20230316 21:38:14.466" endtime="20230316 21:38:14.470"/>
</kw>
<status status="PASS" starttime="20230316 21:38:14.465" endtime="20230316 21:38:14.472"/>
</iter>
<iter>
<var name="${element}">a class=gb1 href="https://www.google.co.in/imghp?hl=en&amp;tab=wi"&gt;Images&lt;/a&gt; &lt;a class=gb1 href="https://maps.google.co.in/maps?hl=e</var>
<kw name="Log To Console" library="BuiltIn">
<arg>${element}</arg>
<doc>Logs the given message to the console.</doc>
<status status="PASS" starttime="20230316 21:38:14.473" endtime="20230316 21:38:14.475"/>
</kw>
<status status="PASS" starttime="20230316 21:38:14.473" endtime="20230316 21:38:14.475"/>
</iter>
<iter>
<var name="${element}">n&amp;tab=wl"&gt;Maps&lt;/a&gt; &lt;a class=gb1 href="https://play.google.com/?hl=en&amp;tab=w8"&gt;Play&lt;/a&gt; &lt;a class=gb1 href="https://www.youtube.com</var>
<kw name="Log To Console" library="BuiltIn">
<arg>${element}</arg>
<doc>Logs the given message to the console.</doc>
<status status="PASS" starttime="20230316 21:38:14.477" endtime="20230316 21:38:14.478"/>
</kw>
<status status="PASS" starttime="20230316 21:38:14.476" endtime="20230316 21:38:14.478"/>
</iter>
<iter>
<var name="${element}">/?tab=w1"&gt;YouTube&lt;/a&gt; &lt;a class=gb1 href="https://news.google.com/?tab=wn"&gt;News&lt;/a&gt; &lt;a class=gb1 href="https://mail.google.com/ma</var>
<kw name="Log To Console" library="BuiltIn">
<arg>${element}</arg>
<doc>Logs the given message to the console.</doc>
<status status="PASS" starttime="20230316 21:38:14.480" endtime="20230316 21:38:14.481"/>
</kw>
<status status="PASS" starttime="20230316 21:38:14.479" endtime="20230316 21:38:14.481"/>
</iter>
<iter>
<var name="${element}">il/?tab=wm"&gt;Gmail&lt;/a&gt; &lt;a class=gb1 href="https://drive.google.com/?tab=wo"&gt;Drive&lt;/a&gt; &lt;a class=gb1 style="text-decoration:none" h</var>
<kw name="Log To Console" library="BuiltIn">
<arg>${element}</arg>
<doc>Logs the given message to the console.</doc>
<status status="PASS" starttime="20230316 21:38:14.483" endtime="20230316 21:38:14.486"/>
</kw>
<status status="PASS" starttime="20230316 21:38:14.481" endtime="20230316 21:38:14.487"/>
</iter>
<iter>
<var name="${element}">ref="https://www.google.co.in/intl/en/about/products?tab=wh"&gt;&lt;u&gt;More&lt;/u&gt; &amp;raquo;&lt;/a&gt;&lt;/nobr&gt;&lt;/div&gt;&lt;div id=guser width=100%&gt;&lt;nobr&gt;</var>
<kw name="Log To Console" library="BuiltIn">
<arg>${element}</arg>
<doc>Logs the given message to the console.</doc>
<status status="PASS" starttime="20230316 21:38:14.490" endtime="20230316 21:38:14.492"/>
</kw>
<status status="PASS" starttime="20230316 21:38:14.489" endtime="20230316 21:38:14.492"/>
</iter>
<iter>
<var name="${element}">&lt;span id=gbn class=gbi&gt;&lt;/span&gt;&lt;span id=gbf class=gbf&gt;&lt;/span&gt;&lt;span id=gbe&gt;&lt;/span&gt;&lt;a href="http://www.google.co.in/history/optout?</var>
<kw name="Log To Console" library="BuiltIn">
<arg>${element}</arg>
<doc>Logs the given message to the console.</doc>
<status status="PASS" starttime="20230316 21:38:14.493" endtime="20230316 21:38:14.495"/>
</kw>
<status status="PASS" starttime="20230316 21:38:14.492" endtime="20230316 21:38:14.495"/>
</iter>
<iter>
<var name="${element}">hl=en" class=gb4&gt;Web History&lt;/a&gt; | &lt;a  href="/preferences?hl=en" class=gb4&gt;Settings&lt;/a&gt; | &lt;a target=_top id=gb_70 href="https://</var>
<kw name="Log To Console" library="BuiltIn">
<arg>${element}</arg>
<doc>Logs the given message to the console.</doc>
<status status="PASS" starttime="20230316 21:38:14.495" endtime="20230316 21:38:14.497"/>
</kw>
<status status="PASS" starttime="20230316 21:38:14.495" endtime="20230316 21:38:14.498"/>
</iter>
<iter>
<var name="${element}">accounts.google.com/ServiceLogin?hl=en&amp;passive=true&amp;continue=https://www.google.com/%3Fjson&amp;ec=GAZAAQ" class=gb4&gt;Sign in&lt;/a&gt;&lt;/no</var>
<kw name="Log To Console" library="BuiltIn">
<arg>${element}</arg>
<doc>Logs the given message to the console.</doc>
<status status="PASS" starttime="20230316 21:38:14.500" endtime="20230316 21:38:14.503"/>
</kw>
<status status="PASS" starttime="20230316 21:38:14.498" endtime="20230316 21:38:14.503"/>
</iter>
<iter>
<var name="${element}">br&gt;&lt;/div&gt;&lt;div class=gbh style=left:0&gt;&lt;/div&gt;&lt;div class=gbh style=right:0&gt;&lt;/div&gt;&lt;/div&gt;&lt;center&gt;&lt;br clear="all" id="lgpd"&gt;&lt;div id="l</var>
<kw name="Log To Console" library="BuiltIn">
<arg>${element}</arg>
<doc>Logs the given message to the console.</doc>
<status status="PASS" starttime="20230316 21:38:14.505" endtime="20230316 21:38:14.507"/>
</kw>
<status status="PASS" starttime="20230316 21:38:14.504" endtime="20230316 21:38:14.508"/>
</iter>
<iter>
<var name="${element}">ga"&gt;&lt;img alt="Google" height="92" src="/images/branding/googlelogo/1x/googlelogo_white_background_color_272x92dp.png" style="pad</var>
<kw name="Log To Console" library="BuiltIn">
<arg>${element}</arg>
<doc>Logs the given message to the console.</doc>
<status status="PASS" starttime="20230316 21:38:14.509" endtime="20230316 21:38:14.510"/>
</kw>
<status status="PASS" starttime="20230316 21:38:14.508" endtime="20230316 21:38:14.511"/>
</iter>
<iter>
<var name="${element}">ding:28px 0 14px" width="272" id="hplogo"&gt;&lt;br&gt;&lt;br&gt;&lt;/div&gt;&lt;form action="/search" name="f"&gt;&lt;table cellpadding="0" cellspacing="0"&gt;&lt;</var>
<kw name="Log To Console" library="BuiltIn">
<arg>${element}</arg>
<doc>Logs the given message to the console.</doc>
<status status="PASS" starttime="20230316 21:38:14.512" endtime="20230316 21:38:14.513"/>
</kw>
<status status="PASS" starttime="20230316 21:38:14.511" endtime="20230316 21:38:14.514"/>
</iter>
<iter>
<var name="${element}">tr valign="top"&gt;&lt;td width="25%"&gt;&amp;nbsp;&lt;/td&gt;&lt;td align="center" nowrap=""&gt;&lt;input name="ie" value="ISO-8859-1" type="hidden"&gt;&lt;input</var>
<kw name="Log To Console" library="BuiltIn">
<arg>${element}</arg>
<doc>Logs the given message to the console.</doc>
<status status="PASS" starttime="20230316 21:38:14.515" endtime="20230316 21:38:14.519"/>
</kw>
<status status="PASS" starttime="20230316 21:38:14.514" endtime="20230316 21:38:14.520"/>
</iter>
<iter>
<var name="${element}"> value="en-IN" name="hl" type="hidden"&gt;&lt;input name="source" type="hidden" value="hp"&gt;&lt;input name="biw" type="hidden"&gt;&lt;input name</var>
<kw name="Log To Console" library="BuiltIn">
<arg>${element}</arg>
<doc>Logs the given message to the console.</doc>
<status status="PASS" starttime="20230316 21:38:14.522" endtime="20230316 21:38:14.523"/>
</kw>
<status status="PASS" starttime="20230316 21:38:14.520" endtime="20230316 21:38:14.524"/>
</iter>
<iter>
<var name="${element}">="bih" type="hidden"&gt;&lt;div class="ds" style="height:32px;margin:4px 0"&gt;&lt;input class="lst" style="margin:0;padding:5px 8px 0 6px;v</var>
<kw name="Log To Console" library="BuiltIn">
<arg>${element}</arg>
<doc>Logs the given message to the console.</doc>
<status status="PASS" starttime="20230316 21:38:14.525" endtime="20230316 21:38:14.527"/>
</kw>
<status status="PASS" starttime="20230316 21:38:14.524" endtime="20230316 21:38:14.527"/>
</iter>
<iter>
<var name="${element}">ertical-align:top;color:#000" autocomplete="off" value="" title="Google Search" maxlength="2048" name="q" size="57"&gt;&lt;/div&gt;&lt;br st</var>
<kw name="Log To Console" library="BuiltIn">
<arg>${element}</arg>
<doc>Logs the given message to the console.</doc>
<status status="PASS" starttime="20230316 21:38:14.528" endtime="20230316 21:38:14.530"/>
</kw>
<status status="PASS" starttime="20230316 21:38:14.528" endtime="20230316 21:38:14.530"/>
</iter>
<iter>
<var name="${element}">yle="line-height:0"&gt;&lt;span class="ds"&gt;&lt;span class="lsbb"&gt;&lt;input class="lsb" value="Google Search" name="btnG" type="submit"&gt;&lt;/spa</var>
<kw name="Log To Console" library="BuiltIn">
<arg>${element}</arg>
<doc>Logs the given message to the console.</doc>
<status status="PASS" starttime="20230316 21:38:14.531" endtime="20230316 21:38:14.535"/>
</kw>
<status status="PASS" starttime="20230316 21:38:14.531" endtime="20230316 21:38:14.535"/>
</iter>
<iter>
<var name="${element}">n&gt;&lt;/span&gt;&lt;span class="ds"&gt;&lt;span class="lsbb"&gt;&lt;input class="lsb" id="tsuid_1" value="I'm Feeling Lucky" name="btnI" type="submit"</var>
<kw name="Log To Console" library="BuiltIn">
<arg>${element}</arg>
<doc>Logs the given message to the console.</doc>
<status status="PASS" starttime="20230316 21:38:14.536" endtime="20230316 21:38:14.538"/>
</kw>
<status status="PASS" starttime="20230316 21:38:14.535" endtime="20230316 21:38:14.539"/>
</iter>
<iter>
<var name="${element}">&gt;&lt;script nonce="fItkkgQKDIHXw5IUPKus-g"&gt;(function(){var id='tsuid_1';document.getElementById(id).onclick = function(){if (this.f</var>
<kw name="Log To Console" library="BuiltIn">
<arg>${element}</arg>
<doc>Logs the given message to the console.</doc>
<status status="PASS" starttime="20230316 21:38:14.541" endtime="20230316 21:38:14.543"/>
</kw>
<status status="PASS" starttime="20230316 21:38:14.540" endtime="20230316 21:38:14.543"/>
</iter>
<iter>
<var name="${element}">orm.q.value){this.checked = 1;if (this.form.iflsig)this.form.iflsig.disabled = false;}
else top.location='/doodles/';};})();&lt;/sc</var>
<kw name="Log To Console" library="BuiltIn">
<arg>${element}</arg>
<doc>Logs the given message to the console.</doc>
<status status="PASS" starttime="20230316 21:38:14.545" endtime="20230316 21:38:14.547"/>
</kw>
<status status="PASS" starttime="20230316 21:38:14.544" endtime="20230316 21:38:14.548"/>
</iter>
<iter>
<var name="${element}">ript&gt;&lt;input value="AK50M_UAAAAAZBNM_urA3rNmLTQ7nlQRVYftUalWK4DP" name="iflsig" type="hidden"&gt;&lt;/span&gt;&lt;/span&gt;&lt;/td&gt;&lt;td class="fl sb</var>
<kw name="Log To Console" library="BuiltIn">
<arg>${element}</arg>
<doc>Logs the given message to the console.</doc>
<status status="PASS" starttime="20230316 21:38:14.552" endtime="20230316 21:38:14.554"/>
</kw>
<status status="PASS" starttime="20230316 21:38:14.549" endtime="20230316 21:38:14.556"/>
</iter>
<iter>
<var name="${element}">lc" align="left" nowrap="" width="25%"&gt;&lt;a href="/advanced_search?hl=en-IN&amp;amp;authuser=0"&gt;Advanced search&lt;/a&gt;&lt;/td&gt;&lt;/tr&gt;&lt;/table&gt;&lt;</var>
<kw name="Log To Console" library="BuiltIn">
<arg>${element}</arg>
<doc>Logs the given message to the console.</doc>
<status status="PASS" starttime="20230316 21:38:14.558" endtime="20230316 21:38:14.560"/>
</kw>
<status status="PASS" starttime="20230316 21:38:14.556" endtime="20230316 21:38:14.560"/>
</iter>
<iter>
<var name="${element}">input id="gbv" name="gbv" type="hidden" value="1"&gt;&lt;script nonce="fItkkgQKDIHXw5IUPKus-g"&gt;(function(){var a,b="1";if(document&amp;&amp;do</var>
<kw name="Log To Console" library="BuiltIn">
<arg>${element}</arg>
<doc>Logs the given message to the console.</doc>
<status status="PASS" starttime="20230316 21:38:14.563" endtime="20230316 21:38:14.564"/>
</kw>
<status status="PASS" starttime="20230316 21:38:14.562" endtime="20230316 21:38:14.565"/>
</iter>
<iter>
<var name="${element}">cument.getElementById)if("undefined"!=typeof XMLHttpRequest)b="2";else if("undefined"!=typeof ActiveXObject){var c,d,e=["MSXML2.</var>
<kw name="Log To Console" library="BuiltIn">
<arg>${element}</arg>
<doc>Logs the given message to the console.</doc>
<status status="PASS" starttime="20230316 21:38:14.569" endtime="20230316 21:38:14.573"/>
</kw>
<status status="PASS" starttime="20230316 21:38:14.566" endtime="20230316 21:38:14.574"/>
</iter>
<iter>
<var name="${element}">XMLHTTP.6.0","MSXML2.XMLHTTP.3.0","MSXML2.XMLHTTP","Microsoft.XMLHTTP"];for(c=0;d=e[c++];)try{new ActiveXObject(d),b="2"}catch(h</var>
<kw name="Log To Console" library="BuiltIn">
<arg>${element}</arg>
<doc>Logs the given message to the console.</doc>
<status status="PASS" starttime="20230316 21:38:14.575" endtime="20230316 21:38:14.577"/>
</kw>
<status status="PASS" starttime="20230316 21:38:14.575" endtime="20230316 21:38:14.578"/>
</iter>
<iter>
<var name="${element}">){}}a=b;if("2"==a&amp;&amp;-1==location.search.indexOf("&amp;gbv=2")){var f=google.gbvu,g=document.getElementById("gbv");g&amp;&amp;(g.value=a);f&amp;&amp;w</var>
<kw name="Log To Console" library="BuiltIn">
<arg>${element}</arg>
<doc>Logs the given message to the console.</doc>
<status status="PASS" starttime="20230316 21:38:14.579" endtime="20230316 21:38:14.580"/>
</kw>
<status status="PASS" starttime="20230316 21:38:14.579" endtime="20230316 21:38:14.581"/>
</iter>
<iter>
<var name="${element}">indow.setTimeout(function(){location.href=f},0)};}).call(this);&lt;/script&gt;&lt;/form&gt;&lt;div id="gac_scont"&gt;&lt;/div&gt;&lt;div style="font-size:8</var>
<kw name="Log To Console" library="BuiltIn">
<arg>${element}</arg>
<doc>Logs the given message to the console.</doc>
<status status="PASS" starttime="20230316 21:38:14.582" endtime="20230316 21:38:14.585"/>
</kw>
<status status="PASS" starttime="20230316 21:38:14.581" endtime="20230316 21:38:14.586"/>
</iter>
<iter>
<var name="${element}">3%;min-height:3.5em"&gt;&lt;br&gt;&lt;div id="gws-output-pages-elements-homepage_additional_languages__als"&gt;&lt;style&gt;#gws-output-pages-element</var>
<kw name="Log To Console" library="BuiltIn">
<arg>${element}</arg>
<doc>Logs the given message to the console.</doc>
<status status="PASS" starttime="20230316 21:38:14.587" endtime="20230316 21:38:14.591"/>
</kw>
<status status="PASS" starttime="20230316 21:38:14.587" endtime="20230316 21:38:14.593"/>
</iter>
<iter>
<var name="${element}">s-homepage_additional_languages__als{font-size:small;margin-bottom:24px}#SIvCob{color:#3c4043;display:inline-block;line-height:2</var>
<kw name="Log To Console" library="BuiltIn">
<arg>${element}</arg>
<doc>Logs the given message to the console.</doc>
<status status="PASS" starttime="20230316 21:38:14.594" endtime="20230316 21:38:14.595"/>
</kw>
<status status="PASS" starttime="20230316 21:38:14.593" endtime="20230316 21:38:14.596"/>
</iter>
<iter>
<var name="${element}">8px;}#SIvCob a{padding:0 3px;}.H6sW5{display:inline-block;margin:0 2px;white-space:nowrap}.z4hgWe{display:inline-block;margin:0 </var>
<kw name="Log To Console" library="BuiltIn">
<arg>${element}</arg>
<doc>Logs the given message to the console.</doc>
<status status="PASS" starttime="20230316 21:38:14.597" endtime="20230316 21:38:14.598"/>
</kw>
<status status="PASS" starttime="20230316 21:38:14.596" endtime="20230316 21:38:14.599"/>
</iter>
<iter>
<var name="${element}">2px}&lt;/style&gt;&lt;div id="SIvCob"&gt;Google offered in:  &lt;a href="https://www.google.com/setprefs?sig=0_dPlRGvhASOY1FlnmYoyWPkA25Fs%3D&amp;a</var>
<kw name="Log To Console" library="BuiltIn">
<arg>${element}</arg>
<doc>Logs the given message to the console.</doc>
<status status="PASS" starttime="20230316 21:38:14.600" endtime="20230316 21:38:14.603"/>
</kw>
<status status="PASS" starttime="20230316 21:38:14.600" endtime="20230316 21:38:14.603"/>
</iter>
<iter>
<var name="${element}">mp;hl=hi&amp;amp;source=homepage&amp;amp;sa=X&amp;amp;ved=0ahUKEwiYmuvX6uD9AhWJTWwGHQVAAg4Q2ZgBCAU"&gt;&amp;#2361;&amp;#2367;&amp;#2344;&amp;#2381;&amp;#2342;&amp;#236</var>
<kw name="Log To Console" library="BuiltIn">
<arg>${element}</arg>
<doc>Logs the given message to the console.</doc>
<status status="PASS" starttime="20230316 21:38:14.605" endtime="20230316 21:38:14.607"/>
</kw>
<status status="PASS" starttime="20230316 21:38:14.604" endtime="20230316 21:38:14.607"/>
</iter>
<iter>
<var name="${element}">8;&lt;/a&gt;    &lt;a href="https://www.google.com/setprefs?sig=0_dPlRGvhASOY1FlnmYoyWPkA25Fs%3D&amp;amp;hl=bn&amp;amp;source=homepage&amp;amp;sa=X&amp;a</var>
<kw name="Log To Console" library="BuiltIn">
<arg>${element}</arg>
<doc>Logs the given message to the console.</doc>
<status status="PASS" starttime="20230316 21:38:14.609" endtime="20230316 21:38:14.611"/>
</kw>
<status status="PASS" starttime="20230316 21:38:14.608" endtime="20230316 21:38:14.611"/>
</iter>
<iter>
<var name="${element}">mp;ved=0ahUKEwiYmuvX6uD9AhWJTWwGHQVAAg4Q2ZgBCAY"&gt;&amp;#2476;&amp;#2494;&amp;#2434;&amp;#2482;&amp;#2494;&lt;/a&gt;    &lt;a href="https://www.google.com/setp</var>
<kw name="Log To Console" library="BuiltIn">
<arg>${element}</arg>
<doc>Logs the given message to the console.</doc>
<status status="PASS" starttime="20230316 21:38:14.613" endtime="20230316 21:38:14.614"/>
</kw>
<status status="PASS" starttime="20230316 21:38:14.612" endtime="20230316 21:38:14.614"/>
</iter>
<iter>
<var name="${element}">refs?sig=0_dPlRGvhASOY1FlnmYoyWPkA25Fs%3D&amp;amp;hl=te&amp;amp;source=homepage&amp;amp;sa=X&amp;amp;ved=0ahUKEwiYmuvX6uD9AhWJTWwGHQVAAg4Q2ZgBCA</var>
<kw name="Log To Console" library="BuiltIn">
<arg>${element}</arg>
<doc>Logs the given message to the console.</doc>
<status status="PASS" starttime="20230316 21:38:14.615" endtime="20230316 21:38:14.619"/>
</kw>
<status status="PASS" starttime="20230316 21:38:14.615" endtime="20230316 21:38:14.619"/>
</iter>
<iter>
<var name="${element}">c"&gt;&amp;#3108;&amp;#3142;&amp;#3122;&amp;#3137;&amp;#3095;&amp;#3137;&lt;/a&gt;    &lt;a href="https://www.google.com/setprefs?sig=0_dPlRGvhASOY1FlnmYoyWPkA25Fs%</var>
<kw name="Log To Console" library="BuiltIn">
<arg>${element}</arg>
<doc>Logs the given message to the console.</doc>
<status status="PASS" starttime="20230316 21:38:14.620" endtime="20230316 21:38:14.623"/>
</kw>
<status status="PASS" starttime="20230316 21:38:14.620" endtime="20230316 21:38:14.624"/>
</iter>
<iter>
<var name="${element}">3D&amp;amp;hl=mr&amp;amp;source=homepage&amp;amp;sa=X&amp;amp;ved=0ahUKEwiYmuvX6uD9AhWJTWwGHQVAAg4Q2ZgBCAg"&gt;&amp;#2350;&amp;#2352;&amp;#2366;&amp;#2336;&amp;#2368;&lt;</var>
<kw name="Log To Console" library="BuiltIn">
<arg>${element}</arg>
<doc>Logs the given message to the console.</doc>
<status status="PASS" starttime="20230316 21:38:14.625" endtime="20230316 21:38:14.626"/>
</kw>
<status status="PASS" starttime="20230316 21:38:14.625" endtime="20230316 21:38:14.627"/>
</iter>
<iter>
<var name="${element}">/a&gt;    &lt;a href="https://www.google.com/setprefs?sig=0_dPlRGvhASOY1FlnmYoyWPkA25Fs%3D&amp;amp;hl=ta&amp;amp;source=homepage&amp;amp;sa=X&amp;amp;</var>
<kw name="Log To Console" library="BuiltIn">
<arg>${element}</arg>
<doc>Logs the given message to the console.</doc>
<status status="PASS" starttime="20230316 21:38:14.628" endtime="20230316 21:38:14.629"/>
</kw>
<status status="PASS" starttime="20230316 21:38:14.627" endtime="20230316 21:38:14.630"/>
</iter>
<iter>
<var name="${element}">ved=0ahUKEwiYmuvX6uD9AhWJTWwGHQVAAg4Q2ZgBCAk"&gt;&amp;#2980;&amp;#2990;&amp;#3007;&amp;#2996;&amp;#3021;&lt;/a&gt;    &lt;a href="https://www.google.com/setpref</var>
<kw name="Log To Console" library="BuiltIn">
<arg>${element}</arg>
<doc>Logs the given message to the console.</doc>
<status status="PASS" starttime="20230316 21:38:14.631" endtime="20230316 21:38:14.631"/>
</kw>
<status status="PASS" starttime="20230316 21:38:14.630" endtime="20230316 21:38:14.632"/>
</iter>
<iter>
<var name="${element}">s?sig=0_dPlRGvhASOY1FlnmYoyWPkA25Fs%3D&amp;amp;hl=gu&amp;amp;source=homepage&amp;amp;sa=X&amp;amp;ved=0ahUKEwiYmuvX6uD9AhWJTWwGHQVAAg4Q2ZgBCAo"&gt;</var>
<kw name="Log To Console" library="BuiltIn">
<arg>${element}</arg>
<doc>Logs the given message to the console.</doc>
<status status="PASS" starttime="20230316 21:38:14.634" endtime="20230316 21:38:14.636"/>
</kw>
<status status="PASS" starttime="20230316 21:38:14.633" endtime="20230316 21:38:14.637"/>
</iter>
<iter>
<var name="${element}">&amp;#2711;&amp;#2753;&amp;#2716;&amp;#2736;&amp;#2750;&amp;#2724;&amp;#2752;&lt;/a&gt;    &lt;a href="https://www.google.com/setprefs?sig=0_dPlRGvhASOY1FlnmYoyWPkA2</var>
<kw name="Log To Console" library="BuiltIn">
<arg>${element}</arg>
<doc>Logs the given message to the console.</doc>
<status status="PASS" starttime="20230316 21:38:14.640" endtime="20230316 21:38:14.642"/>
</kw>
<status status="PASS" starttime="20230316 21:38:14.637" endtime="20230316 21:38:14.642"/>
</iter>
<iter>
<var name="${element}">5Fs%3D&amp;amp;hl=kn&amp;amp;source=homepage&amp;amp;sa=X&amp;amp;ved=0ahUKEwiYmuvX6uD9AhWJTWwGHQVAAg4Q2ZgBCAs"&gt;&amp;#3221;&amp;#3240;&amp;#3277;&amp;#3240;&amp;#32</var>
<kw name="Log To Console" library="BuiltIn">
<arg>${element}</arg>
<doc>Logs the given message to the console.</doc>
<status status="PASS" starttime="20230316 21:38:14.643" endtime="20230316 21:38:14.644"/>
</kw>
<status status="PASS" starttime="20230316 21:38:14.643" endtime="20230316 21:38:14.645"/>
</iter>
<iter>
<var name="${element}">33;&lt;/a&gt;    &lt;a href="https://www.google.com/setprefs?sig=0_dPlRGvhASOY1FlnmYoyWPkA25Fs%3D&amp;amp;hl=ml&amp;amp;source=homepage&amp;amp;sa=X&amp;</var>
<kw name="Log To Console" library="BuiltIn">
<arg>${element}</arg>
<doc>Logs the given message to the console.</doc>
<status status="PASS" starttime="20230316 21:38:14.646" endtime="20230316 21:38:14.648"/>
</kw>
<status status="PASS" starttime="20230316 21:38:14.645" endtime="20230316 21:38:14.648"/>
</iter>
<iter>
<var name="${element}">amp;ved=0ahUKEwiYmuvX6uD9AhWJTWwGHQVAAg4Q2ZgBCAw"&gt;&amp;#3374;&amp;#3378;&amp;#3375;&amp;#3390;&amp;#3379;&amp;#3330;&lt;/a&gt;    &lt;a href="https://www.google.</var>
<kw name="Log To Console" library="BuiltIn">
<arg>${element}</arg>
<doc>Logs the given message to the console.</doc>
<status status="PASS" starttime="20230316 21:38:14.650" endtime="20230316 21:38:14.653"/>
</kw>
<status status="PASS" starttime="20230316 21:38:14.649" endtime="20230316 21:38:14.655"/>
</iter>
<iter>
<var name="${element}">com/setprefs?sig=0_dPlRGvhASOY1FlnmYoyWPkA25Fs%3D&amp;amp;hl=pa&amp;amp;source=homepage&amp;amp;sa=X&amp;amp;ved=0ahUKEwiYmuvX6uD9AhWJTWwGHQVAAg</var>
<kw name="Log To Console" library="BuiltIn">
<arg>${element}</arg>
<doc>Logs the given message to the console.</doc>
<status status="PASS" starttime="20230316 21:38:14.657" endtime="20230316 21:38:14.659"/>
</kw>
<status status="PASS" starttime="20230316 21:38:14.656" endtime="20230316 21:38:14.659"/>
</iter>
<iter>
<var name="${element}">4Q2ZgBCA0"&gt;&amp;#2602;&amp;#2672;&amp;#2588;&amp;#2622;&amp;#2604;&amp;#2624;&lt;/a&gt;  &lt;/div&gt;&lt;/div&gt;&lt;/div&gt;&lt;span id="footer"&gt;&lt;div style="font-size:10pt"&gt;&lt;div </var>
<kw name="Log To Console" library="BuiltIn">
<arg>${element}</arg>
<doc>Logs the given message to the console.</doc>
<status status="PASS" starttime="20230316 21:38:14.660" endtime="20230316 21:38:14.662"/>
</kw>
<status status="PASS" starttime="20230316 21:38:14.660" endtime="20230316 21:38:14.662"/>
</iter>
<iter>
<var name="${element}">style="margin:19px auto;text-align:center" id="WqQANb"&gt;&lt;a href="/intl/en/ads/"&gt;Advertising&lt;/a&gt;&lt;a href="http://www.google.co.in/s</var>
<kw name="Log To Console" library="BuiltIn">
<arg>${element}</arg>
<doc>Logs the given message to the console.</doc>
<status status="PASS" starttime="20230316 21:38:14.664" endtime="20230316 21:38:14.665"/>
</kw>
<status status="PASS" starttime="20230316 21:38:14.663" endtime="20230316 21:38:14.666"/>
</iter>
<iter>
<var name="${element}">ervices/"&gt;Business Solutions&lt;/a&gt;&lt;a href="/intl/en/about.html"&gt;About Google&lt;/a&gt;&lt;a href="https://www.google.com/setprefdomain?pref</var>
<kw name="Log To Console" library="BuiltIn">
<arg>${element}</arg>
<doc>Logs the given message to the console.</doc>
<status status="PASS" starttime="20230316 21:38:14.668" endtime="20230316 21:38:14.671"/>
</kw>
<status status="PASS" starttime="20230316 21:38:14.667" endtime="20230316 21:38:14.672"/>
</iter>
<iter>
<var name="${element}">dom=IN&amp;amp;prev=https://www.google.co.in/&amp;amp;sig=K_Bg02HIpp534HTv9ZfK8sqqHMQmU%3D"&gt;Google.co.in&lt;/a&gt;&lt;/div&gt;&lt;/div&gt;&lt;p style="font-s</var>
<kw name="Log To Console" library="BuiltIn">
<arg>${element}</arg>
<doc>Logs the given message to the console.</doc>
<status status="PASS" starttime="20230316 21:38:14.674" endtime="20230316 21:38:14.676"/>
</kw>
<status status="PASS" starttime="20230316 21:38:14.673" endtime="20230316 21:38:14.676"/>
</iter>
<iter>
<var name="${element}">ize:8pt;color:#70757a"&gt;&amp;copy; 2023 - &lt;a href="/intl/en/policies/privacy/"&gt;Privacy&lt;/a&gt; - &lt;a href="/intl/en/policies/terms/"&gt;Terms</var>
<kw name="Log To Console" library="BuiltIn">
<arg>${element}</arg>
<doc>Logs the given message to the console.</doc>
<status status="PASS" starttime="20230316 21:38:14.677" endtime="20230316 21:38:14.678"/>
</kw>
<status status="PASS" starttime="20230316 21:38:14.677" endtime="20230316 21:38:14.679"/>
</iter>
<iter>
<var name="${element}">&lt;/a&gt;&lt;/p&gt;&lt;/span&gt;&lt;/center&gt;&lt;script nonce="fItkkgQKDIHXw5IUPKus-g"&gt;(function(){window.google.cdo={height:757,width:1440};(function()</var>
<kw name="Log To Console" library="BuiltIn">
<arg>${element}</arg>
<doc>Logs the given message to the console.</doc>
<status status="PASS" starttime="20230316 21:38:14.680" endtime="20230316 21:38:14.682"/>
</kw>
<status status="PASS" starttime="20230316 21:38:14.680" endtime="20230316 21:38:14.682"/>
</iter>
<iter>
<var name="${element}">{var a=window.innerWidth,b=window.innerHeight;if(!a||!b){var c=window.document,d="CSS1Compat"==c.compatMode?c.documentElement:c.</var>
<kw name="Log To Console" library="BuiltIn">
<arg>${element}</arg>
<doc>Logs the given message to the console.</doc>
<status status="PASS" starttime="20230316 21:38:14.684" endtime="20230316 21:38:14.686"/>
</kw>
<status status="PASS" starttime="20230316 21:38:14.683" endtime="20230316 21:38:14.687"/>
</iter>
<iter>
<var name="${element}">body;a=d.clientWidth;b=d.clientHeight}a&amp;&amp;b&amp;&amp;(a!=google.cdo.width||b!=google.cdo.height)&amp;&amp;google.log("","","/client_204?&amp;atyp=i&amp;b</var>
<kw name="Log To Console" library="BuiltIn">
<arg>${element}</arg>
<doc>Logs the given message to the console.</doc>
<status status="PASS" starttime="20230316 21:38:14.690" endtime="20230316 21:38:14.692"/>
</kw>
<status status="PASS" starttime="20230316 21:38:14.687" endtime="20230316 21:38:14.692"/>
</iter>
<iter>
<var name="${element}">iw="+a+"&amp;bih="+b+"&amp;ei="+google.kEI);}).call(this);})();&lt;/script&gt; &lt;script nonce="fItkkgQKDIHXw5IUPKus-g"&gt;(function(){google.xjs={</var>
<kw name="Log To Console" library="BuiltIn">
<arg>${element}</arg>
<doc>Logs the given message to the console.</doc>
<status status="PASS" starttime="20230316 21:38:14.694" endtime="20230316 21:38:14.695"/>
</kw>
<status status="PASS" starttime="20230316 21:38:14.692" endtime="20230316 21:38:14.695"/>
</iter>
<iter>
<var name="${element}">ck:'xjs.hp.Y2W3KAJ0Jco.L.X.O',cs:'ACT90oFu9pIux-eMq8tgG7A21CJNKQAegA',excm:[]};})();&lt;/script&gt;  &lt;script nonce="fItkkgQKDIHXw5IUPK</var>
<kw name="Log To Console" library="BuiltIn">
<arg>${element}</arg>
<doc>Logs the given message to the console.</doc>
<status status="PASS" starttime="20230316 21:38:14.697" endtime="20230316 21:38:14.698"/>
</kw>
<status status="PASS" starttime="20230316 21:38:14.695" endtime="20230316 21:38:14.699"/>
</iter>
<iter>
<var name="${element}">us-g"&gt;(function(){var u='/xjs/_/js/k\x3dxjs.hp.en.WK5tGcJZl_4.O/am\x3dAACgEwBAAYAF/d\x3d1/ed\x3d1/rs\x3dACT90oEIkAnNtLs_xquX5F0T</var>
<kw name="Log To Console" library="BuiltIn">
<arg>${element}</arg>
<doc>Logs the given message to the console.</doc>
<status status="PASS" starttime="20230316 21:38:14.703" endtime="20230316 21:38:14.707"/>
</kw>
<status status="PASS" starttime="20230316 21:38:14.700" endtime="20230316 21:38:14.707"/>
</iter>
<iter>
<var name="${element}">cC40GLWEYQ/m\x3dsb_he,d';var amd=0;
var d=this||self,e=function(a){return a};var g;var l=function(a,b){this.g=b===h?a:""};l.prot</var>
<kw name="Log To Console" library="BuiltIn">
<arg>${element}</arg>
<doc>Logs the given message to the console.</doc>
<status status="PASS" starttime="20230316 21:38:14.709" endtime="20230316 21:38:14.711"/>
</kw>
<status status="PASS" starttime="20230316 21:38:14.708" endtime="20230316 21:38:14.711"/>
</iter>
<iter>
<var name="${element}">otype.toString=function(){return this.g+""};var h={};
function m(){var a=u;google.lx=function(){p(a);google.lx=function(){}};goo</var>
<kw name="Log To Console" library="BuiltIn">
<arg>${element}</arg>
<doc>Logs the given message to the console.</doc>
<status status="PASS" starttime="20230316 21:38:14.712" endtime="20230316 21:38:14.714"/>
</kw>
<status status="PASS" starttime="20230316 21:38:14.712" endtime="20230316 21:38:14.714"/>
</iter>
<iter>
<var name="${element}">gle.bx||google.lx()}
function p(a){google.timers&amp;&amp;google.timers.load&amp;&amp;google.tick&amp;&amp;google.tick("load","xjsls");var b=document;va</var>
<kw name="Log To Console" library="BuiltIn">
<arg>${element}</arg>
<doc>Logs the given message to the console.</doc>
<status status="PASS" starttime="20230316 21:38:14.716" endtime="20230316 21:38:14.720"/>
</kw>
<status status="PASS" starttime="20230316 21:38:14.715" endtime="20230316 21:38:14.721"/>
</iter>
<iter>
<var name="${element}">r c="SCRIPT";"application/xhtml+xml"===b.contentType&amp;&amp;(c=c.toLowerCase());c=b.createElement(c);c.id="base-js";a=null===a?"null":</var>
<kw name="Log To Console" library="BuiltIn">
<arg>${element}</arg>
<doc>Logs the given message to the console.</doc>
<status status="PASS" starttime="20230316 21:38:14.723" endtime="20230316 21:38:14.725"/>
</kw>
<status status="PASS" starttime="20230316 21:38:14.722" endtime="20230316 21:38:14.726"/>
</iter>
<iter>
<var name="${element}">void 0===a?"undefined":a;if(void 0===g){b=null;var k=d.trustedTypes;if(k&amp;&amp;k.createPolicy){try{b=k.createPolicy("goog#html",{crea</var>
<kw name="Log To Console" library="BuiltIn">
<arg>${element}</arg>
<doc>Logs the given message to the console.</doc>
<status status="PASS" starttime="20230316 21:38:14.727" endtime="20230316 21:38:14.728"/>
</kw>
<status status="PASS" starttime="20230316 21:38:14.726" endtime="20230316 21:38:14.729"/>
</iter>
<iter>
<var name="${element}">teHTML:e,createScript:e,createScriptURL:e})}catch(q){d.console&amp;&amp;d.console.error(q.message)}g=b}else g=b}a=(b=g)?b.createScriptUR</var>
<kw name="Log To Console" library="BuiltIn">
<arg>${element}</arg>
<doc>Logs the given message to the console.</doc>
<status status="PASS" starttime="20230316 21:38:14.730" endtime="20230316 21:38:14.731"/>
</kw>
<status status="PASS" starttime="20230316 21:38:14.730" endtime="20230316 21:38:14.731"/>
</iter>
<iter>
<var name="${element}">L(a):a;a=new l(a,h);c.src=a instanceof l&amp;&amp;a.constructor===l?a.g:"type_error:TrustedResourceUrl";var f,n;(f=(a=null==(n=(f=(c.own</var>
<kw name="Log To Console" library="BuiltIn">
<arg>${element}</arg>
<doc>Logs the given message to the console.</doc>
<status status="PASS" starttime="20230316 21:38:14.734" endtime="20230316 21:38:14.736"/>
</kw>
<status status="PASS" starttime="20230316 21:38:14.733" endtime="20230316 21:38:14.737"/>
</iter>
<iter>
<var name="${element}">erDocument&amp;&amp;c.ownerDocument.defaultView||window).document).querySelector)?void 0:n.call(f,"script[nonce]"))?a.nonce||a.getAttrib</var>
<kw name="Log To Console" library="BuiltIn">
<arg>${element}</arg>
<doc>Logs the given message to the console.</doc>
<status status="PASS" starttime="20230316 21:38:14.739" endtime="20230316 21:38:14.741"/>
</kw>
<status status="PASS" starttime="20230316 21:38:14.737" endtime="20230316 21:38:14.741"/>
</iter>
<iter>
<var name="${element}">ute("nonce")||"":"")&amp;&amp;c.setAttribute("nonce",f);document.body.appendChild(c);google.psa=!0};google.xjsu=u;setTimeout(function(){</var>
<kw name="Log To Console" library="BuiltIn">
<arg>${element}</arg>
<doc>Logs the given message to the console.</doc>
<status status="PASS" starttime="20230316 21:38:14.742" endtime="20230316 21:38:14.744"/>
</kw>
<status status="PASS" starttime="20230316 21:38:14.742" endtime="20230316 21:38:14.744"/>
</iter>
<iter>
<var name="${element}">0&lt;amd?google.caft(function(){return m()},amd):m()},0);})();window._ = window._ || {};window._DumpException = _._DumpException = </var>
<kw name="Log To Console" library="BuiltIn">
<arg>${element}</arg>
<doc>Logs the given message to the console.</doc>
<status status="PASS" starttime="20230316 21:38:14.745" endtime="20230316 21:38:14.746"/>
</kw>
<status status="PASS" starttime="20230316 21:38:14.744" endtime="20230316 21:38:14.747"/>
</iter>
<iter>
<var name="${element}">function(e){throw e;};window._s = window._s || {};_s._DumpException = _._DumpException;window._qs = window._qs || {};_qs._DumpEx</var>
<kw name="Log To Console" library="BuiltIn">
<arg>${element}</arg>
<doc>Logs the given message to the console.</doc>
<status status="PASS" starttime="20230316 21:38:14.750" endtime="20230316 21:38:14.753"/>
</kw>
<status status="PASS" starttime="20230316 21:38:14.748" endtime="20230316 21:38:14.753"/>
</iter>
<iter>
<var name="${element}">ception = _._DumpException;function _F_installCss(c){}
(function(){google.jl={blt:'none',chnk:0,dw:false,dwu:true,emtn:0,end:0,i</var>
<kw name="Log To Console" library="BuiltIn">
<arg>${element}</arg>
<doc>Logs the given message to the console.</doc>
<status status="PASS" starttime="20230316 21:38:14.755" endtime="20230316 21:38:14.759"/>
</kw>
<status status="PASS" starttime="20230316 21:38:14.754" endtime="20230316 21:38:14.759"/>
</iter>
<iter>
<var name="${element}">co:false,ikb:0,ine:false,injs:'none',injt:0,injth:0,injv2:false,lls:'default',pdt:0,rep:0,snet:true,strt:0,ubm:false,uwp:true};}</var>
<kw name="Log To Console" library="BuiltIn">
<arg>${element}</arg>
<doc>Logs the given message to the console.</doc>
<status status="PASS" starttime="20230316 21:38:14.760" endtime="20230316 21:38:14.762"/>
</kw>
<status status="PASS" starttime="20230316 21:38:14.760" endtime="20230316 21:38:14.762"/>
</iter>
<iter>
<var name="${element}">)();(function(){var pmc='{\x22d\x22:{},\x22sb_he\x22:{\x22agen\x22:true,\x22cgen\x22:true,\x22client\x22:\x22heirloom-hp\x22,\x2</var>
<kw name="Log To Console" library="BuiltIn">
<arg>${element}</arg>
<doc>Logs the given message to the console.</doc>
<status status="PASS" starttime="20230316 21:38:14.764" endtime="20230316 21:38:14.768"/>
</kw>
<status status="PASS" starttime="20230316 21:38:14.763" endtime="20230316 21:38:14.769"/>
</iter>
<iter>
<var name="${element}">2dh\x22:true,\x22ds\x22:\x22\x22,\x22fl\x22:true,\x22host\x22:\x22google.com\x22,\x22jsonp\x22:true,\x22msgs\x22:{\x22cibl\x22:\</var>
<kw name="Log To Console" library="BuiltIn">
<arg>${element}</arg>
<doc>Logs the given message to the console.</doc>
<status status="PASS" starttime="20230316 21:38:14.770" endtime="20230316 21:38:14.773"/>
</kw>
<status status="PASS" starttime="20230316 21:38:14.769" endtime="20230316 21:38:14.774"/>
</iter>
<iter>
<var name="${element}">x22Clear Search\x22,\x22dym\x22:\x22Did you mean:\x22,\x22lcky\x22:\x22I\\u0026#39;m Feeling Lucky\x22,\x22lml\x22:\x22Learn mor</var>
<kw name="Log To Console" library="BuiltIn">
<arg>${element}</arg>
<doc>Logs the given message to the console.</doc>
<status status="PASS" starttime="20230316 21:38:14.775" endtime="20230316 21:38:14.777"/>
</kw>
<status status="PASS" starttime="20230316 21:38:14.775" endtime="20230316 21:38:14.777"/>
</iter>
<iter>
<var name="${element}">e\x22,\x22psrc\x22:\x22This search was removed from your \\u003Ca href\x3d\\\x22/history\\\x22\\u003EWeb History\\u003C/a\\u003E</var>
<kw name="Log To Console" library="BuiltIn">
<arg>${element}</arg>
<doc>Logs the given message to the console.</doc>
<status status="PASS" starttime="20230316 21:38:14.779" endtime="20230316 21:38:14.781"/>
</kw>
<status status="PASS" starttime="20230316 21:38:14.778" endtime="20230316 21:38:14.781"/>
</iter>
<iter>
<var name="${element}">\x22,\x22psrl\x22:\x22Remove\x22,\x22sbit\x22:\x22Search by image\x22,\x22srch\x22:\x22Google Search\x22},\x22ovr\x22:{},\x22pq\</var>
<kw name="Log To Console" library="BuiltIn">
<arg>${element}</arg>
<doc>Logs the given message to the console.</doc>
<status status="PASS" starttime="20230316 21:38:14.782" endtime="20230316 21:38:14.786"/>
</kw>
<status status="PASS" starttime="20230316 21:38:14.782" endtime="20230316 21:38:14.787"/>
</iter>
<iter>
<var name="${element}">x22:\x22\x22,\x22rfs\x22:[],\x22sbas\x22:\x220 3px 8px 0 rgba(0,0,0,0.2),0 0 0 1px rgba(0,0,0,0.08)\x22,\x22stok\x22:\x22FuDgfmz</var>
<kw name="Log To Console" library="BuiltIn">
<arg>${element}</arg>
<doc>Logs the given message to the console.</doc>
<status status="PASS" starttime="20230316 21:38:14.788" endtime="20230316 21:38:14.791"/>
</kw>
<status status="PASS" starttime="20230316 21:38:14.787" endtime="20230316 21:38:14.792"/>
</iter>
<iter>
<var name="${element}">nj8KCAmpCSkQkioJBNUs\x22}}';google.pmc=JSON.parse(pmc);})();(function(){
var b=function(a){var c=0;return function(){return c&lt;a.</var>
<kw name="Log To Console" library="BuiltIn">
<arg>${element}</arg>
<doc>Logs the given message to the console.</doc>
<status status="PASS" starttime="20230316 21:38:14.793" endtime="20230316 21:38:14.795"/>
</kw>
<status status="PASS" starttime="20230316 21:38:14.793" endtime="20230316 21:38:14.796"/>
</iter>
<iter>
<var name="${element}">length?{done:!1,value:a[c++]}:{done:!0}}},e=this||self;var g,h;a:{for(var k=["CLOSURE_FLAGS"],l=e,n=0;n&lt;k.length;n++)if(l=l[k[n]</var>
<kw name="Log To Console" library="BuiltIn">
<arg>${element}</arg>
<doc>Logs the given message to the console.</doc>
<status status="PASS" starttime="20230316 21:38:14.798" endtime="20230316 21:38:14.799"/>
</kw>
<status status="PASS" starttime="20230316 21:38:14.797" endtime="20230316 21:38:14.801"/>
</iter>
<iter>
<var name="${element}">],null==l){h=null;break a}h=l}var p=h&amp;&amp;h[610401301];g=null!=p?p:!1;var q,r=e.navigator;q=r?r.userAgentData||null:null;function t</var>
<kw name="Log To Console" library="BuiltIn">
<arg>${element}</arg>
<doc>Logs the given message to the console.</doc>
<status status="PASS" starttime="20230316 21:38:14.803" endtime="20230316 21:38:14.805"/>
</kw>
<status status="PASS" starttime="20230316 21:38:14.802" endtime="20230316 21:38:14.806"/>
</iter>
<iter>
<var name="${element}">(a){return g?q?q.brands.some(function(c){return(c=c.brand)&amp;&amp;-1!=c.indexOf(a)}):!1:!1}function u(a){var c;a:{if(c=e.navigator)if(</var>
<kw name="Log To Console" library="BuiltIn">
<arg>${element}</arg>
<doc>Logs the given message to the console.</doc>
<status status="PASS" starttime="20230316 21:38:14.807" endtime="20230316 21:38:14.808"/>
</kw>
<status status="PASS" starttime="20230316 21:38:14.806" endtime="20230316 21:38:14.809"/>
</iter>
<iter>
<var name="${element}">c=c.userAgent)break a;c=""}return-1!=c.indexOf(a)};function v(){return g?!!q&amp;&amp;0&lt;q.brands.length:!1}function w(){return u("Safari</var>
<kw name="Log To Console" library="BuiltIn">
<arg>${element}</arg>
<doc>Logs the given message to the console.</doc>
<status status="PASS" starttime="20230316 21:38:14.811" endtime="20230316 21:38:14.813"/>
</kw>
<status status="PASS" starttime="20230316 21:38:14.811" endtime="20230316 21:38:14.813"/>
</iter>
<iter>
<var name="${element}">")&amp;&amp;!(x()||(v()?0:u("Coast"))||(v()?0:u("Opera"))||(v()?0:u("Edge"))||(v()?t("Microsoft Edge"):u("Edg/"))||(v()?t("Opera"):u("OP</var>
<kw name="Log To Console" library="BuiltIn">
<arg>${element}</arg>
<doc>Logs the given message to the console.</doc>
<status status="PASS" starttime="20230316 21:38:14.814" endtime="20230316 21:38:14.816"/>
</kw>
<status status="PASS" starttime="20230316 21:38:14.814" endtime="20230316 21:38:14.818"/>
</iter>
<iter>
<var name="${element}">R"))||u("Firefox")||u("FxiOS")||u("Silk")||u("Android"))}function x(){return v()?t("Chromium"):(u("Chrome")||u("CriOS"))&amp;&amp;!(v()?</var>
<kw name="Log To Console" library="BuiltIn">
<arg>${element}</arg>
<doc>Logs the given message to the console.</doc>
<status status="PASS" starttime="20230316 21:38:14.819" endtime="20230316 21:38:14.821"/>
</kw>
<status status="PASS" starttime="20230316 21:38:14.818" endtime="20230316 21:38:14.822"/>
</iter>
<iter>
<var name="${element}">0:u("Edge"))||u("Silk")}function y(){return u("Android")&amp;&amp;!(x()||u("Firefox")||u("FxiOS")||(v()?0:u("Opera"))||u("Silk"))};var z</var>
<kw name="Log To Console" library="BuiltIn">
<arg>${element}</arg>
<doc>Logs the given message to the console.</doc>
<status status="PASS" starttime="20230316 21:38:14.823" endtime="20230316 21:38:14.826"/>
</kw>
<status status="PASS" starttime="20230316 21:38:14.823" endtime="20230316 21:38:14.827"/>
</iter>
<iter>
<var name="${element}">=v()?!1:u("Trident")||u("MSIE");y();x();w();var A=!z&amp;&amp;!w(),D=function(a){if(/-[a-z]/.test("ved"))return null;if(A&amp;&amp;a.dataset){if</var>
<kw name="Log To Console" library="BuiltIn">
<arg>${element}</arg>
<doc>Logs the given message to the console.</doc>
<status status="PASS" starttime="20230316 21:38:14.827" endtime="20230316 21:38:14.829"/>
</kw>
<status status="PASS" starttime="20230316 21:38:14.827" endtime="20230316 21:38:14.829"/>
</iter>
<iter>
<var name="${element}">(y()&amp;&amp;!("ved"in a.dataset))return null;a=a.dataset.ved;return void 0===a?null:a}return a.getAttribute("data-"+"ved".replace(/([A</var>
<kw name="Log To Console" library="BuiltIn">
<arg>${element}</arg>
<doc>Logs the given message to the console.</doc>
<status status="PASS" starttime="20230316 21:38:14.830" endtime="20230316 21:38:14.832"/>
</kw>
<status status="PASS" starttime="20230316 21:38:14.830" endtime="20230316 21:38:14.833"/>
</iter>
<iter>
<var name="${element}">-Z])/g,"-$1").toLowerCase())};var E=[],F=null;function G(a){a=a.target;var c=performance.now(),f=[],H=f.concat,d=E;if(!(d instan</var>
<kw name="Log To Console" library="BuiltIn">
<arg>${element}</arg>
<doc>Logs the given message to the console.</doc>
<status status="PASS" starttime="20230316 21:38:14.836" endtime="20230316 21:38:14.838"/>
</kw>
<status status="PASS" starttime="20230316 21:38:14.835" endtime="20230316 21:38:14.839"/>
</iter>
<iter>
<var name="${element}">ceof Array)){var m="undefined"!=typeof Symbol&amp;&amp;Symbol.iterator&amp;&amp;d[Symbol.iterator];if(m)d=m.call(d);else if("number"==typeof d.l</var>
<kw name="Log To Console" library="BuiltIn">
<arg>${element}</arg>
<doc>Logs the given message to the console.</doc>
<status status="PASS" starttime="20230316 21:38:14.840" endtime="20230316 21:38:14.842"/>
</kw>
<status status="PASS" starttime="20230316 21:38:14.840" endtime="20230316 21:38:14.843"/>
</iter>
<iter>
<var name="${element}">ength)d={next:b(d)};else throw Error("a`"+String(d));for(var B=[];!(m=d.next()).done;)B.push(m.value);d=B}E=H.call(f,d,[c]);if(a</var>
<kw name="Log To Console" library="BuiltIn">
<arg>${element}</arg>
<doc>Logs the given message to the console.</doc>
<status status="PASS" starttime="20230316 21:38:14.844" endtime="20230316 21:38:14.845"/>
</kw>
<status status="PASS" starttime="20230316 21:38:14.843" endtime="20230316 21:38:14.846"/>
</iter>
<iter>
<var name="${element}">&amp;&amp;a instanceof HTMLElement)if(a===F){if(c=4&lt;=E.length)c=5&gt;(E[E.length-1]-E[E.length-4])/1E3;if(c){c=google.getEI(a);a.hasAttribu</var>
<kw name="Log To Console" library="BuiltIn">
<arg>${element}</arg>
<doc>Logs the given message to the console.</doc>
<status status="PASS" starttime="20230316 21:38:14.847" endtime="20230316 21:38:14.848"/>
</kw>
<status status="PASS" starttime="20230316 21:38:14.847" endtime="20230316 21:38:14.850"/>
</iter>
<iter>
<var name="${element}">te("data-ved")?f=a?D(a)||"":"":f=(f=
a.closest("[data-ved]"))?D(f)||"":"";f=f||"";if(a.hasAttribute("jsname"))a=a.getAttribute("</var>
<kw name="Log To Console" library="BuiltIn">
<arg>${element}</arg>
<doc>Logs the given message to the console.</doc>
<status status="PASS" starttime="20230316 21:38:14.854" endtime="20230316 21:38:14.858"/>
</kw>
<status status="PASS" starttime="20230316 21:38:14.853" endtime="20230316 21:38:14.860"/>
</iter>
<iter>
<var name="${element}">jsname");else{var C;a=null==(C=a.closest("[jsname]"))?void 0:C.getAttribute("jsname")}google.log("rcm","&amp;ei="+c+"&amp;ved="+f+"&amp;jsna</var>
<kw name="Log To Console" library="BuiltIn">
<arg>${element}</arg>
<doc>Logs the given message to the console.</doc>
<status status="PASS" starttime="20230316 21:38:14.861" endtime="20230316 21:38:14.862"/>
</kw>
<status status="PASS" starttime="20230316 21:38:14.860" endtime="20230316 21:38:14.863"/>
</iter>
<iter>
<var name="${element}">me="+(a||""))}}else F=a,E=[c]}window.document.addEventListener("DOMContentLoaded",function(){document.body.addEventListener("cli</var>
<kw name="Log To Console" library="BuiltIn">
<arg>${element}</arg>
<doc>Logs the given message to the console.</doc>
<status status="PASS" starttime="20230316 21:38:14.864" endtime="20230316 21:38:14.870"/>
</kw>
<status status="PASS" starttime="20230316 21:38:14.864" endtime="20230316 21:38:14.870"/>
</iter>
<iter>
<var name="${element}">ck",G)});}).call(this);&lt;/script&gt;&lt;/body&gt;&lt;/html&gt;</var>
<kw name="Log To Console" library="BuiltIn">
<arg>${element}</arg>
<doc>Logs the given message to the console.</doc>
<status status="PASS" starttime="20230316 21:38:14.875" endtime="20230316 21:38:14.876"/>
</kw>
<status status="PASS" starttime="20230316 21:38:14.874" endtime="20230316 21:38:14.877"/>
</iter>
<status status="PASS" starttime="20230316 21:38:14.131" endtime="20230316 21:38:14.877"/>
</for>
<status status="PASS" starttime="20230316 21:38:11.986" endtime="20230316 21:38:14.878"/>
</test>
<status status="PASS" starttime="20230316 21:38:11.626" endtime="20230316 21:38:14.879"/>
</suite>
<status status="FAIL" starttime="20230316 21:38:09.778" endtime="20230316 21:38:14.883"/>
</suite>
<statistics>
<total>
<stat pass="1" fail="6" skip="0">All Tests</stat>
</total>
<tag>
<stat pass="0" fail="5" skip="0">regression</stat>
<stat pass="0" fail="1" skip="0">smoke</stat>
</tag>
<suite>
<stat pass="1" fail="6" skip="0" id="s1" name="Example">Example</stat>
<stat pass="0" fail="1" skip="0" id="s1-s1" name="TC001 - Tap on 'Privacy policy' and verify user is landing on Privacy policy page">Example.TC001 - Tap on 'Privacy policy' and verify user is landing on Privacy policy page</stat>
<stat pass="0" fail="1" skip="0" id="s1-s2" name="TC002 - Verify that Deep link URL is providing QR code">Example.TC002 - Verify that Deep link URL is providing QR code</stat>
<stat pass="0" fail="1" skip="0" id="s1-s3" name="TC003 - Verify that Google Play button redirecting user to Vision Project on play store">Example.TC003 - Verify that Google Play button redirecting user to Vision Project on play store</stat>
<stat pass="0" fail="1" skip="0" id="s1-s4" name="TC004 - Verify that if social app is not installed on phone then App was not found screen appears">Example.TC004 - Verify that if social app is not installed on phone then App was not found screen appears</stat>
<stat pass="0" fail="2" skip="0" id="s1-s5" name="TC005 - Verify welcome page journey is as excepted">Example.TC005 - Verify welcome page journey is as excepted</stat>
<stat pass="1" fail="0" skip="0" id="s1-s6" name="TC006 - sample">Example.TC006 - sample</stat>
</suite>
</statistics>
<errors>
<msg timestamp="20230316 21:38:09.881" level="ERROR">Error in file 'D:\FusionTestFramework\com.playgroundxyz.vision_project\com.playgroundxyz.vision_project.PageObject\com.playgroundxyz.vision_project.PageObject.keywords\Allow Permission page keywords.resource' on line 3: Importing library 'D:\FusionTestFramework\src\MobileTestLibrary' failed: ModuleNotFoundError: No module named 'src'
Traceback (most recent call last):
  File "D:\FusionTestFramework\src\MobileTestLibrary\__init__.py", line 1, in &lt;module&gt;
    from src.MobileTestLibrary.ExtendedAppiumLibrary import ExtendedAppiumLibrary
PYTHONPATH:
  D:\FusionTestFramework\src
  d:\FusionTestFramework\com.playgroundxyz.vision_project
  C:\ProgramData\robocorp\ht\1d92a2f_b1f3c24_09529949\python39.zip
  c:\ProgramData\robocorp\ht\1d92a2f_b1f3c24_09529949\DLLs
  c:\ProgramData\robocorp\ht\1d92a2f_b1f3c24_09529949\lib
  c:\ProgramData\robocorp\ht\1d92a2f_b1f3c24_09529949
  C:\ProgramData\robocorp\ht
  c:\ProgramData\robocorp\ht\1d92a2f_b1f3c24_09529949\lib\site-packages
  c:\ProgramData\robocorp\ht\1d92a2f_b1f3c24_09529949\lib\site-packages\win32
  c:\ProgramData\robocorp\ht\1d92a2f_b1f3c24_09529949\lib\site-packages\win32\lib
  c:\ProgramData\robocorp\ht\1d92a2f_b1f3c24_09529949\lib\site-packages\Pythonwin</msg>
<msg timestamp="20230316 21:38:10.526" level="ERROR">Error in file 'D:\FusionTestFramework\com.playgroundxyz.vision_project\com.playgroundxyz.vision_project.PageObject\com.playgroundxyz.vision_project.PageObject.keywords\Allow Permission page keywords.resource' on line 5: Processing variable file 'D:\FusionTestFramework\com.playgroundxyz.vision_project\com.playgroundxyz.vision_project.ConfigFiles\configuration.py' failed: Importing variable file 'D:\FusionTestFramework\com.playgroundxyz.vision_project\com.playgroundxyz.vision_project.ConfigFiles\configuration.py' failed: ModuleNotFoundError: No module named 'MobileTestLibrary'
Traceback (most recent call last):
  File "D:\FusionTestFramework\com.playgroundxyz.vision_project\com.playgroundxyz.vision_project.ConfigFiles\configuration.py", line 3, in &lt;module&gt;
    from MobileTestLibrary.JsonFileReader import read_Json_file
PYTHONPATH:
  D:\FusionTestFramework\com.playgroundxyz.vision_project\com.playgroundxyz.vision_project.ConfigFiles
  d:\FusionTestFramework\com.playgroundxyz.vision_project
  C:\ProgramData\robocorp\ht\1d92a2f_b1f3c24_09529949\python39.zip
  c:\ProgramData\robocorp\ht\1d92a2f_b1f3c24_09529949\DLLs
  c:\ProgramData\robocorp\ht\1d92a2f_b1f3c24_09529949\lib
  c:\ProgramData\robocorp\ht\1d92a2f_b1f3c24_09529949
  C:\ProgramData\robocorp\ht
  c:\ProgramData\robocorp\ht\1d92a2f_b1f3c24_09529949\lib\site-packages
  c:\ProgramData\robocorp\ht\1d92a2f_b1f3c24_09529949\lib\site-packages\win32
  c:\ProgramData\robocorp\ht\1d92a2f_b1f3c24_09529949\lib\site-packages\win32\lib
  c:\ProgramData\robocorp\ht\1d92a2f_b1f3c24_09529949\lib\site-packages\Pythonwin</msg>
<msg timestamp="20230316 21:38:10.550" level="ERROR">Error in file 'D:\FusionTestFramework\com.playgroundxyz.vision_project\com.playgroundxyz.vision_project.PageObject\com.playgroundxyz.vision_project.PageObject.keywords\LetsSetupYourEyeTrackingKeywords.resource' on line 4: Importing library 'D:\FusionTestFramework\src\MobileTestLibrary' failed: ModuleNotFoundError: No module named 'src'
Traceback (most recent call last):
  File "D:\FusionTestFramework\src\MobileTestLibrary\__init__.py", line 1, in &lt;module&gt;
    from src.MobileTestLibrary.ExtendedAppiumLibrary import ExtendedAppiumLibrary
PYTHONPATH:
  D:\FusionTestFramework\src
  d:\FusionTestFramework\com.playgroundxyz.vision_project
  C:\ProgramData\robocorp\ht\1d92a2f_b1f3c24_09529949\python39.zip
  c:\ProgramData\robocorp\ht\1d92a2f_b1f3c24_09529949\DLLs
  c:\ProgramData\robocorp\ht\1d92a2f_b1f3c24_09529949\lib
  c:\ProgramData\robocorp\ht\1d92a2f_b1f3c24_09529949
  C:\ProgramData\robocorp\ht
  c:\ProgramData\robocorp\ht\1d92a2f_b1f3c24_09529949\lib\site-packages
  c:\ProgramData\robocorp\ht\1d92a2f_b1f3c24_09529949\lib\site-packages\win32
  c:\ProgramData\robocorp\ht\1d92a2f_b1f3c24_09529949\lib\site-packages\win32\lib
  c:\ProgramData\robocorp\ht\1d92a2f_b1f3c24_09529949\lib\site-packages\Pythonwin</msg>
<msg timestamp="20230316 21:38:10.581" level="ERROR">Error in file 'D:\FusionTestFramework\com.playgroundxyz.vision_project\com.playgroundxyz.vision_project.PageObject\com.playgroundxyz.vision_project.PageObject.keywords\welcome page journey keywords.resource' on line 3: Importing library 'D:\FusionTestFramework\src\MobileTestLibrary' failed: ModuleNotFoundError: No module named 'src'
Traceback (most recent call last):
  File "D:\FusionTestFramework\src\MobileTestLibrary\__init__.py", line 1, in &lt;module&gt;
    from src.MobileTestLibrary.ExtendedAppiumLibrary import ExtendedAppiumLibrary
PYTHONPATH:
  D:\FusionTestFramework\src
  d:\FusionTestFramework\com.playgroundxyz.vision_project
  C:\ProgramData\robocorp\ht\1d92a2f_b1f3c24_09529949\python39.zip
  c:\ProgramData\robocorp\ht\1d92a2f_b1f3c24_09529949\DLLs
  c:\ProgramData\robocorp\ht\1d92a2f_b1f3c24_09529949\lib
  c:\ProgramData\robocorp\ht\1d92a2f_b1f3c24_09529949
  C:\ProgramData\robocorp\ht
  c:\ProgramData\robocorp\ht\1d92a2f_b1f3c24_09529949\lib\site-packages
  c:\ProgramData\robocorp\ht\1d92a2f_b1f3c24_09529949\lib\site-packages\win32
  c:\ProgramData\robocorp\ht\1d92a2f_b1f3c24_09529949\lib\site-packages\win32\lib
  c:\ProgramData\robocorp\ht\1d92a2f_b1f3c24_09529949\lib\site-packages\Pythonwin</msg>
<msg timestamp="20230316 21:38:10.626" level="ERROR">Error in file 'D:\FusionTestFramework\com.playgroundxyz.vision_project\com.playgroundxyz.vision_project.PageObject\com.playgroundxyz.vision_project.PageObject.keywords\launch_flow_keywords.resource' on line 3: Importing library 'D:\FusionTestFramework\src\MobileTestLibrary' failed: ModuleNotFoundError: No module named 'src'
Traceback (most recent call last):
  File "D:\FusionTestFramework\src\MobileTestLibrary\__init__.py", line 1, in &lt;module&gt;
    from src.MobileTestLibrary.ExtendedAppiumLibrary import ExtendedAppiumLibrary
PYTHONPATH:
  D:\FusionTestFramework\src
  d:\FusionTestFramework\com.playgroundxyz.vision_project
  C:\ProgramData\robocorp\ht\1d92a2f_b1f3c24_09529949\python39.zip
  c:\ProgramData\robocorp\ht\1d92a2f_b1f3c24_09529949\DLLs
  c:\ProgramData\robocorp\ht\1d92a2f_b1f3c24_09529949\lib
  c:\ProgramData\robocorp\ht\1d92a2f_b1f3c24_09529949
  C:\ProgramData\robocorp\ht
  c:\ProgramData\robocorp\ht\1d92a2f_b1f3c24_09529949\lib\site-packages
  c:\ProgramData\robocorp\ht\1d92a2f_b1f3c24_09529949\lib\site-packages\win32
  c:\ProgramData\robocorp\ht\1d92a2f_b1f3c24_09529949\lib\site-packages\win32\lib
  c:\ProgramData\robocorp\ht\1d92a2f_b1f3c24_09529949\lib\site-packages\Pythonwin</msg>
<msg timestamp="20230316 21:38:10.679" level="ERROR">Error in file 'D:\FusionTestFramework\com.playgroundxyz.vision_project\com.playgroundxyz.vision_project.PageObject\com.playgroundxyz.vision_project.PageObject.keywords\Setup keywords.resource' on line 3: Importing library 'D:\FusionTestFramework\src\MobileTestLibrary' failed: ModuleNotFoundError: No module named 'src'
Traceback (most recent call last):
  File "D:\FusionTestFramework\src\MobileTestLibrary\__init__.py", line 1, in &lt;module&gt;
    from src.MobileTestLibrary.ExtendedAppiumLibrary import ExtendedAppiumLibrary
PYTHONPATH:
  D:\FusionTestFramework\src
  d:\FusionTestFramework\com.playgroundxyz.vision_project
  C:\ProgramData\robocorp\ht\1d92a2f_b1f3c24_09529949\python39.zip
  c:\ProgramData\robocorp\ht\1d92a2f_b1f3c24_09529949\DLLs
  c:\ProgramData\robocorp\ht\1d92a2f_b1f3c24_09529949\lib
  c:\ProgramData\robocorp\ht\1d92a2f_b1f3c24_09529949
  C:\ProgramData\robocorp\ht
  c:\ProgramData\robocorp\ht\1d92a2f_b1f3c24_09529949\lib\site-packages
  c:\ProgramData\robocorp\ht\1d92a2f_b1f3c24_09529949\lib\site-packages\win32
  c:\ProgramData\robocorp\ht\1d92a2f_b1f3c24_09529949\lib\site-packages\win32\lib
  c:\ProgramData\robocorp\ht\1d92a2f_b1f3c24_09529949\lib\site-packages\Pythonwin</msg>
<msg timestamp="20230316 21:38:10.721" level="ERROR">Error in file 'D:\FusionTestFramework\com.playgroundxyz.vision_project\com.playgroundxyz.vision_project.PageObject\com.playgroundxyz.vision_project.PageObject.keywords\EyeGazeValiidationKeywords.resource' on line 5: Importing library 'D:\FusionTestFramework\src\MobileTestLibrary' failed: ModuleNotFoundError: No module named 'src'
Traceback (most recent call last):
  File "D:\FusionTestFramework\src\MobileTestLibrary\__init__.py", line 1, in &lt;module&gt;
    from src.MobileTestLibrary.ExtendedAppiumLibrary import ExtendedAppiumLibrary
PYTHONPATH:
  D:\FusionTestFramework\src
  d:\FusionTestFramework\com.playgroundxyz.vision_project
  C:\ProgramData\robocorp\ht\1d92a2f_b1f3c24_09529949\python39.zip
  c:\ProgramData\robocorp\ht\1d92a2f_b1f3c24_09529949\DLLs
  c:\ProgramData\robocorp\ht\1d92a2f_b1f3c24_09529949\lib
  c:\ProgramData\robocorp\ht\1d92a2f_b1f3c24_09529949
  C:\ProgramData\robocorp\ht
  c:\ProgramData\robocorp\ht\1d92a2f_b1f3c24_09529949\lib\site-packages
  c:\ProgramData\robocorp\ht\1d92a2f_b1f3c24_09529949\lib\site-packages\win32
  c:\ProgramData\robocorp\ht\1d92a2f_b1f3c24_09529949\lib\site-packages\win32\lib
  c:\ProgramData\robocorp\ht\1d92a2f_b1f3c24_09529949\lib\site-packages\Pythonwin</msg>
<msg timestamp="20230316 21:38:10.804" level="ERROR">Error in file 'D:\FusionTestFramework\com.playgroundxyz.vision_project\com.playgroundxyz.vision_project.PageObject\com.playgroundxyz.vision_project.PageObject.keywords\Allow Permission page keywords.resource' on line 3: Importing library 'D:\FusionTestFramework\src\MobileTestLibrary' failed: ModuleNotFoundError: No module named 'src'
Traceback (most recent call last):
  File "D:\FusionTestFramework\src\MobileTestLibrary\__init__.py", line 1, in &lt;module&gt;
    from src.MobileTestLibrary.ExtendedAppiumLibrary import ExtendedAppiumLibrary
PYTHONPATH:
  D:\FusionTestFramework\src
  d:\FusionTestFramework\com.playgroundxyz.vision_project
  C:\ProgramData\robocorp\ht\1d92a2f_b1f3c24_09529949\python39.zip
  c:\ProgramData\robocorp\ht\1d92a2f_b1f3c24_09529949\DLLs
  c:\ProgramData\robocorp\ht\1d92a2f_b1f3c24_09529949\lib
  c:\ProgramData\robocorp\ht\1d92a2f_b1f3c24_09529949
  C:\ProgramData\robocorp\ht
  c:\ProgramData\robocorp\ht\1d92a2f_b1f3c24_09529949\lib\site-packages
  c:\ProgramData\robocorp\ht\1d92a2f_b1f3c24_09529949\lib\site-packages\win32
  c:\ProgramData\robocorp\ht\1d92a2f_b1f3c24_09529949\lib\site-packages\win32\lib
  c:\ProgramData\robocorp\ht\1d92a2f_b1f3c24_09529949\lib\site-packages\Pythonwin</msg>
<msg timestamp="20230316 21:38:10.824" level="ERROR">Error in file 'D:\FusionTestFramework\com.playgroundxyz.vision_project\com.playgroundxyz.vision_project.PageObject\com.playgroundxyz.vision_project.PageObject.keywords\Allow Permission page keywords.resource' on line 5: Processing variable file 'D:\FusionTestFramework\com.playgroundxyz.vision_project\com.playgroundxyz.vision_project.ConfigFiles\configuration.py' failed: Importing variable file 'D:\FusionTestFramework\com.playgroundxyz.vision_project\com.playgroundxyz.vision_project.ConfigFiles\configuration.py' failed: ModuleNotFoundError: No module named 'MobileTestLibrary'
Traceback (most recent call last):
  File "D:\FusionTestFramework\com.playgroundxyz.vision_project\com.playgroundxyz.vision_project.ConfigFiles\configuration.py", line 3, in &lt;module&gt;
    from MobileTestLibrary.JsonFileReader import read_Json_file
PYTHONPATH:
  D:\FusionTestFramework\com.playgroundxyz.vision_project\com.playgroundxyz.vision_project.ConfigFiles
  d:\FusionTestFramework\com.playgroundxyz.vision_project
  C:\ProgramData\robocorp\ht\1d92a2f_b1f3c24_09529949\python39.zip
  c:\ProgramData\robocorp\ht\1d92a2f_b1f3c24_09529949\DLLs
  c:\ProgramData\robocorp\ht\1d92a2f_b1f3c24_09529949\lib
  c:\ProgramData\robocorp\ht\1d92a2f_b1f3c24_09529949
  C:\ProgramData\robocorp\ht
  c:\ProgramData\robocorp\ht\1d92a2f_b1f3c24_09529949\lib\site-packages
  c:\ProgramData\robocorp\ht\1d92a2f_b1f3c24_09529949\lib\site-packages\win32
  c:\ProgramData\robocorp\ht\1d92a2f_b1f3c24_09529949\lib\site-packages\win32\lib
  c:\ProgramData\robocorp\ht\1d92a2f_b1f3c24_09529949\lib\site-packages\Pythonwin</msg>
<msg timestamp="20230316 21:38:10.843" level="ERROR">Error in file 'D:\FusionTestFramework\com.playgroundxyz.vision_project\com.playgroundxyz.vision_project.PageObject\com.playgroundxyz.vision_project.PageObject.keywords\LetsSetupYourEyeTrackingKeywords.resource' on line 4: Importing library 'D:\FusionTestFramework\src\MobileTestLibrary' failed: ModuleNotFoundError: No module named 'src'
Traceback (most recent call last):
  File "D:\FusionTestFramework\src\MobileTestLibrary\__init__.py", line 1, in &lt;module&gt;
    from src.MobileTestLibrary.ExtendedAppiumLibrary import ExtendedAppiumLibrary
PYTHONPATH:
  D:\FusionTestFramework\src
  d:\FusionTestFramework\com.playgroundxyz.vision_project
  C:\ProgramData\robocorp\ht\1d92a2f_b1f3c24_09529949\python39.zip
  c:\ProgramData\robocorp\ht\1d92a2f_b1f3c24_09529949\DLLs
  c:\ProgramData\robocorp\ht\1d92a2f_b1f3c24_09529949\lib
  c:\ProgramData\robocorp\ht\1d92a2f_b1f3c24_09529949
  C:\ProgramData\robocorp\ht
  c:\ProgramData\robocorp\ht\1d92a2f_b1f3c24_09529949\lib\site-packages
  c:\ProgramData\robocorp\ht\1d92a2f_b1f3c24_09529949\lib\site-packages\win32
  c:\ProgramData\robocorp\ht\1d92a2f_b1f3c24_09529949\lib\site-packages\win32\lib
  c:\ProgramData\robocorp\ht\1d92a2f_b1f3c24_09529949\lib\site-packages\Pythonwin</msg>
<msg timestamp="20230316 21:38:10.864" level="ERROR">Error in file 'D:\FusionTestFramework\com.playgroundxyz.vision_project\com.playgroundxyz.vision_project.PageObject\com.playgroundxyz.vision_project.PageObject.keywords\welcome page journey keywords.resource' on line 3: Importing library 'D:\FusionTestFramework\src\MobileTestLibrary' failed: ModuleNotFoundError: No module named 'src'
Traceback (most recent call last):
  File "D:\FusionTestFramework\src\MobileTestLibrary\__init__.py", line 1, in &lt;module&gt;
    from src.MobileTestLibrary.ExtendedAppiumLibrary import ExtendedAppiumLibrary
PYTHONPATH:
  D:\FusionTestFramework\src
  d:\FusionTestFramework\com.playgroundxyz.vision_project
  C:\ProgramData\robocorp\ht\1d92a2f_b1f3c24_09529949\python39.zip
  c:\ProgramData\robocorp\ht\1d92a2f_b1f3c24_09529949\DLLs
  c:\ProgramData\robocorp\ht\1d92a2f_b1f3c24_09529949\lib
  c:\ProgramData\robocorp\ht\1d92a2f_b1f3c24_09529949
  C:\ProgramData\robocorp\ht
  c:\ProgramData\robocorp\ht\1d92a2f_b1f3c24_09529949\lib\site-packages
  c:\ProgramData\robocorp\ht\1d92a2f_b1f3c24_09529949\lib\site-packages\win32
  c:\ProgramData\robocorp\ht\1d92a2f_b1f3c24_09529949\lib\site-packages\win32\lib
  c:\ProgramData\robocorp\ht\1d92a2f_b1f3c24_09529949\lib\site-packages\Pythonwin</msg>
<msg timestamp="20230316 21:38:10.890" level="ERROR">Error in file 'D:\FusionTestFramework\com.playgroundxyz.vision_project\com.playgroundxyz.vision_project.PageObject\com.playgroundxyz.vision_project.PageObject.keywords\launch_flow_keywords.resource' on line 3: Importing library 'D:\FusionTestFramework\src\MobileTestLibrary' failed: ModuleNotFoundError: No module named 'src'
Traceback (most recent call last):
  File "D:\FusionTestFramework\src\MobileTestLibrary\__init__.py", line 1, in &lt;module&gt;
    from src.MobileTestLibrary.ExtendedAppiumLibrary import ExtendedAppiumLibrary
PYTHONPATH:
  D:\FusionTestFramework\src
  d:\FusionTestFramework\com.playgroundxyz.vision_project
  C:\ProgramData\robocorp\ht\1d92a2f_b1f3c24_09529949\python39.zip
  c:\ProgramData\robocorp\ht\1d92a2f_b1f3c24_09529949\DLLs
  c:\ProgramData\robocorp\ht\1d92a2f_b1f3c24_09529949\lib
  c:\ProgramData\robocorp\ht\1d92a2f_b1f3c24_09529949
  C:\ProgramData\robocorp\ht
  c:\ProgramData\robocorp\ht\1d92a2f_b1f3c24_09529949\lib\site-packages
  c:\ProgramData\robocorp\ht\1d92a2f_b1f3c24_09529949\lib\site-packages\win32
  c:\ProgramData\robocorp\ht\1d92a2f_b1f3c24_09529949\lib\site-packages\win32\lib
  c:\ProgramData\robocorp\ht\1d92a2f_b1f3c24_09529949\lib\site-packages\Pythonwin</msg>
<msg timestamp="20230316 21:38:10.910" level="ERROR">Error in file 'D:\FusionTestFramework\com.playgroundxyz.vision_project\com.playgroundxyz.vision_project.PageObject\com.playgroundxyz.vision_project.PageObject.keywords\Setup keywords.resource' on line 3: Importing library 'D:\FusionTestFramework\src\MobileTestLibrary' failed: ModuleNotFoundError: No module named 'src'
Traceback (most recent call last):
  File "D:\FusionTestFramework\src\MobileTestLibrary\__init__.py", line 1, in &lt;module&gt;
    from src.MobileTestLibrary.ExtendedAppiumLibrary import ExtendedAppiumLibrary
PYTHONPATH:
  D:\FusionTestFramework\src
  d:\FusionTestFramework\com.playgroundxyz.vision_project
  C:\ProgramData\robocorp\ht\1d92a2f_b1f3c24_09529949\python39.zip
  c:\ProgramData\robocorp\ht\1d92a2f_b1f3c24_09529949\DLLs
  c:\ProgramData\robocorp\ht\1d92a2f_b1f3c24_09529949\lib
  c:\ProgramData\robocorp\ht\1d92a2f_b1f3c24_09529949
  C:\ProgramData\robocorp\ht
  c:\ProgramData\robocorp\ht\1d92a2f_b1f3c24_09529949\lib\site-packages
  c:\ProgramData\robocorp\ht\1d92a2f_b1f3c24_09529949\lib\site-packages\win32
  c:\ProgramData\robocorp\ht\1d92a2f_b1f3c24_09529949\lib\site-packages\win32\lib
  c:\ProgramData\robocorp\ht\1d92a2f_b1f3c24_09529949\lib\site-packages\Pythonwin</msg>
<msg timestamp="20230316 21:38:10.931" level="ERROR">Error in file 'D:\FusionTestFramework\com.playgroundxyz.vision_project\com.playgroundxyz.vision_project.PageObject\com.playgroundxyz.vision_project.PageObject.keywords\EyeGazeValiidationKeywords.resource' on line 5: Importing library 'D:\FusionTestFramework\src\MobileTestLibrary' failed: ModuleNotFoundError: No module named 'src'
Traceback (most recent call last):
  File "D:\FusionTestFramework\src\MobileTestLibrary\__init__.py", line 1, in &lt;module&gt;
    from src.MobileTestLibrary.ExtendedAppiumLibrary import ExtendedAppiumLibrary
PYTHONPATH:
  D:\FusionTestFramework\src
  d:\FusionTestFramework\com.playgroundxyz.vision_project
  C:\ProgramData\robocorp\ht\1d92a2f_b1f3c24_09529949\python39.zip
  c:\ProgramData\robocorp\ht\1d92a2f_b1f3c24_09529949\DLLs
  c:\ProgramData\robocorp\ht\1d92a2f_b1f3c24_09529949\lib
  c:\ProgramData\robocorp\ht\1d92a2f_b1f3c24_09529949
  C:\ProgramData\robocorp\ht
  c:\ProgramData\robocorp\ht\1d92a2f_b1f3c24_09529949\lib\site-packages
  c:\ProgramData\robocorp\ht\1d92a2f_b1f3c24_09529949\lib\site-packages\win32
  c:\ProgramData\robocorp\ht\1d92a2f_b1f3c24_09529949\lib\site-packages\win32\lib
  c:\ProgramData\robocorp\ht\1d92a2f_b1f3c24_09529949\lib\site-packages\Pythonwin</msg>
<msg timestamp="20230316 21:38:10.979" level="ERROR">Error in file 'D:\FusionTestFramework\com.playgroundxyz.vision_project\com.playgroundxyz.vision_project.PageObject\com.playgroundxyz.vision_project.PageObject.keywords\Allow Permission page keywords.resource' on line 3: Importing library 'D:\FusionTestFramework\src\MobileTestLibrary' failed: ModuleNotFoundError: No module named 'src'
Traceback (most recent call last):
  File "D:\FusionTestFramework\src\MobileTestLibrary\__init__.py", line 1, in &lt;module&gt;
    from src.MobileTestLibrary.ExtendedAppiumLibrary import ExtendedAppiumLibrary
PYTHONPATH:
  D:\FusionTestFramework\src
  d:\FusionTestFramework\com.playgroundxyz.vision_project
  C:\ProgramData\robocorp\ht\1d92a2f_b1f3c24_09529949\python39.zip
  c:\ProgramData\robocorp\ht\1d92a2f_b1f3c24_09529949\DLLs
  c:\ProgramData\robocorp\ht\1d92a2f_b1f3c24_09529949\lib
  c:\ProgramData\robocorp\ht\1d92a2f_b1f3c24_09529949
  C:\ProgramData\robocorp\ht
  c:\ProgramData\robocorp\ht\1d92a2f_b1f3c24_09529949\lib\site-packages
  c:\ProgramData\robocorp\ht\1d92a2f_b1f3c24_09529949\lib\site-packages\win32
  c:\ProgramData\robocorp\ht\1d92a2f_b1f3c24_09529949\lib\site-packages\win32\lib
  c:\ProgramData\robocorp\ht\1d92a2f_b1f3c24_09529949\lib\site-packages\Pythonwin</msg>
<msg timestamp="20230316 21:38:10.997" level="ERROR">Error in file 'D:\FusionTestFramework\com.playgroundxyz.vision_project\com.playgroundxyz.vision_project.PageObject\com.playgroundxyz.vision_project.PageObject.keywords\Allow Permission page keywords.resource' on line 5: Processing variable file 'D:\FusionTestFramework\com.playgroundxyz.vision_project\com.playgroundxyz.vision_project.ConfigFiles\configuration.py' failed: Importing variable file 'D:\FusionTestFramework\com.playgroundxyz.vision_project\com.playgroundxyz.vision_project.ConfigFiles\configuration.py' failed: ModuleNotFoundError: No module named 'MobileTestLibrary'
Traceback (most recent call last):
  File "D:\FusionTestFramework\com.playgroundxyz.vision_project\com.playgroundxyz.vision_project.ConfigFiles\configuration.py", line 3, in &lt;module&gt;
    from MobileTestLibrary.JsonFileReader import read_Json_file
PYTHONPATH:
  D:\FusionTestFramework\com.playgroundxyz.vision_project\com.playgroundxyz.vision_project.ConfigFiles
  d:\FusionTestFramework\com.playgroundxyz.vision_project
  C:\ProgramData\robocorp\ht\1d92a2f_b1f3c24_09529949\python39.zip
  c:\ProgramData\robocorp\ht\1d92a2f_b1f3c24_09529949\DLLs
  c:\ProgramData\robocorp\ht\1d92a2f_b1f3c24_09529949\lib
  c:\ProgramData\robocorp\ht\1d92a2f_b1f3c24_09529949
  C:\ProgramData\robocorp\ht
  c:\ProgramData\robocorp\ht\1d92a2f_b1f3c24_09529949\lib\site-packages
  c:\ProgramData\robocorp\ht\1d92a2f_b1f3c24_09529949\lib\site-packages\win32
  c:\ProgramData\robocorp\ht\1d92a2f_b1f3c24_09529949\lib\site-packages\win32\lib
  c:\ProgramData\robocorp\ht\1d92a2f_b1f3c24_09529949\lib\site-packages\Pythonwin</msg>
<msg timestamp="20230316 21:38:11.016" level="ERROR">Error in file 'D:\FusionTestFramework\com.playgroundxyz.vision_project\com.playgroundxyz.vision_project.PageObject\com.playgroundxyz.vision_project.PageObject.keywords\LetsSetupYourEyeTrackingKeywords.resource' on line 4: Importing library 'D:\FusionTestFramework\src\MobileTestLibrary' failed: ModuleNotFoundError: No module named 'src'
Traceback (most recent call last):
  File "D:\FusionTestFramework\src\MobileTestLibrary\__init__.py", line 1, in &lt;module&gt;
    from src.MobileTestLibrary.ExtendedAppiumLibrary import ExtendedAppiumLibrary
PYTHONPATH:
  D:\FusionTestFramework\src
  d:\FusionTestFramework\com.playgroundxyz.vision_project
  C:\ProgramData\robocorp\ht\1d92a2f_b1f3c24_09529949\python39.zip
  c:\ProgramData\robocorp\ht\1d92a2f_b1f3c24_09529949\DLLs
  c:\ProgramData\robocorp\ht\1d92a2f_b1f3c24_09529949\lib
  c:\ProgramData\robocorp\ht\1d92a2f_b1f3c24_09529949
  C:\ProgramData\robocorp\ht
  c:\ProgramData\robocorp\ht\1d92a2f_b1f3c24_09529949\lib\site-packages
  c:\ProgramData\robocorp\ht\1d92a2f_b1f3c24_09529949\lib\site-packages\win32
  c:\ProgramData\robocorp\ht\1d92a2f_b1f3c24_09529949\lib\site-packages\win32\lib
  c:\ProgramData\robocorp\ht\1d92a2f_b1f3c24_09529949\lib\site-packages\Pythonwin</msg>
<msg timestamp="20230316 21:38:11.038" level="ERROR">Error in file 'D:\FusionTestFramework\com.playgroundxyz.vision_project\com.playgroundxyz.vision_project.PageObject\com.playgroundxyz.vision_project.PageObject.keywords\welcome page journey keywords.resource' on line 3: Importing library 'D:\FusionTestFramework\src\MobileTestLibrary' failed: ModuleNotFoundError: No module named 'src'
Traceback (most recent call last):
  File "D:\FusionTestFramework\src\MobileTestLibrary\__init__.py", line 1, in &lt;module&gt;
    from src.MobileTestLibrary.ExtendedAppiumLibrary import ExtendedAppiumLibrary
PYTHONPATH:
  D:\FusionTestFramework\src
  d:\FusionTestFramework\com.playgroundxyz.vision_project
  C:\ProgramData\robocorp\ht\1d92a2f_b1f3c24_09529949\python39.zip
  c:\ProgramData\robocorp\ht\1d92a2f_b1f3c24_09529949\DLLs
  c:\ProgramData\robocorp\ht\1d92a2f_b1f3c24_09529949\lib
  c:\ProgramData\robocorp\ht\1d92a2f_b1f3c24_09529949
  C:\ProgramData\robocorp\ht
  c:\ProgramData\robocorp\ht\1d92a2f_b1f3c24_09529949\lib\site-packages
  c:\ProgramData\robocorp\ht\1d92a2f_b1f3c24_09529949\lib\site-packages\win32
  c:\ProgramData\robocorp\ht\1d92a2f_b1f3c24_09529949\lib\site-packages\win32\lib
  c:\ProgramData\robocorp\ht\1d92a2f_b1f3c24_09529949\lib\site-packages\Pythonwin</msg>
<msg timestamp="20230316 21:38:11.064" level="ERROR">Error in file 'D:\FusionTestFramework\com.playgroundxyz.vision_project\com.playgroundxyz.vision_project.PageObject\com.playgroundxyz.vision_project.PageObject.keywords\launch_flow_keywords.resource' on line 3: Importing library 'D:\FusionTestFramework\src\MobileTestLibrary' failed: ModuleNotFoundError: No module named 'src'
Traceback (most recent call last):
  File "D:\FusionTestFramework\src\MobileTestLibrary\__init__.py", line 1, in &lt;module&gt;
    from src.MobileTestLibrary.ExtendedAppiumLibrary import ExtendedAppiumLibrary
PYTHONPATH:
  D:\FusionTestFramework\src
  d:\FusionTestFramework\com.playgroundxyz.vision_project
  C:\ProgramData\robocorp\ht\1d92a2f_b1f3c24_09529949\python39.zip
  c:\ProgramData\robocorp\ht\1d92a2f_b1f3c24_09529949\DLLs
  c:\ProgramData\robocorp\ht\1d92a2f_b1f3c24_09529949\lib
  c:\ProgramData\robocorp\ht\1d92a2f_b1f3c24_09529949
  C:\ProgramData\robocorp\ht
  c:\ProgramData\robocorp\ht\1d92a2f_b1f3c24_09529949\lib\site-packages
  c:\ProgramData\robocorp\ht\1d92a2f_b1f3c24_09529949\lib\site-packages\win32
  c:\ProgramData\robocorp\ht\1d92a2f_b1f3c24_09529949\lib\site-packages\win32\lib
  c:\ProgramData\robocorp\ht\1d92a2f_b1f3c24_09529949\lib\site-packages\Pythonwin</msg>
<msg timestamp="20230316 21:38:11.082" level="ERROR">Error in file 'D:\FusionTestFramework\com.playgroundxyz.vision_project\com.playgroundxyz.vision_project.PageObject\com.playgroundxyz.vision_project.PageObject.keywords\Setup keywords.resource' on line 3: Importing library 'D:\FusionTestFramework\src\MobileTestLibrary' failed: ModuleNotFoundError: No module named 'src'
Traceback (most recent call last):
  File "D:\FusionTestFramework\src\MobileTestLibrary\__init__.py", line 1, in &lt;module&gt;
    from src.MobileTestLibrary.ExtendedAppiumLibrary import ExtendedAppiumLibrary
PYTHONPATH:
  D:\FusionTestFramework\src
  d:\FusionTestFramework\com.playgroundxyz.vision_project
  C:\ProgramData\robocorp\ht\1d92a2f_b1f3c24_09529949\python39.zip
  c:\ProgramData\robocorp\ht\1d92a2f_b1f3c24_09529949\DLLs
  c:\ProgramData\robocorp\ht\1d92a2f_b1f3c24_09529949\lib
  c:\ProgramData\robocorp\ht\1d92a2f_b1f3c24_09529949
  C:\ProgramData\robocorp\ht
  c:\ProgramData\robocorp\ht\1d92a2f_b1f3c24_09529949\lib\site-packages
  c:\ProgramData\robocorp\ht\1d92a2f_b1f3c24_09529949\lib\site-packages\win32
  c:\ProgramData\robocorp\ht\1d92a2f_b1f3c24_09529949\lib\site-packages\win32\lib
  c:\ProgramData\robocorp\ht\1d92a2f_b1f3c24_09529949\lib\site-packages\Pythonwin</msg>
<msg timestamp="20230316 21:38:11.112" level="ERROR">Error in file 'D:\FusionTestFramework\com.playgroundxyz.vision_project\com.playgroundxyz.vision_project.PageObject\com.playgroundxyz.vision_project.PageObject.keywords\EyeGazeValiidationKeywords.resource' on line 5: Importing library 'D:\FusionTestFramework\src\MobileTestLibrary' failed: ModuleNotFoundError: No module named 'src'
Traceback (most recent call last):
  File "D:\FusionTestFramework\src\MobileTestLibrary\__init__.py", line 1, in &lt;module&gt;
    from src.MobileTestLibrary.ExtendedAppiumLibrary import ExtendedAppiumLibrary
PYTHONPATH:
  D:\FusionTestFramework\src
  d:\FusionTestFramework\com.playgroundxyz.vision_project
  C:\ProgramData\robocorp\ht\1d92a2f_b1f3c24_09529949\python39.zip
  c:\ProgramData\robocorp\ht\1d92a2f_b1f3c24_09529949\DLLs
  c:\ProgramData\robocorp\ht\1d92a2f_b1f3c24_09529949\lib
  c:\ProgramData\robocorp\ht\1d92a2f_b1f3c24_09529949
  C:\ProgramData\robocorp\ht
  c:\ProgramData\robocorp\ht\1d92a2f_b1f3c24_09529949\lib\site-packages
  c:\ProgramData\robocorp\ht\1d92a2f_b1f3c24_09529949\lib\site-packages\win32
  c:\ProgramData\robocorp\ht\1d92a2f_b1f3c24_09529949\lib\site-packages\win32\lib
  c:\ProgramData\robocorp\ht\1d92a2f_b1f3c24_09529949\lib\site-packages\Pythonwin</msg>
<msg timestamp="20230316 21:38:11.181" level="ERROR">Error in file 'D:\FusionTestFramework\com.playgroundxyz.vision_project\com.playgroundxyz.vision_project.PageObject\com.playgroundxyz.vision_project.PageObject.keywords\Allow Permission page keywords.resource' on line 3: Importing library 'D:\FusionTestFramework\src\MobileTestLibrary' failed: ModuleNotFoundError: No module named 'src'
Traceback (most recent call last):
  File "D:\FusionTestFramework\src\MobileTestLibrary\__init__.py", line 1, in &lt;module&gt;
    from src.MobileTestLibrary.ExtendedAppiumLibrary import ExtendedAppiumLibrary
PYTHONPATH:
  D:\FusionTestFramework\src
  d:\FusionTestFramework\com.playgroundxyz.vision_project
  C:\ProgramData\robocorp\ht\1d92a2f_b1f3c24_09529949\python39.zip
  c:\ProgramData\robocorp\ht\1d92a2f_b1f3c24_09529949\DLLs
  c:\ProgramData\robocorp\ht\1d92a2f_b1f3c24_09529949\lib
  c:\ProgramData\robocorp\ht\1d92a2f_b1f3c24_09529949
  C:\ProgramData\robocorp\ht
  c:\ProgramData\robocorp\ht\1d92a2f_b1f3c24_09529949\lib\site-packages
  c:\ProgramData\robocorp\ht\1d92a2f_b1f3c24_09529949\lib\site-packages\win32
  c:\ProgramData\robocorp\ht\1d92a2f_b1f3c24_09529949\lib\site-packages\win32\lib
  c:\ProgramData\robocorp\ht\1d92a2f_b1f3c24_09529949\lib\site-packages\Pythonwin</msg>
<msg timestamp="20230316 21:38:11.199" level="ERROR">Error in file 'D:\FusionTestFramework\com.playgroundxyz.vision_project\com.playgroundxyz.vision_project.PageObject\com.playgroundxyz.vision_project.PageObject.keywords\Allow Permission page keywords.resource' on line 5: Processing variable file 'D:\FusionTestFramework\com.playgroundxyz.vision_project\com.playgroundxyz.vision_project.ConfigFiles\configuration.py' failed: Importing variable file 'D:\FusionTestFramework\com.playgroundxyz.vision_project\com.playgroundxyz.vision_project.ConfigFiles\configuration.py' failed: ModuleNotFoundError: No module named 'MobileTestLibrary'
Traceback (most recent call last):
  File "D:\FusionTestFramework\com.playgroundxyz.vision_project\com.playgroundxyz.vision_project.ConfigFiles\configuration.py", line 3, in &lt;module&gt;
    from MobileTestLibrary.JsonFileReader import read_Json_file
PYTHONPATH:
  D:\FusionTestFramework\com.playgroundxyz.vision_project\com.playgroundxyz.vision_project.ConfigFiles
  d:\FusionTestFramework\com.playgroundxyz.vision_project
  C:\ProgramData\robocorp\ht\1d92a2f_b1f3c24_09529949\python39.zip
  c:\ProgramData\robocorp\ht\1d92a2f_b1f3c24_09529949\DLLs
  c:\ProgramData\robocorp\ht\1d92a2f_b1f3c24_09529949\lib
  c:\ProgramData\robocorp\ht\1d92a2f_b1f3c24_09529949
  C:\ProgramData\robocorp\ht
  c:\ProgramData\robocorp\ht\1d92a2f_b1f3c24_09529949\lib\site-packages
  c:\ProgramData\robocorp\ht\1d92a2f_b1f3c24_09529949\lib\site-packages\win32
  c:\ProgramData\robocorp\ht\1d92a2f_b1f3c24_09529949\lib\site-packages\win32\lib
  c:\ProgramData\robocorp\ht\1d92a2f_b1f3c24_09529949\lib\site-packages\Pythonwin</msg>
<msg timestamp="20230316 21:38:11.217" level="ERROR">Error in file 'D:\FusionTestFramework\com.playgroundxyz.vision_project\com.playgroundxyz.vision_project.PageObject\com.playgroundxyz.vision_project.PageObject.keywords\LetsSetupYourEyeTrackingKeywords.resource' on line 4: Importing library 'D:\FusionTestFramework\src\MobileTestLibrary' failed: ModuleNotFoundError: No module named 'src'
Traceback (most recent call last):
  File "D:\FusionTestFramework\src\MobileTestLibrary\__init__.py", line 1, in &lt;module&gt;
    from src.MobileTestLibrary.ExtendedAppiumLibrary import ExtendedAppiumLibrary
PYTHONPATH:
  D:\FusionTestFramework\src
  d:\FusionTestFramework\com.playgroundxyz.vision_project
  C:\ProgramData\robocorp\ht\1d92a2f_b1f3c24_09529949\python39.zip
  c:\ProgramData\robocorp\ht\1d92a2f_b1f3c24_09529949\DLLs
  c:\ProgramData\robocorp\ht\1d92a2f_b1f3c24_09529949\lib
  c:\ProgramData\robocorp\ht\1d92a2f_b1f3c24_09529949
  C:\ProgramData\robocorp\ht
  c:\ProgramData\robocorp\ht\1d92a2f_b1f3c24_09529949\lib\site-packages
  c:\ProgramData\robocorp\ht\1d92a2f_b1f3c24_09529949\lib\site-packages\win32
  c:\ProgramData\robocorp\ht\1d92a2f_b1f3c24_09529949\lib\site-packages\win32\lib
  c:\ProgramData\robocorp\ht\1d92a2f_b1f3c24_09529949\lib\site-packages\Pythonwin</msg>
<msg timestamp="20230316 21:38:11.239" level="ERROR">Error in file 'D:\FusionTestFramework\com.playgroundxyz.vision_project\com.playgroundxyz.vision_project.PageObject\com.playgroundxyz.vision_project.PageObject.keywords\welcome page journey keywords.resource' on line 3: Importing library 'D:\FusionTestFramework\src\MobileTestLibrary' failed: ModuleNotFoundError: No module named 'src'
Traceback (most recent call last):
  File "D:\FusionTestFramework\src\MobileTestLibrary\__init__.py", line 1, in &lt;module&gt;
    from src.MobileTestLibrary.ExtendedAppiumLibrary import ExtendedAppiumLibrary
PYTHONPATH:
  D:\FusionTestFramework\src
  d:\FusionTestFramework\com.playgroundxyz.vision_project
  C:\ProgramData\robocorp\ht\1d92a2f_b1f3c24_09529949\python39.zip
  c:\ProgramData\robocorp\ht\1d92a2f_b1f3c24_09529949\DLLs
  c:\ProgramData\robocorp\ht\1d92a2f_b1f3c24_09529949\lib
  c:\ProgramData\robocorp\ht\1d92a2f_b1f3c24_09529949
  C:\ProgramData\robocorp\ht
  c:\ProgramData\robocorp\ht\1d92a2f_b1f3c24_09529949\lib\site-packages
  c:\ProgramData\robocorp\ht\1d92a2f_b1f3c24_09529949\lib\site-packages\win32
  c:\ProgramData\robocorp\ht\1d92a2f_b1f3c24_09529949\lib\site-packages\win32\lib
  c:\ProgramData\robocorp\ht\1d92a2f_b1f3c24_09529949\lib\site-packages\Pythonwin</msg>
<msg timestamp="20230316 21:38:11.264" level="ERROR">Error in file 'D:\FusionTestFramework\com.playgroundxyz.vision_project\com.playgroundxyz.vision_project.PageObject\com.playgroundxyz.vision_project.PageObject.keywords\launch_flow_keywords.resource' on line 3: Importing library 'D:\FusionTestFramework\src\MobileTestLibrary' failed: ModuleNotFoundError: No module named 'src'
Traceback (most recent call last):
  File "D:\FusionTestFramework\src\MobileTestLibrary\__init__.py", line 1, in &lt;module&gt;
    from src.MobileTestLibrary.ExtendedAppiumLibrary import ExtendedAppiumLibrary
PYTHONPATH:
  D:\FusionTestFramework\src
  d:\FusionTestFramework\com.playgroundxyz.vision_project
  C:\ProgramData\robocorp\ht\1d92a2f_b1f3c24_09529949\python39.zip
  c:\ProgramData\robocorp\ht\1d92a2f_b1f3c24_09529949\DLLs
  c:\ProgramData\robocorp\ht\1d92a2f_b1f3c24_09529949\lib
  c:\ProgramData\robocorp\ht\1d92a2f_b1f3c24_09529949
  C:\ProgramData\robocorp\ht
  c:\ProgramData\robocorp\ht\1d92a2f_b1f3c24_09529949\lib\site-packages
  c:\ProgramData\robocorp\ht\1d92a2f_b1f3c24_09529949\lib\site-packages\win32
  c:\ProgramData\robocorp\ht\1d92a2f_b1f3c24_09529949\lib\site-packages\win32\lib
  c:\ProgramData\robocorp\ht\1d92a2f_b1f3c24_09529949\lib\site-packages\Pythonwin</msg>
<msg timestamp="20230316 21:38:11.281" level="ERROR">Error in file 'D:\FusionTestFramework\com.playgroundxyz.vision_project\com.playgroundxyz.vision_project.PageObject\com.playgroundxyz.vision_project.PageObject.keywords\Setup keywords.resource' on line 3: Importing library 'D:\FusionTestFramework\src\MobileTestLibrary' failed: ModuleNotFoundError: No module named 'src'
Traceback (most recent call last):
  File "D:\FusionTestFramework\src\MobileTestLibrary\__init__.py", line 1, in &lt;module&gt;
    from src.MobileTestLibrary.ExtendedAppiumLibrary import ExtendedAppiumLibrary
PYTHONPATH:
  D:\FusionTestFramework\src
  d:\FusionTestFramework\com.playgroundxyz.vision_project
  C:\ProgramData\robocorp\ht\1d92a2f_b1f3c24_09529949\python39.zip
  c:\ProgramData\robocorp\ht\1d92a2f_b1f3c24_09529949\DLLs
  c:\ProgramData\robocorp\ht\1d92a2f_b1f3c24_09529949\lib
  c:\ProgramData\robocorp\ht\1d92a2f_b1f3c24_09529949
  C:\ProgramData\robocorp\ht
  c:\ProgramData\robocorp\ht\1d92a2f_b1f3c24_09529949\lib\site-packages
  c:\ProgramData\robocorp\ht\1d92a2f_b1f3c24_09529949\lib\site-packages\win32
  c:\ProgramData\robocorp\ht\1d92a2f_b1f3c24_09529949\lib\site-packages\win32\lib
  c:\ProgramData\robocorp\ht\1d92a2f_b1f3c24_09529949\lib\site-packages\Pythonwin</msg>
<msg timestamp="20230316 21:38:11.302" level="ERROR">Error in file 'D:\FusionTestFramework\com.playgroundxyz.vision_project\com.playgroundxyz.vision_project.PageObject\com.playgroundxyz.vision_project.PageObject.keywords\EyeGazeValiidationKeywords.resource' on line 5: Importing library 'D:\FusionTestFramework\src\MobileTestLibrary' failed: ModuleNotFoundError: No module named 'src'
Traceback (most recent call last):
  File "D:\FusionTestFramework\src\MobileTestLibrary\__init__.py", line 1, in &lt;module&gt;
    from src.MobileTestLibrary.ExtendedAppiumLibrary import ExtendedAppiumLibrary
PYTHONPATH:
  D:\FusionTestFramework\src
  d:\FusionTestFramework\com.playgroundxyz.vision_project
  C:\ProgramData\robocorp\ht\1d92a2f_b1f3c24_09529949\python39.zip
  c:\ProgramData\robocorp\ht\1d92a2f_b1f3c24_09529949\DLLs
  c:\ProgramData\robocorp\ht\1d92a2f_b1f3c24_09529949\lib
  c:\ProgramData\robocorp\ht\1d92a2f_b1f3c24_09529949
  C:\ProgramData\robocorp\ht
  c:\ProgramData\robocorp\ht\1d92a2f_b1f3c24_09529949\lib\site-packages
  c:\ProgramData\robocorp\ht\1d92a2f_b1f3c24_09529949\lib\site-packages\win32
  c:\ProgramData\robocorp\ht\1d92a2f_b1f3c24_09529949\lib\site-packages\win32\lib
  c:\ProgramData\robocorp\ht\1d92a2f_b1f3c24_09529949\lib\site-packages\Pythonwin</msg>
<msg timestamp="20230316 21:38:11.360" level="ERROR">Error in file 'D:\FusionTestFramework\com.playgroundxyz.vision_project\com.playgroundxyz.vision_project.PageObject\com.playgroundxyz.vision_project.PageObject.keywords\Allow Permission page keywords.resource' on line 3: Importing library 'D:\FusionTestFramework\src\MobileTestLibrary' failed: ModuleNotFoundError: No module named 'src'
Traceback (most recent call last):
  File "D:\FusionTestFramework\src\MobileTestLibrary\__init__.py", line 1, in &lt;module&gt;
    from src.MobileTestLibrary.ExtendedAppiumLibrary import ExtendedAppiumLibrary
PYTHONPATH:
  D:\FusionTestFramework\src
  d:\FusionTestFramework\com.playgroundxyz.vision_project
  C:\ProgramData\robocorp\ht\1d92a2f_b1f3c24_09529949\python39.zip
  c:\ProgramData\robocorp\ht\1d92a2f_b1f3c24_09529949\DLLs
  c:\ProgramData\robocorp\ht\1d92a2f_b1f3c24_09529949\lib
  c:\ProgramData\robocorp\ht\1d92a2f_b1f3c24_09529949
  C:\ProgramData\robocorp\ht
  c:\ProgramData\robocorp\ht\1d92a2f_b1f3c24_09529949\lib\site-packages
  c:\ProgramData\robocorp\ht\1d92a2f_b1f3c24_09529949\lib\site-packages\win32
  c:\ProgramData\robocorp\ht\1d92a2f_b1f3c24_09529949\lib\site-packages\win32\lib
  c:\ProgramData\robocorp\ht\1d92a2f_b1f3c24_09529949\lib\site-packages\Pythonwin</msg>
<msg timestamp="20230316 21:38:11.378" level="ERROR">Error in file 'D:\FusionTestFramework\com.playgroundxyz.vision_project\com.playgroundxyz.vision_project.PageObject\com.playgroundxyz.vision_project.PageObject.keywords\Allow Permission page keywords.resource' on line 5: Processing variable file 'D:\FusionTestFramework\com.playgroundxyz.vision_project\com.playgroundxyz.vision_project.ConfigFiles\configuration.py' failed: Importing variable file 'D:\FusionTestFramework\com.playgroundxyz.vision_project\com.playgroundxyz.vision_project.ConfigFiles\configuration.py' failed: ModuleNotFoundError: No module named 'MobileTestLibrary'
Traceback (most recent call last):
  File "D:\FusionTestFramework\com.playgroundxyz.vision_project\com.playgroundxyz.vision_project.ConfigFiles\configuration.py", line 3, in &lt;module&gt;
    from MobileTestLibrary.JsonFileReader import read_Json_file
PYTHONPATH:
  D:\FusionTestFramework\com.playgroundxyz.vision_project\com.playgroundxyz.vision_project.ConfigFiles
  d:\FusionTestFramework\com.playgroundxyz.vision_project
  C:\ProgramData\robocorp\ht\1d92a2f_b1f3c24_09529949\python39.zip
  c:\ProgramData\robocorp\ht\1d92a2f_b1f3c24_09529949\DLLs
  c:\ProgramData\robocorp\ht\1d92a2f_b1f3c24_09529949\lib
  c:\ProgramData\robocorp\ht\1d92a2f_b1f3c24_09529949
  C:\ProgramData\robocorp\ht
  c:\ProgramData\robocorp\ht\1d92a2f_b1f3c24_09529949\lib\site-packages
  c:\ProgramData\robocorp\ht\1d92a2f_b1f3c24_09529949\lib\site-packages\win32
  c:\ProgramData\robocorp\ht\1d92a2f_b1f3c24_09529949\lib\site-packages\win32\lib
  c:\ProgramData\robocorp\ht\1d92a2f_b1f3c24_09529949\lib\site-packages\Pythonwin</msg>
<msg timestamp="20230316 21:38:11.462" level="ERROR">Error in file 'D:\FusionTestFramework\com.playgroundxyz.vision_project\com.playgroundxyz.vision_project.PageObject\com.playgroundxyz.vision_project.PageObject.keywords\LetsSetupYourEyeTrackingKeywords.resource' on line 4: Importing library 'D:\FusionTestFramework\src\MobileTestLibrary' failed: ModuleNotFoundError: No module named 'src'
Traceback (most recent call last):
  File "D:\FusionTestFramework\src\MobileTestLibrary\__init__.py", line 1, in &lt;module&gt;
    from src.MobileTestLibrary.ExtendedAppiumLibrary import ExtendedAppiumLibrary
PYTHONPATH:
  D:\FusionTestFramework\src
  d:\FusionTestFramework\com.playgroundxyz.vision_project
  C:\ProgramData\robocorp\ht\1d92a2f_b1f3c24_09529949\python39.zip
  c:\ProgramData\robocorp\ht\1d92a2f_b1f3c24_09529949\DLLs
  c:\ProgramData\robocorp\ht\1d92a2f_b1f3c24_09529949\lib
  c:\ProgramData\robocorp\ht\1d92a2f_b1f3c24_09529949
  C:\ProgramData\robocorp\ht
  c:\ProgramData\robocorp\ht\1d92a2f_b1f3c24_09529949\lib\site-packages
  c:\ProgramData\robocorp\ht\1d92a2f_b1f3c24_09529949\lib\site-packages\win32
  c:\ProgramData\robocorp\ht\1d92a2f_b1f3c24_09529949\lib\site-packages\win32\lib
  c:\ProgramData\robocorp\ht\1d92a2f_b1f3c24_09529949\lib\site-packages\Pythonwin</msg>
<msg timestamp="20230316 21:38:11.504" level="ERROR">Error in file 'D:\FusionTestFramework\com.playgroundxyz.vision_project\com.playgroundxyz.vision_project.PageObject\com.playgroundxyz.vision_project.PageObject.keywords\welcome page journey keywords.resource' on line 3: Importing library 'D:\FusionTestFramework\src\MobileTestLibrary' failed: ModuleNotFoundError: No module named 'src'
Traceback (most recent call last):
  File "D:\FusionTestFramework\src\MobileTestLibrary\__init__.py", line 1, in &lt;module&gt;
    from src.MobileTestLibrary.ExtendedAppiumLibrary import ExtendedAppiumLibrary
PYTHONPATH:
  D:\FusionTestFramework\src
  d:\FusionTestFramework\com.playgroundxyz.vision_project
  C:\ProgramData\robocorp\ht\1d92a2f_b1f3c24_09529949\python39.zip
  c:\ProgramData\robocorp\ht\1d92a2f_b1f3c24_09529949\DLLs
  c:\ProgramData\robocorp\ht\1d92a2f_b1f3c24_09529949\lib
  c:\ProgramData\robocorp\ht\1d92a2f_b1f3c24_09529949
  C:\ProgramData\robocorp\ht
  c:\ProgramData\robocorp\ht\1d92a2f_b1f3c24_09529949\lib\site-packages
  c:\ProgramData\robocorp\ht\1d92a2f_b1f3c24_09529949\lib\site-packages\win32
  c:\ProgramData\robocorp\ht\1d92a2f_b1f3c24_09529949\lib\site-packages\win32\lib
  c:\ProgramData\robocorp\ht\1d92a2f_b1f3c24_09529949\lib\site-packages\Pythonwin</msg>
<msg timestamp="20230316 21:38:11.548" level="ERROR">Error in file 'D:\FusionTestFramework\com.playgroundxyz.vision_project\com.playgroundxyz.vision_project.PageObject\com.playgroundxyz.vision_project.PageObject.keywords\launch_flow_keywords.resource' on line 3: Importing library 'D:\FusionTestFramework\src\MobileTestLibrary' failed: ModuleNotFoundError: No module named 'src'
Traceback (most recent call last):
  File "D:\FusionTestFramework\src\MobileTestLibrary\__init__.py", line 1, in &lt;module&gt;
    from src.MobileTestLibrary.ExtendedAppiumLibrary import ExtendedAppiumLibrary
PYTHONPATH:
  D:\FusionTestFramework\src
  d:\FusionTestFramework\com.playgroundxyz.vision_project
  C:\ProgramData\robocorp\ht\1d92a2f_b1f3c24_09529949\python39.zip
  c:\ProgramData\robocorp\ht\1d92a2f_b1f3c24_09529949\DLLs
  c:\ProgramData\robocorp\ht\1d92a2f_b1f3c24_09529949\lib
  c:\ProgramData\robocorp\ht\1d92a2f_b1f3c24_09529949
  C:\ProgramData\robocorp\ht
  c:\ProgramData\robocorp\ht\1d92a2f_b1f3c24_09529949\lib\site-packages
  c:\ProgramData\robocorp\ht\1d92a2f_b1f3c24_09529949\lib\site-packages\win32
  c:\ProgramData\robocorp\ht\1d92a2f_b1f3c24_09529949\lib\site-packages\win32\lib
  c:\ProgramData\robocorp\ht\1d92a2f_b1f3c24_09529949\lib\site-packages\Pythonwin</msg>
<msg timestamp="20230316 21:38:11.566" level="ERROR">Error in file 'D:\FusionTestFramework\com.playgroundxyz.vision_project\com.playgroundxyz.vision_project.PageObject\com.playgroundxyz.vision_project.PageObject.keywords\Setup keywords.resource' on line 3: Importing library 'D:\FusionTestFramework\src\MobileTestLibrary' failed: ModuleNotFoundError: No module named 'src'
Traceback (most recent call last):
  File "D:\FusionTestFramework\src\MobileTestLibrary\__init__.py", line 1, in &lt;module&gt;
    from src.MobileTestLibrary.ExtendedAppiumLibrary import ExtendedAppiumLibrary
PYTHONPATH:
  D:\FusionTestFramework\src
  d:\FusionTestFramework\com.playgroundxyz.vision_project
  C:\ProgramData\robocorp\ht\1d92a2f_b1f3c24_09529949\python39.zip
  c:\ProgramData\robocorp\ht\1d92a2f_b1f3c24_09529949\DLLs
  c:\ProgramData\robocorp\ht\1d92a2f_b1f3c24_09529949\lib
  c:\ProgramData\robocorp\ht\1d92a2f_b1f3c24_09529949
  C:\ProgramData\robocorp\ht
  c:\ProgramData\robocorp\ht\1d92a2f_b1f3c24_09529949\lib\site-packages
  c:\ProgramData\robocorp\ht\1d92a2f_b1f3c24_09529949\lib\site-packages\win32
  c:\ProgramData\robocorp\ht\1d92a2f_b1f3c24_09529949\lib\site-packages\win32\lib
  c:\ProgramData\robocorp\ht\1d92a2f_b1f3c24_09529949\lib\site-packages\Pythonwin</msg>
<msg timestamp="20230316 21:38:11.586" level="ERROR">Error in file 'D:\FusionTestFramework\com.playgroundxyz.vision_project\com.playgroundxyz.vision_project.PageObject\com.playgroundxyz.vision_project.PageObject.keywords\EyeGazeValiidationKeywords.resource' on line 5: Importing library 'D:\FusionTestFramework\src\MobileTestLibrary' failed: ModuleNotFoundError: No module named 'src'
Traceback (most recent call last):
  File "D:\FusionTestFramework\src\MobileTestLibrary\__init__.py", line 1, in &lt;module&gt;
    from src.MobileTestLibrary.ExtendedAppiumLibrary import ExtendedAppiumLibrary
PYTHONPATH:
  D:\FusionTestFramework\src
  d:\FusionTestFramework\com.playgroundxyz.vision_project
  C:\ProgramData\robocorp\ht\1d92a2f_b1f3c24_09529949\python39.zip
  c:\ProgramData\robocorp\ht\1d92a2f_b1f3c24_09529949\DLLs
  c:\ProgramData\robocorp\ht\1d92a2f_b1f3c24_09529949\lib
  c:\ProgramData\robocorp\ht\1d92a2f_b1f3c24_09529949
  C:\ProgramData\robocorp\ht
  c:\ProgramData\robocorp\ht\1d92a2f_b1f3c24_09529949\lib\site-packages
  c:\ProgramData\robocorp\ht\1d92a2f_b1f3c24_09529949\lib\site-packages\win32
  c:\ProgramData\robocorp\ht\1d92a2f_b1f3c24_09529949\lib\site-packages\win32\lib
  c:\ProgramData\robocorp\ht\1d92a2f_b1f3c24_09529949\lib\site-packages\Pythonwin</msg>
</errors>
</robot>
