<?xml version="1.0" encoding="UTF-8"?>
<robot generator="Robot 5.0.1 (Python 3.9.13 on win32)" generated="20230316 21:41:10.575" rpa="false" schemaversion="3">
<suite id="s1" name="Example" source="D:\FusionTestFramework\com.playgroundxyz.vision_project\com.playgroundxyz.vision_project.TestcaseSuite">
<suite id="s1-s1" name="TC001 - Tap on 'Privacy policy' and verify user is landing on Privacy policy page" source="D:\FusionTestFramework\com.playgroundxyz.vision_project\com.playgroundxyz.vision_project.TestcaseSuite\TC001 - Tap on 'Privacy policy' and verify user is landing on Privacy policy page.robot">
<kw name="Setup before suit start" library="Setup keywords" type="SETUP">
<kw name="MobileTestLibrary.Start Appium Service">
<msg timestamp="20230316 21:41:12.194" level="FAIL">No keyword with name 'MobileTestLibrary.Start Appium Service' found.</msg>
<status status="FAIL" starttime="20230316 21:41:12.194" endtime="20230316 21:41:12.194"/>
</kw>
<kw name="Set Log Level" library="BuiltIn">
<arg>DEBUG</arg>
<doc>Sets the log threshold to the specified level and returns the old level.</doc>
<status status="NOT RUN" starttime="20230316 21:41:12.195" endtime="20230316 21:41:12.195"/>
</kw>
<kw name="Log To Console" library="BuiltIn">
<arg>Appium server started .....</arg>
<doc>Logs the given message to the console.</doc>
<status status="NOT RUN" starttime="20230316 21:41:12.195" endtime="20230316 21:41:12.195"/>
</kw>
<status status="FAIL" starttime="20230316 21:41:12.179" endtime="20230316 21:41:12.196"/>
</kw>
<test id="s1-s1-t1" name="Tap on 'Privacy policy' and verify user is landing on Privacy policy page" line="11">
<doc>Verification that Google Play button redirecting user to Vision Project on play store</doc>
<tag>regression</tag>
<status status="FAIL" starttime="20230316 21:41:12.196" endtime="20230316 21:41:12.199">Parent suite setup failed:
No keyword with name 'MobileTestLibrary.Start Appium Service' found.</status>
</test>
<kw name="tearDown" library="Setup keywords" type="TEARDOWN">
<kw name="MobileTestLibrary.Stop Appium Service">
<msg timestamp="20230316 21:41:12.212" level="FAIL">No keyword with name 'MobileTestLibrary.Stop Appium Service' found.</msg>
<status status="FAIL" starttime="20230316 21:41:12.212" endtime="20230316 21:41:12.212"/>
</kw>
<status status="FAIL" starttime="20230316 21:41:12.200" endtime="20230316 21:41:12.213">No keyword with name 'MobileTestLibrary.Stop Appium Service' found.</status>
</kw>
<status status="FAIL" starttime="20230316 21:41:10.688" endtime="20230316 21:41:12.213">Suite setup failed:
No keyword with name 'MobileTestLibrary.Start Appium Service' found.

Also suite teardown failed:
No keyword with name 'MobileTestLibrary.Stop Appium Service' found.</status>
</suite>
<suite id="s1-s2" name="TC002 - Verify that Deep link URL is providing QR code" source="D:\FusionTestFramework\com.playgroundxyz.vision_project\com.playgroundxyz.vision_project.TestcaseSuite\TC002 - Verify that Deep link URL is providing QR code.robot">
<test id="s1-s2-t1" name="Verify that Deep link URL is providing QR code" line="9">
<kw name="Launch browser and input url" library="Setup keywords" type="SETUP">
<kw name="Open Browser" library="WebApplicationTestLibrary">
<arg>${url}</arg>
<arg>${Browser}</arg>
<arg>executable_path=drivers/chromedriver.exe</arg>
<doc>Opens a new browser instance to the optional ``url``.</doc>
<msg timestamp="20230316 21:41:12.403" level="FAIL">Variable '${url}' not found.</msg>
<status status="FAIL" starttime="20230316 21:41:12.399" endtime="20230316 21:41:12.403"/>
</kw>
<kw name="Maximize Browser Window" library="WebApplicationTestLibrary">
<doc>Maximizes current browser window.</doc>
<status status="NOT RUN" starttime="20230316 21:41:12.403" endtime="20230316 21:41:12.403"/>
</kw>
<status status="FAIL" starttime="20230316 21:41:12.399" endtime="20230316 21:41:12.404"/>
</kw>
<kw name="Close Browser" library="WebApplicationTestLibrary" type="TEARDOWN">
<doc>Closes the current browser.</doc>
<status status="PASS" starttime="20230316 21:41:12.405" endtime="20230316 21:41:12.405"/>
</kw>
<doc>verification of barcode generation of specified link</doc>
<tag>regression</tag>
<status status="FAIL" starttime="20230316 21:41:12.397" endtime="20230316 21:41:12.405">Setup failed:
Variable '${url}' not found.</status>
</test>
<status status="FAIL" starttime="20230316 21:41:12.214" endtime="20230316 21:41:12.407"/>
</suite>
<suite id="s1-s3" name="TC003 - Verify that Google Play button redirecting user to Vision Project on play store" source="D:\FusionTestFramework\com.playgroundxyz.vision_project\com.playgroundxyz.vision_project.TestcaseSuite\TC003 - Verify that Google Play button redirecting user to Vision Project on play store.robot">
<kw name="Setup before suit start" library="Setup keywords" type="SETUP">
<kw name="MobileTestLibrary.Start Appium Service">
<msg timestamp="20230316 21:41:12.569" level="FAIL">No keyword with name 'MobileTestLibrary.Start Appium Service' found.</msg>
<status status="FAIL" starttime="20230316 21:41:12.569" endtime="20230316 21:41:12.569"/>
</kw>
<kw name="Set Log Level" library="BuiltIn">
<arg>DEBUG</arg>
<doc>Sets the log threshold to the specified level and returns the old level.</doc>
<status status="NOT RUN" starttime="20230316 21:41:12.570" endtime="20230316 21:41:12.570"/>
</kw>
<kw name="Log To Console" library="BuiltIn">
<arg>Appium server started .....</arg>
<doc>Logs the given message to the console.</doc>
<status status="NOT RUN" starttime="20230316 21:41:12.570" endtime="20230316 21:41:12.570"/>
</kw>
<status status="FAIL" starttime="20230316 21:41:12.559" endtime="20230316 21:41:12.570"/>
</kw>
<test id="s1-s3-t1" name="Verify that Google Play button redirecting user to Vision Project on play store" line="11">
<doc>Verification that Google Play button redirecting user to Vision Project on play store</doc>
<tag>regression</tag>
<status status="FAIL" starttime="20230316 21:41:12.571" endtime="20230316 21:41:12.572">Parent suite setup failed:
No keyword with name 'MobileTestLibrary.Start Appium Service' found.</status>
</test>
<kw name="tearDown" library="Setup keywords" type="TEARDOWN">
<kw name="MobileTestLibrary.Stop Appium Service">
<msg timestamp="20230316 21:41:12.584" level="FAIL">No keyword with name 'MobileTestLibrary.Stop Appium Service' found.</msg>
<status status="FAIL" starttime="20230316 21:41:12.584" endtime="20230316 21:41:12.584"/>
</kw>
<status status="FAIL" starttime="20230316 21:41:12.573" endtime="20230316 21:41:12.585">No keyword with name 'MobileTestLibrary.Stop Appium Service' found.</status>
</kw>
<status status="FAIL" starttime="20230316 21:41:12.410" endtime="20230316 21:41:12.585">Suite setup failed:
No keyword with name 'MobileTestLibrary.Start Appium Service' found.

Also suite teardown failed:
No keyword with name 'MobileTestLibrary.Stop Appium Service' found.</status>
</suite>
<suite id="s1-s4" name="TC004 - Verify that if social app is not installed on phone then App was not found screen appears" source="D:\FusionTestFramework\com.playgroundxyz.vision_project\com.playgroundxyz.vision_project.TestcaseSuite\TC004 - Verify that if social app is not installed on phone then App was not found screen appears.robot">
<kw name="Setup before suit start" library="Setup keywords" type="SETUP">
<kw name="MobileTestLibrary.Start Appium Service">
<msg timestamp="20230316 21:41:12.985" level="FAIL">No keyword with name 'MobileTestLibrary.Start Appium Service' found.</msg>
<status status="FAIL" starttime="20230316 21:41:12.984" endtime="20230316 21:41:12.985"/>
</kw>
<kw name="Set Log Level" library="BuiltIn">
<arg>DEBUG</arg>
<doc>Sets the log threshold to the specified level and returns the old level.</doc>
<status status="NOT RUN" starttime="20230316 21:41:12.985" endtime="20230316 21:41:12.986"/>
</kw>
<kw name="Log To Console" library="BuiltIn">
<arg>Appium server started .....</arg>
<doc>Logs the given message to the console.</doc>
<status status="NOT RUN" starttime="20230316 21:41:12.986" endtime="20230316 21:41:12.986"/>
</kw>
<status status="FAIL" starttime="20230316 21:41:12.965" endtime="20230316 21:41:12.987"/>
</kw>
<test id="s1-s4-t1" name="Verify that if social app is not installed on phone then App was not found screen appears" line="11">
<doc>Verification that if social app is not installed on phone then App was not found screen appears</doc>
<tag>smoke</tag>
<status status="FAIL" starttime="20230316 21:41:12.987" endtime="20230316 21:41:12.991">Parent suite setup failed:
No keyword with name 'MobileTestLibrary.Start Appium Service' found.</status>
</test>
<kw name="tearDown" library="Setup keywords" type="TEARDOWN">
<kw name="MobileTestLibrary.Stop Appium Service">
<msg timestamp="20230316 21:41:13.009" level="FAIL">No keyword with name 'MobileTestLibrary.Stop Appium Service' found.</msg>
<status status="FAIL" starttime="20230316 21:41:13.009" endtime="20230316 21:41:13.009"/>
</kw>
<status status="FAIL" starttime="20230316 21:41:12.994" endtime="20230316 21:41:13.010">No keyword with name 'MobileTestLibrary.Stop Appium Service' found.</status>
</kw>
<status status="FAIL" starttime="20230316 21:41:12.613" endtime="20230316 21:41:13.010">Suite setup failed:
No keyword with name 'MobileTestLibrary.Start Appium Service' found.

Also suite teardown failed:
No keyword with name 'MobileTestLibrary.Stop Appium Service' found.</status>
</suite>
<suite id="s1-s5" name="TC005 - Verify welcome page journey is as excepted" source="D:\FusionTestFramework\com.playgroundxyz.vision_project\com.playgroundxyz.vision_project.TestcaseSuite\TC005 - Verify welcome page journey is as excepted.robot">
<kw name="Setup before suit start" library="Setup keywords" type="SETUP">
<kw name="MobileTestLibrary.Start Appium Service">
<msg timestamp="20230316 21:41:13.228" level="FAIL">No keyword with name 'MobileTestLibrary.Start Appium Service' found.</msg>
<status status="FAIL" starttime="20230316 21:41:13.228" endtime="20230316 21:41:13.228"/>
</kw>
<kw name="Set Log Level" library="BuiltIn">
<arg>DEBUG</arg>
<doc>Sets the log threshold to the specified level and returns the old level.</doc>
<status status="NOT RUN" starttime="20230316 21:41:13.229" endtime="20230316 21:41:13.229"/>
</kw>
<kw name="Log To Console" library="BuiltIn">
<arg>Appium server started .....</arg>
<doc>Logs the given message to the console.</doc>
<status status="NOT RUN" starttime="20230316 21:41:13.229" endtime="20230316 21:41:13.229"/>
</kw>
<status status="FAIL" starttime="20230316 21:41:13.211" endtime="20230316 21:41:13.229"/>
</kw>
<test id="s1-s5-t1" name="Verify that user is able to paste study link using Paste study link" line="11">
<doc>Verification that user is able to paste study link using Paste study link</doc>
<tag>regression</tag>
<status status="FAIL" starttime="20230316 21:41:13.229" endtime="20230316 21:41:13.231">Parent suite setup failed:
No keyword with name 'MobileTestLibrary.Start Appium Service' found.</status>
</test>
<test id="s1-s5-t2" name="Verify that Help page open up when user taps on help icon&quot;?&quot;" line="21">
<doc>Verification that Help page open up when user taps on help icon"?"</doc>
<tag>regression</tag>
<status status="FAIL" starttime="20230316 21:41:13.231" endtime="20230316 21:41:13.232">Parent suite setup failed:
No keyword with name 'MobileTestLibrary.Start Appium Service' found.</status>
</test>
<kw name="tearDown" library="Setup keywords" type="TEARDOWN">
<kw name="MobileTestLibrary.Stop Appium Service">
<msg timestamp="20230316 21:41:13.244" level="FAIL">No keyword with name 'MobileTestLibrary.Stop Appium Service' found.</msg>
<status status="FAIL" starttime="20230316 21:41:13.244" endtime="20230316 21:41:13.244"/>
</kw>
<status status="FAIL" starttime="20230316 21:41:13.233" endtime="20230316 21:41:13.244">No keyword with name 'MobileTestLibrary.Stop Appium Service' found.</status>
</kw>
<status status="FAIL" starttime="20230316 21:41:13.014" endtime="20230316 21:41:13.244">Suite setup failed:
No keyword with name 'MobileTestLibrary.Start Appium Service' found.

Also suite teardown failed:
No keyword with name 'MobileTestLibrary.Stop Appium Service' found.</status>
</suite>
<suite id="s1-s6" name="TC006 - sample" source="D:\FusionTestFramework\com.playgroundxyz.vision_project\com.playgroundxyz.vision_project.TestcaseSuite\TC006 - sample.robot">
<test id="s1-s6-t1" name="Testcase001" line="7">
<kw name="GET" library="APITestExtendedLibrary">
<var>@{get}</var>
<arg>https://www.google.com/</arg>
<arg>json</arg>
<doc>Sends a GET request.</doc>
<msg timestamp="20230316 21:41:16.153" level="INFO">GET Request : url=https://www.google.com/?json 
 path_url=/?json 
 headers={'User-Agent': 'python-requests/2.28.2', 'Accept-Encoding': 'gzip, deflate', 'Accept': '*/*', 'Connection': 'keep-alive'} 
 body=None 
 </msg>
<msg timestamp="20230316 21:41:16.153" level="INFO">GET Response : url=https://www.google.com/?json 
 status=200, reason=OK 
 headers={'Date': 'Thu, 16 Mar 2023 16:11:15 GMT', 'Expires': '-1', 'Cache-Control': 'private, max-age=0', 'Content-Type': 'text/html; charset=ISO-8859-1', 'P3P': 'CP="This is not a P3P policy! See g.co/p3phelp for more info."', 'Content-Encoding': 'gzip', 'Server': 'gws', 'X-XSS-Protection': '0', 'X-Frame-Options': 'SAMEORIGIN', 'Set-Cookie': '1P_JAR=2023-03-16-16; expires=Sat, 15-Apr-2023 16:11:15 GMT; path=/; domain=.google.com; Secure, AEC=ARSKqsK9somR8_u3t4QlUqwIyCMKAZ34QnWxr60q-NiOnCBNDNAIeqg_hg; expires=Tue, 12-Sep-2023 16:11:15 GMT; path=/; domain=.google.com; Secure; HttpOnly; SameSite=lax, NID=511=f9hOhA3KYEWZPgqVSmhflynqPhZEVy6F4Bf7UF-7ZMYzebQZrcFnh95xdP40awhgoL2h-QRYquMZHU4CWOz2qKeEmusAJM_uikD0N9n289Pf7qL_h2fDXU3GrcxqO8zcMqp4mpFF9MXgApikhQsJixhmvf1OhRJYMPcOlvkSzm4; expires=Fri, 15-Sep-2023 16:11:15 GMT; path=/; domain=.google.com; HttpOnly', 'Alt-Svc': 'h3=":443"; ma=2592000,h3-29=":443"; ma=2592000', 'Transfer-Encoding': 'chunked'} 
 body=&lt;!doctype html&gt;&lt;html itemscope="" itemtype="http://schema.org/WebPage" lang="en-IN"&gt;&lt;head&gt;&lt;meta content="text/html; charset=UTF-8" http-equiv="Content-Type"&gt;&lt;meta content="/images/branding/googleg/1x/googleg_standard_color_128dp.png" itemprop="image"&gt;&lt;title&gt;Google&lt;/title&gt;&lt;script nonce="_ZbqW7Fev_LBQ3YobrdySA"&gt;(function(){window.google={kEI:'oz8TZJCAO67gseMPo_GAyAo',kEXPI:'0,18167,682889,602371,55982,6059,206,2415,2389,2316,383,246,5,1129120,1624,1196104,843,302391,77528,16115,19397,9287,22430,1362,12316,2818,14765,4998,13228,3847,38444,2872,2891,8348,3406,606,30668,30022,6398,9358,3,576,1014,1,5444,11472,2652,4,1528,2304,29062,13064,13659,4437,9358,7428,5830,2527,4094,7596,1,42154,2,14022,2715,23024,5679,1021,31121,4568,6256,23421,1252,5835,14968,4332,8,7476,445,2,2,1,26632,8155,7381,2,15968,872,19634,7,1922,5784,3995,13880,6759,751,14764,6305,2007,18192,20136,14,82,12151,1182,6873,1622,1779,4976,3787,154,1970,2466,6514,8481,991,2266,764,426,5684,1411,890,159,766,1760,4720,1296,508,7550,184,495,2243,1648,109,1127,450,436,1570,10104,465,453,3651,1873,150,212,2,375,536,2344,737,78,27,1446,611,670,1,1169,1582,693,249,619,196,1725,640,1053,860,384,1606,565,1070,1393,3313,224,1418,1174,1656,395,681,351,213,189,342,10,2,384,990,1,2961,975,5,678,1272,461,279,401,230,3,374,170,491,4,451,46,335,224,220,3,146,4,4,10,319,647,2,353,2,383,1,129,87,8,408,281,2,482,733,34,270,1205,133,701,2,935,240,25,25,56,167,7,11,619,27,123,1095,1109,5,516,113,536,6,744,1,588,1451,5225228,253,50,5994420,2804423,3311,141,795,19735,1,1,346,4576,9,23945899,2770168,91859,1180116,1964,16673,2893,512,5738,12561,1540,529,815,106,149,1415096',kBL:'mLrg'};google.sn='webhp';google.kHL='en-IN';})();(function(){
var f=this||self;var h,k=[];function l(a){for(var b;a&amp;&amp;(!a.getAttribute||!(b=a.getAttribute("eid")));)a=a.parentNode;return b||h}function m(a){for(var b=null;a&amp;&amp;(!a.getAttribute||!(b=a.getAttribute("leid")));)a=a.parentNode;return b}
function n(a,b,c,d,g){var e="";c||-1!==b.search("&amp;ei=")||(e="&amp;ei="+l(d),-1===b.search("&amp;lei=")&amp;&amp;(d=m(d))&amp;&amp;(e+="&amp;lei="+d));d="";!c&amp;&amp;f._cshid&amp;&amp;-1===b.search("&amp;cshid=")&amp;&amp;"slh"!==a&amp;&amp;(d="&amp;cshid="+f._cshid);c=c||"/"+(g||"gen_204")+"?atyp=i&amp;ct="+a+"&amp;cad="+b+e+"&amp;zx="+Date.now()+d;/^http:/i.test(c)&amp;&amp;"https:"===window.location.protocol&amp;&amp;(google.ml&amp;&amp;google.ml(Error("a"),!1,{src:c,glmm:1}),c="");return c};h=google.kEI;google.getEI=l;google.getLEI=m;google.ml=function(){return null};google.log=function(a,b,c,d,g){if(c=n(a,b,c,d,g)){a=new Image;var e=k.length;k[e]=a;a.onerror=a.onload=a.onabort=function(){delete k[e]};a.src=c}};google.logUrl=n;}).call(this);(function(){google.y={};google.sy=[];google.x=function(a,b){if(a)var c=a.id;else{do c=Math.random();while(google.y[c])}google.y[c]=[a,b];return!1};google.sx=function(a){google.sy.push(a)};google.lm=[];google.plm=function(a){google.lm.push.apply(google.lm,a)};google.lq=[];google.load=function(a,b,c){google.lq.push([[a],b,c])};google.loadAll=function(a,b){google.lq.push([a,b])};google.bx=!1;google.lx=function(){};}).call(this);google.f={};(function(){
document.documentElement.addEventListener("submit",function(b){var a;if(a=b.target){var c=a.getAttribute("data-submitfalse");a="1"===c||"q"===c&amp;&amp;!a.elements.q.value?!0:!1}else a=!1;a&amp;&amp;(b.preventDefault(),b.stopPropagation())},!0);document.documentElement.addEventListener("click",function(b){var a;a:{for(a=b.target;a&amp;&amp;a!==document.documentElement;a=a.parentElement)if("A"===a.tagName){a="1"===a.getAttribute("data-nohref");break a}a=!1}a&amp;&amp;b.preventDefault()},!0);}).call(this);&lt;/script&gt;&lt;style&gt;#gbar,#guser{font-size:13px;padding-top:1px !important;}#gbar{height:22px}#guser{padding-bottom:7px !important;text-align:right}.gbh,.gbd{border-top:1px solid #c9d7f1;font-size:1px}.gbh{height:0;position:absolute;top:24px;width:100%}@media all{.gb1{height:22px;margin-right:.5em;vertical-align:top}#gbar{float:left}}a.gb1,a.gb4{text-decoration:underline !important}a.gb1,a.gb4{color:#00c !important}.gbi .gb4{color:#dd8e27 !important}.gbf .gb4{color:#900 !important}
&lt;/style&gt;&lt;style&gt;body,td,a,p,.h{font-family:arial,sans-serif}body{margin:0;overflow-y:scroll}#gog{padding:3px 8px 0}td{line-height:.8em}.gac_m td{line-height:17px}form{margin-bottom:20px}.h{color:#1558d6}em{font-weight:bold;font-style:normal}.lst{height:25px;width:496px}.gsfi,.lst{font:18px arial,sans-serif}.gsfs{font:17px arial,sans-serif}.ds{display:inline-box;display:inline-block;margin:3px 0 4px;margin-left:4px}input{font-family:inherit}body{background:#fff;color:#000}a{color:#4b11a8;text-decoration:none}a:hover,a:active{text-decoration:underline}.fl a{color:#1558d6}a:visited{color:#4b11a8}.sblc{padding-top:5px}.sblc a{display:block;margin:2px 0;margin-left:13px;font-size:11px}.lsbb{background:#f8f9fa;border:solid 1px;border-color:#dadce0 #70757a #70757a #dadce0;height:30px}.lsbb{display:block}#WqQANb a{display:inline-block;margin:0 12px}.lsb{background:url(/images/nav_logo229.png) 0 -261px repeat-x;border:none;color:#000;cursor:pointer;height:30px;margin:0;outline:0;font:15px arial,sans-serif;vertical-align:top}.lsb:active{background:#dadce0}.lst:focus{outline:none}&lt;/style&gt;&lt;script nonce="_ZbqW7Fev_LBQ3YobrdySA"&gt;(function(){window.google.erd={jsr:1,bv:1760,de:true};
var h=this||self;var k,l=null!=(k=h.mei)?k:1,n,p=null!=(n=h.sdo)?n:!0,q=0,r,t=google.erd,v=t.jsr;google.ml=function(a,b,d,m,e){e=void 0===e?2:e;b&amp;&amp;(r=a&amp;&amp;a.message);if(google.dl)return google.dl(a,e,d),null;if(0&gt;v){window.console&amp;&amp;console.error(a,d);if(-2===v)throw a;b=!1}else b=!a||!a.message||"Error loading script"===a.message||q&gt;=l&amp;&amp;!m?!1:!0;if(!b)return null;q++;d=d||{};b=encodeURIComponent;var c="/gen_204?atyp=i&amp;ei="+b(google.kEI);google.kEXPI&amp;&amp;(c+="&amp;jexpid="+b(google.kEXPI));c+="&amp;srcpg="+b(google.sn)+"&amp;jsr="+b(t.jsr)+"&amp;bver="+b(t.bv);var f=a.lineNumber;void 0!==f&amp;&amp;(c+="&amp;line="+f);var g=
a.fileName;g&amp;&amp;(0&lt;g.indexOf("-extension:/")&amp;&amp;(e=3),c+="&amp;script="+b(g),f&amp;&amp;g===window.location.href&amp;&amp;(f=document.documentElement.outerHTML.split("\n")[f],c+="&amp;cad="+b(f?f.substring(0,300):"No script found.")));c+="&amp;jsel="+e;for(var u in d)c+="&amp;",c+=b(u),c+="=",c+=b(d[u]);c=c+"&amp;emsg="+b(a.name+": "+a.message);c=c+"&amp;jsst="+b(a.stack||"N/A");12288&lt;=c.length&amp;&amp;(c=c.substr(0,12288));a=c;m||google.log(0,"",a);return a};window.onerror=function(a,b,d,m,e){r!==a&amp;&amp;(a=e instanceof Error?e:Error(a),void 0===d||"lineNumber"in a||(a.lineNumber=d),void 0===b||"fileName"in a||(a.fileName=b),google.ml(a,!1,void 0,!1,"SyntaxError"===a.name||"SyntaxError"===a.message.substring(0,11)||-1!==a.message.indexOf("Script error")?3:0));r=null;p&amp;&amp;q&gt;=l&amp;&amp;(window.onerror=null)};})();&lt;/script&gt;&lt;/head&gt;&lt;body bgcolor="#fff"&gt;&lt;script nonce="_ZbqW7Fev_LBQ3YobrdySA"&gt;(function(){var src='/images/nav_logo229.png';var iesg=false;document.body.onload = function(){window.n &amp;&amp; window.n();if (document.images){new Image().src=src;}
if (!iesg){document.f&amp;&amp;document.f.q.focus();document.gbqf&amp;&amp;document.gbqf.q.focus();}
}
})();&lt;/script&gt;&lt;div id="mngb"&gt;&lt;div id=gbar&gt;&lt;nobr&gt;&lt;b class=gb1&gt;Search&lt;/b&gt; &lt;a class=gb1 href="https://www.google.co.in/imghp?hl=en&amp;tab=wi"&gt;Images&lt;/a&gt; &lt;a class=gb1 href="https://maps.google.co.in/maps?hl=en&amp;tab=wl"&gt;Maps&lt;/a&gt; &lt;a class=gb1 href="https://play.google.com/?hl=en&amp;tab=w8"&gt;Play&lt;/a&gt; &lt;a class=gb1 href="https://www.youtube.com/?tab=w1"&gt;YouTube&lt;/a&gt; &lt;a class=gb1 href="https://news.google.com/?tab=wn"&gt;News&lt;/a&gt; &lt;a class=gb1 href="https://mail.google.com/mail/?tab=wm"&gt;Gmail&lt;/a&gt; &lt;a class=gb1 href="https://drive.google.com/?tab=wo"&gt;Drive&lt;/a&gt; &lt;a class=gb1 style="text-decoration:none" href="https://www.google.co.in/intl/en/about/products?tab=wh"&gt;&lt;u&gt;More&lt;/u&gt; &amp;raquo;&lt;/a&gt;&lt;/nobr&gt;&lt;/div&gt;&lt;div id=guser width=100%&gt;&lt;nobr&gt;&lt;span id=gbn class=gbi&gt;&lt;/span&gt;&lt;span id=gbf class=gbf&gt;&lt;/span&gt;&lt;span id=gbe&gt;&lt;/span&gt;&lt;a href="http://www.google.co.in/history/optout?hl=en" class=gb4&gt;Web History&lt;/a&gt; | &lt;a  href="/preferences?hl=en" class=gb4&gt;Settings&lt;/a&gt; | &lt;a target=_top id=gb_70 href="https://accounts.google.com/ServiceLogin?hl=en&amp;passive=true&amp;continue=https://www.google.com/%3Fjson&amp;ec=GAZAAQ" class=gb4&gt;Sign in&lt;/a&gt;&lt;/nobr&gt;&lt;/div&gt;&lt;div class=gbh style=left:0&gt;&lt;/div&gt;&lt;div class=gbh style=right:0&gt;&lt;/div&gt;&lt;/div&gt;&lt;center&gt;&lt;br clear="all" id="lgpd"&gt;&lt;div id="lga"&gt;&lt;img alt="Google" height="92" src="/images/branding/googlelogo/1x/googlelogo_white_background_color_272x92dp.png" style="padding:28px 0 14px" width="272" id="hplogo"&gt;&lt;br&gt;&lt;br&gt;&lt;/div&gt;&lt;form action="/search" name="f"&gt;&lt;table cellpadding="0" cellspacing="0"&gt;&lt;tr valign="top"&gt;&lt;td width="25%"&gt;&amp;nbsp;&lt;/td&gt;&lt;td align="center" nowrap=""&gt;&lt;input name="ie" value="ISO-8859-1" type="hidden"&gt;&lt;input value="en-IN" name="hl" type="hidden"&gt;&lt;input name="source" type="hidden" value="hp"&gt;&lt;input name="biw" type="hidden"&gt;&lt;input name="bih" type="hidden"&gt;&lt;div class="ds" style="height:32px;margin:4px 0"&gt;&lt;input class="lst" style="margin:0;padding:5px 8px 0 6px;vertical-align:top;color:#000" autocomplete="off" value="" title="Google Search" maxlength="2048" name="q" size="57"&gt;&lt;/div&gt;&lt;br style="line-height:0"&gt;&lt;span class="ds"&gt;&lt;span class="lsbb"&gt;&lt;input class="lsb" value="Google Search" name="btnG" type="submit"&gt;&lt;/span&gt;&lt;/span&gt;&lt;span class="ds"&gt;&lt;span class="lsbb"&gt;&lt;input class="lsb" id="tsuid_1" value="I'm Feeling Lucky" name="btnI" type="submit"&gt;&lt;script nonce="_ZbqW7Fev_LBQ3YobrdySA"&gt;(function(){var id='tsuid_1';document.getElementById(id).onclick = function(){if (this.form.q.value){this.checked = 1;if (this.form.iflsig)this.form.iflsig.disabled = false;}
else top.location='/doodles/';};})();&lt;/script&gt;&lt;input value="AK50M_UAAAAAZBNNs4qztVVRFcYxxpYnj0sNieya0LWH" name="iflsig" type="hidden"&gt;&lt;/span&gt;&lt;/span&gt;&lt;/td&gt;&lt;td class="fl sblc" align="left" nowrap="" width="25%"&gt;&lt;a href="/advanced_search?hl=en-IN&amp;amp;authuser=0"&gt;Advanced search&lt;/a&gt;&lt;/td&gt;&lt;/tr&gt;&lt;/table&gt;&lt;input id="gbv" name="gbv" type="hidden" value="1"&gt;&lt;script nonce="_ZbqW7Fev_LBQ3YobrdySA"&gt;(function(){var a,b="1";if(document&amp;&amp;document.getElementById)if("undefined"!=typeof XMLHttpRequest)b="2";else if("undefined"!=typeof ActiveXObject){var c,d,e=["MSXML2.XMLHTTP.6.0","MSXML2.XMLHTTP.3.0","MSXML2.XMLHTTP","Microsoft.XMLHTTP"];for(c=0;d=e[c++];)try{new ActiveXObject(... (set the log level to DEBUG or TRACE to see the full content) 
 </msg>
<msg timestamp="20230316 21:41:16.158" level="INFO">@{get} = [ &lt;!doctype html&gt;&lt;html itemscope="" itemtype="http://schema.org/WebPage" lang="en-IN"&gt;&lt;head&gt;&lt;meta content="text/html; charset=UTF- | 8" http-equiv="Content-Type"&gt;&lt;meta content="/images/branding/google...</msg>
<status status="PASS" starttime="20230316 21:41:14.862" endtime="20230316 21:41:16.158"/>
</kw>
<for flavor="IN">
<var>${element}</var>
<value>@{get}</value>
<iter>
<var name="${element}">&lt;!doctype html&gt;&lt;html itemscope="" itemtype="http://schema.org/WebPage" lang="en-IN"&gt;&lt;head&gt;&lt;meta content="text/html; charset=UTF-</var>
<kw name="Log To Console" library="BuiltIn">
<arg>${element}</arg>
<doc>Logs the given message to the console.</doc>
<status status="PASS" starttime="20230316 21:41:16.164" endtime="20230316 21:41:16.166"/>
</kw>
<status status="PASS" starttime="20230316 21:41:16.161" endtime="20230316 21:41:16.166"/>
</iter>
<iter>
<var name="${element}">8" http-equiv="Content-Type"&gt;&lt;meta content="/images/branding/googleg/1x/googleg_standard_color_128dp.png" itemprop="image"&gt;&lt;titl</var>
<kw name="Log To Console" library="BuiltIn">
<arg>${element}</arg>
<doc>Logs the given message to the console.</doc>
<status status="PASS" starttime="20230316 21:41:16.168" endtime="20230316 21:41:16.171"/>
</kw>
<status status="PASS" starttime="20230316 21:41:16.168" endtime="20230316 21:41:16.172"/>
</iter>
<iter>
<var name="${element}">e&gt;Google&lt;/title&gt;&lt;script nonce="_ZbqW7Fev_LBQ3YobrdySA"&gt;(function(){window.google={kEI:'oz8TZJCAO67gseMPo_GAyAo',kEXPI:'0,18167,6</var>
<kw name="Log To Console" library="BuiltIn">
<arg>${element}</arg>
<doc>Logs the given message to the console.</doc>
<status status="PASS" starttime="20230316 21:41:16.176" endtime="20230316 21:41:16.181"/>
</kw>
<status status="PASS" starttime="20230316 21:41:16.175" endtime="20230316 21:41:16.182"/>
</iter>
<iter>
<var name="${element}">82889,602371,55982,6059,206,2415,2389,2316,383,246,5,1129120,1624,1196104,843,302391,77528,16115,19397,9287,22430,1362,12316,281</var>
<kw name="Log To Console" library="BuiltIn">
<arg>${element}</arg>
<doc>Logs the given message to the console.</doc>
<status status="PASS" starttime="20230316 21:41:16.187" endtime="20230316 21:41:16.192"/>
</kw>
<status status="PASS" starttime="20230316 21:41:16.185" endtime="20230316 21:41:16.193"/>
</iter>
<iter>
<var name="${element}">8,14765,4998,13228,3847,38444,2872,2891,8348,3406,606,30668,30022,6398,9358,3,576,1014,1,5444,11472,2652,4,1528,2304,29062,13064</var>
<kw name="Log To Console" library="BuiltIn">
<arg>${element}</arg>
<doc>Logs the given message to the console.</doc>
<status status="PASS" starttime="20230316 21:41:16.196" endtime="20230316 21:41:16.199"/>
</kw>
<status status="PASS" starttime="20230316 21:41:16.194" endtime="20230316 21:41:16.200"/>
</iter>
<iter>
<var name="${element}">,13659,4437,9358,7428,5830,2527,4094,7596,1,42154,2,14022,2715,23024,5679,1021,31121,4568,6256,23421,1252,5835,14968,4332,8,7476</var>
<kw name="Log To Console" library="BuiltIn">
<arg>${element}</arg>
<doc>Logs the given message to the console.</doc>
<status status="PASS" starttime="20230316 21:41:16.202" endtime="20230316 21:41:16.206"/>
</kw>
<status status="PASS" starttime="20230316 21:41:16.202" endtime="20230316 21:41:16.206"/>
</iter>
<iter>
<var name="${element}">,445,2,2,1,26632,8155,7381,2,15968,872,19634,7,1922,5784,3995,13880,6759,751,14764,6305,2007,18192,20136,14,82,12151,1182,6873,1</var>
<kw name="Log To Console" library="BuiltIn">
<arg>${element}</arg>
<doc>Logs the given message to the console.</doc>
<status status="PASS" starttime="20230316 21:41:16.211" endtime="20230316 21:41:16.221"/>
</kw>
<status status="PASS" starttime="20230316 21:41:16.209" endtime="20230316 21:41:16.221"/>
</iter>
<iter>
<var name="${element}">622,1779,4976,3787,154,1970,2466,6514,8481,991,2266,764,426,5684,1411,890,159,766,1760,4720,1296,508,7550,184,495,2243,1648,109,</var>
<kw name="Log To Console" library="BuiltIn">
<arg>${element}</arg>
<doc>Logs the given message to the console.</doc>
<status status="PASS" starttime="20230316 21:41:16.228" endtime="20230316 21:41:16.231"/>
</kw>
<status status="PASS" starttime="20230316 21:41:16.227" endtime="20230316 21:41:16.232"/>
</iter>
<iter>
<var name="${element}">1127,450,436,1570,10104,465,453,3651,1873,150,212,2,375,536,2344,737,78,27,1446,611,670,1,1169,1582,693,249,619,196,1725,640,105</var>
<kw name="Log To Console" library="BuiltIn">
<arg>${element}</arg>
<doc>Logs the given message to the console.</doc>
<status status="PASS" starttime="20230316 21:41:16.233" endtime="20230316 21:41:16.234"/>
</kw>
<status status="PASS" starttime="20230316 21:41:16.232" endtime="20230316 21:41:16.235"/>
</iter>
<iter>
<var name="${element}">3,860,384,1606,565,1070,1393,3313,224,1418,1174,1656,395,681,351,213,189,342,10,2,384,990,1,2961,975,5,678,1272,461,279,401,230,</var>
<kw name="Log To Console" library="BuiltIn">
<arg>${element}</arg>
<doc>Logs the given message to the console.</doc>
<status status="PASS" starttime="20230316 21:41:16.235" endtime="20230316 21:41:16.237"/>
</kw>
<status status="PASS" starttime="20230316 21:41:16.235" endtime="20230316 21:41:16.237"/>
</iter>
<iter>
<var name="${element}">3,374,170,491,4,451,46,335,224,220,3,146,4,4,10,319,647,2,353,2,383,1,129,87,8,408,281,2,482,733,34,270,1205,133,701,2,935,240,2</var>
<kw name="Log To Console" library="BuiltIn">
<arg>${element}</arg>
<doc>Logs the given message to the console.</doc>
<status status="PASS" starttime="20230316 21:41:16.238" endtime="20230316 21:41:16.241"/>
</kw>
<status status="PASS" starttime="20230316 21:41:16.237" endtime="20230316 21:41:16.243"/>
</iter>
<iter>
<var name="${element}">5,25,56,167,7,11,619,27,123,1095,1109,5,516,113,536,6,744,1,588,1451,5225228,253,50,5994420,2804423,3311,141,795,19735,1,1,346,4</var>
<kw name="Log To Console" library="BuiltIn">
<arg>${element}</arg>
<doc>Logs the given message to the console.</doc>
<status status="PASS" starttime="20230316 21:41:16.244" endtime="20230316 21:41:16.246"/>
</kw>
<status status="PASS" starttime="20230316 21:41:16.243" endtime="20230316 21:41:16.246"/>
</iter>
<iter>
<var name="${element}">576,9,23945899,2770168,91859,1180116,1964,16673,2893,512,5738,12561,1540,529,815,106,149,1415096',kBL:'mLrg'};google.sn='webhp';</var>
<kw name="Log To Console" library="BuiltIn">
<arg>${element}</arg>
<doc>Logs the given message to the console.</doc>
<status status="PASS" starttime="20230316 21:41:16.247" endtime="20230316 21:41:16.248"/>
</kw>
<status status="PASS" starttime="20230316 21:41:16.247" endtime="20230316 21:41:16.248"/>
</iter>
<iter>
<var name="${element}">google.kHL='en-IN';})();(function(){
var f=this||self;var h,k=[];function l(a){for(var b;a&amp;&amp;(!a.getAttribute||!(b=a.getAttribute</var>
<kw name="Log To Console" library="BuiltIn">
<arg>${element}</arg>
<doc>Logs the given message to the console.</doc>
<status status="PASS" starttime="20230316 21:41:16.249" endtime="20230316 21:41:16.250"/>
</kw>
<status status="PASS" starttime="20230316 21:41:16.249" endtime="20230316 21:41:16.250"/>
</iter>
<iter>
<var name="${element}">("eid")));)a=a.parentNode;return b||h}function m(a){for(var b=null;a&amp;&amp;(!a.getAttribute||!(b=a.getAttribute("leid")));)a=a.parent</var>
<kw name="Log To Console" library="BuiltIn">
<arg>${element}</arg>
<doc>Logs the given message to the console.</doc>
<status status="PASS" starttime="20230316 21:41:16.251" endtime="20230316 21:41:16.252"/>
</kw>
<status status="PASS" starttime="20230316 21:41:16.251" endtime="20230316 21:41:16.253"/>
</iter>
<iter>
<var name="${element}">Node;return b}
function n(a,b,c,d,g){var e="";c||-1!==b.search("&amp;ei=")||(e="&amp;ei="+l(d),-1===b.search("&amp;lei=")&amp;&amp;(d=m(d))&amp;&amp;(e+="&amp;l</var>
<kw name="Log To Console" library="BuiltIn">
<arg>${element}</arg>
<doc>Logs the given message to the console.</doc>
<status status="PASS" starttime="20230316 21:41:16.254" endtime="20230316 21:41:16.258"/>
</kw>
<status status="PASS" starttime="20230316 21:41:16.253" endtime="20230316 21:41:16.259"/>
</iter>
<iter>
<var name="${element}">ei="+d));d="";!c&amp;&amp;f._cshid&amp;&amp;-1===b.search("&amp;cshid=")&amp;&amp;"slh"!==a&amp;&amp;(d="&amp;cshid="+f._cshid);c=c||"/"+(g||"gen_204")+"?atyp=i&amp;ct="+a+</var>
<kw name="Log To Console" library="BuiltIn">
<arg>${element}</arg>
<doc>Logs the given message to the console.</doc>
<status status="PASS" starttime="20230316 21:41:16.261" endtime="20230316 21:41:16.262"/>
</kw>
<status status="PASS" starttime="20230316 21:41:16.260" endtime="20230316 21:41:16.263"/>
</iter>
<iter>
<var name="${element}">"&amp;cad="+b+e+"&amp;zx="+Date.now()+d;/^http:/i.test(c)&amp;&amp;"https:"===window.location.protocol&amp;&amp;(google.ml&amp;&amp;google.ml(Error("a"),!1,{src</var>
<kw name="Log To Console" library="BuiltIn">
<arg>${element}</arg>
<doc>Logs the given message to the console.</doc>
<status status="PASS" starttime="20230316 21:41:16.263" endtime="20230316 21:41:16.265"/>
</kw>
<status status="PASS" starttime="20230316 21:41:16.263" endtime="20230316 21:41:16.265"/>
</iter>
<iter>
<var name="${element}">:c,glmm:1}),c="");return c};h=google.kEI;google.getEI=l;google.getLEI=m;google.ml=function(){return null};google.log=function(a,</var>
<kw name="Log To Console" library="BuiltIn">
<arg>${element}</arg>
<doc>Logs the given message to the console.</doc>
<status status="PASS" starttime="20230316 21:41:16.265" endtime="20230316 21:41:16.266"/>
</kw>
<status status="PASS" starttime="20230316 21:41:16.265" endtime="20230316 21:41:16.266"/>
</iter>
<iter>
<var name="${element}">b,c,d,g){if(c=n(a,b,c,d,g)){a=new Image;var e=k.length;k[e]=a;a.onerror=a.onload=a.onabort=function(){delete k[e]};a.src=c}};goo</var>
<kw name="Log To Console" library="BuiltIn">
<arg>${element}</arg>
<doc>Logs the given message to the console.</doc>
<status status="PASS" starttime="20230316 21:41:16.267" endtime="20230316 21:41:16.268"/>
</kw>
<status status="PASS" starttime="20230316 21:41:16.266" endtime="20230316 21:41:16.268"/>
</iter>
<iter>
<var name="${element}">gle.logUrl=n;}).call(this);(function(){google.y={};google.sy=[];google.x=function(a,b){if(a)var c=a.id;else{do c=Math.random();w</var>
<kw name="Log To Console" library="BuiltIn">
<arg>${element}</arg>
<doc>Logs the given message to the console.</doc>
<status status="PASS" starttime="20230316 21:41:16.270" endtime="20230316 21:41:16.270"/>
</kw>
<status status="PASS" starttime="20230316 21:41:16.269" endtime="20230316 21:41:16.270"/>
</iter>
<iter>
<var name="${element}">hile(google.y[c])}google.y[c]=[a,b];return!1};google.sx=function(a){google.sy.push(a)};google.lm=[];google.plm=function(a){googl</var>
<kw name="Log To Console" library="BuiltIn">
<arg>${element}</arg>
<doc>Logs the given message to the console.</doc>
<status status="PASS" starttime="20230316 21:41:16.271" endtime="20230316 21:41:16.276"/>
</kw>
<status status="PASS" starttime="20230316 21:41:16.271" endtime="20230316 21:41:16.276"/>
</iter>
<iter>
<var name="${element}">e.lm.push.apply(google.lm,a)};google.lq=[];google.load=function(a,b,c){google.lq.push([[a],b,c])};google.loadAll=function(a,b){g</var>
<kw name="Log To Console" library="BuiltIn">
<arg>${element}</arg>
<doc>Logs the given message to the console.</doc>
<status status="PASS" starttime="20230316 21:41:16.278" endtime="20230316 21:41:16.279"/>
</kw>
<status status="PASS" starttime="20230316 21:41:16.278" endtime="20230316 21:41:16.279"/>
</iter>
<iter>
<var name="${element}">oogle.lq.push([a,b])};google.bx=!1;google.lx=function(){};}).call(this);google.f={};(function(){
document.documentElement.addEve</var>
<kw name="Log To Console" library="BuiltIn">
<arg>${element}</arg>
<doc>Logs the given message to the console.</doc>
<status status="PASS" starttime="20230316 21:41:16.280" endtime="20230316 21:41:16.281"/>
</kw>
<status status="PASS" starttime="20230316 21:41:16.279" endtime="20230316 21:41:16.281"/>
</iter>
<iter>
<var name="${element}">ntListener("submit",function(b){var a;if(a=b.target){var c=a.getAttribute("data-submitfalse");a="1"===c||"q"===c&amp;&amp;!a.elements.q.</var>
<kw name="Log To Console" library="BuiltIn">
<arg>${element}</arg>
<doc>Logs the given message to the console.</doc>
<status status="PASS" starttime="20230316 21:41:16.282" endtime="20230316 21:41:16.283"/>
</kw>
<status status="PASS" starttime="20230316 21:41:16.281" endtime="20230316 21:41:16.283"/>
</iter>
<iter>
<var name="${element}">value?!0:!1}else a=!1;a&amp;&amp;(b.preventDefault(),b.stopPropagation())},!0);document.documentElement.addEventListener("click",functio</var>
<kw name="Log To Console" library="BuiltIn">
<arg>${element}</arg>
<doc>Logs the given message to the console.</doc>
<status status="PASS" starttime="20230316 21:41:16.284" endtime="20230316 21:41:16.285"/>
</kw>
<status status="PASS" starttime="20230316 21:41:16.283" endtime="20230316 21:41:16.285"/>
</iter>
<iter>
<var name="${element}">n(b){var a;a:{for(a=b.target;a&amp;&amp;a!==document.documentElement;a=a.parentElement)if("A"===a.tagName){a="1"===a.getAttribute("data-</var>
<kw name="Log To Console" library="BuiltIn">
<arg>${element}</arg>
<doc>Logs the given message to the console.</doc>
<status status="PASS" starttime="20230316 21:41:16.286" endtime="20230316 21:41:16.287"/>
</kw>
<status status="PASS" starttime="20230316 21:41:16.285" endtime="20230316 21:41:16.287"/>
</iter>
<iter>
<var name="${element}">nohref");break a}a=!1}a&amp;&amp;b.preventDefault()},!0);}).call(this);&lt;/script&gt;&lt;style&gt;#gbar,#guser{font-size:13px;padding-top:1px !impo</var>
<kw name="Log To Console" library="BuiltIn">
<arg>${element}</arg>
<doc>Logs the given message to the console.</doc>
<status status="PASS" starttime="20230316 21:41:16.289" endtime="20230316 21:41:16.293"/>
</kw>
<status status="PASS" starttime="20230316 21:41:16.287" endtime="20230316 21:41:16.294"/>
</iter>
<iter>
<var name="${element}">rtant;}#gbar{height:22px}#guser{padding-bottom:7px !important;text-align:right}.gbh,.gbd{border-top:1px solid #c9d7f1;font-size:</var>
<kw name="Log To Console" library="BuiltIn">
<arg>${element}</arg>
<doc>Logs the given message to the console.</doc>
<status status="PASS" starttime="20230316 21:41:16.295" endtime="20230316 21:41:16.296"/>
</kw>
<status status="PASS" starttime="20230316 21:41:16.295" endtime="20230316 21:41:16.296"/>
</iter>
<iter>
<var name="${element}">1px}.gbh{height:0;position:absolute;top:24px;width:100%}@media all{.gb1{height:22px;margin-right:.5em;vertical-align:top}#gbar{f</var>
<kw name="Log To Console" library="BuiltIn">
<arg>${element}</arg>
<doc>Logs the given message to the console.</doc>
<status status="PASS" starttime="20230316 21:41:16.297" endtime="20230316 21:41:16.298"/>
</kw>
<status status="PASS" starttime="20230316 21:41:16.297" endtime="20230316 21:41:16.298"/>
</iter>
<iter>
<var name="${element}">loat:left}}a.gb1,a.gb4{text-decoration:underline !important}a.gb1,a.gb4{color:#00c !important}.gbi .gb4{color:#dd8e27 !important</var>
<kw name="Log To Console" library="BuiltIn">
<arg>${element}</arg>
<doc>Logs the given message to the console.</doc>
<status status="PASS" starttime="20230316 21:41:16.299" endtime="20230316 21:41:16.300"/>
</kw>
<status status="PASS" starttime="20230316 21:41:16.299" endtime="20230316 21:41:16.301"/>
</iter>
<iter>
<var name="${element}">}.gbf .gb4{color:#900 !important}
&lt;/style&gt;&lt;style&gt;body,td,a,p,.h{font-family:arial,sans-serif}body{margin:0;overflow-y:scroll}#go</var>
<kw name="Log To Console" library="BuiltIn">
<arg>${element}</arg>
<doc>Logs the given message to the console.</doc>
<status status="PASS" starttime="20230316 21:41:16.302" endtime="20230316 21:41:16.303"/>
</kw>
<status status="PASS" starttime="20230316 21:41:16.301" endtime="20230316 21:41:16.303"/>
</iter>
<iter>
<var name="${element}">g{padding:3px 8px 0}td{line-height:.8em}.gac_m td{line-height:17px}form{margin-bottom:20px}.h{color:#1558d6}em{font-weight:bold;</var>
<kw name="Log To Console" library="BuiltIn">
<arg>${element}</arg>
<doc>Logs the given message to the console.</doc>
<status status="PASS" starttime="20230316 21:41:16.304" endtime="20230316 21:41:16.305"/>
</kw>
<status status="PASS" starttime="20230316 21:41:16.304" endtime="20230316 21:41:16.308"/>
</iter>
<iter>
<var name="${element}">font-style:normal}.lst{height:25px;width:496px}.gsfi,.lst{font:18px arial,sans-serif}.gsfs{font:17px arial,sans-serif}.ds{displa</var>
<kw name="Log To Console" library="BuiltIn">
<arg>${element}</arg>
<doc>Logs the given message to the console.</doc>
<status status="PASS" starttime="20230316 21:41:16.310" endtime="20230316 21:41:16.313"/>
</kw>
<status status="PASS" starttime="20230316 21:41:16.309" endtime="20230316 21:41:16.313"/>
</iter>
<iter>
<var name="${element}">y:inline-box;display:inline-block;margin:3px 0 4px;margin-left:4px}input{font-family:inherit}body{background:#fff;color:#000}a{c</var>
<kw name="Log To Console" library="BuiltIn">
<arg>${element}</arg>
<doc>Logs the given message to the console.</doc>
<status status="PASS" starttime="20230316 21:41:16.314" endtime="20230316 21:41:16.316"/>
</kw>
<status status="PASS" starttime="20230316 21:41:16.313" endtime="20230316 21:41:16.316"/>
</iter>
<iter>
<var name="${element}">olor:#4b11a8;text-decoration:none}a:hover,a:active{text-decoration:underline}.fl a{color:#1558d6}a:visited{color:#4b11a8}.sblc{p</var>
<kw name="Log To Console" library="BuiltIn">
<arg>${element}</arg>
<doc>Logs the given message to the console.</doc>
<status status="PASS" starttime="20230316 21:41:16.317" endtime="20230316 21:41:16.318"/>
</kw>
<status status="PASS" starttime="20230316 21:41:16.316" endtime="20230316 21:41:16.319"/>
</iter>
<iter>
<var name="${element}">adding-top:5px}.sblc a{display:block;margin:2px 0;margin-left:13px;font-size:11px}.lsbb{background:#f8f9fa;border:solid 1px;bord</var>
<kw name="Log To Console" library="BuiltIn">
<arg>${element}</arg>
<doc>Logs the given message to the console.</doc>
<status status="PASS" starttime="20230316 21:41:16.320" endtime="20230316 21:41:16.321"/>
</kw>
<status status="PASS" starttime="20230316 21:41:16.320" endtime="20230316 21:41:16.321"/>
</iter>
<iter>
<var name="${element}">er-color:#dadce0 #70757a #70757a #dadce0;height:30px}.lsbb{display:block}#WqQANb a{display:inline-block;margin:0 12px}.lsb{backg</var>
<kw name="Log To Console" library="BuiltIn">
<arg>${element}</arg>
<doc>Logs the given message to the console.</doc>
<status status="PASS" starttime="20230316 21:41:16.327" endtime="20230316 21:41:16.330"/>
</kw>
<status status="PASS" starttime="20230316 21:41:16.326" endtime="20230316 21:41:16.331"/>
</iter>
<iter>
<var name="${element}">round:url(/images/nav_logo229.png) 0 -261px repeat-x;border:none;color:#000;cursor:pointer;height:30px;margin:0;outline:0;font:1</var>
<kw name="Log To Console" library="BuiltIn">
<arg>${element}</arg>
<doc>Logs the given message to the console.</doc>
<status status="PASS" starttime="20230316 21:41:16.331" endtime="20230316 21:41:16.333"/>
</kw>
<status status="PASS" starttime="20230316 21:41:16.331" endtime="20230316 21:41:16.333"/>
</iter>
<iter>
<var name="${element}">5px arial,sans-serif;vertical-align:top}.lsb:active{background:#dadce0}.lst:focus{outline:none}&lt;/style&gt;&lt;script nonce="_ZbqW7Fev_</var>
<kw name="Log To Console" library="BuiltIn">
<arg>${element}</arg>
<doc>Logs the given message to the console.</doc>
<status status="PASS" starttime="20230316 21:41:16.334" endtime="20230316 21:41:16.335"/>
</kw>
<status status="PASS" starttime="20230316 21:41:16.333" endtime="20230316 21:41:16.335"/>
</iter>
<iter>
<var name="${element}">LBQ3YobrdySA"&gt;(function(){window.google.erd={jsr:1,bv:1760,de:true};
var h=this||self;var k,l=null!=(k=h.mei)?k:1,n,p=null!=(n=h</var>
<kw name="Log To Console" library="BuiltIn">
<arg>${element}</arg>
<doc>Logs the given message to the console.</doc>
<status status="PASS" starttime="20230316 21:41:16.336" endtime="20230316 21:41:16.338"/>
</kw>
<status status="PASS" starttime="20230316 21:41:16.336" endtime="20230316 21:41:16.338"/>
</iter>
<iter>
<var name="${element}">.sdo)?n:!0,q=0,r,t=google.erd,v=t.jsr;google.ml=function(a,b,d,m,e){e=void 0===e?2:e;b&amp;&amp;(r=a&amp;&amp;a.message);if(google.dl)return goo</var>
<kw name="Log To Console" library="BuiltIn">
<arg>${element}</arg>
<doc>Logs the given message to the console.</doc>
<status status="PASS" starttime="20230316 21:41:16.340" endtime="20230316 21:41:16.345"/>
</kw>
<status status="PASS" starttime="20230316 21:41:16.338" endtime="20230316 21:41:16.345"/>
</iter>
<iter>
<var name="${element}">gle.dl(a,e,d),null;if(0&gt;v){window.console&amp;&amp;console.error(a,d);if(-2===v)throw a;b=!1}else b=!a||!a.message||"Error loading scrip</var>
<kw name="Log To Console" library="BuiltIn">
<arg>${element}</arg>
<doc>Logs the given message to the console.</doc>
<status status="PASS" starttime="20230316 21:41:16.346" endtime="20230316 21:41:16.347"/>
</kw>
<status status="PASS" starttime="20230316 21:41:16.346" endtime="20230316 21:41:16.348"/>
</iter>
<iter>
<var name="${element}">t"===a.message||q&gt;=l&amp;&amp;!m?!1:!0;if(!b)return null;q++;d=d||{};b=encodeURIComponent;var c="/gen_204?atyp=i&amp;ei="+b(google.kEI);goog</var>
<kw name="Log To Console" library="BuiltIn">
<arg>${element}</arg>
<doc>Logs the given message to the console.</doc>
<status status="PASS" starttime="20230316 21:41:16.349" endtime="20230316 21:41:16.350"/>
</kw>
<status status="PASS" starttime="20230316 21:41:16.348" endtime="20230316 21:41:16.351"/>
</iter>
<iter>
<var name="${element}">le.kEXPI&amp;&amp;(c+="&amp;jexpid="+b(google.kEXPI));c+="&amp;srcpg="+b(google.sn)+"&amp;jsr="+b(t.jsr)+"&amp;bver="+b(t.bv);var f=a.lineNumber;void 0!</var>
<kw name="Log To Console" library="BuiltIn">
<arg>${element}</arg>
<doc>Logs the given message to the console.</doc>
<status status="PASS" starttime="20230316 21:41:16.351" endtime="20230316 21:41:16.353"/>
</kw>
<status status="PASS" starttime="20230316 21:41:16.351" endtime="20230316 21:41:16.353"/>
</iter>
<iter>
<var name="${element}">==f&amp;&amp;(c+="&amp;line="+f);var g=
a.fileName;g&amp;&amp;(0&lt;g.indexOf("-extension:/")&amp;&amp;(e=3),c+="&amp;script="+b(g),f&amp;&amp;g===window.location.href&amp;&amp;(f</var>
<kw name="Log To Console" library="BuiltIn">
<arg>${element}</arg>
<doc>Logs the given message to the console.</doc>
<status status="PASS" starttime="20230316 21:41:16.353" endtime="20230316 21:41:16.355"/>
</kw>
<status status="PASS" starttime="20230316 21:41:16.353" endtime="20230316 21:41:16.355"/>
</iter>
<iter>
<var name="${element}">=document.documentElement.outerHTML.split("\n")[f],c+="&amp;cad="+b(f?f.substring(0,300):"No script found.")));c+="&amp;jsel="+e;for(var</var>
<kw name="Log To Console" library="BuiltIn">
<arg>${element}</arg>
<doc>Logs the given message to the console.</doc>
<status status="PASS" starttime="20230316 21:41:16.359" endtime="20230316 21:41:16.362"/>
</kw>
<status status="PASS" starttime="20230316 21:41:16.357" endtime="20230316 21:41:16.362"/>
</iter>
<iter>
<var name="${element}"> u in d)c+="&amp;",c+=b(u),c+="=",c+=b(d[u]);c=c+"&amp;emsg="+b(a.name+": "+a.message);c=c+"&amp;jsst="+b(a.stack||"N/A");12288&lt;=c.length&amp;&amp;(</var>
<kw name="Log To Console" library="BuiltIn">
<arg>${element}</arg>
<doc>Logs the given message to the console.</doc>
<status status="PASS" starttime="20230316 21:41:16.363" endtime="20230316 21:41:16.364"/>
</kw>
<status status="PASS" starttime="20230316 21:41:16.363" endtime="20230316 21:41:16.364"/>
</iter>
<iter>
<var name="${element}">c=c.substr(0,12288));a=c;m||google.log(0,"",a);return a};window.onerror=function(a,b,d,m,e){r!==a&amp;&amp;(a=e instanceof Error?e:Error</var>
<kw name="Log To Console" library="BuiltIn">
<arg>${element}</arg>
<doc>Logs the given message to the console.</doc>
<status status="PASS" starttime="20230316 21:41:16.365" endtime="20230316 21:41:16.366"/>
</kw>
<status status="PASS" starttime="20230316 21:41:16.365" endtime="20230316 21:41:16.367"/>
</iter>
<iter>
<var name="${element}">(a),void 0===d||"lineNumber"in a||(a.lineNumber=d),void 0===b||"fileName"in a||(a.fileName=b),google.ml(a,!1,void 0,!1,"SyntaxEr</var>
<kw name="Log To Console" library="BuiltIn">
<arg>${element}</arg>
<doc>Logs the given message to the console.</doc>
<status status="PASS" starttime="20230316 21:41:16.368" endtime="20230316 21:41:16.369"/>
</kw>
<status status="PASS" starttime="20230316 21:41:16.368" endtime="20230316 21:41:16.369"/>
</iter>
<iter>
<var name="${element}">ror"===a.name||"SyntaxError"===a.message.substring(0,11)||-1!==a.message.indexOf("Script error")?3:0));r=null;p&amp;&amp;q&gt;=l&amp;&amp;(window.o</var>
<kw name="Log To Console" library="BuiltIn">
<arg>${element}</arg>
<doc>Logs the given message to the console.</doc>
<status status="PASS" starttime="20230316 21:41:16.370" endtime="20230316 21:41:16.372"/>
</kw>
<status status="PASS" starttime="20230316 21:41:16.370" endtime="20230316 21:41:16.372"/>
</iter>
<iter>
<var name="${element}">nerror=null)};})();&lt;/script&gt;&lt;/head&gt;&lt;body bgcolor="#fff"&gt;&lt;script nonce="_ZbqW7Fev_LBQ3YobrdySA"&gt;(function(){var src='/images/nav_</var>
<kw name="Log To Console" library="BuiltIn">
<arg>${element}</arg>
<doc>Logs the given message to the console.</doc>
<status status="PASS" starttime="20230316 21:41:16.375" endtime="20230316 21:41:16.380"/>
</kw>
<status status="PASS" starttime="20230316 21:41:16.374" endtime="20230316 21:41:16.381"/>
</iter>
<iter>
<var name="${element}">logo229.png';var iesg=false;document.body.onload = function(){window.n &amp;&amp; window.n();if (document.images){new Image().src=src;}
</var>
<kw name="Log To Console" library="BuiltIn">
<arg>${element}</arg>
<doc>Logs the given message to the console.</doc>
<status status="PASS" starttime="20230316 21:41:16.382" endtime="20230316 21:41:16.383"/>
</kw>
<status status="PASS" starttime="20230316 21:41:16.381" endtime="20230316 21:41:16.383"/>
</iter>
<iter>
<var name="${element}">if (!iesg){document.f&amp;&amp;document.f.q.focus();document.gbqf&amp;&amp;document.gbqf.q.focus();}
}
})();&lt;/script&gt;&lt;div id="mngb"&gt;&lt;div id=gbar</var>
<kw name="Log To Console" library="BuiltIn">
<arg>${element}</arg>
<doc>Logs the given message to the console.</doc>
<status status="PASS" starttime="20230316 21:41:16.384" endtime="20230316 21:41:16.385"/>
</kw>
<status status="PASS" starttime="20230316 21:41:16.384" endtime="20230316 21:41:16.386"/>
</iter>
<iter>
<var name="${element}">&gt;&lt;nobr&gt;&lt;b class=gb1&gt;Search&lt;/b&gt; &lt;a class=gb1 href="https://www.google.co.in/imghp?hl=en&amp;tab=wi"&gt;Images&lt;/a&gt; &lt;a class=gb1 href="htt</var>
<kw name="Log To Console" library="BuiltIn">
<arg>${element}</arg>
<doc>Logs the given message to the console.</doc>
<status status="PASS" starttime="20230316 21:41:16.387" endtime="20230316 21:41:16.387"/>
</kw>
<status status="PASS" starttime="20230316 21:41:16.386" endtime="20230316 21:41:16.388"/>
</iter>
<iter>
<var name="${element}">ps://maps.google.co.in/maps?hl=en&amp;tab=wl"&gt;Maps&lt;/a&gt; &lt;a class=gb1 href="https://play.google.com/?hl=en&amp;tab=w8"&gt;Play&lt;/a&gt; &lt;a class=g</var>
<kw name="Log To Console" library="BuiltIn">
<arg>${element}</arg>
<doc>Logs the given message to the console.</doc>
<status status="PASS" starttime="20230316 21:41:16.388" endtime="20230316 21:41:16.393"/>
</kw>
<status status="PASS" starttime="20230316 21:41:16.388" endtime="20230316 21:41:16.394"/>
</iter>
<iter>
<var name="${element}">b1 href="https://www.youtube.com/?tab=w1"&gt;YouTube&lt;/a&gt; &lt;a class=gb1 href="https://news.google.com/?tab=wn"&gt;News&lt;/a&gt; &lt;a class=gb1 </var>
<kw name="Log To Console" library="BuiltIn">
<arg>${element}</arg>
<doc>Logs the given message to the console.</doc>
<status status="PASS" starttime="20230316 21:41:16.396" endtime="20230316 21:41:16.399"/>
</kw>
<status status="PASS" starttime="20230316 21:41:16.396" endtime="20230316 21:41:16.399"/>
</iter>
<iter>
<var name="${element}">href="https://mail.google.com/mail/?tab=wm"&gt;Gmail&lt;/a&gt; &lt;a class=gb1 href="https://drive.google.com/?tab=wo"&gt;Drive&lt;/a&gt; &lt;a class=gb</var>
<kw name="Log To Console" library="BuiltIn">
<arg>${element}</arg>
<doc>Logs the given message to the console.</doc>
<status status="PASS" starttime="20230316 21:41:16.400" endtime="20230316 21:41:16.402"/>
</kw>
<status status="PASS" starttime="20230316 21:41:16.400" endtime="20230316 21:41:16.402"/>
</iter>
<iter>
<var name="${element}">1 style="text-decoration:none" href="https://www.google.co.in/intl/en/about/products?tab=wh"&gt;&lt;u&gt;More&lt;/u&gt; &amp;raquo;&lt;/a&gt;&lt;/nobr&gt;&lt;/div</var>
<kw name="Log To Console" library="BuiltIn">
<arg>${element}</arg>
<doc>Logs the given message to the console.</doc>
<status status="PASS" starttime="20230316 21:41:16.403" endtime="20230316 21:41:16.404"/>
</kw>
<status status="PASS" starttime="20230316 21:41:16.402" endtime="20230316 21:41:16.404"/>
</iter>
<iter>
<var name="${element}">&gt;&lt;div id=guser width=100%&gt;&lt;nobr&gt;&lt;span id=gbn class=gbi&gt;&lt;/span&gt;&lt;span id=gbf class=gbf&gt;&lt;/span&gt;&lt;span id=gbe&gt;&lt;/span&gt;&lt;a href="http://</var>
<kw name="Log To Console" library="BuiltIn">
<arg>${element}</arg>
<doc>Logs the given message to the console.</doc>
<status status="PASS" starttime="20230316 21:41:16.405" endtime="20230316 21:41:16.441"/>
</kw>
<status status="PASS" starttime="20230316 21:41:16.404" endtime="20230316 21:41:16.441"/>
</iter>
<iter>
<var name="${element}">www.google.co.in/history/optout?hl=en" class=gb4&gt;Web History&lt;/a&gt; | &lt;a  href="/preferences?hl=en" class=gb4&gt;Settings&lt;/a&gt; | &lt;a tar</var>
<kw name="Log To Console" library="BuiltIn">
<arg>${element}</arg>
<doc>Logs the given message to the console.</doc>
<status status="PASS" starttime="20230316 21:41:16.443" endtime="20230316 21:41:16.482"/>
</kw>
<status status="PASS" starttime="20230316 21:41:16.442" endtime="20230316 21:41:16.483"/>
</iter>
<iter>
<var name="${element}">get=_top id=gb_70 href="https://accounts.google.com/ServiceLogin?hl=en&amp;passive=true&amp;continue=https://www.google.com/%3Fjson&amp;ec=G</var>
<kw name="Log To Console" library="BuiltIn">
<arg>${element}</arg>
<doc>Logs the given message to the console.</doc>
<status status="PASS" starttime="20230316 21:41:16.483" endtime="20230316 21:41:16.494"/>
</kw>
<status status="PASS" starttime="20230316 21:41:16.483" endtime="20230316 21:41:16.495"/>
</iter>
<iter>
<var name="${element}">AZAAQ" class=gb4&gt;Sign in&lt;/a&gt;&lt;/nobr&gt;&lt;/div&gt;&lt;div class=gbh style=left:0&gt;&lt;/div&gt;&lt;div class=gbh style=right:0&gt;&lt;/div&gt;&lt;/div&gt;&lt;center&gt;&lt;br </var>
<kw name="Log To Console" library="BuiltIn">
<arg>${element}</arg>
<doc>Logs the given message to the console.</doc>
<status status="PASS" starttime="20230316 21:41:16.496" endtime="20230316 21:41:16.517"/>
</kw>
<status status="PASS" starttime="20230316 21:41:16.495" endtime="20230316 21:41:16.517"/>
</iter>
<iter>
<var name="${element}">clear="all" id="lgpd"&gt;&lt;div id="lga"&gt;&lt;img alt="Google" height="92" src="/images/branding/googlelogo/1x/googlelogo_white_backgroun</var>
<kw name="Log To Console" library="BuiltIn">
<arg>${element}</arg>
<doc>Logs the given message to the console.</doc>
<status status="PASS" starttime="20230316 21:41:16.518" endtime="20230316 21:41:16.525"/>
</kw>
<status status="PASS" starttime="20230316 21:41:16.517" endtime="20230316 21:41:16.526"/>
</iter>
<iter>
<var name="${element}">d_color_272x92dp.png" style="padding:28px 0 14px" width="272" id="hplogo"&gt;&lt;br&gt;&lt;br&gt;&lt;/div&gt;&lt;form action="/search" name="f"&gt;&lt;table c</var>
<kw name="Log To Console" library="BuiltIn">
<arg>${element}</arg>
<doc>Logs the given message to the console.</doc>
<status status="PASS" starttime="20230316 21:41:16.528" endtime="20230316 21:41:16.529"/>
</kw>
<status status="PASS" starttime="20230316 21:41:16.527" endtime="20230316 21:41:16.529"/>
</iter>
<iter>
<var name="${element}">ellpadding="0" cellspacing="0"&gt;&lt;tr valign="top"&gt;&lt;td width="25%"&gt;&amp;nbsp;&lt;/td&gt;&lt;td align="center" nowrap=""&gt;&lt;input name="ie" value="</var>
<kw name="Log To Console" library="BuiltIn">
<arg>${element}</arg>
<doc>Logs the given message to the console.</doc>
<status status="PASS" starttime="20230316 21:41:16.531" endtime="20230316 21:41:16.531"/>
</kw>
<status status="PASS" starttime="20230316 21:41:16.529" endtime="20230316 21:41:16.531"/>
</iter>
<iter>
<var name="${element}">ISO-8859-1" type="hidden"&gt;&lt;input value="en-IN" name="hl" type="hidden"&gt;&lt;input name="source" type="hidden" value="hp"&gt;&lt;input name</var>
<kw name="Log To Console" library="BuiltIn">
<arg>${element}</arg>
<doc>Logs the given message to the console.</doc>
<status status="PASS" starttime="20230316 21:41:16.532" endtime="20230316 21:41:16.534"/>
</kw>
<status status="PASS" starttime="20230316 21:41:16.531" endtime="20230316 21:41:16.534"/>
</iter>
<iter>
<var name="${element}">="biw" type="hidden"&gt;&lt;input name="bih" type="hidden"&gt;&lt;div class="ds" style="height:32px;margin:4px 0"&gt;&lt;input class="lst" style="</var>
<kw name="Log To Console" library="BuiltIn">
<arg>${element}</arg>
<doc>Logs the given message to the console.</doc>
<status status="PASS" starttime="20230316 21:41:16.534" endtime="20230316 21:41:16.536"/>
</kw>
<status status="PASS" starttime="20230316 21:41:16.534" endtime="20230316 21:41:16.536"/>
</iter>
<iter>
<var name="${element}">margin:0;padding:5px 8px 0 6px;vertical-align:top;color:#000" autocomplete="off" value="" title="Google Search" maxlength="2048"</var>
<kw name="Log To Console" library="BuiltIn">
<arg>${element}</arg>
<doc>Logs the given message to the console.</doc>
<status status="PASS" starttime="20230316 21:41:16.536" endtime="20230316 21:41:16.538"/>
</kw>
<status status="PASS" starttime="20230316 21:41:16.536" endtime="20230316 21:41:16.538"/>
</iter>
<iter>
<var name="${element}"> name="q" size="57"&gt;&lt;/div&gt;&lt;br style="line-height:0"&gt;&lt;span class="ds"&gt;&lt;span class="lsbb"&gt;&lt;input class="lsb" value="Google Search"</var>
<kw name="Log To Console" library="BuiltIn">
<arg>${element}</arg>
<doc>Logs the given message to the console.</doc>
<status status="PASS" starttime="20230316 21:41:16.540" endtime="20230316 21:41:16.569"/>
</kw>
<status status="PASS" starttime="20230316 21:41:16.538" endtime="20230316 21:41:16.569"/>
</iter>
<iter>
<var name="${element}"> name="btnG" type="submit"&gt;&lt;/span&gt;&lt;/span&gt;&lt;span class="ds"&gt;&lt;span class="lsbb"&gt;&lt;input class="lsb" id="tsuid_1" value="I'm Feeling </var>
<kw name="Log To Console" library="BuiltIn">
<arg>${element}</arg>
<doc>Logs the given message to the console.</doc>
<status status="PASS" starttime="20230316 21:41:16.570" endtime="20230316 21:41:16.575"/>
</kw>
<status status="PASS" starttime="20230316 21:41:16.569" endtime="20230316 21:41:16.576"/>
</iter>
<iter>
<var name="${element}">Lucky" name="btnI" type="submit"&gt;&lt;script nonce="_ZbqW7Fev_LBQ3YobrdySA"&gt;(function(){var id='tsuid_1';document.getElementById(id)</var>
<kw name="Log To Console" library="BuiltIn">
<arg>${element}</arg>
<doc>Logs the given message to the console.</doc>
<status status="PASS" starttime="20230316 21:41:16.577" endtime="20230316 21:41:16.578"/>
</kw>
<status status="PASS" starttime="20230316 21:41:16.576" endtime="20230316 21:41:16.579"/>
</iter>
<iter>
<var name="${element}">.onclick = function(){if (this.form.q.value){this.checked = 1;if (this.form.iflsig)this.form.iflsig.disabled = false;}
else top.</var>
<kw name="Log To Console" library="BuiltIn">
<arg>${element}</arg>
<doc>Logs the given message to the console.</doc>
<status status="PASS" starttime="20230316 21:41:16.580" endtime="20230316 21:41:16.581"/>
</kw>
<status status="PASS" starttime="20230316 21:41:16.579" endtime="20230316 21:41:16.581"/>
</iter>
<iter>
<var name="${element}">location='/doodles/';};})();&lt;/script&gt;&lt;input value="AK50M_UAAAAAZBNNs4qztVVRFcYxxpYnj0sNieya0LWH" name="iflsig" type="hidden"&gt;&lt;/s</var>
<kw name="Log To Console" library="BuiltIn">
<arg>${element}</arg>
<doc>Logs the given message to the console.</doc>
<status status="PASS" starttime="20230316 21:41:16.582" endtime="20230316 21:41:16.583"/>
</kw>
<status status="PASS" starttime="20230316 21:41:16.581" endtime="20230316 21:41:16.583"/>
</iter>
<iter>
<var name="${element}">pan&gt;&lt;/span&gt;&lt;/td&gt;&lt;td class="fl sblc" align="left" nowrap="" width="25%"&gt;&lt;a href="/advanced_search?hl=en-IN&amp;amp;authuser=0"&gt;Advanc</var>
<kw name="Log To Console" library="BuiltIn">
<arg>${element}</arg>
<doc>Logs the given message to the console.</doc>
<status status="PASS" starttime="20230316 21:41:16.583" endtime="20230316 21:41:16.585"/>
</kw>
<status status="PASS" starttime="20230316 21:41:16.583" endtime="20230316 21:41:16.585"/>
</iter>
<iter>
<var name="${element}">ed search&lt;/a&gt;&lt;/td&gt;&lt;/tr&gt;&lt;/table&gt;&lt;input id="gbv" name="gbv" type="hidden" value="1"&gt;&lt;script nonce="_ZbqW7Fev_LBQ3YobrdySA"&gt;(functi</var>
<kw name="Log To Console" library="BuiltIn">
<arg>${element}</arg>
<doc>Logs the given message to the console.</doc>
<status status="PASS" starttime="20230316 21:41:16.585" endtime="20230316 21:41:16.586"/>
</kw>
<status status="PASS" starttime="20230316 21:41:16.585" endtime="20230316 21:41:16.586"/>
</iter>
<iter>
<var name="${element}">on(){var a,b="1";if(document&amp;&amp;document.getElementById)if("undefined"!=typeof XMLHttpRequest)b="2";else if("undefined"!=typeof Ac</var>
<kw name="Log To Console" library="BuiltIn">
<arg>${element}</arg>
<doc>Logs the given message to the console.</doc>
<status status="PASS" starttime="20230316 21:41:16.587" endtime="20230316 21:41:16.587"/>
</kw>
<status status="PASS" starttime="20230316 21:41:16.586" endtime="20230316 21:41:16.588"/>
</iter>
<iter>
<var name="${element}">tiveXObject){var c,d,e=["MSXML2.XMLHTTP.6.0","MSXML2.XMLHTTP.3.0","MSXML2.XMLHTTP","Microsoft.XMLHTTP"];for(c=0;d=e[c++];)try{ne</var>
<kw name="Log To Console" library="BuiltIn">
<arg>${element}</arg>
<doc>Logs the given message to the console.</doc>
<status status="PASS" starttime="20230316 21:41:16.593" endtime="20230316 21:41:16.595"/>
</kw>
<status status="PASS" starttime="20230316 21:41:16.588" endtime="20230316 21:41:16.595"/>
</iter>
<iter>
<var name="${element}">w ActiveXObject(d),b="2"}catch(h){}}a=b;if("2"==a&amp;&amp;-1==location.search.indexOf("&amp;gbv=2")){var f=google.gbvu,g=document.getElemen</var>
<kw name="Log To Console" library="BuiltIn">
<arg>${element}</arg>
<doc>Logs the given message to the console.</doc>
<status status="PASS" starttime="20230316 21:41:16.596" endtime="20230316 21:41:16.597"/>
</kw>
<status status="PASS" starttime="20230316 21:41:16.595" endtime="20230316 21:41:16.597"/>
</iter>
<iter>
<var name="${element}">tById("gbv");g&amp;&amp;(g.value=a);f&amp;&amp;window.setTimeout(function(){location.href=f},0)};}).call(this);&lt;/script&gt;&lt;/form&gt;&lt;div id="gac_scon</var>
<kw name="Log To Console" library="BuiltIn">
<arg>${element}</arg>
<doc>Logs the given message to the console.</doc>
<status status="PASS" starttime="20230316 21:41:16.598" endtime="20230316 21:41:16.599"/>
</kw>
<status status="PASS" starttime="20230316 21:41:16.597" endtime="20230316 21:41:16.599"/>
</iter>
<iter>
<var name="${element}">t"&gt;&lt;/div&gt;&lt;div style="font-size:83%;min-height:3.5em"&gt;&lt;br&gt;&lt;div id="gws-output-pages-elements-homepage_additional_languages__als"&gt;</var>
<kw name="Log To Console" library="BuiltIn">
<arg>${element}</arg>
<doc>Logs the given message to the console.</doc>
<status status="PASS" starttime="20230316 21:41:16.600" endtime="20230316 21:41:16.601"/>
</kw>
<status status="PASS" starttime="20230316 21:41:16.599" endtime="20230316 21:41:16.601"/>
</iter>
<iter>
<var name="${element}">&lt;style&gt;#gws-output-pages-elements-homepage_additional_languages__als{font-size:small;margin-bottom:24px}#SIvCob{color:#3c4043;di</var>
<kw name="Log To Console" library="BuiltIn">
<arg>${element}</arg>
<doc>Logs the given message to the console.</doc>
<status status="PASS" starttime="20230316 21:41:16.602" endtime="20230316 21:41:16.602"/>
</kw>
<status status="PASS" starttime="20230316 21:41:16.601" endtime="20230316 21:41:16.602"/>
</iter>
<iter>
<var name="${element}">splay:inline-block;line-height:28px;}#SIvCob a{padding:0 3px;}.H6sW5{display:inline-block;margin:0 2px;white-space:nowrap}.z4hgW</var>
<kw name="Log To Console" library="BuiltIn">
<arg>${element}</arg>
<doc>Logs the given message to the console.</doc>
<status status="PASS" starttime="20230316 21:41:16.603" endtime="20230316 21:41:16.604"/>
</kw>
<status status="PASS" starttime="20230316 21:41:16.602" endtime="20230316 21:41:16.604"/>
</iter>
<iter>
<var name="${element}">e{display:inline-block;margin:0 2px}&lt;/style&gt;&lt;div id="SIvCob"&gt;Google offered in:  &lt;a href="https://www.google.com/setprefs?sig=0_</var>
<kw name="Log To Console" library="BuiltIn">
<arg>${element}</arg>
<doc>Logs the given message to the console.</doc>
<status status="PASS" starttime="20230316 21:41:16.604" endtime="20230316 21:41:16.607"/>
</kw>
<status status="PASS" starttime="20230316 21:41:16.604" endtime="20230316 21:41:16.609"/>
</iter>
<iter>
<var name="${element}">W2I18qwZxrC_tPz9Duy3MlvYECQ%3D&amp;amp;hl=hi&amp;amp;source=homepage&amp;amp;sa=X&amp;amp;ved=0ahUKEwjQ3c6u6-D9AhUucGwGHaM4AKkQ2ZgBCAU"&gt;&amp;#2361;&amp;</var>
<kw name="Log To Console" library="BuiltIn">
<arg>${element}</arg>
<doc>Logs the given message to the console.</doc>
<status status="PASS" starttime="20230316 21:41:16.611" endtime="20230316 21:41:16.612"/>
</kw>
<status status="PASS" starttime="20230316 21:41:16.610" endtime="20230316 21:41:16.613"/>
</iter>
<iter>
<var name="${element}">#2367;&amp;#2344;&amp;#2381;&amp;#2342;&amp;#2368;&lt;/a&gt;    &lt;a href="https://www.google.com/setprefs?sig=0_W2I18qwZxrC_tPz9Duy3MlvYECQ%3D&amp;amp;hl=b</var>
<kw name="Log To Console" library="BuiltIn">
<arg>${element}</arg>
<doc>Logs the given message to the console.</doc>
<status status="PASS" starttime="20230316 21:41:16.613" endtime="20230316 21:41:16.614"/>
</kw>
<status status="PASS" starttime="20230316 21:41:16.613" endtime="20230316 21:41:16.615"/>
</iter>
<iter>
<var name="${element}">n&amp;amp;source=homepage&amp;amp;sa=X&amp;amp;ved=0ahUKEwjQ3c6u6-D9AhUucGwGHaM4AKkQ2ZgBCAY"&gt;&amp;#2476;&amp;#2494;&amp;#2434;&amp;#2482;&amp;#2494;&lt;/a&gt;    &lt;a h</var>
<kw name="Log To Console" library="BuiltIn">
<arg>${element}</arg>
<doc>Logs the given message to the console.</doc>
<status status="PASS" starttime="20230316 21:41:16.615" endtime="20230316 21:41:16.615"/>
</kw>
<status status="PASS" starttime="20230316 21:41:16.615" endtime="20230316 21:41:16.616"/>
</iter>
<iter>
<var name="${element}">ref="https://www.google.com/setprefs?sig=0_W2I18qwZxrC_tPz9Duy3MlvYECQ%3D&amp;amp;hl=te&amp;amp;source=homepage&amp;amp;sa=X&amp;amp;ved=0ahUKEw</var>
<kw name="Log To Console" library="BuiltIn">
<arg>${element}</arg>
<doc>Logs the given message to the console.</doc>
<status status="PASS" starttime="20230316 21:41:16.616" endtime="20230316 21:41:16.618"/>
</kw>
<status status="PASS" starttime="20230316 21:41:16.616" endtime="20230316 21:41:16.618"/>
</iter>
<iter>
<var name="${element}">jQ3c6u6-D9AhUucGwGHaM4AKkQ2ZgBCAc"&gt;&amp;#3108;&amp;#3142;&amp;#3122;&amp;#3137;&amp;#3095;&amp;#3137;&lt;/a&gt;    &lt;a href="https://www.google.com/setprefs?si</var>
<kw name="Log To Console" library="BuiltIn">
<arg>${element}</arg>
<doc>Logs the given message to the console.</doc>
<status status="PASS" starttime="20230316 21:41:16.618" endtime="20230316 21:41:16.620"/>
</kw>
<status status="PASS" starttime="20230316 21:41:16.618" endtime="20230316 21:41:16.620"/>
</iter>
<iter>
<var name="${element}">g=0_W2I18qwZxrC_tPz9Duy3MlvYECQ%3D&amp;amp;hl=mr&amp;amp;source=homepage&amp;amp;sa=X&amp;amp;ved=0ahUKEwjQ3c6u6-D9AhUucGwGHaM4AKkQ2ZgBCAg"&gt;&amp;#23</var>
<kw name="Log To Console" library="BuiltIn">
<arg>${element}</arg>
<doc>Logs the given message to the console.</doc>
<status status="PASS" starttime="20230316 21:41:16.620" endtime="20230316 21:41:16.625"/>
</kw>
<status status="PASS" starttime="20230316 21:41:16.620" endtime="20230316 21:41:16.626"/>
</iter>
<iter>
<var name="${element}">50;&amp;#2352;&amp;#2366;&amp;#2336;&amp;#2368;&lt;/a&gt;    &lt;a href="https://www.google.com/setprefs?sig=0_W2I18qwZxrC_tPz9Duy3MlvYECQ%3D&amp;amp;hl=ta&amp;a</var>
<kw name="Log To Console" library="BuiltIn">
<arg>${element}</arg>
<doc>Logs the given message to the console.</doc>
<status status="PASS" starttime="20230316 21:41:16.627" endtime="20230316 21:41:16.629"/>
</kw>
<status status="PASS" starttime="20230316 21:41:16.627" endtime="20230316 21:41:16.629"/>
</iter>
<iter>
<var name="${element}">mp;source=homepage&amp;amp;sa=X&amp;amp;ved=0ahUKEwjQ3c6u6-D9AhUucGwGHaM4AKkQ2ZgBCAk"&gt;&amp;#2980;&amp;#2990;&amp;#3007;&amp;#2996;&amp;#3021;&lt;/a&gt;    &lt;a href</var>
<kw name="Log To Console" library="BuiltIn">
<arg>${element}</arg>
<doc>Logs the given message to the console.</doc>
<status status="PASS" starttime="20230316 21:41:16.630" endtime="20230316 21:41:16.631"/>
</kw>
<status status="PASS" starttime="20230316 21:41:16.630" endtime="20230316 21:41:16.631"/>
</iter>
<iter>
<var name="${element}">="https://www.google.com/setprefs?sig=0_W2I18qwZxrC_tPz9Duy3MlvYECQ%3D&amp;amp;hl=gu&amp;amp;source=homepage&amp;amp;sa=X&amp;amp;ved=0ahUKEwjQ3</var>
<kw name="Log To Console" library="BuiltIn">
<arg>${element}</arg>
<doc>Logs the given message to the console.</doc>
<status status="PASS" starttime="20230316 21:41:16.632" endtime="20230316 21:41:16.633"/>
</kw>
<status status="PASS" starttime="20230316 21:41:16.632" endtime="20230316 21:41:16.633"/>
</iter>
<iter>
<var name="${element}">c6u6-D9AhUucGwGHaM4AKkQ2ZgBCAo"&gt;&amp;#2711;&amp;#2753;&amp;#2716;&amp;#2736;&amp;#2750;&amp;#2724;&amp;#2752;&lt;/a&gt;    &lt;a href="https://www.google.com/setpref</var>
<kw name="Log To Console" library="BuiltIn">
<arg>${element}</arg>
<doc>Logs the given message to the console.</doc>
<status status="PASS" starttime="20230316 21:41:16.634" endtime="20230316 21:41:16.635"/>
</kw>
<status status="PASS" starttime="20230316 21:41:16.634" endtime="20230316 21:41:16.635"/>
</iter>
<iter>
<var name="${element}">s?sig=0_W2I18qwZxrC_tPz9Duy3MlvYECQ%3D&amp;amp;hl=kn&amp;amp;source=homepage&amp;amp;sa=X&amp;amp;ved=0ahUKEwjQ3c6u6-D9AhUucGwGHaM4AKkQ2ZgBCAs"&gt;</var>
<kw name="Log To Console" library="BuiltIn">
<arg>${element}</arg>
<doc>Logs the given message to the console.</doc>
<status status="PASS" starttime="20230316 21:41:16.636" endtime="20230316 21:41:16.637"/>
</kw>
<status status="PASS" starttime="20230316 21:41:16.635" endtime="20230316 21:41:16.637"/>
</iter>
<iter>
<var name="${element}">&amp;#3221;&amp;#3240;&amp;#3277;&amp;#3240;&amp;#3233;&lt;/a&gt;    &lt;a href="https://www.google.com/setprefs?sig=0_W2I18qwZxrC_tPz9Duy3MlvYECQ%3D&amp;amp;hl=</var>
<kw name="Log To Console" library="BuiltIn">
<arg>${element}</arg>
<doc>Logs the given message to the console.</doc>
<status status="PASS" starttime="20230316 21:41:16.638" endtime="20230316 21:41:16.640"/>
</kw>
<status status="PASS" starttime="20230316 21:41:16.637" endtime="20230316 21:41:16.641"/>
</iter>
<iter>
<var name="${element}">ml&amp;amp;source=homepage&amp;amp;sa=X&amp;amp;ved=0ahUKEwjQ3c6u6-D9AhUucGwGHaM4AKkQ2ZgBCAw"&gt;&amp;#3374;&amp;#3378;&amp;#3375;&amp;#3390;&amp;#3379;&amp;#3330;&lt;/a&gt;</var>
<kw name="Log To Console" library="BuiltIn">
<arg>${element}</arg>
<doc>Logs the given message to the console.</doc>
<status status="PASS" starttime="20230316 21:41:16.644" endtime="20230316 21:41:16.645"/>
</kw>
<status status="PASS" starttime="20230316 21:41:16.642" endtime="20230316 21:41:16.646"/>
</iter>
<iter>
<var name="${element}">    &lt;a href="https://www.google.com/setprefs?sig=0_W2I18qwZxrC_tPz9Duy3MlvYECQ%3D&amp;amp;hl=pa&amp;amp;source=homepage&amp;amp;sa=X&amp;amp;ved</var>
<kw name="Log To Console" library="BuiltIn">
<arg>${element}</arg>
<doc>Logs the given message to the console.</doc>
<status status="PASS" starttime="20230316 21:41:16.647" endtime="20230316 21:41:16.648"/>
</kw>
<status status="PASS" starttime="20230316 21:41:16.646" endtime="20230316 21:41:16.648"/>
</iter>
<iter>
<var name="${element}">=0ahUKEwjQ3c6u6-D9AhUucGwGHaM4AKkQ2ZgBCA0"&gt;&amp;#2602;&amp;#2672;&amp;#2588;&amp;#2622;&amp;#2604;&amp;#2624;&lt;/a&gt;  &lt;/div&gt;&lt;/div&gt;&lt;/div&gt;&lt;span id="footer"&gt;&lt;</var>
<kw name="Log To Console" library="BuiltIn">
<arg>${element}</arg>
<doc>Logs the given message to the console.</doc>
<status status="PASS" starttime="20230316 21:41:16.649" endtime="20230316 21:41:16.650"/>
</kw>
<status status="PASS" starttime="20230316 21:41:16.648" endtime="20230316 21:41:16.650"/>
</iter>
<iter>
<var name="${element}">div style="font-size:10pt"&gt;&lt;div style="margin:19px auto;text-align:center" id="WqQANb"&gt;&lt;a href="/intl/en/ads/"&gt;Advertising&lt;/a&gt;&lt;a</var>
<kw name="Log To Console" library="BuiltIn">
<arg>${element}</arg>
<doc>Logs the given message to the console.</doc>
<status status="PASS" starttime="20230316 21:41:16.651" endtime="20230316 21:41:16.652"/>
</kw>
<status status="PASS" starttime="20230316 21:41:16.650" endtime="20230316 21:41:16.652"/>
</iter>
<iter>
<var name="${element}"> href="http://www.google.co.in/services/"&gt;Business Solutions&lt;/a&gt;&lt;a href="/intl/en/about.html"&gt;About Google&lt;/a&gt;&lt;a href="https://w</var>
<kw name="Log To Console" library="BuiltIn">
<arg>${element}</arg>
<doc>Logs the given message to the console.</doc>
<status status="PASS" starttime="20230316 21:41:16.653" endtime="20230316 21:41:16.654"/>
</kw>
<status status="PASS" starttime="20230316 21:41:16.652" endtime="20230316 21:41:16.654"/>
</iter>
<iter>
<var name="${element}">ww.google.com/setprefdomain?prefdom=IN&amp;amp;prev=https://www.google.co.in/&amp;amp;sig=K_A-RRltuAK30jBOWx2wJ42YbQwxg%3D"&gt;Google.co.in</var>
<kw name="Log To Console" library="BuiltIn">
<arg>${element}</arg>
<doc>Logs the given message to the console.</doc>
<status status="PASS" starttime="20230316 21:41:16.654" endtime="20230316 21:41:16.658"/>
</kw>
<status status="PASS" starttime="20230316 21:41:16.654" endtime="20230316 21:41:16.660"/>
</iter>
<iter>
<var name="${element}">&lt;/a&gt;&lt;/div&gt;&lt;/div&gt;&lt;p style="font-size:8pt;color:#70757a"&gt;&amp;copy; 2023 - &lt;a href="/intl/en/policies/privacy/"&gt;Privacy&lt;/a&gt; - &lt;a href=</var>
<kw name="Log To Console" library="BuiltIn">
<arg>${element}</arg>
<doc>Logs the given message to the console.</doc>
<status status="PASS" starttime="20230316 21:41:16.661" endtime="20230316 21:41:16.663"/>
</kw>
<status status="PASS" starttime="20230316 21:41:16.661" endtime="20230316 21:41:16.663"/>
</iter>
<iter>
<var name="${element}">"/intl/en/policies/terms/"&gt;Terms&lt;/a&gt;&lt;/p&gt;&lt;/span&gt;&lt;/center&gt;&lt;script nonce="_ZbqW7Fev_LBQ3YobrdySA"&gt;(function(){window.google.cdo={he</var>
<kw name="Log To Console" library="BuiltIn">
<arg>${element}</arg>
<doc>Logs the given message to the console.</doc>
<status status="PASS" starttime="20230316 21:41:16.664" endtime="20230316 21:41:16.665"/>
</kw>
<status status="PASS" starttime="20230316 21:41:16.663" endtime="20230316 21:41:16.665"/>
</iter>
<iter>
<var name="${element}">ight:757,width:1440};(function(){var a=window.innerWidth,b=window.innerHeight;if(!a||!b){var c=window.document,d="CSS1Compat"==c</var>
<kw name="Log To Console" library="BuiltIn">
<arg>${element}</arg>
<doc>Logs the given message to the console.</doc>
<status status="PASS" starttime="20230316 21:41:16.666" endtime="20230316 21:41:16.667"/>
</kw>
<status status="PASS" starttime="20230316 21:41:16.665" endtime="20230316 21:41:16.667"/>
</iter>
<iter>
<var name="${element}">.compatMode?c.documentElement:c.body;a=d.clientWidth;b=d.clientHeight}a&amp;&amp;b&amp;&amp;(a!=google.cdo.width||b!=google.cdo.height)&amp;&amp;google.</var>
<kw name="Log To Console" library="BuiltIn">
<arg>${element}</arg>
<doc>Logs the given message to the console.</doc>
<status status="PASS" starttime="20230316 21:41:16.668" endtime="20230316 21:41:16.669"/>
</kw>
<status status="PASS" starttime="20230316 21:41:16.667" endtime="20230316 21:41:16.669"/>
</iter>
<iter>
<var name="${element}">log("","","/client_204?&amp;atyp=i&amp;biw="+a+"&amp;bih="+b+"&amp;ei="+google.kEI);}).call(this);})();&lt;/script&gt; &lt;script nonce="_ZbqW7Fev_LBQ3Yo</var>
<kw name="Log To Console" library="BuiltIn">
<arg>${element}</arg>
<doc>Logs the given message to the console.</doc>
<status status="PASS" starttime="20230316 21:41:16.670" endtime="20230316 21:41:16.671"/>
</kw>
<status status="PASS" starttime="20230316 21:41:16.669" endtime="20230316 21:41:16.671"/>
</iter>
<iter>
<var name="${element}">brdySA"&gt;(function(){google.xjs={ck:'xjs.hp.Y2W3KAJ0Jco.L.X.O',cs:'ACT90oFu9pIux-eMq8tgG7A21CJNKQAegA',excm:[]};})();&lt;/script&gt;  &lt;</var>
<kw name="Log To Console" library="BuiltIn">
<arg>${element}</arg>
<doc>Logs the given message to the console.</doc>
<status status="PASS" starttime="20230316 21:41:16.672" endtime="20230316 21:41:16.677"/>
</kw>
<status status="PASS" starttime="20230316 21:41:16.671" endtime="20230316 21:41:16.678"/>
</iter>
<iter>
<var name="${element}">script nonce="_ZbqW7Fev_LBQ3YobrdySA"&gt;(function(){var u='/xjs/_/js/k\x3dxjs.hp.en.WK5tGcJZl_4.O/am\x3dAACgEwBAAYAF/d\x3d1/ed\x3d</var>
<kw name="Log To Console" library="BuiltIn">
<arg>${element}</arg>
<doc>Logs the given message to the console.</doc>
<status status="PASS" starttime="20230316 21:41:16.679" endtime="20230316 21:41:16.680"/>
</kw>
<status status="PASS" starttime="20230316 21:41:16.679" endtime="20230316 21:41:16.680"/>
</iter>
<iter>
<var name="${element}">1/rs\x3dACT90oEIkAnNtLs_xquX5F0TcC40GLWEYQ/m\x3dsb_he,d';var amd=0;
var d=this||self,e=function(a){return a};var g;var l=functio</var>
<kw name="Log To Console" library="BuiltIn">
<arg>${element}</arg>
<doc>Logs the given message to the console.</doc>
<status status="PASS" starttime="20230316 21:41:16.681" endtime="20230316 21:41:16.683"/>
</kw>
<status status="PASS" starttime="20230316 21:41:16.681" endtime="20230316 21:41:16.683"/>
</iter>
<iter>
<var name="${element}">n(a,b){this.g=b===h?a:""};l.prototype.toString=function(){return this.g+""};var h={};
function m(){var a=u;google.lx=function(){</var>
<kw name="Log To Console" library="BuiltIn">
<arg>${element}</arg>
<doc>Logs the given message to the console.</doc>
<status status="PASS" starttime="20230316 21:41:16.684" endtime="20230316 21:41:16.685"/>
</kw>
<status status="PASS" starttime="20230316 21:41:16.683" endtime="20230316 21:41:16.685"/>
</iter>
<iter>
<var name="${element}">p(a);google.lx=function(){}};google.bx||google.lx()}
function p(a){google.timers&amp;&amp;google.timers.load&amp;&amp;google.tick&amp;&amp;google.tick("</var>
<kw name="Log To Console" library="BuiltIn">
<arg>${element}</arg>
<doc>Logs the given message to the console.</doc>
<status status="PASS" starttime="20230316 21:41:16.686" endtime="20230316 21:41:16.687"/>
</kw>
<status status="PASS" starttime="20230316 21:41:16.685" endtime="20230316 21:41:16.687"/>
</iter>
<iter>
<var name="${element}">load","xjsls");var b=document;var c="SCRIPT";"application/xhtml+xml"===b.contentType&amp;&amp;(c=c.toLowerCase());c=b.createElement(c);c</var>
<kw name="Log To Console" library="BuiltIn">
<arg>${element}</arg>
<doc>Logs the given message to the console.</doc>
<status status="PASS" starttime="20230316 21:41:16.688" endtime="20230316 21:41:16.692"/>
</kw>
<status status="PASS" starttime="20230316 21:41:16.687" endtime="20230316 21:41:16.693"/>
</iter>
<iter>
<var name="${element}">.id="base-js";a=null===a?"null":void 0===a?"undefined":a;if(void 0===g){b=null;var k=d.trustedTypes;if(k&amp;&amp;k.createPolicy){try{b=</var>
<kw name="Log To Console" library="BuiltIn">
<arg>${element}</arg>
<doc>Logs the given message to the console.</doc>
<status status="PASS" starttime="20230316 21:41:16.695" endtime="20230316 21:41:16.696"/>
</kw>
<status status="PASS" starttime="20230316 21:41:16.694" endtime="20230316 21:41:16.696"/>
</iter>
<iter>
<var name="${element}">k.createPolicy("goog#html",{createHTML:e,createScript:e,createScriptURL:e})}catch(q){d.console&amp;&amp;d.console.error(q.message)}g=b}e</var>
<kw name="Log To Console" library="BuiltIn">
<arg>${element}</arg>
<doc>Logs the given message to the console.</doc>
<status status="PASS" starttime="20230316 21:41:16.697" endtime="20230316 21:41:16.698"/>
</kw>
<status status="PASS" starttime="20230316 21:41:16.697" endtime="20230316 21:41:16.698"/>
</iter>
<iter>
<var name="${element}">lse g=b}a=(b=g)?b.createScriptURL(a):a;a=new l(a,h);c.src=a instanceof l&amp;&amp;a.constructor===l?a.g:"type_error:TrustedResourceUrl";</var>
<kw name="Log To Console" library="BuiltIn">
<arg>${element}</arg>
<doc>Logs the given message to the console.</doc>
<status status="PASS" starttime="20230316 21:41:16.699" endtime="20230316 21:41:16.700"/>
</kw>
<status status="PASS" starttime="20230316 21:41:16.699" endtime="20230316 21:41:16.700"/>
</iter>
<iter>
<var name="${element}">var f,n;(f=(a=null==(n=(f=(c.ownerDocument&amp;&amp;c.ownerDocument.defaultView||window).document).querySelector)?void 0:n.call(f,"scrip</var>
<kw name="Log To Console" library="BuiltIn">
<arg>${element}</arg>
<doc>Logs the given message to the console.</doc>
<status status="PASS" starttime="20230316 21:41:16.701" endtime="20230316 21:41:16.702"/>
</kw>
<status status="PASS" starttime="20230316 21:41:16.701" endtime="20230316 21:41:16.702"/>
</iter>
<iter>
<var name="${element}">t[nonce]"))?a.nonce||a.getAttribute("nonce")||"":"")&amp;&amp;c.setAttribute("nonce",f);document.body.appendChild(c);google.psa=!0};goog</var>
<kw name="Log To Console" library="BuiltIn">
<arg>${element}</arg>
<doc>Logs the given message to the console.</doc>
<status status="PASS" starttime="20230316 21:41:16.703" endtime="20230316 21:41:16.704"/>
</kw>
<status status="PASS" starttime="20230316 21:41:16.703" endtime="20230316 21:41:16.704"/>
</iter>
<iter>
<var name="${element}">le.xjsu=u;setTimeout(function(){0&lt;amd?google.caft(function(){return m()},amd):m()},0);})();window._ = window._ || {};window._Dum</var>
<kw name="Log To Console" library="BuiltIn">
<arg>${element}</arg>
<doc>Logs the given message to the console.</doc>
<status status="PASS" starttime="20230316 21:41:16.705" endtime="20230316 21:41:16.709"/>
</kw>
<status status="PASS" starttime="20230316 21:41:16.704" endtime="20230316 21:41:16.710"/>
</iter>
<iter>
<var name="${element}">pException = _._DumpException = function(e){throw e;};window._s = window._s || {};_s._DumpException = _._DumpException;window._q</var>
<kw name="Log To Console" library="BuiltIn">
<arg>${element}</arg>
<doc>Logs the given message to the console.</doc>
<status status="PASS" starttime="20230316 21:41:16.711" endtime="20230316 21:41:16.713"/>
</kw>
<status status="PASS" starttime="20230316 21:41:16.711" endtime="20230316 21:41:16.713"/>
</iter>
<iter>
<var name="${element}">s = window._qs || {};_qs._DumpException = _._DumpException;function _F_installCss(c){}
(function(){google.jl={blt:'none',chnk:0,</var>
<kw name="Log To Console" library="BuiltIn">
<arg>${element}</arg>
<doc>Logs the given message to the console.</doc>
<status status="PASS" starttime="20230316 21:41:16.714" endtime="20230316 21:41:16.715"/>
</kw>
<status status="PASS" starttime="20230316 21:41:16.714" endtime="20230316 21:41:16.715"/>
</iter>
<iter>
<var name="${element}">dw:false,dwu:true,emtn:0,end:0,ico:false,ikb:0,ine:false,injs:'none',injt:0,injth:0,injv2:false,lls:'default',pdt:0,rep:0,snet:t</var>
<kw name="Log To Console" library="BuiltIn">
<arg>${element}</arg>
<doc>Logs the given message to the console.</doc>
<status status="PASS" starttime="20230316 21:41:16.716" endtime="20230316 21:41:16.717"/>
</kw>
<status status="PASS" starttime="20230316 21:41:16.716" endtime="20230316 21:41:16.717"/>
</iter>
<iter>
<var name="${element}">rue,strt:0,ubm:false,uwp:true};})();(function(){var pmc='{\x22d\x22:{},\x22sb_he\x22:{\x22agen\x22:true,\x22cgen\x22:true,\x22cl</var>
<kw name="Log To Console" library="BuiltIn">
<arg>${element}</arg>
<doc>Logs the given message to the console.</doc>
<status status="PASS" starttime="20230316 21:41:16.718" endtime="20230316 21:41:16.719"/>
</kw>
<status status="PASS" starttime="20230316 21:41:16.718" endtime="20230316 21:41:16.719"/>
</iter>
<iter>
<var name="${element}">ient\x22:\x22heirloom-hp\x22,\x22dh\x22:true,\x22ds\x22:\x22\x22,\x22fl\x22:true,\x22host\x22:\x22google.com\x22,\x22jsonp\x22:t</var>
<kw name="Log To Console" library="BuiltIn">
<arg>${element}</arg>
<doc>Logs the given message to the console.</doc>
<status status="PASS" starttime="20230316 21:41:16.720" endtime="20230316 21:41:16.722"/>
</kw>
<status status="PASS" starttime="20230316 21:41:16.720" endtime="20230316 21:41:16.723"/>
</iter>
<iter>
<var name="${element}">rue,\x22msgs\x22:{\x22cibl\x22:\x22Clear Search\x22,\x22dym\x22:\x22Did you mean:\x22,\x22lcky\x22:\x22I\\u0026#39;m Feeling Luc</var>
<kw name="Log To Console" library="BuiltIn">
<arg>${element}</arg>
<doc>Logs the given message to the console.</doc>
<status status="PASS" starttime="20230316 21:41:16.726" endtime="20230316 21:41:16.728"/>
</kw>
<status status="PASS" starttime="20230316 21:41:16.725" endtime="20230316 21:41:16.729"/>
</iter>
<iter>
<var name="${element}">ky\x22,\x22lml\x22:\x22Learn more\x22,\x22psrc\x22:\x22This search was removed from your \\u003Ca href\x3d\\\x22/history\\\x22\\</var>
<kw name="Log To Console" library="BuiltIn">
<arg>${element}</arg>
<doc>Logs the given message to the console.</doc>
<status status="PASS" starttime="20230316 21:41:16.730" endtime="20230316 21:41:16.731"/>
</kw>
<status status="PASS" starttime="20230316 21:41:16.729" endtime="20230316 21:41:16.731"/>
</iter>
<iter>
<var name="${element}">u003EWeb History\\u003C/a\\u003E\x22,\x22psrl\x22:\x22Remove\x22,\x22sbit\x22:\x22Search by image\x22,\x22srch\x22:\x22Google Se</var>
<kw name="Log To Console" library="BuiltIn">
<arg>${element}</arg>
<doc>Logs the given message to the console.</doc>
<status status="PASS" starttime="20230316 21:41:16.732" endtime="20230316 21:41:16.733"/>
</kw>
<status status="PASS" starttime="20230316 21:41:16.731" endtime="20230316 21:41:16.733"/>
</iter>
<iter>
<var name="${element}">arch\x22},\x22ovr\x22:{},\x22pq\x22:\x22\x22,\x22rfs\x22:[],\x22sbas\x22:\x220 3px 8px 0 rgba(0,0,0,0.2),0 0 0 1px rgba(0,0,0,0.</var>
<kw name="Log To Console" library="BuiltIn">
<arg>${element}</arg>
<doc>Logs the given message to the console.</doc>
<status status="PASS" starttime="20230316 21:41:16.734" endtime="20230316 21:41:16.735"/>
</kw>
<status status="PASS" starttime="20230316 21:41:16.734" endtime="20230316 21:41:16.736"/>
</iter>
<iter>
<var name="${element}">08)\x22,\x22stok\x22:\x22If92Zcs4-UuqCj6MLGLAHNLJE6c\x22}}';google.pmc=JSON.parse(pmc);})();&lt;/script&gt;       &lt;/body&gt;&lt;/html&gt;</var>
<kw name="Log To Console" library="BuiltIn">
<arg>${element}</arg>
<doc>Logs the given message to the console.</doc>
<status status="PASS" starttime="20230316 21:41:16.737" endtime="20230316 21:41:16.738"/>
</kw>
<status status="PASS" starttime="20230316 21:41:16.736" endtime="20230316 21:41:16.741"/>
</iter>
<status status="PASS" starttime="20230316 21:41:16.159" endtime="20230316 21:41:16.742"/>
</for>
<status status="PASS" starttime="20230316 21:41:14.861" endtime="20230316 21:41:16.744"/>
</test>
<status status="PASS" starttime="20230316 21:41:13.246" endtime="20230316 21:41:16.745"/>
</suite>
<status status="FAIL" starttime="20230316 21:41:10.579" endtime="20230316 21:41:16.748"/>
</suite>
<statistics>
<total>
<stat pass="1" fail="6" skip="0">All Tests</stat>
</total>
<tag>
<stat pass="0" fail="5" skip="0">regression</stat>
<stat pass="0" fail="1" skip="0">smoke</stat>
</tag>
<suite>
<stat pass="1" fail="6" skip="0" id="s1" name="Example">Example</stat>
<stat pass="0" fail="1" skip="0" id="s1-s1" name="TC001 - Tap on 'Privacy policy' and verify user is landing on Privacy policy page">Example.TC001 - Tap on 'Privacy policy' and verify user is landing on Privacy policy page</stat>
<stat pass="0" fail="1" skip="0" id="s1-s2" name="TC002 - Verify that Deep link URL is providing QR code">Example.TC002 - Verify that Deep link URL is providing QR code</stat>
<stat pass="0" fail="1" skip="0" id="s1-s3" name="TC003 - Verify that Google Play button redirecting user to Vision Project on play store">Example.TC003 - Verify that Google Play button redirecting user to Vision Project on play store</stat>
<stat pass="0" fail="1" skip="0" id="s1-s4" name="TC004 - Verify that if social app is not installed on phone then App was not found screen appears">Example.TC004 - Verify that if social app is not installed on phone then App was not found screen appears</stat>
<stat pass="0" fail="2" skip="0" id="s1-s5" name="TC005 - Verify welcome page journey is as excepted">Example.TC005 - Verify welcome page journey is as excepted</stat>
<stat pass="1" fail="0" skip="0" id="s1-s6" name="TC006 - sample">Example.TC006 - sample</stat>
</suite>
</statistics>
<errors>
<msg timestamp="20230316 21:41:10.725" level="ERROR">Error in file 'D:\FusionTestFramework\com.playgroundxyz.vision_project\com.playgroundxyz.vision_project.PageObject\com.playgroundxyz.vision_project.PageObject.keywords\Allow Permission page keywords.resource' on line 3: Importing library 'D:\FusionTestFramework\src\MobileTestLibrary' failed: ModuleNotFoundError: No module named 'src'
Traceback (most recent call last):
  File "D:\FusionTestFramework\src\MobileTestLibrary\__init__.py", line 1, in &lt;module&gt;
    from src.MobileTestLibrary.ExtendedAppiumLibrary import ExtendedAppiumLibrary
PYTHONPATH:
  D:\FusionTestFramework\src
  d:\FusionTestFramework\com.playgroundxyz.vision_project
  C:\ProgramData\robocorp\ht\h1d92a2f_44412bd2016a11t\python39.zip
  c:\ProgramData\robocorp\ht\h1d92a2f_44412bd2016a11t\DLLs
  c:\ProgramData\robocorp\ht\h1d92a2f_44412bd2016a11t\lib
  c:\ProgramData\robocorp\ht\h1d92a2f_44412bd2016a11t
  C:\ProgramData\robocorp\ht
  c:\ProgramData\robocorp\ht\h1d92a2f_44412bd2016a11t\lib\site-packages
  c:\ProgramData\robocorp\ht\h1d92a2f_44412bd2016a11t\lib\site-packages\win32
  c:\ProgramData\robocorp\ht\h1d92a2f_44412bd2016a11t\lib\site-packages\win32\lib
  c:\ProgramData\robocorp\ht\h1d92a2f_44412bd2016a11t\lib\site-packages\Pythonwin</msg>
<msg timestamp="20230316 21:41:12.032" level="ERROR">Error in file 'D:\FusionTestFramework\com.playgroundxyz.vision_project\com.playgroundxyz.vision_project.PageObject\com.playgroundxyz.vision_project.PageObject.keywords\Allow Permission page keywords.resource' on line 5: Processing variable file 'D:\FusionTestFramework\com.playgroundxyz.vision_project\com.playgroundxyz.vision_project.ConfigFiles\configuration.py' failed: Importing variable file 'D:\FusionTestFramework\com.playgroundxyz.vision_project\com.playgroundxyz.vision_project.ConfigFiles\configuration.py' failed: ModuleNotFoundError: No module named 'MobileTestLibrary'
Traceback (most recent call last):
  File "D:\FusionTestFramework\com.playgroundxyz.vision_project\com.playgroundxyz.vision_project.ConfigFiles\configuration.py", line 3, in &lt;module&gt;
    from MobileTestLibrary.JsonFileReader import read_Json_file
PYTHONPATH:
  D:\FusionTestFramework\com.playgroundxyz.vision_project\com.playgroundxyz.vision_project.ConfigFiles
  d:\FusionTestFramework\com.playgroundxyz.vision_project
  C:\ProgramData\robocorp\ht\h1d92a2f_44412bd2016a11t\python39.zip
  c:\ProgramData\robocorp\ht\h1d92a2f_44412bd2016a11t\DLLs
  c:\ProgramData\robocorp\ht\h1d92a2f_44412bd2016a11t\lib
  c:\ProgramData\robocorp\ht\h1d92a2f_44412bd2016a11t
  C:\ProgramData\robocorp\ht
  c:\ProgramData\robocorp\ht\h1d92a2f_44412bd2016a11t\lib\site-packages
  c:\ProgramData\robocorp\ht\h1d92a2f_44412bd2016a11t\lib\site-packages\win32
  c:\ProgramData\robocorp\ht\h1d92a2f_44412bd2016a11t\lib\site-packages\win32\lib
  c:\ProgramData\robocorp\ht\h1d92a2f_44412bd2016a11t\lib\site-packages\Pythonwin</msg>
<msg timestamp="20230316 21:41:12.050" level="ERROR">Error in file 'D:\FusionTestFramework\com.playgroundxyz.vision_project\com.playgroundxyz.vision_project.PageObject\com.playgroundxyz.vision_project.PageObject.keywords\LetsSetupYourEyeTrackingKeywords.resource' on line 4: Importing library 'D:\FusionTestFramework\src\MobileTestLibrary' failed: ModuleNotFoundError: No module named 'src'
Traceback (most recent call last):
  File "D:\FusionTestFramework\src\MobileTestLibrary\__init__.py", line 1, in &lt;module&gt;
    from src.MobileTestLibrary.ExtendedAppiumLibrary import ExtendedAppiumLibrary
PYTHONPATH:
  D:\FusionTestFramework\src
  d:\FusionTestFramework\com.playgroundxyz.vision_project
  C:\ProgramData\robocorp\ht\h1d92a2f_44412bd2016a11t\python39.zip
  c:\ProgramData\robocorp\ht\h1d92a2f_44412bd2016a11t\DLLs
  c:\ProgramData\robocorp\ht\h1d92a2f_44412bd2016a11t\lib
  c:\ProgramData\robocorp\ht\h1d92a2f_44412bd2016a11t
  C:\ProgramData\robocorp\ht
  c:\ProgramData\robocorp\ht\h1d92a2f_44412bd2016a11t\lib\site-packages
  c:\ProgramData\robocorp\ht\h1d92a2f_44412bd2016a11t\lib\site-packages\win32
  c:\ProgramData\robocorp\ht\h1d92a2f_44412bd2016a11t\lib\site-packages\win32\lib
  c:\ProgramData\robocorp\ht\h1d92a2f_44412bd2016a11t\lib\site-packages\Pythonwin</msg>
<msg timestamp="20230316 21:41:12.077" level="ERROR">Error in file 'D:\FusionTestFramework\com.playgroundxyz.vision_project\com.playgroundxyz.vision_project.PageObject\com.playgroundxyz.vision_project.PageObject.keywords\welcome page journey keywords.resource' on line 3: Importing library 'D:\FusionTestFramework\src\MobileTestLibrary' failed: ModuleNotFoundError: No module named 'src'
Traceback (most recent call last):
  File "D:\FusionTestFramework\src\MobileTestLibrary\__init__.py", line 1, in &lt;module&gt;
    from src.MobileTestLibrary.ExtendedAppiumLibrary import ExtendedAppiumLibrary
PYTHONPATH:
  D:\FusionTestFramework\src
  d:\FusionTestFramework\com.playgroundxyz.vision_project
  C:\ProgramData\robocorp\ht\h1d92a2f_44412bd2016a11t\python39.zip
  c:\ProgramData\robocorp\ht\h1d92a2f_44412bd2016a11t\DLLs
  c:\ProgramData\robocorp\ht\h1d92a2f_44412bd2016a11t\lib
  c:\ProgramData\robocorp\ht\h1d92a2f_44412bd2016a11t
  C:\ProgramData\robocorp\ht
  c:\ProgramData\robocorp\ht\h1d92a2f_44412bd2016a11t\lib\site-packages
  c:\ProgramData\robocorp\ht\h1d92a2f_44412bd2016a11t\lib\site-packages\win32
  c:\ProgramData\robocorp\ht\h1d92a2f_44412bd2016a11t\lib\site-packages\win32\lib
  c:\ProgramData\robocorp\ht\h1d92a2f_44412bd2016a11t\lib\site-packages\Pythonwin</msg>
<msg timestamp="20230316 21:41:12.113" level="ERROR">Error in file 'D:\FusionTestFramework\com.playgroundxyz.vision_project\com.playgroundxyz.vision_project.PageObject\com.playgroundxyz.vision_project.PageObject.keywords\launch_flow_keywords.resource' on line 3: Importing library 'D:\FusionTestFramework\src\MobileTestLibrary' failed: ModuleNotFoundError: No module named 'src'
Traceback (most recent call last):
  File "D:\FusionTestFramework\src\MobileTestLibrary\__init__.py", line 1, in &lt;module&gt;
    from src.MobileTestLibrary.ExtendedAppiumLibrary import ExtendedAppiumLibrary
PYTHONPATH:
  D:\FusionTestFramework\src
  d:\FusionTestFramework\com.playgroundxyz.vision_project
  C:\ProgramData\robocorp\ht\h1d92a2f_44412bd2016a11t\python39.zip
  c:\ProgramData\robocorp\ht\h1d92a2f_44412bd2016a11t\DLLs
  c:\ProgramData\robocorp\ht\h1d92a2f_44412bd2016a11t\lib
  c:\ProgramData\robocorp\ht\h1d92a2f_44412bd2016a11t
  C:\ProgramData\robocorp\ht
  c:\ProgramData\robocorp\ht\h1d92a2f_44412bd2016a11t\lib\site-packages
  c:\ProgramData\robocorp\ht\h1d92a2f_44412bd2016a11t\lib\site-packages\win32
  c:\ProgramData\robocorp\ht\h1d92a2f_44412bd2016a11t\lib\site-packages\win32\lib
  c:\ProgramData\robocorp\ht\h1d92a2f_44412bd2016a11t\lib\site-packages\Pythonwin</msg>
<msg timestamp="20230316 21:41:12.134" level="ERROR">Error in file 'D:\FusionTestFramework\com.playgroundxyz.vision_project\com.playgroundxyz.vision_project.PageObject\com.playgroundxyz.vision_project.PageObject.keywords\Setup keywords.resource' on line 3: Importing library 'D:\FusionTestFramework\src\MobileTestLibrary' failed: ModuleNotFoundError: No module named 'src'
Traceback (most recent call last):
  File "D:\FusionTestFramework\src\MobileTestLibrary\__init__.py", line 1, in &lt;module&gt;
    from src.MobileTestLibrary.ExtendedAppiumLibrary import ExtendedAppiumLibrary
PYTHONPATH:
  D:\FusionTestFramework\src
  d:\FusionTestFramework\com.playgroundxyz.vision_project
  C:\ProgramData\robocorp\ht\h1d92a2f_44412bd2016a11t\python39.zip
  c:\ProgramData\robocorp\ht\h1d92a2f_44412bd2016a11t\DLLs
  c:\ProgramData\robocorp\ht\h1d92a2f_44412bd2016a11t\lib
  c:\ProgramData\robocorp\ht\h1d92a2f_44412bd2016a11t
  C:\ProgramData\robocorp\ht
  c:\ProgramData\robocorp\ht\h1d92a2f_44412bd2016a11t\lib\site-packages
  c:\ProgramData\robocorp\ht\h1d92a2f_44412bd2016a11t\lib\site-packages\win32
  c:\ProgramData\robocorp\ht\h1d92a2f_44412bd2016a11t\lib\site-packages\win32\lib
  c:\ProgramData\robocorp\ht\h1d92a2f_44412bd2016a11t\lib\site-packages\Pythonwin</msg>
<msg timestamp="20230316 21:41:12.167" level="ERROR">Error in file 'D:\FusionTestFramework\com.playgroundxyz.vision_project\com.playgroundxyz.vision_project.PageObject\com.playgroundxyz.vision_project.PageObject.keywords\EyeGazeValiidationKeywords.resource' on line 5: Importing library 'D:\FusionTestFramework\src\MobileTestLibrary' failed: ModuleNotFoundError: No module named 'src'
Traceback (most recent call last):
  File "D:\FusionTestFramework\src\MobileTestLibrary\__init__.py", line 1, in &lt;module&gt;
    from src.MobileTestLibrary.ExtendedAppiumLibrary import ExtendedAppiumLibrary
PYTHONPATH:
  D:\FusionTestFramework\src
  d:\FusionTestFramework\com.playgroundxyz.vision_project
  C:\ProgramData\robocorp\ht\h1d92a2f_44412bd2016a11t\python39.zip
  c:\ProgramData\robocorp\ht\h1d92a2f_44412bd2016a11t\DLLs
  c:\ProgramData\robocorp\ht\h1d92a2f_44412bd2016a11t\lib
  c:\ProgramData\robocorp\ht\h1d92a2f_44412bd2016a11t
  C:\ProgramData\robocorp\ht
  c:\ProgramData\robocorp\ht\h1d92a2f_44412bd2016a11t\lib\site-packages
  c:\ProgramData\robocorp\ht\h1d92a2f_44412bd2016a11t\lib\site-packages\win32
  c:\ProgramData\robocorp\ht\h1d92a2f_44412bd2016a11t\lib\site-packages\win32\lib
  c:\ProgramData\robocorp\ht\h1d92a2f_44412bd2016a11t\lib\site-packages\Pythonwin</msg>
<msg timestamp="20230316 21:41:12.240" level="ERROR">Error in file 'D:\FusionTestFramework\com.playgroundxyz.vision_project\com.playgroundxyz.vision_project.PageObject\com.playgroundxyz.vision_project.PageObject.keywords\Allow Permission page keywords.resource' on line 3: Importing library 'D:\FusionTestFramework\src\MobileTestLibrary' failed: ModuleNotFoundError: No module named 'src'
Traceback (most recent call last):
  File "D:\FusionTestFramework\src\MobileTestLibrary\__init__.py", line 1, in &lt;module&gt;
    from src.MobileTestLibrary.ExtendedAppiumLibrary import ExtendedAppiumLibrary
PYTHONPATH:
  D:\FusionTestFramework\src
  d:\FusionTestFramework\com.playgroundxyz.vision_project
  C:\ProgramData\robocorp\ht\h1d92a2f_44412bd2016a11t\python39.zip
  c:\ProgramData\robocorp\ht\h1d92a2f_44412bd2016a11t\DLLs
  c:\ProgramData\robocorp\ht\h1d92a2f_44412bd2016a11t\lib
  c:\ProgramData\robocorp\ht\h1d92a2f_44412bd2016a11t
  C:\ProgramData\robocorp\ht
  c:\ProgramData\robocorp\ht\h1d92a2f_44412bd2016a11t\lib\site-packages
  c:\ProgramData\robocorp\ht\h1d92a2f_44412bd2016a11t\lib\site-packages\win32
  c:\ProgramData\robocorp\ht\h1d92a2f_44412bd2016a11t\lib\site-packages\win32\lib
  c:\ProgramData\robocorp\ht\h1d92a2f_44412bd2016a11t\lib\site-packages\Pythonwin</msg>
<msg timestamp="20230316 21:41:12.257" level="ERROR">Error in file 'D:\FusionTestFramework\com.playgroundxyz.vision_project\com.playgroundxyz.vision_project.PageObject\com.playgroundxyz.vision_project.PageObject.keywords\Allow Permission page keywords.resource' on line 5: Processing variable file 'D:\FusionTestFramework\com.playgroundxyz.vision_project\com.playgroundxyz.vision_project.ConfigFiles\configuration.py' failed: Importing variable file 'D:\FusionTestFramework\com.playgroundxyz.vision_project\com.playgroundxyz.vision_project.ConfigFiles\configuration.py' failed: ModuleNotFoundError: No module named 'MobileTestLibrary'
Traceback (most recent call last):
  File "D:\FusionTestFramework\com.playgroundxyz.vision_project\com.playgroundxyz.vision_project.ConfigFiles\configuration.py", line 3, in &lt;module&gt;
    from MobileTestLibrary.JsonFileReader import read_Json_file
PYTHONPATH:
  D:\FusionTestFramework\com.playgroundxyz.vision_project\com.playgroundxyz.vision_project.ConfigFiles
  d:\FusionTestFramework\com.playgroundxyz.vision_project
  C:\ProgramData\robocorp\ht\h1d92a2f_44412bd2016a11t\python39.zip
  c:\ProgramData\robocorp\ht\h1d92a2f_44412bd2016a11t\DLLs
  c:\ProgramData\robocorp\ht\h1d92a2f_44412bd2016a11t\lib
  c:\ProgramData\robocorp\ht\h1d92a2f_44412bd2016a11t
  C:\ProgramData\robocorp\ht
  c:\ProgramData\robocorp\ht\h1d92a2f_44412bd2016a11t\lib\site-packages
  c:\ProgramData\robocorp\ht\h1d92a2f_44412bd2016a11t\lib\site-packages\win32
  c:\ProgramData\robocorp\ht\h1d92a2f_44412bd2016a11t\lib\site-packages\win32\lib
  c:\ProgramData\robocorp\ht\h1d92a2f_44412bd2016a11t\lib\site-packages\Pythonwin</msg>
<msg timestamp="20230316 21:41:12.282" level="ERROR">Error in file 'D:\FusionTestFramework\com.playgroundxyz.vision_project\com.playgroundxyz.vision_project.PageObject\com.playgroundxyz.vision_project.PageObject.keywords\LetsSetupYourEyeTrackingKeywords.resource' on line 4: Importing library 'D:\FusionTestFramework\src\MobileTestLibrary' failed: ModuleNotFoundError: No module named 'src'
Traceback (most recent call last):
  File "D:\FusionTestFramework\src\MobileTestLibrary\__init__.py", line 1, in &lt;module&gt;
    from src.MobileTestLibrary.ExtendedAppiumLibrary import ExtendedAppiumLibrary
PYTHONPATH:
  D:\FusionTestFramework\src
  d:\FusionTestFramework\com.playgroundxyz.vision_project
  C:\ProgramData\robocorp\ht\h1d92a2f_44412bd2016a11t\python39.zip
  c:\ProgramData\robocorp\ht\h1d92a2f_44412bd2016a11t\DLLs
  c:\ProgramData\robocorp\ht\h1d92a2f_44412bd2016a11t\lib
  c:\ProgramData\robocorp\ht\h1d92a2f_44412bd2016a11t
  C:\ProgramData\robocorp\ht
  c:\ProgramData\robocorp\ht\h1d92a2f_44412bd2016a11t\lib\site-packages
  c:\ProgramData\robocorp\ht\h1d92a2f_44412bd2016a11t\lib\site-packages\win32
  c:\ProgramData\robocorp\ht\h1d92a2f_44412bd2016a11t\lib\site-packages\win32\lib
  c:\ProgramData\robocorp\ht\h1d92a2f_44412bd2016a11t\lib\site-packages\Pythonwin</msg>
<msg timestamp="20230316 21:41:12.310" level="ERROR">Error in file 'D:\FusionTestFramework\com.playgroundxyz.vision_project\com.playgroundxyz.vision_project.PageObject\com.playgroundxyz.vision_project.PageObject.keywords\welcome page journey keywords.resource' on line 3: Importing library 'D:\FusionTestFramework\src\MobileTestLibrary' failed: ModuleNotFoundError: No module named 'src'
Traceback (most recent call last):
  File "D:\FusionTestFramework\src\MobileTestLibrary\__init__.py", line 1, in &lt;module&gt;
    from src.MobileTestLibrary.ExtendedAppiumLibrary import ExtendedAppiumLibrary
PYTHONPATH:
  D:\FusionTestFramework\src
  d:\FusionTestFramework\com.playgroundxyz.vision_project
  C:\ProgramData\robocorp\ht\h1d92a2f_44412bd2016a11t\python39.zip
  c:\ProgramData\robocorp\ht\h1d92a2f_44412bd2016a11t\DLLs
  c:\ProgramData\robocorp\ht\h1d92a2f_44412bd2016a11t\lib
  c:\ProgramData\robocorp\ht\h1d92a2f_44412bd2016a11t
  C:\ProgramData\robocorp\ht
  c:\ProgramData\robocorp\ht\h1d92a2f_44412bd2016a11t\lib\site-packages
  c:\ProgramData\robocorp\ht\h1d92a2f_44412bd2016a11t\lib\site-packages\win32
  c:\ProgramData\robocorp\ht\h1d92a2f_44412bd2016a11t\lib\site-packages\win32\lib
  c:\ProgramData\robocorp\ht\h1d92a2f_44412bd2016a11t\lib\site-packages\Pythonwin</msg>
<msg timestamp="20230316 21:41:12.338" level="ERROR">Error in file 'D:\FusionTestFramework\com.playgroundxyz.vision_project\com.playgroundxyz.vision_project.PageObject\com.playgroundxyz.vision_project.PageObject.keywords\launch_flow_keywords.resource' on line 3: Importing library 'D:\FusionTestFramework\src\MobileTestLibrary' failed: ModuleNotFoundError: No module named 'src'
Traceback (most recent call last):
  File "D:\FusionTestFramework\src\MobileTestLibrary\__init__.py", line 1, in &lt;module&gt;
    from src.MobileTestLibrary.ExtendedAppiumLibrary import ExtendedAppiumLibrary
PYTHONPATH:
  D:\FusionTestFramework\src
  d:\FusionTestFramework\com.playgroundxyz.vision_project
  C:\ProgramData\robocorp\ht\h1d92a2f_44412bd2016a11t\python39.zip
  c:\ProgramData\robocorp\ht\h1d92a2f_44412bd2016a11t\DLLs
  c:\ProgramData\robocorp\ht\h1d92a2f_44412bd2016a11t\lib
  c:\ProgramData\robocorp\ht\h1d92a2f_44412bd2016a11t
  C:\ProgramData\robocorp\ht
  c:\ProgramData\robocorp\ht\h1d92a2f_44412bd2016a11t\lib\site-packages
  c:\ProgramData\robocorp\ht\h1d92a2f_44412bd2016a11t\lib\site-packages\win32
  c:\ProgramData\robocorp\ht\h1d92a2f_44412bd2016a11t\lib\site-packages\win32\lib
  c:\ProgramData\robocorp\ht\h1d92a2f_44412bd2016a11t\lib\site-packages\Pythonwin</msg>
<msg timestamp="20230316 21:41:12.364" level="ERROR">Error in file 'D:\FusionTestFramework\com.playgroundxyz.vision_project\com.playgroundxyz.vision_project.PageObject\com.playgroundxyz.vision_project.PageObject.keywords\Setup keywords.resource' on line 3: Importing library 'D:\FusionTestFramework\src\MobileTestLibrary' failed: ModuleNotFoundError: No module named 'src'
Traceback (most recent call last):
  File "D:\FusionTestFramework\src\MobileTestLibrary\__init__.py", line 1, in &lt;module&gt;
    from src.MobileTestLibrary.ExtendedAppiumLibrary import ExtendedAppiumLibrary
PYTHONPATH:
  D:\FusionTestFramework\src
  d:\FusionTestFramework\com.playgroundxyz.vision_project
  C:\ProgramData\robocorp\ht\h1d92a2f_44412bd2016a11t\python39.zip
  c:\ProgramData\robocorp\ht\h1d92a2f_44412bd2016a11t\DLLs
  c:\ProgramData\robocorp\ht\h1d92a2f_44412bd2016a11t\lib
  c:\ProgramData\robocorp\ht\h1d92a2f_44412bd2016a11t
  C:\ProgramData\robocorp\ht
  c:\ProgramData\robocorp\ht\h1d92a2f_44412bd2016a11t\lib\site-packages
  c:\ProgramData\robocorp\ht\h1d92a2f_44412bd2016a11t\lib\site-packages\win32
  c:\ProgramData\robocorp\ht\h1d92a2f_44412bd2016a11t\lib\site-packages\win32\lib
  c:\ProgramData\robocorp\ht\h1d92a2f_44412bd2016a11t\lib\site-packages\Pythonwin</msg>
<msg timestamp="20230316 21:41:12.386" level="ERROR">Error in file 'D:\FusionTestFramework\com.playgroundxyz.vision_project\com.playgroundxyz.vision_project.PageObject\com.playgroundxyz.vision_project.PageObject.keywords\EyeGazeValiidationKeywords.resource' on line 5: Importing library 'D:\FusionTestFramework\src\MobileTestLibrary' failed: ModuleNotFoundError: No module named 'src'
Traceback (most recent call last):
  File "D:\FusionTestFramework\src\MobileTestLibrary\__init__.py", line 1, in &lt;module&gt;
    from src.MobileTestLibrary.ExtendedAppiumLibrary import ExtendedAppiumLibrary
PYTHONPATH:
  D:\FusionTestFramework\src
  d:\FusionTestFramework\com.playgroundxyz.vision_project
  C:\ProgramData\robocorp\ht\h1d92a2f_44412bd2016a11t\python39.zip
  c:\ProgramData\robocorp\ht\h1d92a2f_44412bd2016a11t\DLLs
  c:\ProgramData\robocorp\ht\h1d92a2f_44412bd2016a11t\lib
  c:\ProgramData\robocorp\ht\h1d92a2f_44412bd2016a11t
  C:\ProgramData\robocorp\ht
  c:\ProgramData\robocorp\ht\h1d92a2f_44412bd2016a11t\lib\site-packages
  c:\ProgramData\robocorp\ht\h1d92a2f_44412bd2016a11t\lib\site-packages\win32
  c:\ProgramData\robocorp\ht\h1d92a2f_44412bd2016a11t\lib\site-packages\win32\lib
  c:\ProgramData\robocorp\ht\h1d92a2f_44412bd2016a11t\lib\site-packages\Pythonwin</msg>
<msg timestamp="20230316 21:41:12.438" level="ERROR">Error in file 'D:\FusionTestFramework\com.playgroundxyz.vision_project\com.playgroundxyz.vision_project.PageObject\com.playgroundxyz.vision_project.PageObject.keywords\Allow Permission page keywords.resource' on line 3: Importing library 'D:\FusionTestFramework\src\MobileTestLibrary' failed: ModuleNotFoundError: No module named 'src'
Traceback (most recent call last):
  File "D:\FusionTestFramework\src\MobileTestLibrary\__init__.py", line 1, in &lt;module&gt;
    from src.MobileTestLibrary.ExtendedAppiumLibrary import ExtendedAppiumLibrary
PYTHONPATH:
  D:\FusionTestFramework\src
  d:\FusionTestFramework\com.playgroundxyz.vision_project
  C:\ProgramData\robocorp\ht\h1d92a2f_44412bd2016a11t\python39.zip
  c:\ProgramData\robocorp\ht\h1d92a2f_44412bd2016a11t\DLLs
  c:\ProgramData\robocorp\ht\h1d92a2f_44412bd2016a11t\lib
  c:\ProgramData\robocorp\ht\h1d92a2f_44412bd2016a11t
  C:\ProgramData\robocorp\ht
  c:\ProgramData\robocorp\ht\h1d92a2f_44412bd2016a11t\lib\site-packages
  c:\ProgramData\robocorp\ht\h1d92a2f_44412bd2016a11t\lib\site-packages\win32
  c:\ProgramData\robocorp\ht\h1d92a2f_44412bd2016a11t\lib\site-packages\win32\lib
  c:\ProgramData\robocorp\ht\h1d92a2f_44412bd2016a11t\lib\site-packages\Pythonwin</msg>
<msg timestamp="20230316 21:41:12.455" level="ERROR">Error in file 'D:\FusionTestFramework\com.playgroundxyz.vision_project\com.playgroundxyz.vision_project.PageObject\com.playgroundxyz.vision_project.PageObject.keywords\Allow Permission page keywords.resource' on line 5: Processing variable file 'D:\FusionTestFramework\com.playgroundxyz.vision_project\com.playgroundxyz.vision_project.ConfigFiles\configuration.py' failed: Importing variable file 'D:\FusionTestFramework\com.playgroundxyz.vision_project\com.playgroundxyz.vision_project.ConfigFiles\configuration.py' failed: ModuleNotFoundError: No module named 'MobileTestLibrary'
Traceback (most recent call last):
  File "D:\FusionTestFramework\com.playgroundxyz.vision_project\com.playgroundxyz.vision_project.ConfigFiles\configuration.py", line 3, in &lt;module&gt;
    from MobileTestLibrary.JsonFileReader import read_Json_file
PYTHONPATH:
  D:\FusionTestFramework\com.playgroundxyz.vision_project\com.playgroundxyz.vision_project.ConfigFiles
  d:\FusionTestFramework\com.playgroundxyz.vision_project
  C:\ProgramData\robocorp\ht\h1d92a2f_44412bd2016a11t\python39.zip
  c:\ProgramData\robocorp\ht\h1d92a2f_44412bd2016a11t\DLLs
  c:\ProgramData\robocorp\ht\h1d92a2f_44412bd2016a11t\lib
  c:\ProgramData\robocorp\ht\h1d92a2f_44412bd2016a11t
  C:\ProgramData\robocorp\ht
  c:\ProgramData\robocorp\ht\h1d92a2f_44412bd2016a11t\lib\site-packages
  c:\ProgramData\robocorp\ht\h1d92a2f_44412bd2016a11t\lib\site-packages\win32
  c:\ProgramData\robocorp\ht\h1d92a2f_44412bd2016a11t\lib\site-packages\win32\lib
  c:\ProgramData\robocorp\ht\h1d92a2f_44412bd2016a11t\lib\site-packages\Pythonwin</msg>
<msg timestamp="20230316 21:41:12.472" level="ERROR">Error in file 'D:\FusionTestFramework\com.playgroundxyz.vision_project\com.playgroundxyz.vision_project.PageObject\com.playgroundxyz.vision_project.PageObject.keywords\LetsSetupYourEyeTrackingKeywords.resource' on line 4: Importing library 'D:\FusionTestFramework\src\MobileTestLibrary' failed: ModuleNotFoundError: No module named 'src'
Traceback (most recent call last):
  File "D:\FusionTestFramework\src\MobileTestLibrary\__init__.py", line 1, in &lt;module&gt;
    from src.MobileTestLibrary.ExtendedAppiumLibrary import ExtendedAppiumLibrary
PYTHONPATH:
  D:\FusionTestFramework\src
  d:\FusionTestFramework\com.playgroundxyz.vision_project
  C:\ProgramData\robocorp\ht\h1d92a2f_44412bd2016a11t\python39.zip
  c:\ProgramData\robocorp\ht\h1d92a2f_44412bd2016a11t\DLLs
  c:\ProgramData\robocorp\ht\h1d92a2f_44412bd2016a11t\lib
  c:\ProgramData\robocorp\ht\h1d92a2f_44412bd2016a11t
  C:\ProgramData\robocorp\ht
  c:\ProgramData\robocorp\ht\h1d92a2f_44412bd2016a11t\lib\site-packages
  c:\ProgramData\robocorp\ht\h1d92a2f_44412bd2016a11t\lib\site-packages\win32
  c:\ProgramData\robocorp\ht\h1d92a2f_44412bd2016a11t\lib\site-packages\win32\lib
  c:\ProgramData\robocorp\ht\h1d92a2f_44412bd2016a11t\lib\site-packages\Pythonwin</msg>
<msg timestamp="20230316 21:41:12.489" level="ERROR">Error in file 'D:\FusionTestFramework\com.playgroundxyz.vision_project\com.playgroundxyz.vision_project.PageObject\com.playgroundxyz.vision_project.PageObject.keywords\welcome page journey keywords.resource' on line 3: Importing library 'D:\FusionTestFramework\src\MobileTestLibrary' failed: ModuleNotFoundError: No module named 'src'
Traceback (most recent call last):
  File "D:\FusionTestFramework\src\MobileTestLibrary\__init__.py", line 1, in &lt;module&gt;
    from src.MobileTestLibrary.ExtendedAppiumLibrary import ExtendedAppiumLibrary
PYTHONPATH:
  D:\FusionTestFramework\src
  d:\FusionTestFramework\com.playgroundxyz.vision_project
  C:\ProgramData\robocorp\ht\h1d92a2f_44412bd2016a11t\python39.zip
  c:\ProgramData\robocorp\ht\h1d92a2f_44412bd2016a11t\DLLs
  c:\ProgramData\robocorp\ht\h1d92a2f_44412bd2016a11t\lib
  c:\ProgramData\robocorp\ht\h1d92a2f_44412bd2016a11t
  C:\ProgramData\robocorp\ht
  c:\ProgramData\robocorp\ht\h1d92a2f_44412bd2016a11t\lib\site-packages
  c:\ProgramData\robocorp\ht\h1d92a2f_44412bd2016a11t\lib\site-packages\win32
  c:\ProgramData\robocorp\ht\h1d92a2f_44412bd2016a11t\lib\site-packages\win32\lib
  c:\ProgramData\robocorp\ht\h1d92a2f_44412bd2016a11t\lib\site-packages\Pythonwin</msg>
<msg timestamp="20230316 21:41:12.513" level="ERROR">Error in file 'D:\FusionTestFramework\com.playgroundxyz.vision_project\com.playgroundxyz.vision_project.PageObject\com.playgroundxyz.vision_project.PageObject.keywords\launch_flow_keywords.resource' on line 3: Importing library 'D:\FusionTestFramework\src\MobileTestLibrary' failed: ModuleNotFoundError: No module named 'src'
Traceback (most recent call last):
  File "D:\FusionTestFramework\src\MobileTestLibrary\__init__.py", line 1, in &lt;module&gt;
    from src.MobileTestLibrary.ExtendedAppiumLibrary import ExtendedAppiumLibrary
PYTHONPATH:
  D:\FusionTestFramework\src
  d:\FusionTestFramework\com.playgroundxyz.vision_project
  C:\ProgramData\robocorp\ht\h1d92a2f_44412bd2016a11t\python39.zip
  c:\ProgramData\robocorp\ht\h1d92a2f_44412bd2016a11t\DLLs
  c:\ProgramData\robocorp\ht\h1d92a2f_44412bd2016a11t\lib
  c:\ProgramData\robocorp\ht\h1d92a2f_44412bd2016a11t
  C:\ProgramData\robocorp\ht
  c:\ProgramData\robocorp\ht\h1d92a2f_44412bd2016a11t\lib\site-packages
  c:\ProgramData\robocorp\ht\h1d92a2f_44412bd2016a11t\lib\site-packages\win32
  c:\ProgramData\robocorp\ht\h1d92a2f_44412bd2016a11t\lib\site-packages\win32\lib
  c:\ProgramData\robocorp\ht\h1d92a2f_44412bd2016a11t\lib\site-packages\Pythonwin</msg>
<msg timestamp="20230316 21:41:12.532" level="ERROR">Error in file 'D:\FusionTestFramework\com.playgroundxyz.vision_project\com.playgroundxyz.vision_project.PageObject\com.playgroundxyz.vision_project.PageObject.keywords\Setup keywords.resource' on line 3: Importing library 'D:\FusionTestFramework\src\MobileTestLibrary' failed: ModuleNotFoundError: No module named 'src'
Traceback (most recent call last):
  File "D:\FusionTestFramework\src\MobileTestLibrary\__init__.py", line 1, in &lt;module&gt;
    from src.MobileTestLibrary.ExtendedAppiumLibrary import ExtendedAppiumLibrary
PYTHONPATH:
  D:\FusionTestFramework\src
  d:\FusionTestFramework\com.playgroundxyz.vision_project
  C:\ProgramData\robocorp\ht\h1d92a2f_44412bd2016a11t\python39.zip
  c:\ProgramData\robocorp\ht\h1d92a2f_44412bd2016a11t\DLLs
  c:\ProgramData\robocorp\ht\h1d92a2f_44412bd2016a11t\lib
  c:\ProgramData\robocorp\ht\h1d92a2f_44412bd2016a11t
  C:\ProgramData\robocorp\ht
  c:\ProgramData\robocorp\ht\h1d92a2f_44412bd2016a11t\lib\site-packages
  c:\ProgramData\robocorp\ht\h1d92a2f_44412bd2016a11t\lib\site-packages\win32
  c:\ProgramData\robocorp\ht\h1d92a2f_44412bd2016a11t\lib\site-packages\win32\lib
  c:\ProgramData\robocorp\ht\h1d92a2f_44412bd2016a11t\lib\site-packages\Pythonwin</msg>
<msg timestamp="20230316 21:41:12.550" level="ERROR">Error in file 'D:\FusionTestFramework\com.playgroundxyz.vision_project\com.playgroundxyz.vision_project.PageObject\com.playgroundxyz.vision_project.PageObject.keywords\EyeGazeValiidationKeywords.resource' on line 5: Importing library 'D:\FusionTestFramework\src\MobileTestLibrary' failed: ModuleNotFoundError: No module named 'src'
Traceback (most recent call last):
  File "D:\FusionTestFramework\src\MobileTestLibrary\__init__.py", line 1, in &lt;module&gt;
    from src.MobileTestLibrary.ExtendedAppiumLibrary import ExtendedAppiumLibrary
PYTHONPATH:
  D:\FusionTestFramework\src
  d:\FusionTestFramework\com.playgroundxyz.vision_project
  C:\ProgramData\robocorp\ht\h1d92a2f_44412bd2016a11t\python39.zip
  c:\ProgramData\robocorp\ht\h1d92a2f_44412bd2016a11t\DLLs
  c:\ProgramData\robocorp\ht\h1d92a2f_44412bd2016a11t\lib
  c:\ProgramData\robocorp\ht\h1d92a2f_44412bd2016a11t
  C:\ProgramData\robocorp\ht
  c:\ProgramData\robocorp\ht\h1d92a2f_44412bd2016a11t\lib\site-packages
  c:\ProgramData\robocorp\ht\h1d92a2f_44412bd2016a11t\lib\site-packages\win32
  c:\ProgramData\robocorp\ht\h1d92a2f_44412bd2016a11t\lib\site-packages\win32\lib
  c:\ProgramData\robocorp\ht\h1d92a2f_44412bd2016a11t\lib\site-packages\Pythonwin</msg>
<msg timestamp="20230316 21:41:12.652" level="ERROR">Error in file 'D:\FusionTestFramework\com.playgroundxyz.vision_project\com.playgroundxyz.vision_project.PageObject\com.playgroundxyz.vision_project.PageObject.keywords\Allow Permission page keywords.resource' on line 3: Importing library 'D:\FusionTestFramework\src\MobileTestLibrary' failed: ModuleNotFoundError: No module named 'src'
Traceback (most recent call last):
  File "D:\FusionTestFramework\src\MobileTestLibrary\__init__.py", line 1, in &lt;module&gt;
    from src.MobileTestLibrary.ExtendedAppiumLibrary import ExtendedAppiumLibrary
PYTHONPATH:
  D:\FusionTestFramework\src
  d:\FusionTestFramework\com.playgroundxyz.vision_project
  C:\ProgramData\robocorp\ht\h1d92a2f_44412bd2016a11t\python39.zip
  c:\ProgramData\robocorp\ht\h1d92a2f_44412bd2016a11t\DLLs
  c:\ProgramData\robocorp\ht\h1d92a2f_44412bd2016a11t\lib
  c:\ProgramData\robocorp\ht\h1d92a2f_44412bd2016a11t
  C:\ProgramData\robocorp\ht
  c:\ProgramData\robocorp\ht\h1d92a2f_44412bd2016a11t\lib\site-packages
  c:\ProgramData\robocorp\ht\h1d92a2f_44412bd2016a11t\lib\site-packages\win32
  c:\ProgramData\robocorp\ht\h1d92a2f_44412bd2016a11t\lib\site-packages\win32\lib
  c:\ProgramData\robocorp\ht\h1d92a2f_44412bd2016a11t\lib\site-packages\Pythonwin</msg>
<msg timestamp="20230316 21:41:12.733" level="ERROR">Error in file 'D:\FusionTestFramework\com.playgroundxyz.vision_project\com.playgroundxyz.vision_project.PageObject\com.playgroundxyz.vision_project.PageObject.keywords\Allow Permission page keywords.resource' on line 5: Processing variable file 'D:\FusionTestFramework\com.playgroundxyz.vision_project\com.playgroundxyz.vision_project.ConfigFiles\configuration.py' failed: Importing variable file 'D:\FusionTestFramework\com.playgroundxyz.vision_project\com.playgroundxyz.vision_project.ConfigFiles\configuration.py' failed: ModuleNotFoundError: No module named 'MobileTestLibrary'
Traceback (most recent call last):
  File "D:\FusionTestFramework\com.playgroundxyz.vision_project\com.playgroundxyz.vision_project.ConfigFiles\configuration.py", line 3, in &lt;module&gt;
    from MobileTestLibrary.JsonFileReader import read_Json_file
PYTHONPATH:
  D:\FusionTestFramework\com.playgroundxyz.vision_project\com.playgroundxyz.vision_project.ConfigFiles
  d:\FusionTestFramework\com.playgroundxyz.vision_project
  C:\ProgramData\robocorp\ht\h1d92a2f_44412bd2016a11t\python39.zip
  c:\ProgramData\robocorp\ht\h1d92a2f_44412bd2016a11t\DLLs
  c:\ProgramData\robocorp\ht\h1d92a2f_44412bd2016a11t\lib
  c:\ProgramData\robocorp\ht\h1d92a2f_44412bd2016a11t
  C:\ProgramData\robocorp\ht
  c:\ProgramData\robocorp\ht\h1d92a2f_44412bd2016a11t\lib\site-packages
  c:\ProgramData\robocorp\ht\h1d92a2f_44412bd2016a11t\lib\site-packages\win32
  c:\ProgramData\robocorp\ht\h1d92a2f_44412bd2016a11t\lib\site-packages\win32\lib
  c:\ProgramData\robocorp\ht\h1d92a2f_44412bd2016a11t\lib\site-packages\Pythonwin</msg>
<msg timestamp="20230316 21:41:12.792" level="ERROR">Error in file 'D:\FusionTestFramework\com.playgroundxyz.vision_project\com.playgroundxyz.vision_project.PageObject\com.playgroundxyz.vision_project.PageObject.keywords\LetsSetupYourEyeTrackingKeywords.resource' on line 4: Importing library 'D:\FusionTestFramework\src\MobileTestLibrary' failed: ModuleNotFoundError: No module named 'src'
Traceback (most recent call last):
  File "D:\FusionTestFramework\src\MobileTestLibrary\__init__.py", line 1, in &lt;module&gt;
    from src.MobileTestLibrary.ExtendedAppiumLibrary import ExtendedAppiumLibrary
PYTHONPATH:
  D:\FusionTestFramework\src
  d:\FusionTestFramework\com.playgroundxyz.vision_project
  C:\ProgramData\robocorp\ht\h1d92a2f_44412bd2016a11t\python39.zip
  c:\ProgramData\robocorp\ht\h1d92a2f_44412bd2016a11t\DLLs
  c:\ProgramData\robocorp\ht\h1d92a2f_44412bd2016a11t\lib
  c:\ProgramData\robocorp\ht\h1d92a2f_44412bd2016a11t
  C:\ProgramData\robocorp\ht
  c:\ProgramData\robocorp\ht\h1d92a2f_44412bd2016a11t\lib\site-packages
  c:\ProgramData\robocorp\ht\h1d92a2f_44412bd2016a11t\lib\site-packages\win32
  c:\ProgramData\robocorp\ht\h1d92a2f_44412bd2016a11t\lib\site-packages\win32\lib
  c:\ProgramData\robocorp\ht\h1d92a2f_44412bd2016a11t\lib\site-packages\Pythonwin</msg>
<msg timestamp="20230316 21:41:12.819" level="ERROR">Error in file 'D:\FusionTestFramework\com.playgroundxyz.vision_project\com.playgroundxyz.vision_project.PageObject\com.playgroundxyz.vision_project.PageObject.keywords\welcome page journey keywords.resource' on line 3: Importing library 'D:\FusionTestFramework\src\MobileTestLibrary' failed: ModuleNotFoundError: No module named 'src'
Traceback (most recent call last):
  File "D:\FusionTestFramework\src\MobileTestLibrary\__init__.py", line 1, in &lt;module&gt;
    from src.MobileTestLibrary.ExtendedAppiumLibrary import ExtendedAppiumLibrary
PYTHONPATH:
  D:\FusionTestFramework\src
  d:\FusionTestFramework\com.playgroundxyz.vision_project
  C:\ProgramData\robocorp\ht\h1d92a2f_44412bd2016a11t\python39.zip
  c:\ProgramData\robocorp\ht\h1d92a2f_44412bd2016a11t\DLLs
  c:\ProgramData\robocorp\ht\h1d92a2f_44412bd2016a11t\lib
  c:\ProgramData\robocorp\ht\h1d92a2f_44412bd2016a11t
  C:\ProgramData\robocorp\ht
  c:\ProgramData\robocorp\ht\h1d92a2f_44412bd2016a11t\lib\site-packages
  c:\ProgramData\robocorp\ht\h1d92a2f_44412bd2016a11t\lib\site-packages\win32
  c:\ProgramData\robocorp\ht\h1d92a2f_44412bd2016a11t\lib\site-packages\win32\lib
  c:\ProgramData\robocorp\ht\h1d92a2f_44412bd2016a11t\lib\site-packages\Pythonwin</msg>
<msg timestamp="20230316 21:41:12.861" level="ERROR">Error in file 'D:\FusionTestFramework\com.playgroundxyz.vision_project\com.playgroundxyz.vision_project.PageObject\com.playgroundxyz.vision_project.PageObject.keywords\launch_flow_keywords.resource' on line 3: Importing library 'D:\FusionTestFramework\src\MobileTestLibrary' failed: ModuleNotFoundError: No module named 'src'
Traceback (most recent call last):
  File "D:\FusionTestFramework\src\MobileTestLibrary\__init__.py", line 1, in &lt;module&gt;
    from src.MobileTestLibrary.ExtendedAppiumLibrary import ExtendedAppiumLibrary
PYTHONPATH:
  D:\FusionTestFramework\src
  d:\FusionTestFramework\com.playgroundxyz.vision_project
  C:\ProgramData\robocorp\ht\h1d92a2f_44412bd2016a11t\python39.zip
  c:\ProgramData\robocorp\ht\h1d92a2f_44412bd2016a11t\DLLs
  c:\ProgramData\robocorp\ht\h1d92a2f_44412bd2016a11t\lib
  c:\ProgramData\robocorp\ht\h1d92a2f_44412bd2016a11t
  C:\ProgramData\robocorp\ht
  c:\ProgramData\robocorp\ht\h1d92a2f_44412bd2016a11t\lib\site-packages
  c:\ProgramData\robocorp\ht\h1d92a2f_44412bd2016a11t\lib\site-packages\win32
  c:\ProgramData\robocorp\ht\h1d92a2f_44412bd2016a11t\lib\site-packages\win32\lib
  c:\ProgramData\robocorp\ht\h1d92a2f_44412bd2016a11t\lib\site-packages\Pythonwin</msg>
<msg timestamp="20230316 21:41:12.892" level="ERROR">Error in file 'D:\FusionTestFramework\com.playgroundxyz.vision_project\com.playgroundxyz.vision_project.PageObject\com.playgroundxyz.vision_project.PageObject.keywords\Setup keywords.resource' on line 3: Importing library 'D:\FusionTestFramework\src\MobileTestLibrary' failed: ModuleNotFoundError: No module named 'src'
Traceback (most recent call last):
  File "D:\FusionTestFramework\src\MobileTestLibrary\__init__.py", line 1, in &lt;module&gt;
    from src.MobileTestLibrary.ExtendedAppiumLibrary import ExtendedAppiumLibrary
PYTHONPATH:
  D:\FusionTestFramework\src
  d:\FusionTestFramework\com.playgroundxyz.vision_project
  C:\ProgramData\robocorp\ht\h1d92a2f_44412bd2016a11t\python39.zip
  c:\ProgramData\robocorp\ht\h1d92a2f_44412bd2016a11t\DLLs
  c:\ProgramData\robocorp\ht\h1d92a2f_44412bd2016a11t\lib
  c:\ProgramData\robocorp\ht\h1d92a2f_44412bd2016a11t
  C:\ProgramData\robocorp\ht
  c:\ProgramData\robocorp\ht\h1d92a2f_44412bd2016a11t\lib\site-packages
  c:\ProgramData\robocorp\ht\h1d92a2f_44412bd2016a11t\lib\site-packages\win32
  c:\ProgramData\robocorp\ht\h1d92a2f_44412bd2016a11t\lib\site-packages\win32\lib
  c:\ProgramData\robocorp\ht\h1d92a2f_44412bd2016a11t\lib\site-packages\Pythonwin</msg>
<msg timestamp="20230316 21:41:12.951" level="ERROR">Error in file 'D:\FusionTestFramework\com.playgroundxyz.vision_project\com.playgroundxyz.vision_project.PageObject\com.playgroundxyz.vision_project.PageObject.keywords\EyeGazeValiidationKeywords.resource' on line 5: Importing library 'D:\FusionTestFramework\src\MobileTestLibrary' failed: ModuleNotFoundError: No module named 'src'
Traceback (most recent call last):
  File "D:\FusionTestFramework\src\MobileTestLibrary\__init__.py", line 1, in &lt;module&gt;
    from src.MobileTestLibrary.ExtendedAppiumLibrary import ExtendedAppiumLibrary
PYTHONPATH:
  D:\FusionTestFramework\src
  d:\FusionTestFramework\com.playgroundxyz.vision_project
  C:\ProgramData\robocorp\ht\h1d92a2f_44412bd2016a11t\python39.zip
  c:\ProgramData\robocorp\ht\h1d92a2f_44412bd2016a11t\DLLs
  c:\ProgramData\robocorp\ht\h1d92a2f_44412bd2016a11t\lib
  c:\ProgramData\robocorp\ht\h1d92a2f_44412bd2016a11t
  C:\ProgramData\robocorp\ht
  c:\ProgramData\robocorp\ht\h1d92a2f_44412bd2016a11t\lib\site-packages
  c:\ProgramData\robocorp\ht\h1d92a2f_44412bd2016a11t\lib\site-packages\win32
  c:\ProgramData\robocorp\ht\h1d92a2f_44412bd2016a11t\lib\site-packages\win32\lib
  c:\ProgramData\robocorp\ht\h1d92a2f_44412bd2016a11t\lib\site-packages\Pythonwin</msg>
<msg timestamp="20230316 21:41:13.043" level="ERROR">Error in file 'D:\FusionTestFramework\com.playgroundxyz.vision_project\com.playgroundxyz.vision_project.PageObject\com.playgroundxyz.vision_project.PageObject.keywords\Allow Permission page keywords.resource' on line 3: Importing library 'D:\FusionTestFramework\src\MobileTestLibrary' failed: ModuleNotFoundError: No module named 'src'
Traceback (most recent call last):
  File "D:\FusionTestFramework\src\MobileTestLibrary\__init__.py", line 1, in &lt;module&gt;
    from src.MobileTestLibrary.ExtendedAppiumLibrary import ExtendedAppiumLibrary
PYTHONPATH:
  D:\FusionTestFramework\src
  d:\FusionTestFramework\com.playgroundxyz.vision_project
  C:\ProgramData\robocorp\ht\h1d92a2f_44412bd2016a11t\python39.zip
  c:\ProgramData\robocorp\ht\h1d92a2f_44412bd2016a11t\DLLs
  c:\ProgramData\robocorp\ht\h1d92a2f_44412bd2016a11t\lib
  c:\ProgramData\robocorp\ht\h1d92a2f_44412bd2016a11t
  C:\ProgramData\robocorp\ht
  c:\ProgramData\robocorp\ht\h1d92a2f_44412bd2016a11t\lib\site-packages
  c:\ProgramData\robocorp\ht\h1d92a2f_44412bd2016a11t\lib\site-packages\win32
  c:\ProgramData\robocorp\ht\h1d92a2f_44412bd2016a11t\lib\site-packages\win32\lib
  c:\ProgramData\robocorp\ht\h1d92a2f_44412bd2016a11t\lib\site-packages\Pythonwin</msg>
<msg timestamp="20230316 21:41:13.066" level="ERROR">Error in file 'D:\FusionTestFramework\com.playgroundxyz.vision_project\com.playgroundxyz.vision_project.PageObject\com.playgroundxyz.vision_project.PageObject.keywords\Allow Permission page keywords.resource' on line 5: Processing variable file 'D:\FusionTestFramework\com.playgroundxyz.vision_project\com.playgroundxyz.vision_project.ConfigFiles\configuration.py' failed: Importing variable file 'D:\FusionTestFramework\com.playgroundxyz.vision_project\com.playgroundxyz.vision_project.ConfigFiles\configuration.py' failed: ModuleNotFoundError: No module named 'MobileTestLibrary'
Traceback (most recent call last):
  File "D:\FusionTestFramework\com.playgroundxyz.vision_project\com.playgroundxyz.vision_project.ConfigFiles\configuration.py", line 3, in &lt;module&gt;
    from MobileTestLibrary.JsonFileReader import read_Json_file
PYTHONPATH:
  D:\FusionTestFramework\com.playgroundxyz.vision_project\com.playgroundxyz.vision_project.ConfigFiles
  d:\FusionTestFramework\com.playgroundxyz.vision_project
  C:\ProgramData\robocorp\ht\h1d92a2f_44412bd2016a11t\python39.zip
  c:\ProgramData\robocorp\ht\h1d92a2f_44412bd2016a11t\DLLs
  c:\ProgramData\robocorp\ht\h1d92a2f_44412bd2016a11t\lib
  c:\ProgramData\robocorp\ht\h1d92a2f_44412bd2016a11t
  C:\ProgramData\robocorp\ht
  c:\ProgramData\robocorp\ht\h1d92a2f_44412bd2016a11t\lib\site-packages
  c:\ProgramData\robocorp\ht\h1d92a2f_44412bd2016a11t\lib\site-packages\win32
  c:\ProgramData\robocorp\ht\h1d92a2f_44412bd2016a11t\lib\site-packages\win32\lib
  c:\ProgramData\robocorp\ht\h1d92a2f_44412bd2016a11t\lib\site-packages\Pythonwin</msg>
<msg timestamp="20230316 21:41:13.089" level="ERROR">Error in file 'D:\FusionTestFramework\com.playgroundxyz.vision_project\com.playgroundxyz.vision_project.PageObject\com.playgroundxyz.vision_project.PageObject.keywords\LetsSetupYourEyeTrackingKeywords.resource' on line 4: Importing library 'D:\FusionTestFramework\src\MobileTestLibrary' failed: ModuleNotFoundError: No module named 'src'
Traceback (most recent call last):
  File "D:\FusionTestFramework\src\MobileTestLibrary\__init__.py", line 1, in &lt;module&gt;
    from src.MobileTestLibrary.ExtendedAppiumLibrary import ExtendedAppiumLibrary
PYTHONPATH:
  D:\FusionTestFramework\src
  d:\FusionTestFramework\com.playgroundxyz.vision_project
  C:\ProgramData\robocorp\ht\h1d92a2f_44412bd2016a11t\python39.zip
  c:\ProgramData\robocorp\ht\h1d92a2f_44412bd2016a11t\DLLs
  c:\ProgramData\robocorp\ht\h1d92a2f_44412bd2016a11t\lib
  c:\ProgramData\robocorp\ht\h1d92a2f_44412bd2016a11t
  C:\ProgramData\robocorp\ht
  c:\ProgramData\robocorp\ht\h1d92a2f_44412bd2016a11t\lib\site-packages
  c:\ProgramData\robocorp\ht\h1d92a2f_44412bd2016a11t\lib\site-packages\win32
  c:\ProgramData\robocorp\ht\h1d92a2f_44412bd2016a11t\lib\site-packages\win32\lib
  c:\ProgramData\robocorp\ht\h1d92a2f_44412bd2016a11t\lib\site-packages\Pythonwin</msg>
<msg timestamp="20230316 21:41:13.116" level="ERROR">Error in file 'D:\FusionTestFramework\com.playgroundxyz.vision_project\com.playgroundxyz.vision_project.PageObject\com.playgroundxyz.vision_project.PageObject.keywords\welcome page journey keywords.resource' on line 3: Importing library 'D:\FusionTestFramework\src\MobileTestLibrary' failed: ModuleNotFoundError: No module named 'src'
Traceback (most recent call last):
  File "D:\FusionTestFramework\src\MobileTestLibrary\__init__.py", line 1, in &lt;module&gt;
    from src.MobileTestLibrary.ExtendedAppiumLibrary import ExtendedAppiumLibrary
PYTHONPATH:
  D:\FusionTestFramework\src
  d:\FusionTestFramework\com.playgroundxyz.vision_project
  C:\ProgramData\robocorp\ht\h1d92a2f_44412bd2016a11t\python39.zip
  c:\ProgramData\robocorp\ht\h1d92a2f_44412bd2016a11t\DLLs
  c:\ProgramData\robocorp\ht\h1d92a2f_44412bd2016a11t\lib
  c:\ProgramData\robocorp\ht\h1d92a2f_44412bd2016a11t
  C:\ProgramData\robocorp\ht
  c:\ProgramData\robocorp\ht\h1d92a2f_44412bd2016a11t\lib\site-packages
  c:\ProgramData\robocorp\ht\h1d92a2f_44412bd2016a11t\lib\site-packages\win32
  c:\ProgramData\robocorp\ht\h1d92a2f_44412bd2016a11t\lib\site-packages\win32\lib
  c:\ProgramData\robocorp\ht\h1d92a2f_44412bd2016a11t\lib\site-packages\Pythonwin</msg>
<msg timestamp="20230316 21:41:13.150" level="ERROR">Error in file 'D:\FusionTestFramework\com.playgroundxyz.vision_project\com.playgroundxyz.vision_project.PageObject\com.playgroundxyz.vision_project.PageObject.keywords\launch_flow_keywords.resource' on line 3: Importing library 'D:\FusionTestFramework\src\MobileTestLibrary' failed: ModuleNotFoundError: No module named 'src'
Traceback (most recent call last):
  File "D:\FusionTestFramework\src\MobileTestLibrary\__init__.py", line 1, in &lt;module&gt;
    from src.MobileTestLibrary.ExtendedAppiumLibrary import ExtendedAppiumLibrary
PYTHONPATH:
  D:\FusionTestFramework\src
  d:\FusionTestFramework\com.playgroundxyz.vision_project
  C:\ProgramData\robocorp\ht\h1d92a2f_44412bd2016a11t\python39.zip
  c:\ProgramData\robocorp\ht\h1d92a2f_44412bd2016a11t\DLLs
  c:\ProgramData\robocorp\ht\h1d92a2f_44412bd2016a11t\lib
  c:\ProgramData\robocorp\ht\h1d92a2f_44412bd2016a11t
  C:\ProgramData\robocorp\ht
  c:\ProgramData\robocorp\ht\h1d92a2f_44412bd2016a11t\lib\site-packages
  c:\ProgramData\robocorp\ht\h1d92a2f_44412bd2016a11t\lib\site-packages\win32
  c:\ProgramData\robocorp\ht\h1d92a2f_44412bd2016a11t\lib\site-packages\win32\lib
  c:\ProgramData\robocorp\ht\h1d92a2f_44412bd2016a11t\lib\site-packages\Pythonwin</msg>
<msg timestamp="20230316 21:41:13.172" level="ERROR">Error in file 'D:\FusionTestFramework\com.playgroundxyz.vision_project\com.playgroundxyz.vision_project.PageObject\com.playgroundxyz.vision_project.PageObject.keywords\Setup keywords.resource' on line 3: Importing library 'D:\FusionTestFramework\src\MobileTestLibrary' failed: ModuleNotFoundError: No module named 'src'
Traceback (most recent call last):
  File "D:\FusionTestFramework\src\MobileTestLibrary\__init__.py", line 1, in &lt;module&gt;
    from src.MobileTestLibrary.ExtendedAppiumLibrary import ExtendedAppiumLibrary
PYTHONPATH:
  D:\FusionTestFramework\src
  d:\FusionTestFramework\com.playgroundxyz.vision_project
  C:\ProgramData\robocorp\ht\h1d92a2f_44412bd2016a11t\python39.zip
  c:\ProgramData\robocorp\ht\h1d92a2f_44412bd2016a11t\DLLs
  c:\ProgramData\robocorp\ht\h1d92a2f_44412bd2016a11t\lib
  c:\ProgramData\robocorp\ht\h1d92a2f_44412bd2016a11t
  C:\ProgramData\robocorp\ht
  c:\ProgramData\robocorp\ht\h1d92a2f_44412bd2016a11t\lib\site-packages
  c:\ProgramData\robocorp\ht\h1d92a2f_44412bd2016a11t\lib\site-packages\win32
  c:\ProgramData\robocorp\ht\h1d92a2f_44412bd2016a11t\lib\site-packages\win32\lib
  c:\ProgramData\robocorp\ht\h1d92a2f_44412bd2016a11t\lib\site-packages\Pythonwin</msg>
<msg timestamp="20230316 21:41:13.200" level="ERROR">Error in file 'D:\FusionTestFramework\com.playgroundxyz.vision_project\com.playgroundxyz.vision_project.PageObject\com.playgroundxyz.vision_project.PageObject.keywords\EyeGazeValiidationKeywords.resource' on line 5: Importing library 'D:\FusionTestFramework\src\MobileTestLibrary' failed: ModuleNotFoundError: No module named 'src'
Traceback (most recent call last):
  File "D:\FusionTestFramework\src\MobileTestLibrary\__init__.py", line 1, in &lt;module&gt;
    from src.MobileTestLibrary.ExtendedAppiumLibrary import ExtendedAppiumLibrary
PYTHONPATH:
  D:\FusionTestFramework\src
  d:\FusionTestFramework\com.playgroundxyz.vision_project
  C:\ProgramData\robocorp\ht\h1d92a2f_44412bd2016a11t\python39.zip
  c:\ProgramData\robocorp\ht\h1d92a2f_44412bd2016a11t\DLLs
  c:\ProgramData\robocorp\ht\h1d92a2f_44412bd2016a11t\lib
  c:\ProgramData\robocorp\ht\h1d92a2f_44412bd2016a11t
  C:\ProgramData\robocorp\ht
  c:\ProgramData\robocorp\ht\h1d92a2f_44412bd2016a11t\lib\site-packages
  c:\ProgramData\robocorp\ht\h1d92a2f_44412bd2016a11t\lib\site-packages\win32
  c:\ProgramData\robocorp\ht\h1d92a2f_44412bd2016a11t\lib\site-packages\win32\lib
  c:\ProgramData\robocorp\ht\h1d92a2f_44412bd2016a11t\lib\site-packages\Pythonwin</msg>
</errors>
</robot>
