<?xml version="1.0" encoding="UTF-8"?>
<robot generator="Robot 5.0.1 (Python 3.9.13 on win32)" generated="20230316 20:41:23.483" rpa="false" schemaversion="3">
<suite id="s1" name="com.playgroundxyz.vision project.TestcaseSuite" source="D:\FusionTestFramework\com.playgroundxyz.vision_project\com.playgroundxyz.vision_project.TestcaseSuite">
<suite id="s1-s1" name="TC001 - Tap on 'Privacy policy' and verify user is landing on Privacy policy page" source="D:\FusionTestFramework\com.playgroundxyz.vision_project\com.playgroundxyz.vision_project.TestcaseSuite\TC001 - Tap on 'Privacy policy' and verify user is landing on Privacy policy page.robot">
<kw name="Setup before suit start" library="Setup keywords" type="SETUP">
<kw name="MobileTestLibrary.Start Appium Service">
<msg timestamp="20230316 20:41:23.901" level="FAIL">No keyword with name 'MobileTestLibrary.Start Appium Service' found.</msg>
<status status="FAIL" starttime="20230316 20:41:23.901" endtime="20230316 20:41:23.901"/>
</kw>
<kw name="Set Log Level" library="BuiltIn">
<arg>DEBUG</arg>
<doc>Sets the log threshold to the specified level and returns the old level.</doc>
<status status="NOT RUN" starttime="20230316 20:41:23.902" endtime="20230316 20:41:23.905"/>
</kw>
<kw name="Log To Console" library="BuiltIn">
<arg>Appium server started .....</arg>
<doc>Logs the given message to the console.</doc>
<status status="NOT RUN" starttime="20230316 20:41:23.905" endtime="20230316 20:41:23.905"/>
</kw>
<status status="FAIL" starttime="20230316 20:41:23.891" endtime="20230316 20:41:23.905"/>
</kw>
<test id="s1-s1-t1" name="Tap on 'Privacy policy' and verify user is landing on Privacy policy page" line="11">
<doc>Verification that Google Play button redirecting user to Vision Project on play store</doc>
<tag>regression</tag>
<status status="FAIL" starttime="20230316 20:41:23.905" endtime="20230316 20:41:23.907">Parent suite setup failed:
No keyword with name 'MobileTestLibrary.Start Appium Service' found.</status>
</test>
<kw name="tearDown" library="Setup keywords" type="TEARDOWN">
<kw name="MobileTestLibrary.Stop Appium Service">
<msg timestamp="20230316 20:41:23.925" level="FAIL">No keyword with name 'MobileTestLibrary.Stop Appium Service' found.</msg>
<status status="FAIL" starttime="20230316 20:41:23.925" endtime="20230316 20:41:23.925"/>
</kw>
<status status="FAIL" starttime="20230316 20:41:23.911" endtime="20230316 20:41:23.925">No keyword with name 'MobileTestLibrary.Stop Appium Service' found.</status>
</kw>
<status status="FAIL" starttime="20230316 20:41:23.519" endtime="20230316 20:41:23.925">Suite setup failed:
No keyword with name 'MobileTestLibrary.Start Appium Service' found.

Also suite teardown failed:
No keyword with name 'MobileTestLibrary.Stop Appium Service' found.</status>
</suite>
<suite id="s1-s2" name="TC002 - Verify that Deep link URL is providing QR code" source="D:\FusionTestFramework\com.playgroundxyz.vision_project\com.playgroundxyz.vision_project.TestcaseSuite\TC002 - Verify that Deep link URL is providing QR code.robot">
<test id="s1-s2-t1" name="Verify that Deep link URL is providing QR code" line="9">
<kw name="Launch browser and input url" library="Setup keywords" type="SETUP">
<kw name="Open Browser" library="WebApplicationTestLibrary">
<arg>${url}</arg>
<arg>${Browser}</arg>
<arg>executable_path=drivers/chromedriver.exe</arg>
<doc>Opens a new browser instance to the optional ``url``.</doc>
<msg timestamp="20230316 20:41:24.106" level="FAIL">Variable '${url}' not found.</msg>
<status status="FAIL" starttime="20230316 20:41:24.102" endtime="20230316 20:41:24.106"/>
</kw>
<kw name="Maximize Browser Window" library="WebApplicationTestLibrary">
<doc>Maximizes current browser window.</doc>
<status status="NOT RUN" starttime="20230316 20:41:24.106" endtime="20230316 20:41:24.106"/>
</kw>
<status status="FAIL" starttime="20230316 20:41:24.101" endtime="20230316 20:41:24.107"/>
</kw>
<kw name="Close Browser" library="WebApplicationTestLibrary" type="TEARDOWN">
<doc>Closes the current browser.</doc>
<status status="PASS" starttime="20230316 20:41:24.107" endtime="20230316 20:41:24.108"/>
</kw>
<doc>verification of barcode generation of specified link</doc>
<tag>regression</tag>
<status status="FAIL" starttime="20230316 20:41:24.100" endtime="20230316 20:41:24.109">Setup failed:
Variable '${url}' not found.</status>
</test>
<status status="FAIL" starttime="20230316 20:41:23.929" endtime="20230316 20:41:24.111"/>
</suite>
<suite id="s1-s3" name="TC003 - Verify that Google Play button redirecting user to Vision Project on play store" source="D:\FusionTestFramework\com.playgroundxyz.vision_project\com.playgroundxyz.vision_project.TestcaseSuite\TC003 - Verify that Google Play button redirecting user to Vision Project on play store.robot">
<kw name="Setup before suit start" library="Setup keywords" type="SETUP">
<kw name="MobileTestLibrary.Start Appium Service">
<msg timestamp="20230316 20:41:24.225" level="FAIL">No keyword with name 'MobileTestLibrary.Start Appium Service' found.</msg>
<status status="FAIL" starttime="20230316 20:41:24.225" endtime="20230316 20:41:24.225"/>
</kw>
<kw name="Set Log Level" library="BuiltIn">
<arg>DEBUG</arg>
<doc>Sets the log threshold to the specified level and returns the old level.</doc>
<status status="NOT RUN" starttime="20230316 20:41:24.225" endtime="20230316 20:41:24.225"/>
</kw>
<kw name="Log To Console" library="BuiltIn">
<arg>Appium server started .....</arg>
<doc>Logs the given message to the console.</doc>
<status status="NOT RUN" starttime="20230316 20:41:24.225" endtime="20230316 20:41:24.225"/>
</kw>
<status status="FAIL" starttime="20230316 20:41:24.219" endtime="20230316 20:41:24.226"/>
</kw>
<test id="s1-s3-t1" name="Verify that Google Play button redirecting user to Vision Project on play store" line="11">
<doc>Verification that Google Play button redirecting user to Vision Project on play store</doc>
<tag>regression</tag>
<status status="FAIL" starttime="20230316 20:41:24.226" endtime="20230316 20:41:24.226">Parent suite setup failed:
No keyword with name 'MobileTestLibrary.Start Appium Service' found.</status>
</test>
<kw name="tearDown" library="Setup keywords" type="TEARDOWN">
<kw name="MobileTestLibrary.Stop Appium Service">
<msg timestamp="20230316 20:41:24.235" level="FAIL">No keyword with name 'MobileTestLibrary.Stop Appium Service' found.</msg>
<status status="FAIL" starttime="20230316 20:41:24.235" endtime="20230316 20:41:24.235"/>
</kw>
<status status="FAIL" starttime="20230316 20:41:24.228" endtime="20230316 20:41:24.235">No keyword with name 'MobileTestLibrary.Stop Appium Service' found.</status>
</kw>
<status status="FAIL" starttime="20230316 20:41:24.117" endtime="20230316 20:41:24.235">Suite setup failed:
No keyword with name 'MobileTestLibrary.Start Appium Service' found.

Also suite teardown failed:
No keyword with name 'MobileTestLibrary.Stop Appium Service' found.</status>
</suite>
<suite id="s1-s4" name="TC004 - Verify that if social app is not installed on phone then App was not found screen appears" source="D:\FusionTestFramework\com.playgroundxyz.vision_project\com.playgroundxyz.vision_project.TestcaseSuite\TC004 - Verify that if social app is not installed on phone then App was not found screen appears.robot">
<kw name="Setup before suit start" library="Setup keywords" type="SETUP">
<kw name="MobileTestLibrary.Start Appium Service">
<msg timestamp="20230316 20:41:24.330" level="FAIL">No keyword with name 'MobileTestLibrary.Start Appium Service' found.</msg>
<status status="FAIL" starttime="20230316 20:41:24.329" endtime="20230316 20:41:24.330"/>
</kw>
<kw name="Set Log Level" library="BuiltIn">
<arg>DEBUG</arg>
<doc>Sets the log threshold to the specified level and returns the old level.</doc>
<status status="NOT RUN" starttime="20230316 20:41:24.330" endtime="20230316 20:41:24.330"/>
</kw>
<kw name="Log To Console" library="BuiltIn">
<arg>Appium server started .....</arg>
<doc>Logs the given message to the console.</doc>
<status status="NOT RUN" starttime="20230316 20:41:24.330" endtime="20230316 20:41:24.330"/>
</kw>
<status status="FAIL" starttime="20230316 20:41:24.323" endtime="20230316 20:41:24.331"/>
</kw>
<test id="s1-s4-t1" name="Verify that if social app is not installed on phone then App was not found screen appears" line="11">
<doc>Verification that if social app is not installed on phone then App was not found screen appears</doc>
<tag>smoke</tag>
<status status="FAIL" starttime="20230316 20:41:24.331" endtime="20230316 20:41:24.332">Parent suite setup failed:
No keyword with name 'MobileTestLibrary.Start Appium Service' found.</status>
</test>
<kw name="tearDown" library="Setup keywords" type="TEARDOWN">
<kw name="MobileTestLibrary.Stop Appium Service">
<msg timestamp="20230316 20:41:24.340" level="FAIL">No keyword with name 'MobileTestLibrary.Stop Appium Service' found.</msg>
<status status="FAIL" starttime="20230316 20:41:24.339" endtime="20230316 20:41:24.340"/>
</kw>
<status status="FAIL" starttime="20230316 20:41:24.334" endtime="20230316 20:41:24.340">No keyword with name 'MobileTestLibrary.Stop Appium Service' found.</status>
</kw>
<status status="FAIL" starttime="20230316 20:41:24.237" endtime="20230316 20:41:24.340">Suite setup failed:
No keyword with name 'MobileTestLibrary.Start Appium Service' found.

Also suite teardown failed:
No keyword with name 'MobileTestLibrary.Stop Appium Service' found.</status>
</suite>
<suite id="s1-s5" name="TC005 - Verify welcome page journey is as excepted" source="D:\FusionTestFramework\com.playgroundxyz.vision_project\com.playgroundxyz.vision_project.TestcaseSuite\TC005 - Verify welcome page journey is as excepted.robot">
<kw name="Setup before suit start" library="Setup keywords" type="SETUP">
<kw name="MobileTestLibrary.Start Appium Service">
<msg timestamp="20230316 20:41:24.440" level="FAIL">No keyword with name 'MobileTestLibrary.Start Appium Service' found.</msg>
<status status="FAIL" starttime="20230316 20:41:24.440" endtime="20230316 20:41:24.441"/>
</kw>
<kw name="Set Log Level" library="BuiltIn">
<arg>DEBUG</arg>
<doc>Sets the log threshold to the specified level and returns the old level.</doc>
<status status="NOT RUN" starttime="20230316 20:41:24.441" endtime="20230316 20:41:24.441"/>
</kw>
<kw name="Log To Console" library="BuiltIn">
<arg>Appium server started .....</arg>
<doc>Logs the given message to the console.</doc>
<status status="NOT RUN" starttime="20230316 20:41:24.441" endtime="20230316 20:41:24.441"/>
</kw>
<status status="FAIL" starttime="20230316 20:41:24.435" endtime="20230316 20:41:24.441"/>
</kw>
<test id="s1-s5-t1" name="Verify that user is able to paste study link using Paste study link" line="11">
<doc>Verification that user is able to paste study link using Paste study link</doc>
<tag>regression</tag>
<status status="FAIL" starttime="20230316 20:41:24.441" endtime="20230316 20:41:24.442">Parent suite setup failed:
No keyword with name 'MobileTestLibrary.Start Appium Service' found.</status>
</test>
<test id="s1-s5-t2" name="Verify that Help page open up when user taps on help icon&quot;?&quot;" line="21">
<doc>Verification that Help page open up when user taps on help icon"?"</doc>
<tag>regression</tag>
<status status="FAIL" starttime="20230316 20:41:24.444" endtime="20230316 20:41:24.445">Parent suite setup failed:
No keyword with name 'MobileTestLibrary.Start Appium Service' found.</status>
</test>
<kw name="tearDown" library="Setup keywords" type="TEARDOWN">
<kw name="MobileTestLibrary.Stop Appium Service">
<msg timestamp="20230316 20:41:24.455" level="FAIL">No keyword with name 'MobileTestLibrary.Stop Appium Service' found.</msg>
<status status="FAIL" starttime="20230316 20:41:24.455" endtime="20230316 20:41:24.455"/>
</kw>
<status status="FAIL" starttime="20230316 20:41:24.450" endtime="20230316 20:41:24.455">No keyword with name 'MobileTestLibrary.Stop Appium Service' found.</status>
</kw>
<status status="FAIL" starttime="20230316 20:41:24.342" endtime="20230316 20:41:24.455">Suite setup failed:
No keyword with name 'MobileTestLibrary.Start Appium Service' found.

Also suite teardown failed:
No keyword with name 'MobileTestLibrary.Stop Appium Service' found.</status>
</suite>
<suite id="s1-s6" name="TC006 - sample" source="D:\FusionTestFramework\com.playgroundxyz.vision_project\com.playgroundxyz.vision_project.TestcaseSuite\TC006 - sample.robot">
<test id="s1-s6-t1" name="Testcase001" line="7">
<kw name="GET" library="APITestExtendedLibrary">
<var>@{get}</var>
<arg>https://www.google.com/</arg>
<arg>json</arg>
<doc>Sends a GET request.</doc>
<msg timestamp="20230316 20:41:25.546" level="INFO">GET Request : url=https://www.google.com/?json 
 path_url=/?json 
 headers={'User-Agent': 'python-requests/2.28.2', 'Accept-Encoding': 'gzip, deflate', 'Accept': '*/*', 'Connection': 'keep-alive'} 
 body=None 
 </msg>
<msg timestamp="20230316 20:41:25.546" level="INFO">GET Response : url=https://www.google.com/?json 
 status=200, reason=OK 
 headers={'Date': 'Thu, 16 Mar 2023 15:11:25 GMT', 'Expires': '-1', 'Cache-Control': 'private, max-age=0', 'Content-Type': 'text/html; charset=ISO-8859-1', 'P3P': 'CP="This is not a P3P policy! See g.co/p3phelp for more info."', 'Content-Encoding': 'gzip', 'Server': 'gws', 'X-XSS-Protection': '0', 'X-Frame-Options': 'SAMEORIGIN', 'Set-Cookie': '1P_JAR=2023-03-16-15; expires=Sat, 15-Apr-2023 15:11:25 GMT; path=/; domain=.google.com; Secure, AEC=ARSKqsKM2WupfGa8ylWZjoJ2kO9vePVLJw-dEy-rw5R28YM7-sTn9Vdxcg; expires=Tue, 12-Sep-2023 15:11:25 GMT; path=/; domain=.google.com; Secure; HttpOnly; SameSite=lax, NID=511=ZcAwQRb0kT_izw65qikRH19ug6qbk4sLH1atRmA6qqRUCanwVDELxfOxtG-Z8BaxM2aq6JbeFp5I2XNjoJJ73ov90y2oJhRds8ke-hdwze1cAS9sxHXhJn5o_pT-aGySOGQ9nSYof-EXmarHiwbdwVjJT0sWnyV9IAsRlrqabbU; expires=Fri, 15-Sep-2023 15:11:25 GMT; path=/; domain=.google.com; HttpOnly', 'Alt-Svc': 'h3=":443"; ma=2592000,h3-29=":443"; ma=2592000', 'Transfer-Encoding': 'chunked'} 
 body=&lt;!doctype html&gt;&lt;html itemscope="" itemtype="http://schema.org/WebPage" lang="en-IN"&gt;&lt;head&gt;&lt;meta content="text/html; charset=UTF-8" http-equiv="Content-Type"&gt;&lt;meta content="/images/branding/googleg/1x/googleg_standard_color_128dp.png" itemprop="image"&gt;&lt;title&gt;Google&lt;/title&gt;&lt;script nonce="7kE64tWqv8ssWdpHOOf_uw"&gt;(function(){window.google={kEI:'nTETZKaXGp-WseMPuf-5kAg',kEXPI:'0,1303425,5,55979,6059,206,2414,2390,2316,383,246,5,1129120,1626,1196071,704,170,379920,16114,28684,22430,1362,12314,2821,14764,4998,13228,3847,38444,887,1985,2891,4140,4208,3406,606,29842,826,19391,8227,2403,6398,9359,3,576,1014,1,5444,11472,2652,4,3821,9,13386,15678,13065,13658,4437,9358,7428,5779,2578,4097,7593,1,42154,2,14022,2715,23024,5679,1021,31121,4568,6259,23418,1252,5835,14967,4333,8,5008,2468,445,2,2,1,6959,17667,2006,8155,7381,2,15968,873,19633,7,1922,5784,3995,19130,1510,751,1517,13246,6304,2008,18191,928,10886,8323,14,82,13332,6874,1622,1778,4977,3787,154,4107,6843,2646,1451,3856,531,988,3030,427,5684,1410,890,160,2525,3954,766,1296,508,6352,1195,187,495,2243,493,1156,108,96,1031,886,1602,7,4663,2323,3570,427,2039,1611,2024,212,2,375,536,3200,1980,64,669,1,1170,1581,693,249,619,196,1330,3332,295,1311,1150,684,4204,304,224,1417,2830,394,681,565,189,738,994,1081,572,626,679,146,2,827,5,674,370,1366,280,401,57,3,170,3,378,165,487,4,459,43,337,222,222,147,4,4,10,337,1498,89,3,412,281,2,1215,772,870,102,1537,264,12,69,82,74,7,23,100,2,517,115,33,905,3,187,20,1719,200,388,45,1247,5226268,379,335,138,5995423,2803282,3311,141,795,19735,1,1,346,4569,16,23945899,551,2737913,1303679,1964,16673,2893,512,5738,12560,1540,531,920,140,49,567,1595834',kBL:'mLrg'};google.sn='webhp';google.kHL='en-IN';})();(function(){
var f=this||self;var h,k=[];function l(a){for(var b;a&amp;&amp;(!a.getAttribute||!(b=a.getAttribute("eid")));)a=a.parentNode;return b||h}function m(a){for(var b=null;a&amp;&amp;(!a.getAttribute||!(b=a.getAttribute("leid")));)a=a.parentNode;return b}
function n(a,b,c,d,g){var e="";c||-1!==b.search("&amp;ei=")||(e="&amp;ei="+l(d),-1===b.search("&amp;lei=")&amp;&amp;(d=m(d))&amp;&amp;(e+="&amp;lei="+d));d="";!c&amp;&amp;f._cshid&amp;&amp;-1===b.search("&amp;cshid=")&amp;&amp;"slh"!==a&amp;&amp;(d="&amp;cshid="+f._cshid);c=c||"/"+(g||"gen_204")+"?atyp=i&amp;ct="+a+"&amp;cad="+b+e+"&amp;zx="+Date.now()+d;/^http:/i.test(c)&amp;&amp;"https:"===window.location.protocol&amp;&amp;(google.ml&amp;&amp;google.ml(Error("a"),!1,{src:c,glmm:1}),c="");return c};h=google.kEI;google.getEI=l;google.getLEI=m;google.ml=function(){return null};google.log=function(a,b,c,d,g){if(c=n(a,b,c,d,g)){a=new Image;var e=k.length;k[e]=a;a.onerror=a.onload=a.onabort=function(){delete k[e]};a.src=c}};google.logUrl=n;}).call(this);(function(){google.y={};google.sy=[];google.x=function(a,b){if(a)var c=a.id;else{do c=Math.random();while(google.y[c])}google.y[c]=[a,b];return!1};google.sx=function(a){google.sy.push(a)};google.lm=[];google.plm=function(a){google.lm.push.apply(google.lm,a)};google.lq=[];google.load=function(a,b,c){google.lq.push([[a],b,c])};google.loadAll=function(a,b){google.lq.push([a,b])};google.bx=!1;google.lx=function(){};}).call(this);google.f={};(function(){
document.documentElement.addEventListener("submit",function(b){var a;if(a=b.target){var c=a.getAttribute("data-submitfalse");a="1"===c||"q"===c&amp;&amp;!a.elements.q.value?!0:!1}else a=!1;a&amp;&amp;(b.preventDefault(),b.stopPropagation())},!0);document.documentElement.addEventListener("click",function(b){var a;a:{for(a=b.target;a&amp;&amp;a!==document.documentElement;a=a.parentElement)if("A"===a.tagName){a="1"===a.getAttribute("data-nohref");break a}a=!1}a&amp;&amp;b.preventDefault()},!0);}).call(this);&lt;/script&gt;&lt;style&gt;#gbar,#guser{font-size:13px;padding-top:1px !important;}#gbar{height:22px}#guser{padding-bottom:7px !important;text-align:right}.gbh,.gbd{border-top:1px solid #c9d7f1;font-size:1px}.gbh{height:0;position:absolute;top:24px;width:100%}@media all{.gb1{height:22px;margin-right:.5em;vertical-align:top}#gbar{float:left}}a.gb1,a.gb4{text-decoration:underline !important}a.gb1,a.gb4{color:#00c !important}.gbi .gb4{color:#dd8e27 !important}.gbf .gb4{color:#900 !important}
&lt;/style&gt;&lt;style&gt;body,td,a,p,.h{font-family:arial,sans-serif}body{margin:0;overflow-y:scroll}#gog{padding:3px 8px 0}td{line-height:.8em}.gac_m td{line-height:17px}form{margin-bottom:20px}.h{color:#1558d6}em{font-weight:bold;font-style:normal}.lst{height:25px;width:496px}.gsfi,.lst{font:18px arial,sans-serif}.gsfs{font:17px arial,sans-serif}.ds{display:inline-box;display:inline-block;margin:3px 0 4px;margin-left:4px}input{font-family:inherit}body{background:#fff;color:#000}a{color:#4b11a8;text-decoration:none}a:hover,a:active{text-decoration:underline}.fl a{color:#1558d6}a:visited{color:#4b11a8}.sblc{padding-top:5px}.sblc a{display:block;margin:2px 0;margin-left:13px;font-size:11px}.lsbb{background:#f8f9fa;border:solid 1px;border-color:#dadce0 #70757a #70757a #dadce0;height:30px}.lsbb{display:block}#WqQANb a{display:inline-block;margin:0 12px}.lsb{background:url(/images/nav_logo229.png) 0 -261px repeat-x;border:none;color:#000;cursor:pointer;height:30px;margin:0;outline:0;font:15px arial,sans-serif;vertical-align:top}.lsb:active{background:#dadce0}.lst:focus{outline:none}&lt;/style&gt;&lt;script nonce="7kE64tWqv8ssWdpHOOf_uw"&gt;(function(){window.google.erd={jsr:1,bv:1760,de:true};
var h=this||self;var k,l=null!=(k=h.mei)?k:1,n,p=null!=(n=h.sdo)?n:!0,q=0,r,t=google.erd,v=t.jsr;google.ml=function(a,b,d,m,e){e=void 0===e?2:e;b&amp;&amp;(r=a&amp;&amp;a.message);if(google.dl)return google.dl(a,e,d),null;if(0&gt;v){window.console&amp;&amp;console.error(a,d);if(-2===v)throw a;b=!1}else b=!a||!a.message||"Error loading script"===a.message||q&gt;=l&amp;&amp;!m?!1:!0;if(!b)return null;q++;d=d||{};b=encodeURIComponent;var c="/gen_204?atyp=i&amp;ei="+b(google.kEI);google.kEXPI&amp;&amp;(c+="&amp;jexpid="+b(google.kEXPI));c+="&amp;srcpg="+b(google.sn)+"&amp;jsr="+b(t.jsr)+"&amp;bver="+b(t.bv);var f=a.lineNumber;void 0!==f&amp;&amp;(c+="&amp;line="+f);var g=
a.fileName;g&amp;&amp;(0&lt;g.indexOf("-extension:/")&amp;&amp;(e=3),c+="&amp;script="+b(g),f&amp;&amp;g===window.location.href&amp;&amp;(f=document.documentElement.outerHTML.split("\n")[f],c+="&amp;cad="+b(f?f.substring(0,300):"No script found.")));c+="&amp;jsel="+e;for(var u in d)c+="&amp;",c+=b(u),c+="=",c+=b(d[u]);c=c+"&amp;emsg="+b(a.name+": "+a.message);c=c+"&amp;jsst="+b(a.stack||"N/A");12288&lt;=c.length&amp;&amp;(c=c.substr(0,12288));a=c;m||google.log(0,"",a);return a};window.onerror=function(a,b,d,m,e){r!==a&amp;&amp;(a=e instanceof Error?e:Error(a),void 0===d||"lineNumber"in a||(a.lineNumber=d),void 0===b||"fileName"in a||(a.fileName=b),google.ml(a,!1,void 0,!1,"SyntaxError"===a.name||"SyntaxError"===a.message.substring(0,11)||-1!==a.message.indexOf("Script error")?3:0));r=null;p&amp;&amp;q&gt;=l&amp;&amp;(window.onerror=null)};})();&lt;/script&gt;&lt;/head&gt;&lt;body bgcolor="#fff"&gt;&lt;script nonce="7kE64tWqv8ssWdpHOOf_uw"&gt;(function(){var src='/images/nav_logo229.png';var iesg=false;document.body.onload = function(){window.n &amp;&amp; window.n();if (document.images){new Image().src=src;}
if (!iesg){document.f&amp;&amp;document.f.q.focus();document.gbqf&amp;&amp;document.gbqf.q.focus();}
}
})();&lt;/script&gt;&lt;div id="mngb"&gt;&lt;div id=gbar&gt;&lt;nobr&gt;&lt;b class=gb1&gt;Search&lt;/b&gt; &lt;a class=gb1 href="https://www.google.co.in/imghp?hl=en&amp;tab=wi"&gt;Images&lt;/a&gt; &lt;a class=gb1 href="https://maps.google.co.in/maps?hl=en&amp;tab=wl"&gt;Maps&lt;/a&gt; &lt;a class=gb1 href="https://play.google.com/?hl=en&amp;tab=w8"&gt;Play&lt;/a&gt; &lt;a class=gb1 href="https://www.youtube.com/?tab=w1"&gt;YouTube&lt;/a&gt; &lt;a class=gb1 href="https://news.google.com/?tab=wn"&gt;News&lt;/a&gt; &lt;a class=gb1 href="https://mail.google.com/mail/?tab=wm"&gt;Gmail&lt;/a&gt; &lt;a class=gb1 href="https://drive.google.com/?tab=wo"&gt;Drive&lt;/a&gt; &lt;a class=gb1 style="text-decoration:none" href="https://www.google.co.in/intl/en/about/products?tab=wh"&gt;&lt;u&gt;More&lt;/u&gt; &amp;raquo;&lt;/a&gt;&lt;/nobr&gt;&lt;/div&gt;&lt;div id=guser width=100%&gt;&lt;nobr&gt;&lt;span id=gbn class=gbi&gt;&lt;/span&gt;&lt;span id=gbf class=gbf&gt;&lt;/span&gt;&lt;span id=gbe&gt;&lt;/span&gt;&lt;a href="http://www.google.co.in/history/optout?hl=en" class=gb4&gt;Web History&lt;/a&gt; | &lt;a  href="/preferences?hl=en" class=gb4&gt;Settings&lt;/a&gt; | &lt;a target=_top id=gb_70 href="https://accounts.google.com/ServiceLogin?hl=en&amp;passive=true&amp;continue=https://www.google.com/%3Fjson&amp;ec=GAZAAQ" class=gb4&gt;Sign in&lt;/a&gt;&lt;/nobr&gt;&lt;/div&gt;&lt;div class=gbh style=left:0&gt;&lt;/div&gt;&lt;div class=gbh style=right:0&gt;&lt;/div&gt;&lt;/div&gt;&lt;center&gt;&lt;br clear="all" id="lgpd"&gt;&lt;div id="lga"&gt;&lt;img alt="Google" height="92" src="/images/branding/googlelogo/1x/googlelogo_white_background_color_272x92dp.png" style="padding:28px 0 14px" width="272" id="hplogo"&gt;&lt;br&gt;&lt;br&gt;&lt;/div&gt;&lt;form action="/search" name="f"&gt;&lt;table cellpadding="0" cellspacing="0"&gt;&lt;tr valign="top"&gt;&lt;td width="25%"&gt;&amp;nbsp;&lt;/td&gt;&lt;td align="center" nowrap=""&gt;&lt;input name="ie" value="ISO-8859-1" type="hidden"&gt;&lt;input value="en-IN" name="hl" type="hidden"&gt;&lt;input name="source" type="hidden" value="hp"&gt;&lt;input name="biw" type="hidden"&gt;&lt;input name="bih" type="hidden"&gt;&lt;div class="ds" style="height:32px;margin:4px 0"&gt;&lt;input class="lst" style="margin:0;padding:5px 8px 0 6px;vertical-align:top;color:#000" autocomplete="off" value="" title="Google Search" maxlength="2048" name="q" size="57"&gt;&lt;/div&gt;&lt;br style="line-height:0"&gt;&lt;span class="ds"&gt;&lt;span class="lsbb"&gt;&lt;input class="lsb" value="Google Search" name="btnG" type="submit"&gt;&lt;/span&gt;&lt;/span&gt;&lt;span class="ds"&gt;&lt;span class="lsbb"&gt;&lt;input class="lsb" id="tsuid_1" value="I'm Feeling Lucky" name="btnI" type="submit"&gt;&lt;script nonce="7kE64tWqv8ssWdpHOOf_uw"&gt;(function(){var id='tsuid_1';document.getElementById(id).onclick = function(){if (this.form.q.value){this.checked = 1;if (this.form.iflsig)this.form.iflsig.disabled = false;}
else top.location='/doodles/';};})();&lt;/script&gt;&lt;input value="AK50M_UAAAAAZBM_rceCDow90mDoQM3fma2Mtb0gvU32" name="iflsig" type="hidden"&gt;&lt;/span&gt;&lt;/span&gt;&lt;/td&gt;&lt;td class="fl sblc" align="left" nowrap="" width="25%"&gt;&lt;a href="/advanced_search?hl=en-IN&amp;amp;authuser=0"&gt;Advanced search&lt;/a&gt;&lt;/td&gt;&lt;/tr&gt;&lt;/table&gt;&lt;input id="gbv" name="gbv" type="hidden" value="1"&gt;&lt;script nonce="7kE64tWqv8ssWdpHOOf_uw"&gt;(function(){var a,b="1";if(document&amp;&amp;document.getElementById)if("undefined"!=typeof XMLHttpRequest)b="2";else if("undefined"!=typeof ActiveXObject){var c,d,e=["MSXML2.XMLHTTP.6.0","MSXML2.XMLHTTP.3.0","MSXML2.XMLHTTP","Microsoft.XMLHTTP"];for(c=0;d=e[c++];)try{new Act... (set the log level to DEBUG or TRACE to see the full content) 
 </msg>
<msg timestamp="20230316 20:41:25.546" level="INFO">@{get} = [ &lt;!doctype html&gt;&lt;html itemscope="" itemtype="http://schema.org/WebPage" lang="en-IN"&gt;&lt;head&gt;&lt;meta content="text/html; charset=UTF- | 8" http-equiv="Content-Type"&gt;&lt;meta content="/images/branding/google...</msg>
<status status="PASS" starttime="20230316 20:41:24.677" endtime="20230316 20:41:25.546"/>
</kw>
<for flavor="IN">
<var>${element}</var>
<value>@{get}</value>
<iter>
<var name="${element}">&lt;!doctype html&gt;&lt;html itemscope="" itemtype="http://schema.org/WebPage" lang="en-IN"&gt;&lt;head&gt;&lt;meta content="text/html; charset=UTF-</var>
<kw name="Log To Console" library="BuiltIn">
<arg>${element}</arg>
<doc>Logs the given message to the console.</doc>
<status status="PASS" starttime="20230316 20:41:25.551" endtime="20230316 20:41:25.552"/>
</kw>
<status status="PASS" starttime="20230316 20:41:25.550" endtime="20230316 20:41:25.552"/>
</iter>
<iter>
<var name="${element}">8" http-equiv="Content-Type"&gt;&lt;meta content="/images/branding/googleg/1x/googleg_standard_color_128dp.png" itemprop="image"&gt;&lt;titl</var>
<kw name="Log To Console" library="BuiltIn">
<arg>${element}</arg>
<doc>Logs the given message to the console.</doc>
<status status="PASS" starttime="20230316 20:41:25.552" endtime="20230316 20:41:25.553"/>
</kw>
<status status="PASS" starttime="20230316 20:41:25.552" endtime="20230316 20:41:25.553"/>
</iter>
<iter>
<var name="${element}">e&gt;Google&lt;/title&gt;&lt;script nonce="7kE64tWqv8ssWdpHOOf_uw"&gt;(function(){window.google={kEI:'nTETZKaXGp-WseMPuf-5kAg',kEXPI:'0,1303425</var>
<kw name="Log To Console" library="BuiltIn">
<arg>${element}</arg>
<doc>Logs the given message to the console.</doc>
<status status="PASS" starttime="20230316 20:41:25.554" endtime="20230316 20:41:25.555"/>
</kw>
<status status="PASS" starttime="20230316 20:41:25.553" endtime="20230316 20:41:25.555"/>
</iter>
<iter>
<var name="${element}">,5,55979,6059,206,2414,2390,2316,383,246,5,1129120,1626,1196071,704,170,379920,16114,28684,22430,1362,12314,2821,14764,4998,1322</var>
<kw name="Log To Console" library="BuiltIn">
<arg>${element}</arg>
<doc>Logs the given message to the console.</doc>
<status status="PASS" starttime="20230316 20:41:25.555" endtime="20230316 20:41:25.556"/>
</kw>
<status status="PASS" starttime="20230316 20:41:25.555" endtime="20230316 20:41:25.556"/>
</iter>
<iter>
<var name="${element}">8,3847,38444,887,1985,2891,4140,4208,3406,606,29842,826,19391,8227,2403,6398,9359,3,576,1014,1,5444,11472,2652,4,3821,9,13386,15</var>
<kw name="Log To Console" library="BuiltIn">
<arg>${element}</arg>
<doc>Logs the given message to the console.</doc>
<status status="PASS" starttime="20230316 20:41:25.557" endtime="20230316 20:41:25.557"/>
</kw>
<status status="PASS" starttime="20230316 20:41:25.556" endtime="20230316 20:41:25.558"/>
</iter>
<iter>
<var name="${element}">678,13065,13658,4437,9358,7428,5779,2578,4097,7593,1,42154,2,14022,2715,23024,5679,1021,31121,4568,6259,23418,1252,5835,14967,43</var>
<kw name="Log To Console" library="BuiltIn">
<arg>${element}</arg>
<doc>Logs the given message to the console.</doc>
<status status="PASS" starttime="20230316 20:41:25.558" endtime="20230316 20:41:25.559"/>
</kw>
<status status="PASS" starttime="20230316 20:41:25.558" endtime="20230316 20:41:25.559"/>
</iter>
<iter>
<var name="${element}">33,8,5008,2468,445,2,2,1,6959,17667,2006,8155,7381,2,15968,873,19633,7,1922,5784,3995,19130,1510,751,1517,13246,6304,2008,18191,</var>
<kw name="Log To Console" library="BuiltIn">
<arg>${element}</arg>
<doc>Logs the given message to the console.</doc>
<status status="PASS" starttime="20230316 20:41:25.559" endtime="20230316 20:41:25.560"/>
</kw>
<status status="PASS" starttime="20230316 20:41:25.559" endtime="20230316 20:41:25.560"/>
</iter>
<iter>
<var name="${element}">928,10886,8323,14,82,13332,6874,1622,1778,4977,3787,154,4107,6843,2646,1451,3856,531,988,3030,427,5684,1410,890,160,2525,3954,76</var>
<kw name="Log To Console" library="BuiltIn">
<arg>${element}</arg>
<doc>Logs the given message to the console.</doc>
<status status="PASS" starttime="20230316 20:41:25.560" endtime="20230316 20:41:25.561"/>
</kw>
<status status="PASS" starttime="20230316 20:41:25.560" endtime="20230316 20:41:25.561"/>
</iter>
<iter>
<var name="${element}">6,1296,508,6352,1195,187,495,2243,493,1156,108,96,1031,886,1602,7,4663,2323,3570,427,2039,1611,2024,212,2,375,536,3200,1980,64,6</var>
<kw name="Log To Console" library="BuiltIn">
<arg>${element}</arg>
<doc>Logs the given message to the console.</doc>
<status status="PASS" starttime="20230316 20:41:25.562" endtime="20230316 20:41:25.562"/>
</kw>
<status status="PASS" starttime="20230316 20:41:25.561" endtime="20230316 20:41:25.563"/>
</iter>
<iter>
<var name="${element}">69,1,1170,1581,693,249,619,196,1330,3332,295,1311,1150,684,4204,304,224,1417,2830,394,681,565,189,738,994,1081,572,626,679,146,2</var>
<kw name="Log To Console" library="BuiltIn">
<arg>${element}</arg>
<doc>Logs the given message to the console.</doc>
<status status="PASS" starttime="20230316 20:41:25.563" endtime="20230316 20:41:25.564"/>
</kw>
<status status="PASS" starttime="20230316 20:41:25.563" endtime="20230316 20:41:25.564"/>
</iter>
<iter>
<var name="${element}">,827,5,674,370,1366,280,401,57,3,170,3,378,165,487,4,459,43,337,222,222,147,4,4,10,337,1498,89,3,412,281,2,1215,772,870,102,1537</var>
<kw name="Log To Console" library="BuiltIn">
<arg>${element}</arg>
<doc>Logs the given message to the console.</doc>
<status status="PASS" starttime="20230316 20:41:25.564" endtime="20230316 20:41:25.565"/>
</kw>
<status status="PASS" starttime="20230316 20:41:25.564" endtime="20230316 20:41:25.565"/>
</iter>
<iter>
<var name="${element}">,264,12,69,82,74,7,23,100,2,517,115,33,905,3,187,20,1719,200,388,45,1247,5226268,379,335,138,5995423,2803282,3311,141,795,19735,</var>
<kw name="Log To Console" library="BuiltIn">
<arg>${element}</arg>
<doc>Logs the given message to the console.</doc>
<status status="PASS" starttime="20230316 20:41:25.566" endtime="20230316 20:41:25.566"/>
</kw>
<status status="PASS" starttime="20230316 20:41:25.565" endtime="20230316 20:41:25.566"/>
</iter>
<iter>
<var name="${element}">1,1,346,4569,16,23945899,551,2737913,1303679,1964,16673,2893,512,5738,12560,1540,531,920,140,49,567,1595834',kBL:'mLrg'};google.</var>
<kw name="Log To Console" library="BuiltIn">
<arg>${element}</arg>
<doc>Logs the given message to the console.</doc>
<status status="PASS" starttime="20230316 20:41:25.567" endtime="20230316 20:41:25.568"/>
</kw>
<status status="PASS" starttime="20230316 20:41:25.567" endtime="20230316 20:41:25.568"/>
</iter>
<iter>
<var name="${element}">sn='webhp';google.kHL='en-IN';})();(function(){
var f=this||self;var h,k=[];function l(a){for(var b;a&amp;&amp;(!a.getAttribute||!(b=a.g</var>
<kw name="Log To Console" library="BuiltIn">
<arg>${element}</arg>
<doc>Logs the given message to the console.</doc>
<status status="PASS" starttime="20230316 20:41:25.569" endtime="20230316 20:41:25.570"/>
</kw>
<status status="PASS" starttime="20230316 20:41:25.569" endtime="20230316 20:41:25.570"/>
</iter>
<iter>
<var name="${element}">etAttribute("eid")));)a=a.parentNode;return b||h}function m(a){for(var b=null;a&amp;&amp;(!a.getAttribute||!(b=a.getAttribute("leid")));</var>
<kw name="Log To Console" library="BuiltIn">
<arg>${element}</arg>
<doc>Logs the given message to the console.</doc>
<status status="PASS" starttime="20230316 20:41:25.571" endtime="20230316 20:41:25.572"/>
</kw>
<status status="PASS" starttime="20230316 20:41:25.571" endtime="20230316 20:41:25.572"/>
</iter>
<iter>
<var name="${element}">)a=a.parentNode;return b}
function n(a,b,c,d,g){var e="";c||-1!==b.search("&amp;ei=")||(e="&amp;ei="+l(d),-1===b.search("&amp;lei=")&amp;&amp;(d=m(d</var>
<kw name="Log To Console" library="BuiltIn">
<arg>${element}</arg>
<doc>Logs the given message to the console.</doc>
<status status="PASS" starttime="20230316 20:41:25.573" endtime="20230316 20:41:25.573"/>
</kw>
<status status="PASS" starttime="20230316 20:41:25.572" endtime="20230316 20:41:25.574"/>
</iter>
<iter>
<var name="${element}">))&amp;&amp;(e+="&amp;lei="+d));d="";!c&amp;&amp;f._cshid&amp;&amp;-1===b.search("&amp;cshid=")&amp;&amp;"slh"!==a&amp;&amp;(d="&amp;cshid="+f._cshid);c=c||"/"+(g||"gen_204")+"?aty</var>
<kw name="Log To Console" library="BuiltIn">
<arg>${element}</arg>
<doc>Logs the given message to the console.</doc>
<status status="PASS" starttime="20230316 20:41:25.574" endtime="20230316 20:41:25.575"/>
</kw>
<status status="PASS" starttime="20230316 20:41:25.574" endtime="20230316 20:41:25.575"/>
</iter>
<iter>
<var name="${element}">p=i&amp;ct="+a+"&amp;cad="+b+e+"&amp;zx="+Date.now()+d;/^http:/i.test(c)&amp;&amp;"https:"===window.location.protocol&amp;&amp;(google.ml&amp;&amp;google.ml(Error("</var>
<kw name="Log To Console" library="BuiltIn">
<arg>${element}</arg>
<doc>Logs the given message to the console.</doc>
<status status="PASS" starttime="20230316 20:41:25.576" endtime="20230316 20:41:25.576"/>
</kw>
<status status="PASS" starttime="20230316 20:41:25.575" endtime="20230316 20:41:25.577"/>
</iter>
<iter>
<var name="${element}">a"),!1,{src:c,glmm:1}),c="");return c};h=google.kEI;google.getEI=l;google.getLEI=m;google.ml=function(){return null};google.log=</var>
<kw name="Log To Console" library="BuiltIn">
<arg>${element}</arg>
<doc>Logs the given message to the console.</doc>
<status status="PASS" starttime="20230316 20:41:25.577" endtime="20230316 20:41:25.578"/>
</kw>
<status status="PASS" starttime="20230316 20:41:25.577" endtime="20230316 20:41:25.578"/>
</iter>
<iter>
<var name="${element}">function(a,b,c,d,g){if(c=n(a,b,c,d,g)){a=new Image;var e=k.length;k[e]=a;a.onerror=a.onload=a.onabort=function(){delete k[e]};a.</var>
<kw name="Log To Console" library="BuiltIn">
<arg>${element}</arg>
<doc>Logs the given message to the console.</doc>
<status status="PASS" starttime="20230316 20:41:25.579" endtime="20230316 20:41:25.580"/>
</kw>
<status status="PASS" starttime="20230316 20:41:25.578" endtime="20230316 20:41:25.580"/>
</iter>
<iter>
<var name="${element}">src=c}};google.logUrl=n;}).call(this);(function(){google.y={};google.sy=[];google.x=function(a,b){if(a)var c=a.id;else{do c=Math</var>
<kw name="Log To Console" library="BuiltIn">
<arg>${element}</arg>
<doc>Logs the given message to the console.</doc>
<status status="PASS" starttime="20230316 20:41:25.585" endtime="20230316 20:41:25.607"/>
</kw>
<status status="PASS" starttime="20230316 20:41:25.580" endtime="20230316 20:41:25.607"/>
</iter>
<iter>
<var name="${element}">.random();while(google.y[c])}google.y[c]=[a,b];return!1};google.sx=function(a){google.sy.push(a)};google.lm=[];google.plm=functi</var>
<kw name="Log To Console" library="BuiltIn">
<arg>${element}</arg>
<doc>Logs the given message to the console.</doc>
<status status="PASS" starttime="20230316 20:41:25.607" endtime="20230316 20:41:25.609"/>
</kw>
<status status="PASS" starttime="20230316 20:41:25.607" endtime="20230316 20:41:25.609"/>
</iter>
<iter>
<var name="${element}">on(a){google.lm.push.apply(google.lm,a)};google.lq=[];google.load=function(a,b,c){google.lq.push([[a],b,c])};google.loadAll=func</var>
<kw name="Log To Console" library="BuiltIn">
<arg>${element}</arg>
<doc>Logs the given message to the console.</doc>
<status status="PASS" starttime="20230316 20:41:25.609" endtime="20230316 20:41:25.625"/>
</kw>
<status status="PASS" starttime="20230316 20:41:25.609" endtime="20230316 20:41:25.625"/>
</iter>
<iter>
<var name="${element}">tion(a,b){google.lq.push([a,b])};google.bx=!1;google.lx=function(){};}).call(this);google.f={};(function(){
document.documentEle</var>
<kw name="Log To Console" library="BuiltIn">
<arg>${element}</arg>
<doc>Logs the given message to the console.</doc>
<status status="PASS" starttime="20230316 20:41:25.625" endtime="20230316 20:41:25.629"/>
</kw>
<status status="PASS" starttime="20230316 20:41:25.625" endtime="20230316 20:41:25.629"/>
</iter>
<iter>
<var name="${element}">ment.addEventListener("submit",function(b){var a;if(a=b.target){var c=a.getAttribute("data-submitfalse");a="1"===c||"q"===c&amp;&amp;!a.</var>
<kw name="Log To Console" library="BuiltIn">
<arg>${element}</arg>
<doc>Logs the given message to the console.</doc>
<status status="PASS" starttime="20230316 20:41:25.632" endtime="20230316 20:41:25.635"/>
</kw>
<status status="PASS" starttime="20230316 20:41:25.630" endtime="20230316 20:41:25.635"/>
</iter>
<iter>
<var name="${element}">elements.q.value?!0:!1}else a=!1;a&amp;&amp;(b.preventDefault(),b.stopPropagation())},!0);document.documentElement.addEventListener("cli</var>
<kw name="Log To Console" library="BuiltIn">
<arg>${element}</arg>
<doc>Logs the given message to the console.</doc>
<status status="PASS" starttime="20230316 20:41:25.635" endtime="20230316 20:41:25.636"/>
</kw>
<status status="PASS" starttime="20230316 20:41:25.635" endtime="20230316 20:41:25.636"/>
</iter>
<iter>
<var name="${element}">ck",function(b){var a;a:{for(a=b.target;a&amp;&amp;a!==document.documentElement;a=a.parentElement)if("A"===a.tagName){a="1"===a.getAttri</var>
<kw name="Log To Console" library="BuiltIn">
<arg>${element}</arg>
<doc>Logs the given message to the console.</doc>
<status status="PASS" starttime="20230316 20:41:25.636" endtime="20230316 20:41:25.637"/>
</kw>
<status status="PASS" starttime="20230316 20:41:25.636" endtime="20230316 20:41:25.637"/>
</iter>
<iter>
<var name="${element}">bute("data-nohref");break a}a=!1}a&amp;&amp;b.preventDefault()},!0);}).call(this);&lt;/script&gt;&lt;style&gt;#gbar,#guser{font-size:13px;padding-to</var>
<kw name="Log To Console" library="BuiltIn">
<arg>${element}</arg>
<doc>Logs the given message to the console.</doc>
<status status="PASS" starttime="20230316 20:41:25.638" endtime="20230316 20:41:25.639"/>
</kw>
<status status="PASS" starttime="20230316 20:41:25.637" endtime="20230316 20:41:25.640"/>
</iter>
<iter>
<var name="${element}">p:1px !important;}#gbar{height:22px}#guser{padding-bottom:7px !important;text-align:right}.gbh,.gbd{border-top:1px solid #c9d7f1</var>
<kw name="Log To Console" library="BuiltIn">
<arg>${element}</arg>
<doc>Logs the given message to the console.</doc>
<status status="PASS" starttime="20230316 20:41:25.640" endtime="20230316 20:41:25.640"/>
</kw>
<status status="PASS" starttime="20230316 20:41:25.640" endtime="20230316 20:41:25.640"/>
</iter>
<iter>
<var name="${element}">;font-size:1px}.gbh{height:0;position:absolute;top:24px;width:100%}@media all{.gb1{height:22px;margin-right:.5em;vertical-align:</var>
<kw name="Log To Console" library="BuiltIn">
<arg>${element}</arg>
<doc>Logs the given message to the console.</doc>
<status status="PASS" starttime="20230316 20:41:25.641" endtime="20230316 20:41:25.641"/>
</kw>
<status status="PASS" starttime="20230316 20:41:25.641" endtime="20230316 20:41:25.641"/>
</iter>
<iter>
<var name="${element}">top}#gbar{float:left}}a.gb1,a.gb4{text-decoration:underline !important}a.gb1,a.gb4{color:#00c !important}.gbi .gb4{color:#dd8e27</var>
<kw name="Log To Console" library="BuiltIn">
<arg>${element}</arg>
<doc>Logs the given message to the console.</doc>
<status status="PASS" starttime="20230316 20:41:25.651" endtime="20230316 20:41:25.656"/>
</kw>
<status status="PASS" starttime="20230316 20:41:25.650" endtime="20230316 20:41:25.656"/>
</iter>
<iter>
<var name="${element}"> !important}.gbf .gb4{color:#900 !important}
&lt;/style&gt;&lt;style&gt;body,td,a,p,.h{font-family:arial,sans-serif}body{margin:0;overflow-y</var>
<kw name="Log To Console" library="BuiltIn">
<arg>${element}</arg>
<doc>Logs the given message to the console.</doc>
<status status="PASS" starttime="20230316 20:41:25.656" endtime="20230316 20:41:25.658"/>
</kw>
<status status="PASS" starttime="20230316 20:41:25.656" endtime="20230316 20:41:25.658"/>
</iter>
<iter>
<var name="${element}">:scroll}#gog{padding:3px 8px 0}td{line-height:.8em}.gac_m td{line-height:17px}form{margin-bottom:20px}.h{color:#1558d6}em{font-w</var>
<kw name="Log To Console" library="BuiltIn">
<arg>${element}</arg>
<doc>Logs the given message to the console.</doc>
<status status="PASS" starttime="20230316 20:41:25.659" endtime="20230316 20:41:25.659"/>
</kw>
<status status="PASS" starttime="20230316 20:41:25.658" endtime="20230316 20:41:25.660"/>
</iter>
<iter>
<var name="${element}">eight:bold;font-style:normal}.lst{height:25px;width:496px}.gsfi,.lst{font:18px arial,sans-serif}.gsfs{font:17px arial,sans-serif</var>
<kw name="Log To Console" library="BuiltIn">
<arg>${element}</arg>
<doc>Logs the given message to the console.</doc>
<status status="PASS" starttime="20230316 20:41:25.660" endtime="20230316 20:41:25.662"/>
</kw>
<status status="PASS" starttime="20230316 20:41:25.660" endtime="20230316 20:41:25.662"/>
</iter>
<iter>
<var name="${element}">}.ds{display:inline-box;display:inline-block;margin:3px 0 4px;margin-left:4px}input{font-family:inherit}body{background:#fff;col</var>
<kw name="Log To Console" library="BuiltIn">
<arg>${element}</arg>
<doc>Logs the given message to the console.</doc>
<status status="PASS" starttime="20230316 20:41:25.663" endtime="20230316 20:41:25.664"/>
</kw>
<status status="PASS" starttime="20230316 20:41:25.662" endtime="20230316 20:41:25.664"/>
</iter>
<iter>
<var name="${element}">or:#000}a{color:#4b11a8;text-decoration:none}a:hover,a:active{text-decoration:underline}.fl a{color:#1558d6}a:visited{color:#4b1</var>
<kw name="Log To Console" library="BuiltIn">
<arg>${element}</arg>
<doc>Logs the given message to the console.</doc>
<status status="PASS" starttime="20230316 20:41:25.665" endtime="20230316 20:41:25.666"/>
</kw>
<status status="PASS" starttime="20230316 20:41:25.665" endtime="20230316 20:41:25.666"/>
</iter>
<iter>
<var name="${element}">1a8}.sblc{padding-top:5px}.sblc a{display:block;margin:2px 0;margin-left:13px;font-size:11px}.lsbb{background:#f8f9fa;border:sol</var>
<kw name="Log To Console" library="BuiltIn">
<arg>${element}</arg>
<doc>Logs the given message to the console.</doc>
<status status="PASS" starttime="20230316 20:41:25.667" endtime="20230316 20:41:25.669"/>
</kw>
<status status="PASS" starttime="20230316 20:41:25.667" endtime="20230316 20:41:25.669"/>
</iter>
<iter>
<var name="${element}">id 1px;border-color:#dadce0 #70757a #70757a #dadce0;height:30px}.lsbb{display:block}#WqQANb a{display:inline-block;margin:0 12px</var>
<kw name="Log To Console" library="BuiltIn">
<arg>${element}</arg>
<doc>Logs the given message to the console.</doc>
<status status="PASS" starttime="20230316 20:41:25.669" endtime="20230316 20:41:25.670"/>
</kw>
<status status="PASS" starttime="20230316 20:41:25.669" endtime="20230316 20:41:25.670"/>
</iter>
<iter>
<var name="${element}">}.lsb{background:url(/images/nav_logo229.png) 0 -261px repeat-x;border:none;color:#000;cursor:pointer;height:30px;margin:0;outli</var>
<kw name="Log To Console" library="BuiltIn">
<arg>${element}</arg>
<doc>Logs the given message to the console.</doc>
<status status="PASS" starttime="20230316 20:41:25.670" endtime="20230316 20:41:25.672"/>
</kw>
<status status="PASS" starttime="20230316 20:41:25.670" endtime="20230316 20:41:25.672"/>
</iter>
<iter>
<var name="${element}">ne:0;font:15px arial,sans-serif;vertical-align:top}.lsb:active{background:#dadce0}.lst:focus{outline:none}&lt;/style&gt;&lt;script nonce=</var>
<kw name="Log To Console" library="BuiltIn">
<arg>${element}</arg>
<doc>Logs the given message to the console.</doc>
<status status="PASS" starttime="20230316 20:41:25.672" endtime="20230316 20:41:25.672"/>
</kw>
<status status="PASS" starttime="20230316 20:41:25.672" endtime="20230316 20:41:25.672"/>
</iter>
<iter>
<var name="${element}">"7kE64tWqv8ssWdpHOOf_uw"&gt;(function(){window.google.erd={jsr:1,bv:1760,de:true};
var h=this||self;var k,l=null!=(k=h.mei)?k:1,n,p</var>
<kw name="Log To Console" library="BuiltIn">
<arg>${element}</arg>
<doc>Logs the given message to the console.</doc>
<status status="PASS" starttime="20230316 20:41:25.673" endtime="20230316 20:41:25.674"/>
</kw>
<status status="PASS" starttime="20230316 20:41:25.673" endtime="20230316 20:41:25.674"/>
</iter>
<iter>
<var name="${element}">=null!=(n=h.sdo)?n:!0,q=0,r,t=google.erd,v=t.jsr;google.ml=function(a,b,d,m,e){e=void 0===e?2:e;b&amp;&amp;(r=a&amp;&amp;a.message);if(google.dl</var>
<kw name="Log To Console" library="BuiltIn">
<arg>${element}</arg>
<doc>Logs the given message to the console.</doc>
<status status="PASS" starttime="20230316 20:41:25.675" endtime="20230316 20:41:25.676"/>
</kw>
<status status="PASS" starttime="20230316 20:41:25.674" endtime="20230316 20:41:25.676"/>
</iter>
<iter>
<var name="${element}">)return google.dl(a,e,d),null;if(0&gt;v){window.console&amp;&amp;console.error(a,d);if(-2===v)throw a;b=!1}else b=!a||!a.message||"Error lo</var>
<kw name="Log To Console" library="BuiltIn">
<arg>${element}</arg>
<doc>Logs the given message to the console.</doc>
<status status="PASS" starttime="20230316 20:41:25.676" endtime="20230316 20:41:25.676"/>
</kw>
<status status="PASS" starttime="20230316 20:41:25.676" endtime="20230316 20:41:25.677"/>
</iter>
<iter>
<var name="${element}">ading script"===a.message||q&gt;=l&amp;&amp;!m?!1:!0;if(!b)return null;q++;d=d||{};b=encodeURIComponent;var c="/gen_204?atyp=i&amp;ei="+b(googl</var>
<kw name="Log To Console" library="BuiltIn">
<arg>${element}</arg>
<doc>Logs the given message to the console.</doc>
<status status="PASS" starttime="20230316 20:41:25.677" endtime="20230316 20:41:25.678"/>
</kw>
<status status="PASS" starttime="20230316 20:41:25.677" endtime="20230316 20:41:25.678"/>
</iter>
<iter>
<var name="${element}">e.kEI);google.kEXPI&amp;&amp;(c+="&amp;jexpid="+b(google.kEXPI));c+="&amp;srcpg="+b(google.sn)+"&amp;jsr="+b(t.jsr)+"&amp;bver="+b(t.bv);var f=a.lineNum</var>
<kw name="Log To Console" library="BuiltIn">
<arg>${element}</arg>
<doc>Logs the given message to the console.</doc>
<status status="PASS" starttime="20230316 20:41:25.679" endtime="20230316 20:41:25.680"/>
</kw>
<status status="PASS" starttime="20230316 20:41:25.679" endtime="20230316 20:41:25.681"/>
</iter>
<iter>
<var name="${element}">ber;void 0!==f&amp;&amp;(c+="&amp;line="+f);var g=
a.fileName;g&amp;&amp;(0&lt;g.indexOf("-extension:/")&amp;&amp;(e=3),c+="&amp;script="+b(g),f&amp;&amp;g===window.locati</var>
<kw name="Log To Console" library="BuiltIn">
<arg>${element}</arg>
<doc>Logs the given message to the console.</doc>
<status status="PASS" starttime="20230316 20:41:25.681" endtime="20230316 20:41:25.682"/>
</kw>
<status status="PASS" starttime="20230316 20:41:25.681" endtime="20230316 20:41:25.683"/>
</iter>
<iter>
<var name="${element}">on.href&amp;&amp;(f=document.documentElement.outerHTML.split("\n")[f],c+="&amp;cad="+b(f?f.substring(0,300):"No script found.")));c+="&amp;jsel=</var>
<kw name="Log To Console" library="BuiltIn">
<arg>${element}</arg>
<doc>Logs the given message to the console.</doc>
<status status="PASS" starttime="20230316 20:41:25.684" endtime="20230316 20:41:25.684"/>
</kw>
<status status="PASS" starttime="20230316 20:41:25.684" endtime="20230316 20:41:25.684"/>
</iter>
<iter>
<var name="${element}">"+e;for(var u in d)c+="&amp;",c+=b(u),c+="=",c+=b(d[u]);c=c+"&amp;emsg="+b(a.name+": "+a.message);c=c+"&amp;jsst="+b(a.stack||"N/A");12288&lt;=</var>
<kw name="Log To Console" library="BuiltIn">
<arg>${element}</arg>
<doc>Logs the given message to the console.</doc>
<status status="PASS" starttime="20230316 20:41:25.685" endtime="20230316 20:41:25.685"/>
</kw>
<status status="PASS" starttime="20230316 20:41:25.685" endtime="20230316 20:41:25.686"/>
</iter>
<iter>
<var name="${element}">c.length&amp;&amp;(c=c.substr(0,12288));a=c;m||google.log(0,"",a);return a};window.onerror=function(a,b,d,m,e){r!==a&amp;&amp;(a=e instanceof Er</var>
<kw name="Log To Console" library="BuiltIn">
<arg>${element}</arg>
<doc>Logs the given message to the console.</doc>
<status status="PASS" starttime="20230316 20:41:25.686" endtime="20230316 20:41:25.686"/>
</kw>
<status status="PASS" starttime="20230316 20:41:25.686" endtime="20230316 20:41:25.687"/>
</iter>
<iter>
<var name="${element}">ror?e:Error(a),void 0===d||"lineNumber"in a||(a.lineNumber=d),void 0===b||"fileName"in a||(a.fileName=b),google.ml(a,!1,void 0,!</var>
<kw name="Log To Console" library="BuiltIn">
<arg>${element}</arg>
<doc>Logs the given message to the console.</doc>
<status status="PASS" starttime="20230316 20:41:25.687" endtime="20230316 20:41:25.688"/>
</kw>
<status status="PASS" starttime="20230316 20:41:25.687" endtime="20230316 20:41:25.688"/>
</iter>
<iter>
<var name="${element}">1,"SyntaxError"===a.name||"SyntaxError"===a.message.substring(0,11)||-1!==a.message.indexOf("Script error")?3:0));r=null;p&amp;&amp;q&gt;=l</var>
<kw name="Log To Console" library="BuiltIn">
<arg>${element}</arg>
<doc>Logs the given message to the console.</doc>
<status status="PASS" starttime="20230316 20:41:25.688" endtime="20230316 20:41:25.689"/>
</kw>
<status status="PASS" starttime="20230316 20:41:25.688" endtime="20230316 20:41:25.689"/>
</iter>
<iter>
<var name="${element}">&amp;&amp;(window.onerror=null)};})();&lt;/script&gt;&lt;/head&gt;&lt;body bgcolor="#fff"&gt;&lt;script nonce="7kE64tWqv8ssWdpHOOf_uw"&gt;(function(){var src='/</var>
<kw name="Log To Console" library="BuiltIn">
<arg>${element}</arg>
<doc>Logs the given message to the console.</doc>
<status status="PASS" starttime="20230316 20:41:25.689" endtime="20230316 20:41:25.690"/>
</kw>
<status status="PASS" starttime="20230316 20:41:25.689" endtime="20230316 20:41:25.690"/>
</iter>
<iter>
<var name="${element}">images/nav_logo229.png';var iesg=false;document.body.onload = function(){window.n &amp;&amp; window.n();if (document.images){new Image()</var>
<kw name="Log To Console" library="BuiltIn">
<arg>${element}</arg>
<doc>Logs the given message to the console.</doc>
<status status="PASS" starttime="20230316 20:41:25.690" endtime="20230316 20:41:25.691"/>
</kw>
<status status="PASS" starttime="20230316 20:41:25.690" endtime="20230316 20:41:25.691"/>
</iter>
<iter>
<var name="${element}">.src=src;}
if (!iesg){document.f&amp;&amp;document.f.q.focus();document.gbqf&amp;&amp;document.gbqf.q.focus();}
}
})();&lt;/script&gt;&lt;div id="mngb"&gt;&lt;</var>
<kw name="Log To Console" library="BuiltIn">
<arg>${element}</arg>
<doc>Logs the given message to the console.</doc>
<status status="PASS" starttime="20230316 20:41:25.692" endtime="20230316 20:41:25.692"/>
</kw>
<status status="PASS" starttime="20230316 20:41:25.692" endtime="20230316 20:41:25.693"/>
</iter>
<iter>
<var name="${element}">div id=gbar&gt;&lt;nobr&gt;&lt;b class=gb1&gt;Search&lt;/b&gt; &lt;a class=gb1 href="https://www.google.co.in/imghp?hl=en&amp;tab=wi"&gt;Images&lt;/a&gt; &lt;a class=gb</var>
<kw name="Log To Console" library="BuiltIn">
<arg>${element}</arg>
<doc>Logs the given message to the console.</doc>
<status status="PASS" starttime="20230316 20:41:25.693" endtime="20230316 20:41:25.694"/>
</kw>
<status status="PASS" starttime="20230316 20:41:25.693" endtime="20230316 20:41:25.694"/>
</iter>
<iter>
<var name="${element}">1 href="https://maps.google.co.in/maps?hl=en&amp;tab=wl"&gt;Maps&lt;/a&gt; &lt;a class=gb1 href="https://play.google.com/?hl=en&amp;tab=w8"&gt;Play&lt;/a&gt;</var>
<kw name="Log To Console" library="BuiltIn">
<arg>${element}</arg>
<doc>Logs the given message to the console.</doc>
<status status="PASS" starttime="20230316 20:41:25.694" endtime="20230316 20:41:25.695"/>
</kw>
<status status="PASS" starttime="20230316 20:41:25.694" endtime="20230316 20:41:25.695"/>
</iter>
<iter>
<var name="${element}"> &lt;a class=gb1 href="https://www.youtube.com/?tab=w1"&gt;YouTube&lt;/a&gt; &lt;a class=gb1 href="https://news.google.com/?tab=wn"&gt;News&lt;/a&gt; &lt;a</var>
<kw name="Log To Console" library="BuiltIn">
<arg>${element}</arg>
<doc>Logs the given message to the console.</doc>
<status status="PASS" starttime="20230316 20:41:25.696" endtime="20230316 20:41:25.697"/>
</kw>
<status status="PASS" starttime="20230316 20:41:25.695" endtime="20230316 20:41:25.697"/>
</iter>
<iter>
<var name="${element}"> class=gb1 href="https://mail.google.com/mail/?tab=wm"&gt;Gmail&lt;/a&gt; &lt;a class=gb1 href="https://drive.google.com/?tab=wo"&gt;Drive&lt;/a&gt; </var>
<kw name="Log To Console" library="BuiltIn">
<arg>${element}</arg>
<doc>Logs the given message to the console.</doc>
<status status="PASS" starttime="20230316 20:41:25.698" endtime="20230316 20:41:25.699"/>
</kw>
<status status="PASS" starttime="20230316 20:41:25.698" endtime="20230316 20:41:25.699"/>
</iter>
<iter>
<var name="${element}">&lt;a class=gb1 style="text-decoration:none" href="https://www.google.co.in/intl/en/about/products?tab=wh"&gt;&lt;u&gt;More&lt;/u&gt; &amp;raquo;&lt;/a&gt;&lt;</var>
<kw name="Log To Console" library="BuiltIn">
<arg>${element}</arg>
<doc>Logs the given message to the console.</doc>
<status status="PASS" starttime="20230316 20:41:25.701" endtime="20230316 20:41:25.702"/>
</kw>
<status status="PASS" starttime="20230316 20:41:25.699" endtime="20230316 20:41:25.702"/>
</iter>
<iter>
<var name="${element}">/nobr&gt;&lt;/div&gt;&lt;div id=guser width=100%&gt;&lt;nobr&gt;&lt;span id=gbn class=gbi&gt;&lt;/span&gt;&lt;span id=gbf class=gbf&gt;&lt;/span&gt;&lt;span id=gbe&gt;&lt;/span&gt;&lt;a hr</var>
<kw name="Log To Console" library="BuiltIn">
<arg>${element}</arg>
<doc>Logs the given message to the console.</doc>
<status status="PASS" starttime="20230316 20:41:25.703" endtime="20230316 20:41:25.703"/>
</kw>
<status status="PASS" starttime="20230316 20:41:25.702" endtime="20230316 20:41:25.703"/>
</iter>
<iter>
<var name="${element}">ef="http://www.google.co.in/history/optout?hl=en" class=gb4&gt;Web History&lt;/a&gt; | &lt;a  href="/preferences?hl=en" class=gb4&gt;Settings&lt;/</var>
<kw name="Log To Console" library="BuiltIn">
<arg>${element}</arg>
<doc>Logs the given message to the console.</doc>
<status status="PASS" starttime="20230316 20:41:25.704" endtime="20230316 20:41:25.704"/>
</kw>
<status status="PASS" starttime="20230316 20:41:25.703" endtime="20230316 20:41:25.704"/>
</iter>
<iter>
<var name="${element}">a&gt; | &lt;a target=_top id=gb_70 href="https://accounts.google.com/ServiceLogin?hl=en&amp;passive=true&amp;continue=https://www.google.com/%</var>
<kw name="Log To Console" library="BuiltIn">
<arg>${element}</arg>
<doc>Logs the given message to the console.</doc>
<status status="PASS" starttime="20230316 20:41:25.705" endtime="20230316 20:41:25.705"/>
</kw>
<status status="PASS" starttime="20230316 20:41:25.705" endtime="20230316 20:41:25.706"/>
</iter>
<iter>
<var name="${element}">3Fjson&amp;ec=GAZAAQ" class=gb4&gt;Sign in&lt;/a&gt;&lt;/nobr&gt;&lt;/div&gt;&lt;div class=gbh style=left:0&gt;&lt;/div&gt;&lt;div class=gbh style=right:0&gt;&lt;/div&gt;&lt;/div&gt;&lt;</var>
<kw name="Log To Console" library="BuiltIn">
<arg>${element}</arg>
<doc>Logs the given message to the console.</doc>
<status status="PASS" starttime="20230316 20:41:25.706" endtime="20230316 20:41:25.706"/>
</kw>
<status status="PASS" starttime="20230316 20:41:25.706" endtime="20230316 20:41:25.707"/>
</iter>
<iter>
<var name="${element}">center&gt;&lt;br clear="all" id="lgpd"&gt;&lt;div id="lga"&gt;&lt;img alt="Google" height="92" src="/images/branding/googlelogo/1x/googlelogo_whit</var>
<kw name="Log To Console" library="BuiltIn">
<arg>${element}</arg>
<doc>Logs the given message to the console.</doc>
<status status="PASS" starttime="20230316 20:41:25.707" endtime="20230316 20:41:25.707"/>
</kw>
<status status="PASS" starttime="20230316 20:41:25.707" endtime="20230316 20:41:25.708"/>
</iter>
<iter>
<var name="${element}">e_background_color_272x92dp.png" style="padding:28px 0 14px" width="272" id="hplogo"&gt;&lt;br&gt;&lt;br&gt;&lt;/div&gt;&lt;form action="/search" name="</var>
<kw name="Log To Console" library="BuiltIn">
<arg>${element}</arg>
<doc>Logs the given message to the console.</doc>
<status status="PASS" starttime="20230316 20:41:25.708" endtime="20230316 20:41:25.709"/>
</kw>
<status status="PASS" starttime="20230316 20:41:25.708" endtime="20230316 20:41:25.709"/>
</iter>
<iter>
<var name="${element}">f"&gt;&lt;table cellpadding="0" cellspacing="0"&gt;&lt;tr valign="top"&gt;&lt;td width="25%"&gt;&amp;nbsp;&lt;/td&gt;&lt;td align="center" nowrap=""&gt;&lt;input name="</var>
<kw name="Log To Console" library="BuiltIn">
<arg>${element}</arg>
<doc>Logs the given message to the console.</doc>
<status status="PASS" starttime="20230316 20:41:25.709" endtime="20230316 20:41:25.710"/>
</kw>
<status status="PASS" starttime="20230316 20:41:25.709" endtime="20230316 20:41:25.710"/>
</iter>
<iter>
<var name="${element}">ie" value="ISO-8859-1" type="hidden"&gt;&lt;input value="en-IN" name="hl" type="hidden"&gt;&lt;input name="source" type="hidden" value="hp"&gt;</var>
<kw name="Log To Console" library="BuiltIn">
<arg>${element}</arg>
<doc>Logs the given message to the console.</doc>
<status status="PASS" starttime="20230316 20:41:25.710" endtime="20230316 20:41:25.711"/>
</kw>
<status status="PASS" starttime="20230316 20:41:25.710" endtime="20230316 20:41:25.711"/>
</iter>
<iter>
<var name="${element}">&lt;input name="biw" type="hidden"&gt;&lt;input name="bih" type="hidden"&gt;&lt;div class="ds" style="height:32px;margin:4px 0"&gt;&lt;input class="l</var>
<kw name="Log To Console" library="BuiltIn">
<arg>${element}</arg>
<doc>Logs the given message to the console.</doc>
<status status="PASS" starttime="20230316 20:41:25.712" endtime="20230316 20:41:25.713"/>
</kw>
<status status="PASS" starttime="20230316 20:41:25.711" endtime="20230316 20:41:25.713"/>
</iter>
<iter>
<var name="${element}">st" style="margin:0;padding:5px 8px 0 6px;vertical-align:top;color:#000" autocomplete="off" value="" title="Google Search" maxle</var>
<kw name="Log To Console" library="BuiltIn">
<arg>${element}</arg>
<doc>Logs the given message to the console.</doc>
<status status="PASS" starttime="20230316 20:41:25.715" endtime="20230316 20:41:25.716"/>
</kw>
<status status="PASS" starttime="20230316 20:41:25.714" endtime="20230316 20:41:25.716"/>
</iter>
<iter>
<var name="${element}">ngth="2048" name="q" size="57"&gt;&lt;/div&gt;&lt;br style="line-height:0"&gt;&lt;span class="ds"&gt;&lt;span class="lsbb"&gt;&lt;input class="lsb" value="Goo</var>
<kw name="Log To Console" library="BuiltIn">
<arg>${element}</arg>
<doc>Logs the given message to the console.</doc>
<status status="PASS" starttime="20230316 20:41:25.717" endtime="20230316 20:41:25.718"/>
</kw>
<status status="PASS" starttime="20230316 20:41:25.717" endtime="20230316 20:41:25.718"/>
</iter>
<iter>
<var name="${element}">gle Search" name="btnG" type="submit"&gt;&lt;/span&gt;&lt;/span&gt;&lt;span class="ds"&gt;&lt;span class="lsbb"&gt;&lt;input class="lsb" id="tsuid_1" value="I</var>
<kw name="Log To Console" library="BuiltIn">
<arg>${element}</arg>
<doc>Logs the given message to the console.</doc>
<status status="PASS" starttime="20230316 20:41:25.718" endtime="20230316 20:41:25.719"/>
</kw>
<status status="PASS" starttime="20230316 20:41:25.718" endtime="20230316 20:41:25.719"/>
</iter>
<iter>
<var name="${element}">'m Feeling Lucky" name="btnI" type="submit"&gt;&lt;script nonce="7kE64tWqv8ssWdpHOOf_uw"&gt;(function(){var id='tsuid_1';document.getElem</var>
<kw name="Log To Console" library="BuiltIn">
<arg>${element}</arg>
<doc>Logs the given message to the console.</doc>
<status status="PASS" starttime="20230316 20:41:25.719" endtime="20230316 20:41:25.720"/>
</kw>
<status status="PASS" starttime="20230316 20:41:25.719" endtime="20230316 20:41:25.720"/>
</iter>
<iter>
<var name="${element}">entById(id).onclick = function(){if (this.form.q.value){this.checked = 1;if (this.form.iflsig)this.form.iflsig.disabled = false;</var>
<kw name="Log To Console" library="BuiltIn">
<arg>${element}</arg>
<doc>Logs the given message to the console.</doc>
<status status="PASS" starttime="20230316 20:41:25.721" endtime="20230316 20:41:25.721"/>
</kw>
<status status="PASS" starttime="20230316 20:41:25.720" endtime="20230316 20:41:25.721"/>
</iter>
<iter>
<var name="${element}">}
else top.location='/doodles/';};})();&lt;/script&gt;&lt;input value="AK50M_UAAAAAZBM_rceCDow90mDoQM3fma2Mtb0gvU32" name="iflsig" type="</var>
<kw name="Log To Console" library="BuiltIn">
<arg>${element}</arg>
<doc>Logs the given message to the console.</doc>
<status status="PASS" starttime="20230316 20:41:25.722" endtime="20230316 20:41:25.722"/>
</kw>
<status status="PASS" starttime="20230316 20:41:25.721" endtime="20230316 20:41:25.722"/>
</iter>
<iter>
<var name="${element}">hidden"&gt;&lt;/span&gt;&lt;/span&gt;&lt;/td&gt;&lt;td class="fl sblc" align="left" nowrap="" width="25%"&gt;&lt;a href="/advanced_search?hl=en-IN&amp;amp;authuse</var>
<kw name="Log To Console" library="BuiltIn">
<arg>${element}</arg>
<doc>Logs the given message to the console.</doc>
<status status="PASS" starttime="20230316 20:41:25.723" endtime="20230316 20:41:25.723"/>
</kw>
<status status="PASS" starttime="20230316 20:41:25.723" endtime="20230316 20:41:25.723"/>
</iter>
<iter>
<var name="${element}">r=0"&gt;Advanced search&lt;/a&gt;&lt;/td&gt;&lt;/tr&gt;&lt;/table&gt;&lt;input id="gbv" name="gbv" type="hidden" value="1"&gt;&lt;script nonce="7kE64tWqv8ssWdpHOOf_</var>
<kw name="Log To Console" library="BuiltIn">
<arg>${element}</arg>
<doc>Logs the given message to the console.</doc>
<status status="PASS" starttime="20230316 20:41:25.724" endtime="20230316 20:41:25.724"/>
</kw>
<status status="PASS" starttime="20230316 20:41:25.724" endtime="20230316 20:41:25.724"/>
</iter>
<iter>
<var name="${element}">uw"&gt;(function(){var a,b="1";if(document&amp;&amp;document.getElementById)if("undefined"!=typeof XMLHttpRequest)b="2";else if("undefined"</var>
<kw name="Log To Console" library="BuiltIn">
<arg>${element}</arg>
<doc>Logs the given message to the console.</doc>
<status status="PASS" starttime="20230316 20:41:25.725" endtime="20230316 20:41:25.725"/>
</kw>
<status status="PASS" starttime="20230316 20:41:25.725" endtime="20230316 20:41:25.726"/>
</iter>
<iter>
<var name="${element}">!=typeof ActiveXObject){var c,d,e=["MSXML2.XMLHTTP.6.0","MSXML2.XMLHTTP.3.0","MSXML2.XMLHTTP","Microsoft.XMLHTTP"];for(c=0;d=e[c</var>
<kw name="Log To Console" library="BuiltIn">
<arg>${element}</arg>
<doc>Logs the given message to the console.</doc>
<status status="PASS" starttime="20230316 20:41:25.726" endtime="20230316 20:41:25.726"/>
</kw>
<status status="PASS" starttime="20230316 20:41:25.726" endtime="20230316 20:41:25.727"/>
</iter>
<iter>
<var name="${element}">++];)try{new ActiveXObject(d),b="2"}catch(h){}}a=b;if("2"==a&amp;&amp;-1==location.search.indexOf("&amp;gbv=2")){var f=google.gbvu,g=documen</var>
<kw name="Log To Console" library="BuiltIn">
<arg>${element}</arg>
<doc>Logs the given message to the console.</doc>
<status status="PASS" starttime="20230316 20:41:25.727" endtime="20230316 20:41:25.727"/>
</kw>
<status status="PASS" starttime="20230316 20:41:25.727" endtime="20230316 20:41:25.728"/>
</iter>
<iter>
<var name="${element}">t.getElementById("gbv");g&amp;&amp;(g.value=a);f&amp;&amp;window.setTimeout(function(){location.href=f},0)};}).call(this);&lt;/script&gt;&lt;/form&gt;&lt;div i</var>
<kw name="Log To Console" library="BuiltIn">
<arg>${element}</arg>
<doc>Logs the given message to the console.</doc>
<status status="PASS" starttime="20230316 20:41:25.728" endtime="20230316 20:41:25.729"/>
</kw>
<status status="PASS" starttime="20230316 20:41:25.728" endtime="20230316 20:41:25.729"/>
</iter>
<iter>
<var name="${element}">d="gac_scont"&gt;&lt;/div&gt;&lt;div style="font-size:83%;min-height:3.5em"&gt;&lt;br&gt;&lt;div id="gws-output-pages-elements-homepage_additional_langu</var>
<kw name="Log To Console" library="BuiltIn">
<arg>${element}</arg>
<doc>Logs the given message to the console.</doc>
<status status="PASS" starttime="20230316 20:41:25.730" endtime="20230316 20:41:25.731"/>
</kw>
<status status="PASS" starttime="20230316 20:41:25.730" endtime="20230316 20:41:25.731"/>
</iter>
<iter>
<var name="${element}">ages__als"&gt;&lt;style&gt;#gws-output-pages-elements-homepage_additional_languages__als{font-size:small;margin-bottom:24px}#SIvCob{color</var>
<kw name="Log To Console" library="BuiltIn">
<arg>${element}</arg>
<doc>Logs the given message to the console.</doc>
<status status="PASS" starttime="20230316 20:41:25.733" endtime="20230316 20:41:25.734"/>
</kw>
<status status="PASS" starttime="20230316 20:41:25.732" endtime="20230316 20:41:25.734"/>
</iter>
<iter>
<var name="${element}">:#3c4043;display:inline-block;line-height:28px;}#SIvCob a{padding:0 3px;}.H6sW5{display:inline-block;margin:0 2px;white-space:no</var>
<kw name="Log To Console" library="BuiltIn">
<arg>${element}</arg>
<doc>Logs the given message to the console.</doc>
<status status="PASS" starttime="20230316 20:41:25.734" endtime="20230316 20:41:25.735"/>
</kw>
<status status="PASS" starttime="20230316 20:41:25.734" endtime="20230316 20:41:25.735"/>
</iter>
<iter>
<var name="${element}">wrap}.z4hgWe{display:inline-block;margin:0 2px}&lt;/style&gt;&lt;div id="SIvCob"&gt;Google offered in:  &lt;a href="https://www.google.com/setp</var>
<kw name="Log To Console" library="BuiltIn">
<arg>${element}</arg>
<doc>Logs the given message to the console.</doc>
<status status="PASS" starttime="20230316 20:41:25.735" endtime="20230316 20:41:25.736"/>
</kw>
<status status="PASS" starttime="20230316 20:41:25.735" endtime="20230316 20:41:25.736"/>
</iter>
<iter>
<var name="${element}">refs?sig=0_AeAgOoaTx5oNefjUPqDe9QaP-iE%3D&amp;amp;hl=hi&amp;amp;source=homepage&amp;amp;sa=X&amp;amp;ved=0ahUKEwjm2cH-3eD9AhUfS2wGHbl_DoIQ2ZgBCA</var>
<kw name="Log To Console" library="BuiltIn">
<arg>${element}</arg>
<doc>Logs the given message to the console.</doc>
<status status="PASS" starttime="20230316 20:41:25.737" endtime="20230316 20:41:25.737"/>
</kw>
<status status="PASS" starttime="20230316 20:41:25.736" endtime="20230316 20:41:25.737"/>
</iter>
<iter>
<var name="${element}">U"&gt;&amp;#2361;&amp;#2367;&amp;#2344;&amp;#2381;&amp;#2342;&amp;#2368;&lt;/a&gt;    &lt;a href="https://www.google.com/setprefs?sig=0_AeAgOoaTx5oNefjUPqDe9QaP-iE%</var>
<kw name="Log To Console" library="BuiltIn">
<arg>${element}</arg>
<doc>Logs the given message to the console.</doc>
<status status="PASS" starttime="20230316 20:41:25.738" endtime="20230316 20:41:25.738"/>
</kw>
<status status="PASS" starttime="20230316 20:41:25.737" endtime="20230316 20:41:25.738"/>
</iter>
<iter>
<var name="${element}">3D&amp;amp;hl=bn&amp;amp;source=homepage&amp;amp;sa=X&amp;amp;ved=0ahUKEwjm2cH-3eD9AhUfS2wGHbl_DoIQ2ZgBCAY"&gt;&amp;#2476;&amp;#2494;&amp;#2434;&amp;#2482;&amp;#2494;&lt;</var>
<kw name="Log To Console" library="BuiltIn">
<arg>${element}</arg>
<doc>Logs the given message to the console.</doc>
<status status="PASS" starttime="20230316 20:41:25.739" endtime="20230316 20:41:25.739"/>
</kw>
<status status="PASS" starttime="20230316 20:41:25.738" endtime="20230316 20:41:25.739"/>
</iter>
<iter>
<var name="${element}">/a&gt;    &lt;a href="https://www.google.com/setprefs?sig=0_AeAgOoaTx5oNefjUPqDe9QaP-iE%3D&amp;amp;hl=te&amp;amp;source=homepage&amp;amp;sa=X&amp;amp;</var>
<kw name="Log To Console" library="BuiltIn">
<arg>${element}</arg>
<doc>Logs the given message to the console.</doc>
<status status="PASS" starttime="20230316 20:41:25.740" endtime="20230316 20:41:25.740"/>
</kw>
<status status="PASS" starttime="20230316 20:41:25.739" endtime="20230316 20:41:25.740"/>
</iter>
<iter>
<var name="${element}">ved=0ahUKEwjm2cH-3eD9AhUfS2wGHbl_DoIQ2ZgBCAc"&gt;&amp;#3108;&amp;#3142;&amp;#3122;&amp;#3137;&amp;#3095;&amp;#3137;&lt;/a&gt;    &lt;a href="https://www.google.com/</var>
<kw name="Log To Console" library="BuiltIn">
<arg>${element}</arg>
<doc>Logs the given message to the console.</doc>
<status status="PASS" starttime="20230316 20:41:25.741" endtime="20230316 20:41:25.741"/>
</kw>
<status status="PASS" starttime="20230316 20:41:25.740" endtime="20230316 20:41:25.741"/>
</iter>
<iter>
<var name="${element}">setprefs?sig=0_AeAgOoaTx5oNefjUPqDe9QaP-iE%3D&amp;amp;hl=mr&amp;amp;source=homepage&amp;amp;sa=X&amp;amp;ved=0ahUKEwjm2cH-3eD9AhUfS2wGHbl_DoIQ2Z</var>
<kw name="Log To Console" library="BuiltIn">
<arg>${element}</arg>
<doc>Logs the given message to the console.</doc>
<status status="PASS" starttime="20230316 20:41:25.742" endtime="20230316 20:41:25.742"/>
</kw>
<status status="PASS" starttime="20230316 20:41:25.741" endtime="20230316 20:41:25.742"/>
</iter>
<iter>
<var name="${element}">gBCAg"&gt;&amp;#2350;&amp;#2352;&amp;#2366;&amp;#2336;&amp;#2368;&lt;/a&gt;    &lt;a href="https://www.google.com/setprefs?sig=0_AeAgOoaTx5oNefjUPqDe9QaP-iE%3D&amp;</var>
<kw name="Log To Console" library="BuiltIn">
<arg>${element}</arg>
<doc>Logs the given message to the console.</doc>
<status status="PASS" starttime="20230316 20:41:25.743" endtime="20230316 20:41:25.743"/>
</kw>
<status status="PASS" starttime="20230316 20:41:25.743" endtime="20230316 20:41:25.743"/>
</iter>
<iter>
<var name="${element}">amp;hl=ta&amp;amp;source=homepage&amp;amp;sa=X&amp;amp;ved=0ahUKEwjm2cH-3eD9AhUfS2wGHbl_DoIQ2ZgBCAk"&gt;&amp;#2980;&amp;#2990;&amp;#3007;&amp;#2996;&amp;#3021;&lt;/a&gt;</var>
<kw name="Log To Console" library="BuiltIn">
<arg>${element}</arg>
<doc>Logs the given message to the console.</doc>
<status status="PASS" starttime="20230316 20:41:25.744" endtime="20230316 20:41:25.744"/>
</kw>
<status status="PASS" starttime="20230316 20:41:25.744" endtime="20230316 20:41:25.744"/>
</iter>
<iter>
<var name="${element}">    &lt;a href="https://www.google.com/setprefs?sig=0_AeAgOoaTx5oNefjUPqDe9QaP-iE%3D&amp;amp;hl=gu&amp;amp;source=homepage&amp;amp;sa=X&amp;amp;ved</var>
<kw name="Log To Console" library="BuiltIn">
<arg>${element}</arg>
<doc>Logs the given message to the console.</doc>
<status status="PASS" starttime="20230316 20:41:25.745" endtime="20230316 20:41:25.746"/>
</kw>
<status status="PASS" starttime="20230316 20:41:25.745" endtime="20230316 20:41:25.746"/>
</iter>
<iter>
<var name="${element}">=0ahUKEwjm2cH-3eD9AhUfS2wGHbl_DoIQ2ZgBCAo"&gt;&amp;#2711;&amp;#2753;&amp;#2716;&amp;#2736;&amp;#2750;&amp;#2724;&amp;#2752;&lt;/a&gt;    &lt;a href="https://www.google.</var>
<kw name="Log To Console" library="BuiltIn">
<arg>${element}</arg>
<doc>Logs the given message to the console.</doc>
<status status="PASS" starttime="20230316 20:41:25.747" endtime="20230316 20:41:25.748"/>
</kw>
<status status="PASS" starttime="20230316 20:41:25.747" endtime="20230316 20:41:25.748"/>
</iter>
<iter>
<var name="${element}">com/setprefs?sig=0_AeAgOoaTx5oNefjUPqDe9QaP-iE%3D&amp;amp;hl=kn&amp;amp;source=homepage&amp;amp;sa=X&amp;amp;ved=0ahUKEwjm2cH-3eD9AhUfS2wGHbl_Do</var>
<kw name="Log To Console" library="BuiltIn">
<arg>${element}</arg>
<doc>Logs the given message to the console.</doc>
<status status="PASS" starttime="20230316 20:41:25.748" endtime="20230316 20:41:25.749"/>
</kw>
<status status="PASS" starttime="20230316 20:41:25.748" endtime="20230316 20:41:25.749"/>
</iter>
<iter>
<var name="${element}">IQ2ZgBCAs"&gt;&amp;#3221;&amp;#3240;&amp;#3277;&amp;#3240;&amp;#3233;&lt;/a&gt;    &lt;a href="https://www.google.com/setprefs?sig=0_AeAgOoaTx5oNefjUPqDe9QaP-iE</var>
<kw name="Log To Console" library="BuiltIn">
<arg>${element}</arg>
<doc>Logs the given message to the console.</doc>
<status status="PASS" starttime="20230316 20:41:25.751" endtime="20230316 20:41:25.751"/>
</kw>
<status status="PASS" starttime="20230316 20:41:25.750" endtime="20230316 20:41:25.751"/>
</iter>
<iter>
<var name="${element}">%3D&amp;amp;hl=ml&amp;amp;source=homepage&amp;amp;sa=X&amp;amp;ved=0ahUKEwjm2cH-3eD9AhUfS2wGHbl_DoIQ2ZgBCAw"&gt;&amp;#3374;&amp;#3378;&amp;#3375;&amp;#3390;&amp;#3379;</var>
<kw name="Log To Console" library="BuiltIn">
<arg>${element}</arg>
<doc>Logs the given message to the console.</doc>
<status status="PASS" starttime="20230316 20:41:25.753" endtime="20230316 20:41:25.753"/>
</kw>
<status status="PASS" starttime="20230316 20:41:25.752" endtime="20230316 20:41:25.754"/>
</iter>
<iter>
<var name="${element}">&amp;#3330;&lt;/a&gt;    &lt;a href="https://www.google.com/setprefs?sig=0_AeAgOoaTx5oNefjUPqDe9QaP-iE%3D&amp;amp;hl=pa&amp;amp;source=homepage&amp;amp;s</var>
<kw name="Log To Console" library="BuiltIn">
<arg>${element}</arg>
<doc>Logs the given message to the console.</doc>
<status status="PASS" starttime="20230316 20:41:25.754" endtime="20230316 20:41:25.755"/>
</kw>
<status status="PASS" starttime="20230316 20:41:25.754" endtime="20230316 20:41:25.755"/>
</iter>
<iter>
<var name="${element}">a=X&amp;amp;ved=0ahUKEwjm2cH-3eD9AhUfS2wGHbl_DoIQ2ZgBCA0"&gt;&amp;#2602;&amp;#2672;&amp;#2588;&amp;#2622;&amp;#2604;&amp;#2624;&lt;/a&gt;  &lt;/div&gt;&lt;/div&gt;&lt;/div&gt;&lt;span id</var>
<kw name="Log To Console" library="BuiltIn">
<arg>${element}</arg>
<doc>Logs the given message to the console.</doc>
<status status="PASS" starttime="20230316 20:41:25.755" endtime="20230316 20:41:25.756"/>
</kw>
<status status="PASS" starttime="20230316 20:41:25.755" endtime="20230316 20:41:25.756"/>
</iter>
<iter>
<var name="${element}">="footer"&gt;&lt;div style="font-size:10pt"&gt;&lt;div style="margin:19px auto;text-align:center" id="WqQANb"&gt;&lt;a href="/intl/en/ads/"&gt;Advert</var>
<kw name="Log To Console" library="BuiltIn">
<arg>${element}</arg>
<doc>Logs the given message to the console.</doc>
<status status="PASS" starttime="20230316 20:41:25.756" endtime="20230316 20:41:25.757"/>
</kw>
<status status="PASS" starttime="20230316 20:41:25.756" endtime="20230316 20:41:25.757"/>
</iter>
<iter>
<var name="${element}">ising&lt;/a&gt;&lt;a href="http://www.google.co.in/services/"&gt;Business Solutions&lt;/a&gt;&lt;a href="/intl/en/about.html"&gt;About Google&lt;/a&gt;&lt;a href</var>
<kw name="Log To Console" library="BuiltIn">
<arg>${element}</arg>
<doc>Logs the given message to the console.</doc>
<status status="PASS" starttime="20230316 20:41:25.757" endtime="20230316 20:41:25.758"/>
</kw>
<status status="PASS" starttime="20230316 20:41:25.757" endtime="20230316 20:41:25.758"/>
</iter>
<iter>
<var name="${element}">="https://www.google.com/setprefdomain?prefdom=IN&amp;amp;prev=https://www.google.co.in/&amp;amp;sig=K_IMQL7ig0qGtc4d4gj2GXoqkncU8%3D"&gt;G</var>
<kw name="Log To Console" library="BuiltIn">
<arg>${element}</arg>
<doc>Logs the given message to the console.</doc>
<status status="PASS" starttime="20230316 20:41:25.759" endtime="20230316 20:41:25.759"/>
</kw>
<status status="PASS" starttime="20230316 20:41:25.758" endtime="20230316 20:41:25.759"/>
</iter>
<iter>
<var name="${element}">oogle.co.in&lt;/a&gt;&lt;/div&gt;&lt;/div&gt;&lt;p style="font-size:8pt;color:#70757a"&gt;&amp;copy; 2023 - &lt;a href="/intl/en/policies/privacy/"&gt;Privacy&lt;/a&gt;</var>
<kw name="Log To Console" library="BuiltIn">
<arg>${element}</arg>
<doc>Logs the given message to the console.</doc>
<status status="PASS" starttime="20230316 20:41:25.760" endtime="20230316 20:41:25.760"/>
</kw>
<status status="PASS" starttime="20230316 20:41:25.759" endtime="20230316 20:41:25.760"/>
</iter>
<iter>
<var name="${element}"> - &lt;a href="/intl/en/policies/terms/"&gt;Terms&lt;/a&gt;&lt;/p&gt;&lt;/span&gt;&lt;/center&gt;&lt;script nonce="7kE64tWqv8ssWdpHOOf_uw"&gt;(function(){window.goo</var>
<kw name="Log To Console" library="BuiltIn">
<arg>${element}</arg>
<doc>Logs the given message to the console.</doc>
<status status="PASS" starttime="20230316 20:41:25.761" endtime="20230316 20:41:25.761"/>
</kw>
<status status="PASS" starttime="20230316 20:41:25.761" endtime="20230316 20:41:25.761"/>
</iter>
<iter>
<var name="${element}">gle.cdo={height:757,width:1440};(function(){var a=window.innerWidth,b=window.innerHeight;if(!a||!b){var c=window.document,d="CSS</var>
<kw name="Log To Console" library="BuiltIn">
<arg>${element}</arg>
<doc>Logs the given message to the console.</doc>
<status status="PASS" starttime="20230316 20:41:25.762" endtime="20230316 20:41:25.763"/>
</kw>
<status status="PASS" starttime="20230316 20:41:25.762" endtime="20230316 20:41:25.763"/>
</iter>
<iter>
<var name="${element}">1Compat"==c.compatMode?c.documentElement:c.body;a=d.clientWidth;b=d.clientHeight}a&amp;&amp;b&amp;&amp;(a!=google.cdo.width||b!=google.cdo.heigh</var>
<kw name="Log To Console" library="BuiltIn">
<arg>${element}</arg>
<doc>Logs the given message to the console.</doc>
<status status="PASS" starttime="20230316 20:41:25.765" endtime="20230316 20:41:25.766"/>
</kw>
<status status="PASS" starttime="20230316 20:41:25.764" endtime="20230316 20:41:25.766"/>
</iter>
<iter>
<var name="${element}">t)&amp;&amp;google.log("","","/client_204?&amp;atyp=i&amp;biw="+a+"&amp;bih="+b+"&amp;ei="+google.kEI);}).call(this);})();&lt;/script&gt; &lt;script nonce="7kE64</var>
<kw name="Log To Console" library="BuiltIn">
<arg>${element}</arg>
<doc>Logs the given message to the console.</doc>
<status status="PASS" starttime="20230316 20:41:25.767" endtime="20230316 20:41:25.768"/>
</kw>
<status status="PASS" starttime="20230316 20:41:25.766" endtime="20230316 20:41:25.768"/>
</iter>
<iter>
<var name="${element}">tWqv8ssWdpHOOf_uw"&gt;(function(){google.xjs={ck:'xjs.hp.Y2W3KAJ0Jco.L.X.O',cs:'ACT90oFu9pIux-eMq8tgG7A21CJNKQAegA',excm:[]};})();&lt;</var>
<kw name="Log To Console" library="BuiltIn">
<arg>${element}</arg>
<doc>Logs the given message to the console.</doc>
<status status="PASS" starttime="20230316 20:41:25.768" endtime="20230316 20:41:25.769"/>
</kw>
<status status="PASS" starttime="20230316 20:41:25.768" endtime="20230316 20:41:25.769"/>
</iter>
<iter>
<var name="${element}">/script&gt;  &lt;script nonce="7kE64tWqv8ssWdpHOOf_uw"&gt;(function(){var u='/xjs/_/js/k\x3dxjs.hp.en.WK5tGcJZl_4.O/am\x3dAACgEwBAAYAF/d\</var>
<kw name="Log To Console" library="BuiltIn">
<arg>${element}</arg>
<doc>Logs the given message to the console.</doc>
<status status="PASS" starttime="20230316 20:41:25.770" endtime="20230316 20:41:25.770"/>
</kw>
<status status="PASS" starttime="20230316 20:41:25.769" endtime="20230316 20:41:25.770"/>
</iter>
<iter>
<var name="${element}">x3d1/ed\x3d1/rs\x3dACT90oEIkAnNtLs_xquX5F0TcC40GLWEYQ/m\x3dsb_he,d';var amd=0;
var d=this||self,e=function(a){return a};var g;va</var>
<kw name="Log To Console" library="BuiltIn">
<arg>${element}</arg>
<doc>Logs the given message to the console.</doc>
<status status="PASS" starttime="20230316 20:41:25.771" endtime="20230316 20:41:25.771"/>
</kw>
<status status="PASS" starttime="20230316 20:41:25.771" endtime="20230316 20:41:25.771"/>
</iter>
<iter>
<var name="${element}">r l=function(a,b){this.g=b===h?a:""};l.prototype.toString=function(){return this.g+""};var h={};
function m(){var a=u;google.lx=</var>
<kw name="Log To Console" library="BuiltIn">
<arg>${element}</arg>
<doc>Logs the given message to the console.</doc>
<status status="PASS" starttime="20230316 20:41:25.772" endtime="20230316 20:41:25.772"/>
</kw>
<status status="PASS" starttime="20230316 20:41:25.772" endtime="20230316 20:41:25.773"/>
</iter>
<iter>
<var name="${element}">function(){p(a);google.lx=function(){}};google.bx||google.lx()}
function p(a){google.timers&amp;&amp;google.timers.load&amp;&amp;google.tick&amp;&amp;go</var>
<kw name="Log To Console" library="BuiltIn">
<arg>${element}</arg>
<doc>Logs the given message to the console.</doc>
<status status="PASS" starttime="20230316 20:41:25.773" endtime="20230316 20:41:25.773"/>
</kw>
<status status="PASS" starttime="20230316 20:41:25.773" endtime="20230316 20:41:25.774"/>
</iter>
<iter>
<var name="${element}">ogle.tick("load","xjsls");var b=document;var c="SCRIPT";"application/xhtml+xml"===b.contentType&amp;&amp;(c=c.toLowerCase());c=b.createE</var>
<kw name="Log To Console" library="BuiltIn">
<arg>${element}</arg>
<doc>Logs the given message to the console.</doc>
<status status="PASS" starttime="20230316 20:41:25.774" endtime="20230316 20:41:25.774"/>
</kw>
<status status="PASS" starttime="20230316 20:41:25.774" endtime="20230316 20:41:25.775"/>
</iter>
<iter>
<var name="${element}">lement(c);c.id="base-js";a=null===a?"null":void 0===a?"undefined":a;if(void 0===g){b=null;var k=d.trustedTypes;if(k&amp;&amp;k.createPol</var>
<kw name="Log To Console" library="BuiltIn">
<arg>${element}</arg>
<doc>Logs the given message to the console.</doc>
<status status="PASS" starttime="20230316 20:41:25.775" endtime="20230316 20:41:25.776"/>
</kw>
<status status="PASS" starttime="20230316 20:41:25.775" endtime="20230316 20:41:25.776"/>
</iter>
<iter>
<var name="${element}">icy){try{b=k.createPolicy("goog#html",{createHTML:e,createScript:e,createScriptURL:e})}catch(q){d.console&amp;&amp;d.console.error(q.mes</var>
<kw name="Log To Console" library="BuiltIn">
<arg>${element}</arg>
<doc>Logs the given message to the console.</doc>
<status status="PASS" starttime="20230316 20:41:25.776" endtime="20230316 20:41:25.777"/>
</kw>
<status status="PASS" starttime="20230316 20:41:25.776" endtime="20230316 20:41:25.777"/>
</iter>
<iter>
<var name="${element}">sage)}g=b}else g=b}a=(b=g)?b.createScriptURL(a):a;a=new l(a,h);c.src=a instanceof l&amp;&amp;a.constructor===l?a.g:"type_error:TrustedRe</var>
<kw name="Log To Console" library="BuiltIn">
<arg>${element}</arg>
<doc>Logs the given message to the console.</doc>
<status status="PASS" starttime="20230316 20:41:25.777" endtime="20230316 20:41:25.777"/>
</kw>
<status status="PASS" starttime="20230316 20:41:25.777" endtime="20230316 20:41:25.777"/>
</iter>
<iter>
<var name="${element}">sourceUrl";var f,n;(f=(a=null==(n=(f=(c.ownerDocument&amp;&amp;c.ownerDocument.defaultView||window).document).querySelector)?void 0:n.ca</var>
<kw name="Log To Console" library="BuiltIn">
<arg>${element}</arg>
<doc>Logs the given message to the console.</doc>
<status status="PASS" starttime="20230316 20:41:25.777" endtime="20230316 20:41:25.778"/>
</kw>
<status status="PASS" starttime="20230316 20:41:25.777" endtime="20230316 20:41:25.778"/>
</iter>
<iter>
<var name="${element}">ll(f,"script[nonce]"))?a.nonce||a.getAttribute("nonce")||"":"")&amp;&amp;c.setAttribute("nonce",f);document.body.appendChild(c);google.p</var>
<kw name="Log To Console" library="BuiltIn">
<arg>${element}</arg>
<doc>Logs the given message to the console.</doc>
<status status="PASS" starttime="20230316 20:41:25.779" endtime="20230316 20:41:25.781"/>
</kw>
<status status="PASS" starttime="20230316 20:41:25.778" endtime="20230316 20:41:25.782"/>
</iter>
<iter>
<var name="${element}">sa=!0};google.xjsu=u;setTimeout(function(){0&lt;amd?google.caft(function(){return m()},amd):m()},0);})();window._ = window._ || {};</var>
<kw name="Log To Console" library="BuiltIn">
<arg>${element}</arg>
<doc>Logs the given message to the console.</doc>
<status status="PASS" starttime="20230316 20:41:25.782" endtime="20230316 20:41:25.783"/>
</kw>
<status status="PASS" starttime="20230316 20:41:25.782" endtime="20230316 20:41:25.783"/>
</iter>
<iter>
<var name="${element}">window._DumpException = _._DumpException = function(e){throw e;};window._s = window._s || {};_s._DumpException = _._DumpExceptio</var>
<kw name="Log To Console" library="BuiltIn">
<arg>${element}</arg>
<doc>Logs the given message to the console.</doc>
<status status="PASS" starttime="20230316 20:41:25.783" endtime="20230316 20:41:25.785"/>
</kw>
<status status="PASS" starttime="20230316 20:41:25.783" endtime="20230316 20:41:25.785"/>
</iter>
<iter>
<var name="${element}">n;window._qs = window._qs || {};_qs._DumpException = _._DumpException;function _F_installCss(c){}
(function(){google.jl={blt:'no</var>
<kw name="Log To Console" library="BuiltIn">
<arg>${element}</arg>
<doc>Logs the given message to the console.</doc>
<status status="PASS" starttime="20230316 20:41:25.785" endtime="20230316 20:41:25.785"/>
</kw>
<status status="PASS" starttime="20230316 20:41:25.785" endtime="20230316 20:41:25.785"/>
</iter>
<iter>
<var name="${element}">ne',chnk:0,dw:false,dwu:true,emtn:0,end:0,ico:false,ikb:0,ine:false,injs:'none',injt:0,injth:0,injv2:false,lls:'default',pdt:0,r</var>
<kw name="Log To Console" library="BuiltIn">
<arg>${element}</arg>
<doc>Logs the given message to the console.</doc>
<status status="PASS" starttime="20230316 20:41:25.786" endtime="20230316 20:41:25.786"/>
</kw>
<status status="PASS" starttime="20230316 20:41:25.785" endtime="20230316 20:41:25.786"/>
</iter>
<iter>
<var name="${element}">ep:0,snet:true,strt:0,ubm:false,uwp:true};})();(function(){var pmc='{\x22d\x22:{},\x22sb_he\x22:{\x22agen\x22:true,\x22cgen\x22:</var>
<kw name="Log To Console" library="BuiltIn">
<arg>${element}</arg>
<doc>Logs the given message to the console.</doc>
<status status="PASS" starttime="20230316 20:41:25.787" endtime="20230316 20:41:25.787"/>
</kw>
<status status="PASS" starttime="20230316 20:41:25.786" endtime="20230316 20:41:25.788"/>
</iter>
<iter>
<var name="${element}">true,\x22client\x22:\x22heirloom-hp\x22,\x22dh\x22:true,\x22ds\x22:\x22\x22,\x22fl\x22:true,\x22host\x22:\x22google.com\x22,\x22</var>
<kw name="Log To Console" library="BuiltIn">
<arg>${element}</arg>
<doc>Logs the given message to the console.</doc>
<status status="PASS" starttime="20230316 20:41:25.788" endtime="20230316 20:41:25.788"/>
</kw>
<status status="PASS" starttime="20230316 20:41:25.788" endtime="20230316 20:41:25.788"/>
</iter>
<iter>
<var name="${element}">jsonp\x22:true,\x22msgs\x22:{\x22cibl\x22:\x22Clear Search\x22,\x22dym\x22:\x22Did you mean:\x22,\x22lcky\x22:\x22I\\u0026#39;m </var>
<kw name="Log To Console" library="BuiltIn">
<arg>${element}</arg>
<doc>Logs the given message to the console.</doc>
<status status="PASS" starttime="20230316 20:41:25.789" endtime="20230316 20:41:25.789"/>
</kw>
<status status="PASS" starttime="20230316 20:41:25.789" endtime="20230316 20:41:25.790"/>
</iter>
<iter>
<var name="${element}">Feeling Lucky\x22,\x22lml\x22:\x22Learn more\x22,\x22psrc\x22:\x22This search was removed from your \\u003Ca href\x3d\\\x22/hist</var>
<kw name="Log To Console" library="BuiltIn">
<arg>${element}</arg>
<doc>Logs the given message to the console.</doc>
<status status="PASS" starttime="20230316 20:41:25.790" endtime="20230316 20:41:25.791"/>
</kw>
<status status="PASS" starttime="20230316 20:41:25.790" endtime="20230316 20:41:25.791"/>
</iter>
<iter>
<var name="${element}">ory\\\x22\\u003EWeb History\\u003C/a\\u003E\x22,\x22psrl\x22:\x22Remove\x22,\x22sbit\x22:\x22Search by image\x22,\x22srch\x22:\x</var>
<kw name="Log To Console" library="BuiltIn">
<arg>${element}</arg>
<doc>Logs the given message to the console.</doc>
<status status="PASS" starttime="20230316 20:41:25.791" endtime="20230316 20:41:25.792"/>
</kw>
<status status="PASS" starttime="20230316 20:41:25.791" endtime="20230316 20:41:25.792"/>
</iter>
<iter>
<var name="${element}">22Google Search\x22},\x22ovr\x22:{},\x22pq\x22:\x22\x22,\x22rfs\x22:[],\x22sbas\x22:\x220 3px 8px 0 rgba(0,0,0,0.2),0 0 0 1px rg</var>
<kw name="Log To Console" library="BuiltIn">
<arg>${element}</arg>
<doc>Logs the given message to the console.</doc>
<status status="PASS" starttime="20230316 20:41:25.792" endtime="20230316 20:41:25.793"/>
</kw>
<status status="PASS" starttime="20230316 20:41:25.792" endtime="20230316 20:41:25.793"/>
</iter>
<iter>
<var name="${element}">ba(0,0,0,0.08)\x22,\x22stok\x22:\x22OpOjNHeuScaykGg5As4C-mHOUCw\x22}}';google.pmc=JSON.parse(pmc);})();(function(){
var b=functi</var>
<kw name="Log To Console" library="BuiltIn">
<arg>${element}</arg>
<doc>Logs the given message to the console.</doc>
<status status="PASS" starttime="20230316 20:41:25.794" endtime="20230316 20:41:25.796"/>
</kw>
<status status="PASS" starttime="20230316 20:41:25.793" endtime="20230316 20:41:25.796"/>
</iter>
<iter>
<var name="${element}">on(a){var c=0;return function(){return c&lt;a.length?{done:!1,value:a[c++]}:{done:!0}}},e=this||self;var g,h;a:{for(var k=["CLOSURE</var>
<kw name="Log To Console" library="BuiltIn">
<arg>${element}</arg>
<doc>Logs the given message to the console.</doc>
<status status="PASS" starttime="20230316 20:41:25.796" endtime="20230316 20:41:25.797"/>
</kw>
<status status="PASS" starttime="20230316 20:41:25.796" endtime="20230316 20:41:25.797"/>
</iter>
<iter>
<var name="${element}">_FLAGS"],l=e,n=0;n&lt;k.length;n++)if(l=l[k[n]],null==l){h=null;break a}h=l}var p=h&amp;&amp;h[610401301];g=null!=p?p:!1;var q,r=e.navigato</var>
<kw name="Log To Console" library="BuiltIn">
<arg>${element}</arg>
<doc>Logs the given message to the console.</doc>
<status status="PASS" starttime="20230316 20:41:25.797" endtime="20230316 20:41:25.799"/>
</kw>
<status status="PASS" starttime="20230316 20:41:25.797" endtime="20230316 20:41:25.799"/>
</iter>
<iter>
<var name="${element}">r;q=r?r.userAgentData||null:null;function t(a){return g?q?q.brands.some(function(c){return(c=c.brand)&amp;&amp;-1!=c.indexOf(a)}):!1:!1}</var>
<kw name="Log To Console" library="BuiltIn">
<arg>${element}</arg>
<doc>Logs the given message to the console.</doc>
<status status="PASS" starttime="20230316 20:41:25.799" endtime="20230316 20:41:25.800"/>
</kw>
<status status="PASS" starttime="20230316 20:41:25.799" endtime="20230316 20:41:25.801"/>
</iter>
<iter>
<var name="${element}">function u(a){var c;a:{if(c=e.navigator)if(c=c.userAgent)break a;c=""}return-1!=c.indexOf(a)};function v(){return g?!!q&amp;&amp;0&lt;q.bra</var>
<kw name="Log To Console" library="BuiltIn">
<arg>${element}</arg>
<doc>Logs the given message to the console.</doc>
<status status="PASS" starttime="20230316 20:41:25.801" endtime="20230316 20:41:25.803"/>
</kw>
<status status="PASS" starttime="20230316 20:41:25.801" endtime="20230316 20:41:25.803"/>
</iter>
<iter>
<var name="${element}">nds.length:!1}function w(){return u("Safari")&amp;&amp;!(x()||(v()?0:u("Coast"))||(v()?0:u("Opera"))||(v()?0:u("Edge"))||(v()?t("Microso</var>
<kw name="Log To Console" library="BuiltIn">
<arg>${element}</arg>
<doc>Logs the given message to the console.</doc>
<status status="PASS" starttime="20230316 20:41:25.803" endtime="20230316 20:41:25.803"/>
</kw>
<status status="PASS" starttime="20230316 20:41:25.803" endtime="20230316 20:41:25.804"/>
</iter>
<iter>
<var name="${element}">ft Edge"):u("Edg/"))||(v()?t("Opera"):u("OPR"))||u("Firefox")||u("FxiOS")||u("Silk")||u("Android"))}function x(){return v()?t("C</var>
<kw name="Log To Console" library="BuiltIn">
<arg>${element}</arg>
<doc>Logs the given message to the console.</doc>
<status status="PASS" starttime="20230316 20:41:25.804" endtime="20230316 20:41:25.806"/>
</kw>
<status status="PASS" starttime="20230316 20:41:25.804" endtime="20230316 20:41:25.806"/>
</iter>
<iter>
<var name="${element}">hromium"):(u("Chrome")||u("CriOS"))&amp;&amp;!(v()?0:u("Edge"))||u("Silk")}function y(){return u("Android")&amp;&amp;!(x()||u("Firefox")||u("Fxi</var>
<kw name="Log To Console" library="BuiltIn">
<arg>${element}</arg>
<doc>Logs the given message to the console.</doc>
<status status="PASS" starttime="20230316 20:41:25.806" endtime="20230316 20:41:25.807"/>
</kw>
<status status="PASS" starttime="20230316 20:41:25.806" endtime="20230316 20:41:25.807"/>
</iter>
<iter>
<var name="${element}">OS")||(v()?0:u("Opera"))||u("Silk"))};var z=v()?!1:u("Trident")||u("MSIE");y();x();w();var A=!z&amp;&amp;!w(),D=function(a){if(/-[a-z]/.</var>
<kw name="Log To Console" library="BuiltIn">
<arg>${element}</arg>
<doc>Logs the given message to the console.</doc>
<status status="PASS" starttime="20230316 20:41:25.807" endtime="20230316 20:41:25.807"/>
</kw>
<status status="PASS" starttime="20230316 20:41:25.807" endtime="20230316 20:41:25.808"/>
</iter>
<iter>
<var name="${element}">test("ved"))return null;if(A&amp;&amp;a.dataset){if(y()&amp;&amp;!("ved"in a.dataset))return null;a=a.dataset.ved;return void 0===a?null:a}retur</var>
<kw name="Log To Console" library="BuiltIn">
<arg>${element}</arg>
<doc>Logs the given message to the console.</doc>
<status status="PASS" starttime="20230316 20:41:25.808" endtime="20230316 20:41:25.808"/>
</kw>
<status status="PASS" starttime="20230316 20:41:25.808" endtime="20230316 20:41:25.808"/>
</iter>
<iter>
<var name="${element}">n a.getAttribute("data-"+"ved".replace(/([A-Z])/g,"-$1").toLowerCase())};var E=[],F=null;function G(a){a=a.target;var c=performa</var>
<kw name="Log To Console" library="BuiltIn">
<arg>${element}</arg>
<doc>Logs the given message to the console.</doc>
<status status="PASS" starttime="20230316 20:41:25.809" endtime="20230316 20:41:25.809"/>
</kw>
<status status="PASS" starttime="20230316 20:41:25.809" endtime="20230316 20:41:25.809"/>
</iter>
<iter>
<var name="${element}">nce.now(),f=[],H=f.concat,d=E;if(!(d instanceof Array)){var m="undefined"!=typeof Symbol&amp;&amp;Symbol.iterator&amp;&amp;d[Symbol.iterator];if</var>
<kw name="Log To Console" library="BuiltIn">
<arg>${element}</arg>
<doc>Logs the given message to the console.</doc>
<status status="PASS" starttime="20230316 20:41:25.810" endtime="20230316 20:41:25.810"/>
</kw>
<status status="PASS" starttime="20230316 20:41:25.810" endtime="20230316 20:41:25.810"/>
</iter>
<iter>
<var name="${element}">(m)d=m.call(d);else if("number"==typeof d.length)d={next:b(d)};else throw Error("a`"+String(d));for(var B=[];!(m=d.next()).done;</var>
<kw name="Log To Console" library="BuiltIn">
<arg>${element}</arg>
<doc>Logs the given message to the console.</doc>
<status status="PASS" starttime="20230316 20:41:25.811" endtime="20230316 20:41:25.813"/>
</kw>
<status status="PASS" starttime="20230316 20:41:25.811" endtime="20230316 20:41:25.813"/>
</iter>
<iter>
<var name="${element}">)B.push(m.value);d=B}E=H.call(f,d,[c]);if(a&amp;&amp;a instanceof HTMLElement)if(a===F){if(c=4&lt;=E.length)c=5&gt;(E[E.length-1]-E[E.length-4</var>
<kw name="Log To Console" library="BuiltIn">
<arg>${element}</arg>
<doc>Logs the given message to the console.</doc>
<status status="PASS" starttime="20230316 20:41:25.813" endtime="20230316 20:41:25.814"/>
</kw>
<status status="PASS" starttime="20230316 20:41:25.813" endtime="20230316 20:41:25.814"/>
</iter>
<iter>
<var name="${element}">])/1E3;if(c){c=google.getEI(a);a.hasAttribute("data-ved")?f=a?D(a)||"":"":f=(f=
a.closest("[data-ved]"))?D(f)||"":"";f=f||"";if(</var>
<kw name="Log To Console" library="BuiltIn">
<arg>${element}</arg>
<doc>Logs the given message to the console.</doc>
<status status="PASS" starttime="20230316 20:41:25.814" endtime="20230316 20:41:25.816"/>
</kw>
<status status="PASS" starttime="20230316 20:41:25.814" endtime="20230316 20:41:25.816"/>
</iter>
<iter>
<var name="${element}">a.hasAttribute("jsname"))a=a.getAttribute("jsname");else{var C;a=null==(C=a.closest("[jsname]"))?void 0:C.getAttribute("jsname")</var>
<kw name="Log To Console" library="BuiltIn">
<arg>${element}</arg>
<doc>Logs the given message to the console.</doc>
<status status="PASS" starttime="20230316 20:41:25.816" endtime="20230316 20:41:25.817"/>
</kw>
<status status="PASS" starttime="20230316 20:41:25.816" endtime="20230316 20:41:25.818"/>
</iter>
<iter>
<var name="${element}">}google.log("rcm","&amp;ei="+c+"&amp;ved="+f+"&amp;jsname="+(a||""))}}else F=a,E=[c]}window.document.addEventListener("DOMContentLoaded",fun</var>
<kw name="Log To Console" library="BuiltIn">
<arg>${element}</arg>
<doc>Logs the given message to the console.</doc>
<status status="PASS" starttime="20230316 20:41:25.818" endtime="20230316 20:41:25.820"/>
</kw>
<status status="PASS" starttime="20230316 20:41:25.818" endtime="20230316 20:41:25.820"/>
</iter>
<iter>
<var name="${element}">ction(){document.body.addEventListener("click",G)});}).call(this);&lt;/script&gt;&lt;/body&gt;&lt;/html&gt;</var>
<kw name="Log To Console" library="BuiltIn">
<arg>${element}</arg>
<doc>Logs the given message to the console.</doc>
<status status="PASS" starttime="20230316 20:41:25.820" endtime="20230316 20:41:25.821"/>
</kw>
<status status="PASS" starttime="20230316 20:41:25.820" endtime="20230316 20:41:25.821"/>
</iter>
<status status="PASS" starttime="20230316 20:41:25.550" endtime="20230316 20:41:25.821"/>
</for>
<status status="PASS" starttime="20230316 20:41:24.675" endtime="20230316 20:41:25.821"/>
</test>
<status status="PASS" starttime="20230316 20:41:24.458" endtime="20230316 20:41:25.822"/>
</suite>
<status status="FAIL" starttime="20230316 20:41:23.497" endtime="20230316 20:41:25.824"/>
</suite>
<statistics>
<total>
<stat pass="1" fail="6" skip="0">All Tests</stat>
</total>
<tag>
<stat pass="0" fail="5" skip="0">regression</stat>
<stat pass="0" fail="1" skip="0">smoke</stat>
</tag>
<suite>
<stat pass="1" fail="6" skip="0" id="s1" name="com.playgroundxyz.vision project.TestcaseSuite">com.playgroundxyz.vision project.TestcaseSuite</stat>
<stat pass="0" fail="1" skip="0" id="s1-s1" name="TC001 - Tap on 'Privacy policy' and verify user is landing on Privacy policy page">com.playgroundxyz.vision project.TestcaseSuite.TC001 - Tap on 'Privacy policy' and verify user is landing on Privacy policy page</stat>
<stat pass="0" fail="1" skip="0" id="s1-s2" name="TC002 - Verify that Deep link URL is providing QR code">com.playgroundxyz.vision project.TestcaseSuite.TC002 - Verify that Deep link URL is providing QR code</stat>
<stat pass="0" fail="1" skip="0" id="s1-s3" name="TC003 - Verify that Google Play button redirecting user to Vision Project on play store">com.playgroundxyz.vision project.TestcaseSuite.TC003 - Verify that Google Play button redirecting user to Vision Project on play store</stat>
<stat pass="0" fail="1" skip="0" id="s1-s4" name="TC004 - Verify that if social app is not installed on phone then App was not found screen appears">com.playgroundxyz.vision project.TestcaseSuite.TC004 - Verify that if social app is not installed on phone then App was not found screen appears</stat>
<stat pass="0" fail="2" skip="0" id="s1-s5" name="TC005 - Verify welcome page journey is as excepted">com.playgroundxyz.vision project.TestcaseSuite.TC005 - Verify welcome page journey is as excepted</stat>
<stat pass="1" fail="0" skip="0" id="s1-s6" name="TC006 - sample">com.playgroundxyz.vision project.TestcaseSuite.TC006 - sample</stat>
</suite>
</statistics>
<errors>
<msg timestamp="20230316 20:41:23.550" level="ERROR">Error in file 'D:\FusionTestFramework\com.playgroundxyz.vision_project\com.playgroundxyz.vision_project.PageObject\com.playgroundxyz.vision_project.PageObject.keywords\Allow Permission page keywords.resource' on line 3: Importing library 'D:\FusionTestFramework\src\MobileTestLibrary' failed: ModuleNotFoundError: No module named 'src'
Traceback (most recent call last):
  File "D:\FusionTestFramework\src\MobileTestLibrary\__init__.py", line 1, in &lt;module&gt;
    from src.MobileTestLibrary.ExtendedAppiumLibrary import ExtendedAppiumLibrary
PYTHONPATH:
  D:\FusionTestFramework\src
  d:\FusionTestFramework\com.playgroundxyz.vision_project
  C:\ProgramData\robocorp\ht\1d92a2f_b1f3c24_09529949\python39.zip
  c:\ProgramData\robocorp\ht\1d92a2f_b1f3c24_09529949\DLLs
  c:\ProgramData\robocorp\ht\1d92a2f_b1f3c24_09529949\lib
  c:\ProgramData\robocorp\ht\1d92a2f_b1f3c24_09529949
  C:\ProgramData\robocorp\ht
  c:\ProgramData\robocorp\ht\1d92a2f_b1f3c24_09529949\lib\site-packages
  c:\ProgramData\robocorp\ht\1d92a2f_b1f3c24_09529949\lib\site-packages\win32
  c:\ProgramData\robocorp\ht\1d92a2f_b1f3c24_09529949\lib\site-packages\win32\lib
  c:\ProgramData\robocorp\ht\1d92a2f_b1f3c24_09529949\lib\site-packages\Pythonwin</msg>
<msg timestamp="20230316 20:41:23.789" level="ERROR">Error in file 'D:\FusionTestFramework\com.playgroundxyz.vision_project\com.playgroundxyz.vision_project.PageObject\com.playgroundxyz.vision_project.PageObject.keywords\Allow Permission page keywords.resource' on line 5: Processing variable file 'D:\FusionTestFramework\com.playgroundxyz.vision_project\com.playgroundxyz.vision_project.ConfigFiles\configuration.py' failed: Importing variable file 'D:\FusionTestFramework\com.playgroundxyz.vision_project\com.playgroundxyz.vision_project.ConfigFiles\configuration.py' failed: ModuleNotFoundError: No module named 'MobileTestLibrary'
Traceback (most recent call last):
  File "D:\FusionTestFramework\com.playgroundxyz.vision_project\com.playgroundxyz.vision_project.ConfigFiles\configuration.py", line 3, in &lt;module&gt;
    from MobileTestLibrary.JsonFileReader import read_Json_file
PYTHONPATH:
  D:\FusionTestFramework\com.playgroundxyz.vision_project\com.playgroundxyz.vision_project.ConfigFiles
  d:\FusionTestFramework\com.playgroundxyz.vision_project
  C:\ProgramData\robocorp\ht\1d92a2f_b1f3c24_09529949\python39.zip
  c:\ProgramData\robocorp\ht\1d92a2f_b1f3c24_09529949\DLLs
  c:\ProgramData\robocorp\ht\1d92a2f_b1f3c24_09529949\lib
  c:\ProgramData\robocorp\ht\1d92a2f_b1f3c24_09529949
  C:\ProgramData\robocorp\ht
  c:\ProgramData\robocorp\ht\1d92a2f_b1f3c24_09529949\lib\site-packages
  c:\ProgramData\robocorp\ht\1d92a2f_b1f3c24_09529949\lib\site-packages\win32
  c:\ProgramData\robocorp\ht\1d92a2f_b1f3c24_09529949\lib\site-packages\win32\lib
  c:\ProgramData\robocorp\ht\1d92a2f_b1f3c24_09529949\lib\site-packages\Pythonwin</msg>
<msg timestamp="20230316 20:41:23.802" level="ERROR">Error in file 'D:\FusionTestFramework\com.playgroundxyz.vision_project\com.playgroundxyz.vision_project.PageObject\com.playgroundxyz.vision_project.PageObject.keywords\LetsSetupYourEyeTrackingKeywords.resource' on line 4: Importing library 'D:\FusionTestFramework\src\MobileTestLibrary' failed: ModuleNotFoundError: No module named 'src'
Traceback (most recent call last):
  File "D:\FusionTestFramework\src\MobileTestLibrary\__init__.py", line 1, in &lt;module&gt;
    from src.MobileTestLibrary.ExtendedAppiumLibrary import ExtendedAppiumLibrary
PYTHONPATH:
  D:\FusionTestFramework\src
  d:\FusionTestFramework\com.playgroundxyz.vision_project
  C:\ProgramData\robocorp\ht\1d92a2f_b1f3c24_09529949\python39.zip
  c:\ProgramData\robocorp\ht\1d92a2f_b1f3c24_09529949\DLLs
  c:\ProgramData\robocorp\ht\1d92a2f_b1f3c24_09529949\lib
  c:\ProgramData\robocorp\ht\1d92a2f_b1f3c24_09529949
  C:\ProgramData\robocorp\ht
  c:\ProgramData\robocorp\ht\1d92a2f_b1f3c24_09529949\lib\site-packages
  c:\ProgramData\robocorp\ht\1d92a2f_b1f3c24_09529949\lib\site-packages\win32
  c:\ProgramData\robocorp\ht\1d92a2f_b1f3c24_09529949\lib\site-packages\win32\lib
  c:\ProgramData\robocorp\ht\1d92a2f_b1f3c24_09529949\lib\site-packages\Pythonwin</msg>
<msg timestamp="20230316 20:41:23.820" level="ERROR">Error in file 'D:\FusionTestFramework\com.playgroundxyz.vision_project\com.playgroundxyz.vision_project.PageObject\com.playgroundxyz.vision_project.PageObject.keywords\welcome page journey keywords.resource' on line 3: Importing library 'D:\FusionTestFramework\src\MobileTestLibrary' failed: ModuleNotFoundError: No module named 'src'
Traceback (most recent call last):
  File "D:\FusionTestFramework\src\MobileTestLibrary\__init__.py", line 1, in &lt;module&gt;
    from src.MobileTestLibrary.ExtendedAppiumLibrary import ExtendedAppiumLibrary
PYTHONPATH:
  D:\FusionTestFramework\src
  d:\FusionTestFramework\com.playgroundxyz.vision_project
  C:\ProgramData\robocorp\ht\1d92a2f_b1f3c24_09529949\python39.zip
  c:\ProgramData\robocorp\ht\1d92a2f_b1f3c24_09529949\DLLs
  c:\ProgramData\robocorp\ht\1d92a2f_b1f3c24_09529949\lib
  c:\ProgramData\robocorp\ht\1d92a2f_b1f3c24_09529949
  C:\ProgramData\robocorp\ht
  c:\ProgramData\robocorp\ht\1d92a2f_b1f3c24_09529949\lib\site-packages
  c:\ProgramData\robocorp\ht\1d92a2f_b1f3c24_09529949\lib\site-packages\win32
  c:\ProgramData\robocorp\ht\1d92a2f_b1f3c24_09529949\lib\site-packages\win32\lib
  c:\ProgramData\robocorp\ht\1d92a2f_b1f3c24_09529949\lib\site-packages\Pythonwin</msg>
<msg timestamp="20230316 20:41:23.841" level="ERROR">Error in file 'D:\FusionTestFramework\com.playgroundxyz.vision_project\com.playgroundxyz.vision_project.PageObject\com.playgroundxyz.vision_project.PageObject.keywords\launch_flow_keywords.resource' on line 3: Importing library 'D:\FusionTestFramework\src\MobileTestLibrary' failed: ModuleNotFoundError: No module named 'src'
Traceback (most recent call last):
  File "D:\FusionTestFramework\src\MobileTestLibrary\__init__.py", line 1, in &lt;module&gt;
    from src.MobileTestLibrary.ExtendedAppiumLibrary import ExtendedAppiumLibrary
PYTHONPATH:
  D:\FusionTestFramework\src
  d:\FusionTestFramework\com.playgroundxyz.vision_project
  C:\ProgramData\robocorp\ht\1d92a2f_b1f3c24_09529949\python39.zip
  c:\ProgramData\robocorp\ht\1d92a2f_b1f3c24_09529949\DLLs
  c:\ProgramData\robocorp\ht\1d92a2f_b1f3c24_09529949\lib
  c:\ProgramData\robocorp\ht\1d92a2f_b1f3c24_09529949
  C:\ProgramData\robocorp\ht
  c:\ProgramData\robocorp\ht\1d92a2f_b1f3c24_09529949\lib\site-packages
  c:\ProgramData\robocorp\ht\1d92a2f_b1f3c24_09529949\lib\site-packages\win32
  c:\ProgramData\robocorp\ht\1d92a2f_b1f3c24_09529949\lib\site-packages\win32\lib
  c:\ProgramData\robocorp\ht\1d92a2f_b1f3c24_09529949\lib\site-packages\Pythonwin</msg>
<msg timestamp="20230316 20:41:23.853" level="ERROR">Error in file 'D:\FusionTestFramework\com.playgroundxyz.vision_project\com.playgroundxyz.vision_project.PageObject\com.playgroundxyz.vision_project.PageObject.keywords\Setup keywords.resource' on line 3: Importing library 'D:\FusionTestFramework\src\MobileTestLibrary' failed: ModuleNotFoundError: No module named 'src'
Traceback (most recent call last):
  File "D:\FusionTestFramework\src\MobileTestLibrary\__init__.py", line 1, in &lt;module&gt;
    from src.MobileTestLibrary.ExtendedAppiumLibrary import ExtendedAppiumLibrary
PYTHONPATH:
  D:\FusionTestFramework\src
  d:\FusionTestFramework\com.playgroundxyz.vision_project
  C:\ProgramData\robocorp\ht\1d92a2f_b1f3c24_09529949\python39.zip
  c:\ProgramData\robocorp\ht\1d92a2f_b1f3c24_09529949\DLLs
  c:\ProgramData\robocorp\ht\1d92a2f_b1f3c24_09529949\lib
  c:\ProgramData\robocorp\ht\1d92a2f_b1f3c24_09529949
  C:\ProgramData\robocorp\ht
  c:\ProgramData\robocorp\ht\1d92a2f_b1f3c24_09529949\lib\site-packages
  c:\ProgramData\robocorp\ht\1d92a2f_b1f3c24_09529949\lib\site-packages\win32
  c:\ProgramData\robocorp\ht\1d92a2f_b1f3c24_09529949\lib\site-packages\win32\lib
  c:\ProgramData\robocorp\ht\1d92a2f_b1f3c24_09529949\lib\site-packages\Pythonwin</msg>
<msg timestamp="20230316 20:41:23.880" level="ERROR">Error in file 'D:\FusionTestFramework\com.playgroundxyz.vision_project\com.playgroundxyz.vision_project.PageObject\com.playgroundxyz.vision_project.PageObject.keywords\EyeGazeValiidationKeywords.resource' on line 5: Importing library 'D:\FusionTestFramework\src\MobileTestLibrary' failed: ModuleNotFoundError: No module named 'src'
Traceback (most recent call last):
  File "D:\FusionTestFramework\src\MobileTestLibrary\__init__.py", line 1, in &lt;module&gt;
    from src.MobileTestLibrary.ExtendedAppiumLibrary import ExtendedAppiumLibrary
PYTHONPATH:
  D:\FusionTestFramework\src
  d:\FusionTestFramework\com.playgroundxyz.vision_project
  C:\ProgramData\robocorp\ht\1d92a2f_b1f3c24_09529949\python39.zip
  c:\ProgramData\robocorp\ht\1d92a2f_b1f3c24_09529949\DLLs
  c:\ProgramData\robocorp\ht\1d92a2f_b1f3c24_09529949\lib
  c:\ProgramData\robocorp\ht\1d92a2f_b1f3c24_09529949
  C:\ProgramData\robocorp\ht
  c:\ProgramData\robocorp\ht\1d92a2f_b1f3c24_09529949\lib\site-packages
  c:\ProgramData\robocorp\ht\1d92a2f_b1f3c24_09529949\lib\site-packages\win32
  c:\ProgramData\robocorp\ht\1d92a2f_b1f3c24_09529949\lib\site-packages\win32\lib
  c:\ProgramData\robocorp\ht\1d92a2f_b1f3c24_09529949\lib\site-packages\Pythonwin</msg>
<msg timestamp="20230316 20:41:23.957" level="ERROR">Error in file 'D:\FusionTestFramework\com.playgroundxyz.vision_project\com.playgroundxyz.vision_project.PageObject\com.playgroundxyz.vision_project.PageObject.keywords\Allow Permission page keywords.resource' on line 3: Importing library 'D:\FusionTestFramework\src\MobileTestLibrary' failed: ModuleNotFoundError: No module named 'src'
Traceback (most recent call last):
  File "D:\FusionTestFramework\src\MobileTestLibrary\__init__.py", line 1, in &lt;module&gt;
    from src.MobileTestLibrary.ExtendedAppiumLibrary import ExtendedAppiumLibrary
PYTHONPATH:
  D:\FusionTestFramework\src
  d:\FusionTestFramework\com.playgroundxyz.vision_project
  C:\ProgramData\robocorp\ht\1d92a2f_b1f3c24_09529949\python39.zip
  c:\ProgramData\robocorp\ht\1d92a2f_b1f3c24_09529949\DLLs
  c:\ProgramData\robocorp\ht\1d92a2f_b1f3c24_09529949\lib
  c:\ProgramData\robocorp\ht\1d92a2f_b1f3c24_09529949
  C:\ProgramData\robocorp\ht
  c:\ProgramData\robocorp\ht\1d92a2f_b1f3c24_09529949\lib\site-packages
  c:\ProgramData\robocorp\ht\1d92a2f_b1f3c24_09529949\lib\site-packages\win32
  c:\ProgramData\robocorp\ht\1d92a2f_b1f3c24_09529949\lib\site-packages\win32\lib
  c:\ProgramData\robocorp\ht\1d92a2f_b1f3c24_09529949\lib\site-packages\Pythonwin</msg>
<msg timestamp="20230316 20:41:23.998" level="ERROR">Error in file 'D:\FusionTestFramework\com.playgroundxyz.vision_project\com.playgroundxyz.vision_project.PageObject\com.playgroundxyz.vision_project.PageObject.keywords\Allow Permission page keywords.resource' on line 5: Processing variable file 'D:\FusionTestFramework\com.playgroundxyz.vision_project\com.playgroundxyz.vision_project.ConfigFiles\configuration.py' failed: Importing variable file 'D:\FusionTestFramework\com.playgroundxyz.vision_project\com.playgroundxyz.vision_project.ConfigFiles\configuration.py' failed: ModuleNotFoundError: No module named 'MobileTestLibrary'
Traceback (most recent call last):
  File "D:\FusionTestFramework\com.playgroundxyz.vision_project\com.playgroundxyz.vision_project.ConfigFiles\configuration.py", line 3, in &lt;module&gt;
    from MobileTestLibrary.JsonFileReader import read_Json_file
PYTHONPATH:
  D:\FusionTestFramework\com.playgroundxyz.vision_project\com.playgroundxyz.vision_project.ConfigFiles
  d:\FusionTestFramework\com.playgroundxyz.vision_project
  C:\ProgramData\robocorp\ht\1d92a2f_b1f3c24_09529949\python39.zip
  c:\ProgramData\robocorp\ht\1d92a2f_b1f3c24_09529949\DLLs
  c:\ProgramData\robocorp\ht\1d92a2f_b1f3c24_09529949\lib
  c:\ProgramData\robocorp\ht\1d92a2f_b1f3c24_09529949
  C:\ProgramData\robocorp\ht
  c:\ProgramData\robocorp\ht\1d92a2f_b1f3c24_09529949\lib\site-packages
  c:\ProgramData\robocorp\ht\1d92a2f_b1f3c24_09529949\lib\site-packages\win32
  c:\ProgramData\robocorp\ht\1d92a2f_b1f3c24_09529949\lib\site-packages\win32\lib
  c:\ProgramData\robocorp\ht\1d92a2f_b1f3c24_09529949\lib\site-packages\Pythonwin</msg>
<msg timestamp="20230316 20:41:24.021" level="ERROR">Error in file 'D:\FusionTestFramework\com.playgroundxyz.vision_project\com.playgroundxyz.vision_project.PageObject\com.playgroundxyz.vision_project.PageObject.keywords\LetsSetupYourEyeTrackingKeywords.resource' on line 4: Importing library 'D:\FusionTestFramework\src\MobileTestLibrary' failed: ModuleNotFoundError: No module named 'src'
Traceback (most recent call last):
  File "D:\FusionTestFramework\src\MobileTestLibrary\__init__.py", line 1, in &lt;module&gt;
    from src.MobileTestLibrary.ExtendedAppiumLibrary import ExtendedAppiumLibrary
PYTHONPATH:
  D:\FusionTestFramework\src
  d:\FusionTestFramework\com.playgroundxyz.vision_project
  C:\ProgramData\robocorp\ht\1d92a2f_b1f3c24_09529949\python39.zip
  c:\ProgramData\robocorp\ht\1d92a2f_b1f3c24_09529949\DLLs
  c:\ProgramData\robocorp\ht\1d92a2f_b1f3c24_09529949\lib
  c:\ProgramData\robocorp\ht\1d92a2f_b1f3c24_09529949
  C:\ProgramData\robocorp\ht
  c:\ProgramData\robocorp\ht\1d92a2f_b1f3c24_09529949\lib\site-packages
  c:\ProgramData\robocorp\ht\1d92a2f_b1f3c24_09529949\lib\site-packages\win32
  c:\ProgramData\robocorp\ht\1d92a2f_b1f3c24_09529949\lib\site-packages\win32\lib
  c:\ProgramData\robocorp\ht\1d92a2f_b1f3c24_09529949\lib\site-packages\Pythonwin</msg>
<msg timestamp="20230316 20:41:24.041" level="ERROR">Error in file 'D:\FusionTestFramework\com.playgroundxyz.vision_project\com.playgroundxyz.vision_project.PageObject\com.playgroundxyz.vision_project.PageObject.keywords\welcome page journey keywords.resource' on line 3: Importing library 'D:\FusionTestFramework\src\MobileTestLibrary' failed: ModuleNotFoundError: No module named 'src'
Traceback (most recent call last):
  File "D:\FusionTestFramework\src\MobileTestLibrary\__init__.py", line 1, in &lt;module&gt;
    from src.MobileTestLibrary.ExtendedAppiumLibrary import ExtendedAppiumLibrary
PYTHONPATH:
  D:\FusionTestFramework\src
  d:\FusionTestFramework\com.playgroundxyz.vision_project
  C:\ProgramData\robocorp\ht\1d92a2f_b1f3c24_09529949\python39.zip
  c:\ProgramData\robocorp\ht\1d92a2f_b1f3c24_09529949\DLLs
  c:\ProgramData\robocorp\ht\1d92a2f_b1f3c24_09529949\lib
  c:\ProgramData\robocorp\ht\1d92a2f_b1f3c24_09529949
  C:\ProgramData\robocorp\ht
  c:\ProgramData\robocorp\ht\1d92a2f_b1f3c24_09529949\lib\site-packages
  c:\ProgramData\robocorp\ht\1d92a2f_b1f3c24_09529949\lib\site-packages\win32
  c:\ProgramData\robocorp\ht\1d92a2f_b1f3c24_09529949\lib\site-packages\win32\lib
  c:\ProgramData\robocorp\ht\1d92a2f_b1f3c24_09529949\lib\site-packages\Pythonwin</msg>
<msg timestamp="20230316 20:41:24.057" level="ERROR">Error in file 'D:\FusionTestFramework\com.playgroundxyz.vision_project\com.playgroundxyz.vision_project.PageObject\com.playgroundxyz.vision_project.PageObject.keywords\launch_flow_keywords.resource' on line 3: Importing library 'D:\FusionTestFramework\src\MobileTestLibrary' failed: ModuleNotFoundError: No module named 'src'
Traceback (most recent call last):
  File "D:\FusionTestFramework\src\MobileTestLibrary\__init__.py", line 1, in &lt;module&gt;
    from src.MobileTestLibrary.ExtendedAppiumLibrary import ExtendedAppiumLibrary
PYTHONPATH:
  D:\FusionTestFramework\src
  d:\FusionTestFramework\com.playgroundxyz.vision_project
  C:\ProgramData\robocorp\ht\1d92a2f_b1f3c24_09529949\python39.zip
  c:\ProgramData\robocorp\ht\1d92a2f_b1f3c24_09529949\DLLs
  c:\ProgramData\robocorp\ht\1d92a2f_b1f3c24_09529949\lib
  c:\ProgramData\robocorp\ht\1d92a2f_b1f3c24_09529949
  C:\ProgramData\robocorp\ht
  c:\ProgramData\robocorp\ht\1d92a2f_b1f3c24_09529949\lib\site-packages
  c:\ProgramData\robocorp\ht\1d92a2f_b1f3c24_09529949\lib\site-packages\win32
  c:\ProgramData\robocorp\ht\1d92a2f_b1f3c24_09529949\lib\site-packages\win32\lib
  c:\ProgramData\robocorp\ht\1d92a2f_b1f3c24_09529949\lib\site-packages\Pythonwin</msg>
<msg timestamp="20230316 20:41:24.068" level="ERROR">Error in file 'D:\FusionTestFramework\com.playgroundxyz.vision_project\com.playgroundxyz.vision_project.PageObject\com.playgroundxyz.vision_project.PageObject.keywords\Setup keywords.resource' on line 3: Importing library 'D:\FusionTestFramework\src\MobileTestLibrary' failed: ModuleNotFoundError: No module named 'src'
Traceback (most recent call last):
  File "D:\FusionTestFramework\src\MobileTestLibrary\__init__.py", line 1, in &lt;module&gt;
    from src.MobileTestLibrary.ExtendedAppiumLibrary import ExtendedAppiumLibrary
PYTHONPATH:
  D:\FusionTestFramework\src
  d:\FusionTestFramework\com.playgroundxyz.vision_project
  C:\ProgramData\robocorp\ht\1d92a2f_b1f3c24_09529949\python39.zip
  c:\ProgramData\robocorp\ht\1d92a2f_b1f3c24_09529949\DLLs
  c:\ProgramData\robocorp\ht\1d92a2f_b1f3c24_09529949\lib
  c:\ProgramData\robocorp\ht\1d92a2f_b1f3c24_09529949
  C:\ProgramData\robocorp\ht
  c:\ProgramData\robocorp\ht\1d92a2f_b1f3c24_09529949\lib\site-packages
  c:\ProgramData\robocorp\ht\1d92a2f_b1f3c24_09529949\lib\site-packages\win32
  c:\ProgramData\robocorp\ht\1d92a2f_b1f3c24_09529949\lib\site-packages\win32\lib
  c:\ProgramData\robocorp\ht\1d92a2f_b1f3c24_09529949\lib\site-packages\Pythonwin</msg>
<msg timestamp="20230316 20:41:24.087" level="ERROR">Error in file 'D:\FusionTestFramework\com.playgroundxyz.vision_project\com.playgroundxyz.vision_project.PageObject\com.playgroundxyz.vision_project.PageObject.keywords\EyeGazeValiidationKeywords.resource' on line 5: Importing library 'D:\FusionTestFramework\src\MobileTestLibrary' failed: ModuleNotFoundError: No module named 'src'
Traceback (most recent call last):
  File "D:\FusionTestFramework\src\MobileTestLibrary\__init__.py", line 1, in &lt;module&gt;
    from src.MobileTestLibrary.ExtendedAppiumLibrary import ExtendedAppiumLibrary
PYTHONPATH:
  D:\FusionTestFramework\src
  d:\FusionTestFramework\com.playgroundxyz.vision_project
  C:\ProgramData\robocorp\ht\1d92a2f_b1f3c24_09529949\python39.zip
  c:\ProgramData\robocorp\ht\1d92a2f_b1f3c24_09529949\DLLs
  c:\ProgramData\robocorp\ht\1d92a2f_b1f3c24_09529949\lib
  c:\ProgramData\robocorp\ht\1d92a2f_b1f3c24_09529949
  C:\ProgramData\robocorp\ht
  c:\ProgramData\robocorp\ht\1d92a2f_b1f3c24_09529949\lib\site-packages
  c:\ProgramData\robocorp\ht\1d92a2f_b1f3c24_09529949\lib\site-packages\win32
  c:\ProgramData\robocorp\ht\1d92a2f_b1f3c24_09529949\lib\site-packages\win32\lib
  c:\ProgramData\robocorp\ht\1d92a2f_b1f3c24_09529949\lib\site-packages\Pythonwin</msg>
<msg timestamp="20230316 20:41:24.134" level="ERROR">Error in file 'D:\FusionTestFramework\com.playgroundxyz.vision_project\com.playgroundxyz.vision_project.PageObject\com.playgroundxyz.vision_project.PageObject.keywords\Allow Permission page keywords.resource' on line 3: Importing library 'D:\FusionTestFramework\src\MobileTestLibrary' failed: ModuleNotFoundError: No module named 'src'
Traceback (most recent call last):
  File "D:\FusionTestFramework\src\MobileTestLibrary\__init__.py", line 1, in &lt;module&gt;
    from src.MobileTestLibrary.ExtendedAppiumLibrary import ExtendedAppiumLibrary
PYTHONPATH:
  D:\FusionTestFramework\src
  d:\FusionTestFramework\com.playgroundxyz.vision_project
  C:\ProgramData\robocorp\ht\1d92a2f_b1f3c24_09529949\python39.zip
  c:\ProgramData\robocorp\ht\1d92a2f_b1f3c24_09529949\DLLs
  c:\ProgramData\robocorp\ht\1d92a2f_b1f3c24_09529949\lib
  c:\ProgramData\robocorp\ht\1d92a2f_b1f3c24_09529949
  C:\ProgramData\robocorp\ht
  c:\ProgramData\robocorp\ht\1d92a2f_b1f3c24_09529949\lib\site-packages
  c:\ProgramData\robocorp\ht\1d92a2f_b1f3c24_09529949\lib\site-packages\win32
  c:\ProgramData\robocorp\ht\1d92a2f_b1f3c24_09529949\lib\site-packages\win32\lib
  c:\ProgramData\robocorp\ht\1d92a2f_b1f3c24_09529949\lib\site-packages\Pythonwin</msg>
<msg timestamp="20230316 20:41:24.143" level="ERROR">Error in file 'D:\FusionTestFramework\com.playgroundxyz.vision_project\com.playgroundxyz.vision_project.PageObject\com.playgroundxyz.vision_project.PageObject.keywords\Allow Permission page keywords.resource' on line 5: Processing variable file 'D:\FusionTestFramework\com.playgroundxyz.vision_project\com.playgroundxyz.vision_project.ConfigFiles\configuration.py' failed: Importing variable file 'D:\FusionTestFramework\com.playgroundxyz.vision_project\com.playgroundxyz.vision_project.ConfigFiles\configuration.py' failed: ModuleNotFoundError: No module named 'MobileTestLibrary'
Traceback (most recent call last):
  File "D:\FusionTestFramework\com.playgroundxyz.vision_project\com.playgroundxyz.vision_project.ConfigFiles\configuration.py", line 3, in &lt;module&gt;
    from MobileTestLibrary.JsonFileReader import read_Json_file
PYTHONPATH:
  D:\FusionTestFramework\com.playgroundxyz.vision_project\com.playgroundxyz.vision_project.ConfigFiles
  d:\FusionTestFramework\com.playgroundxyz.vision_project
  C:\ProgramData\robocorp\ht\1d92a2f_b1f3c24_09529949\python39.zip
  c:\ProgramData\robocorp\ht\1d92a2f_b1f3c24_09529949\DLLs
  c:\ProgramData\robocorp\ht\1d92a2f_b1f3c24_09529949\lib
  c:\ProgramData\robocorp\ht\1d92a2f_b1f3c24_09529949
  C:\ProgramData\robocorp\ht
  c:\ProgramData\robocorp\ht\1d92a2f_b1f3c24_09529949\lib\site-packages
  c:\ProgramData\robocorp\ht\1d92a2f_b1f3c24_09529949\lib\site-packages\win32
  c:\ProgramData\robocorp\ht\1d92a2f_b1f3c24_09529949\lib\site-packages\win32\lib
  c:\ProgramData\robocorp\ht\1d92a2f_b1f3c24_09529949\lib\site-packages\Pythonwin</msg>
<msg timestamp="20230316 20:41:24.156" level="ERROR">Error in file 'D:\FusionTestFramework\com.playgroundxyz.vision_project\com.playgroundxyz.vision_project.PageObject\com.playgroundxyz.vision_project.PageObject.keywords\LetsSetupYourEyeTrackingKeywords.resource' on line 4: Importing library 'D:\FusionTestFramework\src\MobileTestLibrary' failed: ModuleNotFoundError: No module named 'src'
Traceback (most recent call last):
  File "D:\FusionTestFramework\src\MobileTestLibrary\__init__.py", line 1, in &lt;module&gt;
    from src.MobileTestLibrary.ExtendedAppiumLibrary import ExtendedAppiumLibrary
PYTHONPATH:
  D:\FusionTestFramework\src
  d:\FusionTestFramework\com.playgroundxyz.vision_project
  C:\ProgramData\robocorp\ht\1d92a2f_b1f3c24_09529949\python39.zip
  c:\ProgramData\robocorp\ht\1d92a2f_b1f3c24_09529949\DLLs
  c:\ProgramData\robocorp\ht\1d92a2f_b1f3c24_09529949\lib
  c:\ProgramData\robocorp\ht\1d92a2f_b1f3c24_09529949
  C:\ProgramData\robocorp\ht
  c:\ProgramData\robocorp\ht\1d92a2f_b1f3c24_09529949\lib\site-packages
  c:\ProgramData\robocorp\ht\1d92a2f_b1f3c24_09529949\lib\site-packages\win32
  c:\ProgramData\robocorp\ht\1d92a2f_b1f3c24_09529949\lib\site-packages\win32\lib
  c:\ProgramData\robocorp\ht\1d92a2f_b1f3c24_09529949\lib\site-packages\Pythonwin</msg>
<msg timestamp="20230316 20:41:24.173" level="ERROR">Error in file 'D:\FusionTestFramework\com.playgroundxyz.vision_project\com.playgroundxyz.vision_project.PageObject\com.playgroundxyz.vision_project.PageObject.keywords\welcome page journey keywords.resource' on line 3: Importing library 'D:\FusionTestFramework\src\MobileTestLibrary' failed: ModuleNotFoundError: No module named 'src'
Traceback (most recent call last):
  File "D:\FusionTestFramework\src\MobileTestLibrary\__init__.py", line 1, in &lt;module&gt;
    from src.MobileTestLibrary.ExtendedAppiumLibrary import ExtendedAppiumLibrary
PYTHONPATH:
  D:\FusionTestFramework\src
  d:\FusionTestFramework\com.playgroundxyz.vision_project
  C:\ProgramData\robocorp\ht\1d92a2f_b1f3c24_09529949\python39.zip
  c:\ProgramData\robocorp\ht\1d92a2f_b1f3c24_09529949\DLLs
  c:\ProgramData\robocorp\ht\1d92a2f_b1f3c24_09529949\lib
  c:\ProgramData\robocorp\ht\1d92a2f_b1f3c24_09529949
  C:\ProgramData\robocorp\ht
  c:\ProgramData\robocorp\ht\1d92a2f_b1f3c24_09529949\lib\site-packages
  c:\ProgramData\robocorp\ht\1d92a2f_b1f3c24_09529949\lib\site-packages\win32
  c:\ProgramData\robocorp\ht\1d92a2f_b1f3c24_09529949\lib\site-packages\win32\lib
  c:\ProgramData\robocorp\ht\1d92a2f_b1f3c24_09529949\lib\site-packages\Pythonwin</msg>
<msg timestamp="20230316 20:41:24.188" level="ERROR">Error in file 'D:\FusionTestFramework\com.playgroundxyz.vision_project\com.playgroundxyz.vision_project.PageObject\com.playgroundxyz.vision_project.PageObject.keywords\launch_flow_keywords.resource' on line 3: Importing library 'D:\FusionTestFramework\src\MobileTestLibrary' failed: ModuleNotFoundError: No module named 'src'
Traceback (most recent call last):
  File "D:\FusionTestFramework\src\MobileTestLibrary\__init__.py", line 1, in &lt;module&gt;
    from src.MobileTestLibrary.ExtendedAppiumLibrary import ExtendedAppiumLibrary
PYTHONPATH:
  D:\FusionTestFramework\src
  d:\FusionTestFramework\com.playgroundxyz.vision_project
  C:\ProgramData\robocorp\ht\1d92a2f_b1f3c24_09529949\python39.zip
  c:\ProgramData\robocorp\ht\1d92a2f_b1f3c24_09529949\DLLs
  c:\ProgramData\robocorp\ht\1d92a2f_b1f3c24_09529949\lib
  c:\ProgramData\robocorp\ht\1d92a2f_b1f3c24_09529949
  C:\ProgramData\robocorp\ht
  c:\ProgramData\robocorp\ht\1d92a2f_b1f3c24_09529949\lib\site-packages
  c:\ProgramData\robocorp\ht\1d92a2f_b1f3c24_09529949\lib\site-packages\win32
  c:\ProgramData\robocorp\ht\1d92a2f_b1f3c24_09529949\lib\site-packages\win32\lib
  c:\ProgramData\robocorp\ht\1d92a2f_b1f3c24_09529949\lib\site-packages\Pythonwin</msg>
<msg timestamp="20230316 20:41:24.202" level="ERROR">Error in file 'D:\FusionTestFramework\com.playgroundxyz.vision_project\com.playgroundxyz.vision_project.PageObject\com.playgroundxyz.vision_project.PageObject.keywords\Setup keywords.resource' on line 3: Importing library 'D:\FusionTestFramework\src\MobileTestLibrary' failed: ModuleNotFoundError: No module named 'src'
Traceback (most recent call last):
  File "D:\FusionTestFramework\src\MobileTestLibrary\__init__.py", line 1, in &lt;module&gt;
    from src.MobileTestLibrary.ExtendedAppiumLibrary import ExtendedAppiumLibrary
PYTHONPATH:
  D:\FusionTestFramework\src
  d:\FusionTestFramework\com.playgroundxyz.vision_project
  C:\ProgramData\robocorp\ht\1d92a2f_b1f3c24_09529949\python39.zip
  c:\ProgramData\robocorp\ht\1d92a2f_b1f3c24_09529949\DLLs
  c:\ProgramData\robocorp\ht\1d92a2f_b1f3c24_09529949\lib
  c:\ProgramData\robocorp\ht\1d92a2f_b1f3c24_09529949
  C:\ProgramData\robocorp\ht
  c:\ProgramData\robocorp\ht\1d92a2f_b1f3c24_09529949\lib\site-packages
  c:\ProgramData\robocorp\ht\1d92a2f_b1f3c24_09529949\lib\site-packages\win32
  c:\ProgramData\robocorp\ht\1d92a2f_b1f3c24_09529949\lib\site-packages\win32\lib
  c:\ProgramData\robocorp\ht\1d92a2f_b1f3c24_09529949\lib\site-packages\Pythonwin</msg>
<msg timestamp="20230316 20:41:24.212" level="ERROR">Error in file 'D:\FusionTestFramework\com.playgroundxyz.vision_project\com.playgroundxyz.vision_project.PageObject\com.playgroundxyz.vision_project.PageObject.keywords\EyeGazeValiidationKeywords.resource' on line 5: Importing library 'D:\FusionTestFramework\src\MobileTestLibrary' failed: ModuleNotFoundError: No module named 'src'
Traceback (most recent call last):
  File "D:\FusionTestFramework\src\MobileTestLibrary\__init__.py", line 1, in &lt;module&gt;
    from src.MobileTestLibrary.ExtendedAppiumLibrary import ExtendedAppiumLibrary
PYTHONPATH:
  D:\FusionTestFramework\src
  d:\FusionTestFramework\com.playgroundxyz.vision_project
  C:\ProgramData\robocorp\ht\1d92a2f_b1f3c24_09529949\python39.zip
  c:\ProgramData\robocorp\ht\1d92a2f_b1f3c24_09529949\DLLs
  c:\ProgramData\robocorp\ht\1d92a2f_b1f3c24_09529949\lib
  c:\ProgramData\robocorp\ht\1d92a2f_b1f3c24_09529949
  C:\ProgramData\robocorp\ht
  c:\ProgramData\robocorp\ht\1d92a2f_b1f3c24_09529949\lib\site-packages
  c:\ProgramData\robocorp\ht\1d92a2f_b1f3c24_09529949\lib\site-packages\win32
  c:\ProgramData\robocorp\ht\1d92a2f_b1f3c24_09529949\lib\site-packages\win32\lib
  c:\ProgramData\robocorp\ht\1d92a2f_b1f3c24_09529949\lib\site-packages\Pythonwin</msg>
<msg timestamp="20230316 20:41:24.252" level="ERROR">Error in file 'D:\FusionTestFramework\com.playgroundxyz.vision_project\com.playgroundxyz.vision_project.PageObject\com.playgroundxyz.vision_project.PageObject.keywords\Allow Permission page keywords.resource' on line 3: Importing library 'D:\FusionTestFramework\src\MobileTestLibrary' failed: ModuleNotFoundError: No module named 'src'
Traceback (most recent call last):
  File "D:\FusionTestFramework\src\MobileTestLibrary\__init__.py", line 1, in &lt;module&gt;
    from src.MobileTestLibrary.ExtendedAppiumLibrary import ExtendedAppiumLibrary
PYTHONPATH:
  D:\FusionTestFramework\src
  d:\FusionTestFramework\com.playgroundxyz.vision_project
  C:\ProgramData\robocorp\ht\1d92a2f_b1f3c24_09529949\python39.zip
  c:\ProgramData\robocorp\ht\1d92a2f_b1f3c24_09529949\DLLs
  c:\ProgramData\robocorp\ht\1d92a2f_b1f3c24_09529949\lib
  c:\ProgramData\robocorp\ht\1d92a2f_b1f3c24_09529949
  C:\ProgramData\robocorp\ht
  c:\ProgramData\robocorp\ht\1d92a2f_b1f3c24_09529949\lib\site-packages
  c:\ProgramData\robocorp\ht\1d92a2f_b1f3c24_09529949\lib\site-packages\win32
  c:\ProgramData\robocorp\ht\1d92a2f_b1f3c24_09529949\lib\site-packages\win32\lib
  c:\ProgramData\robocorp\ht\1d92a2f_b1f3c24_09529949\lib\site-packages\Pythonwin</msg>
<msg timestamp="20230316 20:41:24.261" level="ERROR">Error in file 'D:\FusionTestFramework\com.playgroundxyz.vision_project\com.playgroundxyz.vision_project.PageObject\com.playgroundxyz.vision_project.PageObject.keywords\Allow Permission page keywords.resource' on line 5: Processing variable file 'D:\FusionTestFramework\com.playgroundxyz.vision_project\com.playgroundxyz.vision_project.ConfigFiles\configuration.py' failed: Importing variable file 'D:\FusionTestFramework\com.playgroundxyz.vision_project\com.playgroundxyz.vision_project.ConfigFiles\configuration.py' failed: ModuleNotFoundError: No module named 'MobileTestLibrary'
Traceback (most recent call last):
  File "D:\FusionTestFramework\com.playgroundxyz.vision_project\com.playgroundxyz.vision_project.ConfigFiles\configuration.py", line 3, in &lt;module&gt;
    from MobileTestLibrary.JsonFileReader import read_Json_file
PYTHONPATH:
  D:\FusionTestFramework\com.playgroundxyz.vision_project\com.playgroundxyz.vision_project.ConfigFiles
  d:\FusionTestFramework\com.playgroundxyz.vision_project
  C:\ProgramData\robocorp\ht\1d92a2f_b1f3c24_09529949\python39.zip
  c:\ProgramData\robocorp\ht\1d92a2f_b1f3c24_09529949\DLLs
  c:\ProgramData\robocorp\ht\1d92a2f_b1f3c24_09529949\lib
  c:\ProgramData\robocorp\ht\1d92a2f_b1f3c24_09529949
  C:\ProgramData\robocorp\ht
  c:\ProgramData\robocorp\ht\1d92a2f_b1f3c24_09529949\lib\site-packages
  c:\ProgramData\robocorp\ht\1d92a2f_b1f3c24_09529949\lib\site-packages\win32
  c:\ProgramData\robocorp\ht\1d92a2f_b1f3c24_09529949\lib\site-packages\win32\lib
  c:\ProgramData\robocorp\ht\1d92a2f_b1f3c24_09529949\lib\site-packages\Pythonwin</msg>
<msg timestamp="20230316 20:41:24.274" level="ERROR">Error in file 'D:\FusionTestFramework\com.playgroundxyz.vision_project\com.playgroundxyz.vision_project.PageObject\com.playgroundxyz.vision_project.PageObject.keywords\LetsSetupYourEyeTrackingKeywords.resource' on line 4: Importing library 'D:\FusionTestFramework\src\MobileTestLibrary' failed: ModuleNotFoundError: No module named 'src'
Traceback (most recent call last):
  File "D:\FusionTestFramework\src\MobileTestLibrary\__init__.py", line 1, in &lt;module&gt;
    from src.MobileTestLibrary.ExtendedAppiumLibrary import ExtendedAppiumLibrary
PYTHONPATH:
  D:\FusionTestFramework\src
  d:\FusionTestFramework\com.playgroundxyz.vision_project
  C:\ProgramData\robocorp\ht\1d92a2f_b1f3c24_09529949\python39.zip
  c:\ProgramData\robocorp\ht\1d92a2f_b1f3c24_09529949\DLLs
  c:\ProgramData\robocorp\ht\1d92a2f_b1f3c24_09529949\lib
  c:\ProgramData\robocorp\ht\1d92a2f_b1f3c24_09529949
  C:\ProgramData\robocorp\ht
  c:\ProgramData\robocorp\ht\1d92a2f_b1f3c24_09529949\lib\site-packages
  c:\ProgramData\robocorp\ht\1d92a2f_b1f3c24_09529949\lib\site-packages\win32
  c:\ProgramData\robocorp\ht\1d92a2f_b1f3c24_09529949\lib\site-packages\win32\lib
  c:\ProgramData\robocorp\ht\1d92a2f_b1f3c24_09529949\lib\site-packages\Pythonwin</msg>
<msg timestamp="20230316 20:41:24.285" level="ERROR">Error in file 'D:\FusionTestFramework\com.playgroundxyz.vision_project\com.playgroundxyz.vision_project.PageObject\com.playgroundxyz.vision_project.PageObject.keywords\welcome page journey keywords.resource' on line 3: Importing library 'D:\FusionTestFramework\src\MobileTestLibrary' failed: ModuleNotFoundError: No module named 'src'
Traceback (most recent call last):
  File "D:\FusionTestFramework\src\MobileTestLibrary\__init__.py", line 1, in &lt;module&gt;
    from src.MobileTestLibrary.ExtendedAppiumLibrary import ExtendedAppiumLibrary
PYTHONPATH:
  D:\FusionTestFramework\src
  d:\FusionTestFramework\com.playgroundxyz.vision_project
  C:\ProgramData\robocorp\ht\1d92a2f_b1f3c24_09529949\python39.zip
  c:\ProgramData\robocorp\ht\1d92a2f_b1f3c24_09529949\DLLs
  c:\ProgramData\robocorp\ht\1d92a2f_b1f3c24_09529949\lib
  c:\ProgramData\robocorp\ht\1d92a2f_b1f3c24_09529949
  C:\ProgramData\robocorp\ht
  c:\ProgramData\robocorp\ht\1d92a2f_b1f3c24_09529949\lib\site-packages
  c:\ProgramData\robocorp\ht\1d92a2f_b1f3c24_09529949\lib\site-packages\win32
  c:\ProgramData\robocorp\ht\1d92a2f_b1f3c24_09529949\lib\site-packages\win32\lib
  c:\ProgramData\robocorp\ht\1d92a2f_b1f3c24_09529949\lib\site-packages\Pythonwin</msg>
<msg timestamp="20230316 20:41:24.296" level="ERROR">Error in file 'D:\FusionTestFramework\com.playgroundxyz.vision_project\com.playgroundxyz.vision_project.PageObject\com.playgroundxyz.vision_project.PageObject.keywords\launch_flow_keywords.resource' on line 3: Importing library 'D:\FusionTestFramework\src\MobileTestLibrary' failed: ModuleNotFoundError: No module named 'src'
Traceback (most recent call last):
  File "D:\FusionTestFramework\src\MobileTestLibrary\__init__.py", line 1, in &lt;module&gt;
    from src.MobileTestLibrary.ExtendedAppiumLibrary import ExtendedAppiumLibrary
PYTHONPATH:
  D:\FusionTestFramework\src
  d:\FusionTestFramework\com.playgroundxyz.vision_project
  C:\ProgramData\robocorp\ht\1d92a2f_b1f3c24_09529949\python39.zip
  c:\ProgramData\robocorp\ht\1d92a2f_b1f3c24_09529949\DLLs
  c:\ProgramData\robocorp\ht\1d92a2f_b1f3c24_09529949\lib
  c:\ProgramData\robocorp\ht\1d92a2f_b1f3c24_09529949
  C:\ProgramData\robocorp\ht
  c:\ProgramData\robocorp\ht\1d92a2f_b1f3c24_09529949\lib\site-packages
  c:\ProgramData\robocorp\ht\1d92a2f_b1f3c24_09529949\lib\site-packages\win32
  c:\ProgramData\robocorp\ht\1d92a2f_b1f3c24_09529949\lib\site-packages\win32\lib
  c:\ProgramData\robocorp\ht\1d92a2f_b1f3c24_09529949\lib\site-packages\Pythonwin</msg>
<msg timestamp="20230316 20:41:24.307" level="ERROR">Error in file 'D:\FusionTestFramework\com.playgroundxyz.vision_project\com.playgroundxyz.vision_project.PageObject\com.playgroundxyz.vision_project.PageObject.keywords\Setup keywords.resource' on line 3: Importing library 'D:\FusionTestFramework\src\MobileTestLibrary' failed: ModuleNotFoundError: No module named 'src'
Traceback (most recent call last):
  File "D:\FusionTestFramework\src\MobileTestLibrary\__init__.py", line 1, in &lt;module&gt;
    from src.MobileTestLibrary.ExtendedAppiumLibrary import ExtendedAppiumLibrary
PYTHONPATH:
  D:\FusionTestFramework\src
  d:\FusionTestFramework\com.playgroundxyz.vision_project
  C:\ProgramData\robocorp\ht\1d92a2f_b1f3c24_09529949\python39.zip
  c:\ProgramData\robocorp\ht\1d92a2f_b1f3c24_09529949\DLLs
  c:\ProgramData\robocorp\ht\1d92a2f_b1f3c24_09529949\lib
  c:\ProgramData\robocorp\ht\1d92a2f_b1f3c24_09529949
  C:\ProgramData\robocorp\ht
  c:\ProgramData\robocorp\ht\1d92a2f_b1f3c24_09529949\lib\site-packages
  c:\ProgramData\robocorp\ht\1d92a2f_b1f3c24_09529949\lib\site-packages\win32
  c:\ProgramData\robocorp\ht\1d92a2f_b1f3c24_09529949\lib\site-packages\win32\lib
  c:\ProgramData\robocorp\ht\1d92a2f_b1f3c24_09529949\lib\site-packages\Pythonwin</msg>
<msg timestamp="20230316 20:41:24.318" level="ERROR">Error in file 'D:\FusionTestFramework\com.playgroundxyz.vision_project\com.playgroundxyz.vision_project.PageObject\com.playgroundxyz.vision_project.PageObject.keywords\EyeGazeValiidationKeywords.resource' on line 5: Importing library 'D:\FusionTestFramework\src\MobileTestLibrary' failed: ModuleNotFoundError: No module named 'src'
Traceback (most recent call last):
  File "D:\FusionTestFramework\src\MobileTestLibrary\__init__.py", line 1, in &lt;module&gt;
    from src.MobileTestLibrary.ExtendedAppiumLibrary import ExtendedAppiumLibrary
PYTHONPATH:
  D:\FusionTestFramework\src
  d:\FusionTestFramework\com.playgroundxyz.vision_project
  C:\ProgramData\robocorp\ht\1d92a2f_b1f3c24_09529949\python39.zip
  c:\ProgramData\robocorp\ht\1d92a2f_b1f3c24_09529949\DLLs
  c:\ProgramData\robocorp\ht\1d92a2f_b1f3c24_09529949\lib
  c:\ProgramData\robocorp\ht\1d92a2f_b1f3c24_09529949
  C:\ProgramData\robocorp\ht
  c:\ProgramData\robocorp\ht\1d92a2f_b1f3c24_09529949\lib\site-packages
  c:\ProgramData\robocorp\ht\1d92a2f_b1f3c24_09529949\lib\site-packages\win32
  c:\ProgramData\robocorp\ht\1d92a2f_b1f3c24_09529949\lib\site-packages\win32\lib
  c:\ProgramData\robocorp\ht\1d92a2f_b1f3c24_09529949\lib\site-packages\Pythonwin</msg>
<msg timestamp="20230316 20:41:24.357" level="ERROR">Error in file 'D:\FusionTestFramework\com.playgroundxyz.vision_project\com.playgroundxyz.vision_project.PageObject\com.playgroundxyz.vision_project.PageObject.keywords\Allow Permission page keywords.resource' on line 3: Importing library 'D:\FusionTestFramework\src\MobileTestLibrary' failed: ModuleNotFoundError: No module named 'src'
Traceback (most recent call last):
  File "D:\FusionTestFramework\src\MobileTestLibrary\__init__.py", line 1, in &lt;module&gt;
    from src.MobileTestLibrary.ExtendedAppiumLibrary import ExtendedAppiumLibrary
PYTHONPATH:
  D:\FusionTestFramework\src
  d:\FusionTestFramework\com.playgroundxyz.vision_project
  C:\ProgramData\robocorp\ht\1d92a2f_b1f3c24_09529949\python39.zip
  c:\ProgramData\robocorp\ht\1d92a2f_b1f3c24_09529949\DLLs
  c:\ProgramData\robocorp\ht\1d92a2f_b1f3c24_09529949\lib
  c:\ProgramData\robocorp\ht\1d92a2f_b1f3c24_09529949
  C:\ProgramData\robocorp\ht
  c:\ProgramData\robocorp\ht\1d92a2f_b1f3c24_09529949\lib\site-packages
  c:\ProgramData\robocorp\ht\1d92a2f_b1f3c24_09529949\lib\site-packages\win32
  c:\ProgramData\robocorp\ht\1d92a2f_b1f3c24_09529949\lib\site-packages\win32\lib
  c:\ProgramData\robocorp\ht\1d92a2f_b1f3c24_09529949\lib\site-packages\Pythonwin</msg>
<msg timestamp="20230316 20:41:24.367" level="ERROR">Error in file 'D:\FusionTestFramework\com.playgroundxyz.vision_project\com.playgroundxyz.vision_project.PageObject\com.playgroundxyz.vision_project.PageObject.keywords\Allow Permission page keywords.resource' on line 5: Processing variable file 'D:\FusionTestFramework\com.playgroundxyz.vision_project\com.playgroundxyz.vision_project.ConfigFiles\configuration.py' failed: Importing variable file 'D:\FusionTestFramework\com.playgroundxyz.vision_project\com.playgroundxyz.vision_project.ConfigFiles\configuration.py' failed: ModuleNotFoundError: No module named 'MobileTestLibrary'
Traceback (most recent call last):
  File "D:\FusionTestFramework\com.playgroundxyz.vision_project\com.playgroundxyz.vision_project.ConfigFiles\configuration.py", line 3, in &lt;module&gt;
    from MobileTestLibrary.JsonFileReader import read_Json_file
PYTHONPATH:
  D:\FusionTestFramework\com.playgroundxyz.vision_project\com.playgroundxyz.vision_project.ConfigFiles
  d:\FusionTestFramework\com.playgroundxyz.vision_project
  C:\ProgramData\robocorp\ht\1d92a2f_b1f3c24_09529949\python39.zip
  c:\ProgramData\robocorp\ht\1d92a2f_b1f3c24_09529949\DLLs
  c:\ProgramData\robocorp\ht\1d92a2f_b1f3c24_09529949\lib
  c:\ProgramData\robocorp\ht\1d92a2f_b1f3c24_09529949
  C:\ProgramData\robocorp\ht
  c:\ProgramData\robocorp\ht\1d92a2f_b1f3c24_09529949\lib\site-packages
  c:\ProgramData\robocorp\ht\1d92a2f_b1f3c24_09529949\lib\site-packages\win32
  c:\ProgramData\robocorp\ht\1d92a2f_b1f3c24_09529949\lib\site-packages\win32\lib
  c:\ProgramData\robocorp\ht\1d92a2f_b1f3c24_09529949\lib\site-packages\Pythonwin</msg>
<msg timestamp="20230316 20:41:24.378" level="ERROR">Error in file 'D:\FusionTestFramework\com.playgroundxyz.vision_project\com.playgroundxyz.vision_project.PageObject\com.playgroundxyz.vision_project.PageObject.keywords\LetsSetupYourEyeTrackingKeywords.resource' on line 4: Importing library 'D:\FusionTestFramework\src\MobileTestLibrary' failed: ModuleNotFoundError: No module named 'src'
Traceback (most recent call last):
  File "D:\FusionTestFramework\src\MobileTestLibrary\__init__.py", line 1, in &lt;module&gt;
    from src.MobileTestLibrary.ExtendedAppiumLibrary import ExtendedAppiumLibrary
PYTHONPATH:
  D:\FusionTestFramework\src
  d:\FusionTestFramework\com.playgroundxyz.vision_project
  C:\ProgramData\robocorp\ht\1d92a2f_b1f3c24_09529949\python39.zip
  c:\ProgramData\robocorp\ht\1d92a2f_b1f3c24_09529949\DLLs
  c:\ProgramData\robocorp\ht\1d92a2f_b1f3c24_09529949\lib
  c:\ProgramData\robocorp\ht\1d92a2f_b1f3c24_09529949
  C:\ProgramData\robocorp\ht
  c:\ProgramData\robocorp\ht\1d92a2f_b1f3c24_09529949\lib\site-packages
  c:\ProgramData\robocorp\ht\1d92a2f_b1f3c24_09529949\lib\site-packages\win32
  c:\ProgramData\robocorp\ht\1d92a2f_b1f3c24_09529949\lib\site-packages\win32\lib
  c:\ProgramData\robocorp\ht\1d92a2f_b1f3c24_09529949\lib\site-packages\Pythonwin</msg>
<msg timestamp="20230316 20:41:24.391" level="ERROR">Error in file 'D:\FusionTestFramework\com.playgroundxyz.vision_project\com.playgroundxyz.vision_project.PageObject\com.playgroundxyz.vision_project.PageObject.keywords\welcome page journey keywords.resource' on line 3: Importing library 'D:\FusionTestFramework\src\MobileTestLibrary' failed: ModuleNotFoundError: No module named 'src'
Traceback (most recent call last):
  File "D:\FusionTestFramework\src\MobileTestLibrary\__init__.py", line 1, in &lt;module&gt;
    from src.MobileTestLibrary.ExtendedAppiumLibrary import ExtendedAppiumLibrary
PYTHONPATH:
  D:\FusionTestFramework\src
  d:\FusionTestFramework\com.playgroundxyz.vision_project
  C:\ProgramData\robocorp\ht\1d92a2f_b1f3c24_09529949\python39.zip
  c:\ProgramData\robocorp\ht\1d92a2f_b1f3c24_09529949\DLLs
  c:\ProgramData\robocorp\ht\1d92a2f_b1f3c24_09529949\lib
  c:\ProgramData\robocorp\ht\1d92a2f_b1f3c24_09529949
  C:\ProgramData\robocorp\ht
  c:\ProgramData\robocorp\ht\1d92a2f_b1f3c24_09529949\lib\site-packages
  c:\ProgramData\robocorp\ht\1d92a2f_b1f3c24_09529949\lib\site-packages\win32
  c:\ProgramData\robocorp\ht\1d92a2f_b1f3c24_09529949\lib\site-packages\win32\lib
  c:\ProgramData\robocorp\ht\1d92a2f_b1f3c24_09529949\lib\site-packages\Pythonwin</msg>
<msg timestamp="20230316 20:41:24.404" level="ERROR">Error in file 'D:\FusionTestFramework\com.playgroundxyz.vision_project\com.playgroundxyz.vision_project.PageObject\com.playgroundxyz.vision_project.PageObject.keywords\launch_flow_keywords.resource' on line 3: Importing library 'D:\FusionTestFramework\src\MobileTestLibrary' failed: ModuleNotFoundError: No module named 'src'
Traceback (most recent call last):
  File "D:\FusionTestFramework\src\MobileTestLibrary\__init__.py", line 1, in &lt;module&gt;
    from src.MobileTestLibrary.ExtendedAppiumLibrary import ExtendedAppiumLibrary
PYTHONPATH:
  D:\FusionTestFramework\src
  d:\FusionTestFramework\com.playgroundxyz.vision_project
  C:\ProgramData\robocorp\ht\1d92a2f_b1f3c24_09529949\python39.zip
  c:\ProgramData\robocorp\ht\1d92a2f_b1f3c24_09529949\DLLs
  c:\ProgramData\robocorp\ht\1d92a2f_b1f3c24_09529949\lib
  c:\ProgramData\robocorp\ht\1d92a2f_b1f3c24_09529949
  C:\ProgramData\robocorp\ht
  c:\ProgramData\robocorp\ht\1d92a2f_b1f3c24_09529949\lib\site-packages
  c:\ProgramData\robocorp\ht\1d92a2f_b1f3c24_09529949\lib\site-packages\win32
  c:\ProgramData\robocorp\ht\1d92a2f_b1f3c24_09529949\lib\site-packages\win32\lib
  c:\ProgramData\robocorp\ht\1d92a2f_b1f3c24_09529949\lib\site-packages\Pythonwin</msg>
<msg timestamp="20230316 20:41:24.417" level="ERROR">Error in file 'D:\FusionTestFramework\com.playgroundxyz.vision_project\com.playgroundxyz.vision_project.PageObject\com.playgroundxyz.vision_project.PageObject.keywords\Setup keywords.resource' on line 3: Importing library 'D:\FusionTestFramework\src\MobileTestLibrary' failed: ModuleNotFoundError: No module named 'src'
Traceback (most recent call last):
  File "D:\FusionTestFramework\src\MobileTestLibrary\__init__.py", line 1, in &lt;module&gt;
    from src.MobileTestLibrary.ExtendedAppiumLibrary import ExtendedAppiumLibrary
PYTHONPATH:
  D:\FusionTestFramework\src
  d:\FusionTestFramework\com.playgroundxyz.vision_project
  C:\ProgramData\robocorp\ht\1d92a2f_b1f3c24_09529949\python39.zip
  c:\ProgramData\robocorp\ht\1d92a2f_b1f3c24_09529949\DLLs
  c:\ProgramData\robocorp\ht\1d92a2f_b1f3c24_09529949\lib
  c:\ProgramData\robocorp\ht\1d92a2f_b1f3c24_09529949
  C:\ProgramData\robocorp\ht
  c:\ProgramData\robocorp\ht\1d92a2f_b1f3c24_09529949\lib\site-packages
  c:\ProgramData\robocorp\ht\1d92a2f_b1f3c24_09529949\lib\site-packages\win32
  c:\ProgramData\robocorp\ht\1d92a2f_b1f3c24_09529949\lib\site-packages\win32\lib
  c:\ProgramData\robocorp\ht\1d92a2f_b1f3c24_09529949\lib\site-packages\Pythonwin</msg>
<msg timestamp="20230316 20:41:24.427" level="ERROR">Error in file 'D:\FusionTestFramework\com.playgroundxyz.vision_project\com.playgroundxyz.vision_project.PageObject\com.playgroundxyz.vision_project.PageObject.keywords\EyeGazeValiidationKeywords.resource' on line 5: Importing library 'D:\FusionTestFramework\src\MobileTestLibrary' failed: ModuleNotFoundError: No module named 'src'
Traceback (most recent call last):
  File "D:\FusionTestFramework\src\MobileTestLibrary\__init__.py", line 1, in &lt;module&gt;
    from src.MobileTestLibrary.ExtendedAppiumLibrary import ExtendedAppiumLibrary
PYTHONPATH:
  D:\FusionTestFramework\src
  d:\FusionTestFramework\com.playgroundxyz.vision_project
  C:\ProgramData\robocorp\ht\1d92a2f_b1f3c24_09529949\python39.zip
  c:\ProgramData\robocorp\ht\1d92a2f_b1f3c24_09529949\DLLs
  c:\ProgramData\robocorp\ht\1d92a2f_b1f3c24_09529949\lib
  c:\ProgramData\robocorp\ht\1d92a2f_b1f3c24_09529949
  C:\ProgramData\robocorp\ht
  c:\ProgramData\robocorp\ht\1d92a2f_b1f3c24_09529949\lib\site-packages
  c:\ProgramData\robocorp\ht\1d92a2f_b1f3c24_09529949\lib\site-packages\win32
  c:\ProgramData\robocorp\ht\1d92a2f_b1f3c24_09529949\lib\site-packages\win32\lib
  c:\ProgramData\robocorp\ht\1d92a2f_b1f3c24_09529949\lib\site-packages\Pythonwin</msg>
</errors>
</robot>
